212 251 67 82 108 61 187 124 25 27 187 149 55 12 67 53 13 250 233 236 27 145 232 103 46 235 153 73 159 194 21 115 189 88 198 41 149 129 165 175 156 97 68 211 109 135 8 123 129 242 103 157 131 80 4 178 59 158 251 218 96 16 78 29 104 20 70 254 
149 185 105 80 125 113 139 104 69 44 101 188 192 157 103 118 141 178 119 119 45 75 105 97 77 157 165 113 163 167 160 172 198 112 99 68 71 136 172 141 129 120 74 168 124 126 133 163 202 201 128 93 123 131 138 149 83 99 108 144 113 115 112 55 73 109 123 69 
218 142 82 68 108 155 83 79 76 11 88 175 213 166 115 80 144 151 127 125 97 82 116 108 147 126 164 169 82 133 109 174 173 140 89 77 90 120 156 166 132 142 137 141 155 150 119 196 148 144 116 92 124 180 200 168 153 108 132 132 139 139 102 56 74 139 133 48 
163 136 75 85 125 110 72 74 56 89 66 153 182 182 91 101 107 138 116 107 92 95 136 180 133 136 135 105 122 63 116 126 149 140 109 68 46 79 143 101 168 158 152 144 187 141 194 141 177 106 145 116 150 180 194 181 162 175 132 182 136 146 104 80 81 111 149 116 
219 139 75 101 93 125 92 76 112 82 114 136 137 157 150 83 132 139 111 90 58 89 170 195 184 70 71 112 78 118 137 114 155 162 164 94 82 104 119 144 135 182 126 170 135 174 151 216 159 159 152 116 147 169 157 178 188 177 188 164 142 121 74 92 78 136 136 158 
26 101 100 68 130 175 187 163 145 184 123 151 140 122 113 133 138 168 106 122 90 140 184 181 159 104 68 84 88 102 142 123 101 191 140 128 111 174 189 154 154 159 151 88 127 111 119 163 177 173 183 164 160 162 192 115 164 209 198 200 157 136 119 105 122 105 131 11 
139 167 80 126 121 180 164 146 137 129 156 160 98 83 120 105 142 159 117 102 163 162 149 116 144 114 170 164 118 147 141 90 110 119 114 77 145 176 173 180 152 176 135 147 156 153 150 146 159 165 196 169 173 141 132 113 102 148 175 168 141 163 156 149 78 66 124 158 
38 144 147 137 166 180 131 118 129 179 161 186 140 102 99 108 140 128 119 140 173 141 103 59 100 157 157 178 121 128 145 107 118 138 91 80 114 120 147 90 146 155 173 132 155 170 139 142 93 156 179 215 144 129 121 90 82 124 115 100 99 157 156 166 91 94 93 138 
139 137 142 155 190 161 134 140 126 170 179 168 173 154 128 112 129 146 151 160 169 112 56 63 167 161 178 156 101 117 157 110 152 146 112 86 102 144 124 127 110 150 142 129 99 116 139 126 109 136 184 175 198 86 136 109 94 109 112 92 124 117 152 123 160 111 107 103 
244 180 83 160 125 174 135 121 136 120 94 143 154 175 113 96 108 147 103 150 154 114 89 125 179 191 146 135 96 150 142 147 126 174 102 97 91 135 116 125 101 108 115 102 78 75 148 135 120 149 183 172 160 170 143 135 105 84 65 99 81 105 41 155 125 143 99 1 
19 113 138 124 118 99 124 145 123 118 127 89 165 156 107 69 122 96 153 124 181 116 122 159 170 163 161 141 153 158 205 124 169 189 197 134 135 117 177 104 133 99 91 93 102 96 111 121 91 111 144 118 125 164 175 142 122 80 78 70 84 28 93 100 166 136 131 153 
119 154 150 130 100 89 121 99 134 131 119 173 140 160 138 111 68 159 151 139 137 76 108 119 104 98 117 117 132 146 112 130 147 160 158 144 95 126 141 178 154 158 96 141 114 80 99 79 86 97 116 70 122 173 190 176 118 153 88 97 94 98 125 190 156 180 129 27 
217 168 122 154 122 116 91 134 95 88 111 130 134 125 149 103 93 134 125 109 83 60 104 177 107 126 111 161 153 138 156 153 154 126 103 123 88 91 154 132 128 162 159 160 134 104 58 74 84 81 81 65 90 185 191 146 157 98 102 55 83 105 106 135 180 158 155 217 
19 104 93 122 165 99 180 145 153 84 117 135 114 96 98 101 76 85 94 80 81 94 135 164 148 139 197 123 195 199 187 189 201 127 106 161 175 132 153 123 114 168 156 177 162 49 74 33 83 65 62 61 108 95 124 153 80 116 72 70 59 105 106 107 130 110 115 140 
234 114 70 101 129 124 124 189 122 147 119 154 110 79 114 116 123 135 116 152 200 188 172 208 191 175 162 167 132 174 165 170 187 133 117 163 154 139 147 123 82 112 124 141 89 84 52 58 116 117 108 112 100 75 115 137 97 72 99 75 93 162 143 177 142 106 84 159 
75 77 61 123 138 83 111 125 116 112 183 130 126 138 140 175 162 153 159 207 225 207 180 164 165 170 188 102 123 118 143 113 144 153 83 129 134 143 152 147 101 79 73 125 115 59 44 123 160 203 177 180 155 152 140 166 117 123 115 138 139 156 149 130 156 79 105 180 
202 103 79 169 183 100 140 144 108 134 165 166 132 137 142 82 84 77 94 151 201 158 85 135 109 132 163 163 57 115 94 125 168 122 141 146 171 128 188 177 108 96 139 138 182 128 117 113 205 160 161 150 166 144 132 121 71 90 131 128 155 174 100 118 143 138 110 58 
116 93 134 169 190 171 153 167 93 117 177 196 176 134 90 86 73 69 54 144 160 134 119 58 103 116 176 144 101 31 101 111 124 132 126 160 150 126 122 192 141 146 133 164 127 121 96 149 138 150 140 144 130 157 152 80 68 72 71 118 103 121 75 125 152 202 132 159 
10 101 84 162 145 165 173 119 81 115 166 220 163 101 108 140 156 107 118 122 179 139 138 129 56 111 152 156 108 80 99 129 130 132 87 173 144 106 138 175 171 150 190 78 99 94 116 152 201 184 172 175 169 156 151 123 63 99 125 119 77 71 95 105 153 131 124 42 
223 109 114 100 157 151 128 102 91 90 152 138 121 120 109 189 174 158 107 135 105 130 152 131 100 145 133 150 122 104 141 154 162 102 153 115 201 178 166 190 115 165 123 83 81 79 118 102 135 174 186 189 151 134 115 97 125 146 196 145 97 81 94 157 132 145 67 15 
88 131 165 183 144 135 113 71 61 129 71 94 98 104 129 147 187 142 142 158 135 134 150 130 113 142 133 143 82 99 118 150 128 130 77 170 163 190 139 122 114 108 114 111 110 141 104 92 130 145 148 162 125 93 88 136 184 221 177 113 64 90 109 141 169 135 106 95 
127 143 147 183 149 107 89 106 94 91 95 71 134 141 131 157 132 167 139 163 184 163 174 146 100 131 133 115 112 86 140 130 128 82 109 123 189 147 127 79 85 120 99 66 108 76 120 87 141 158 97 121 116 67 113 165 198 196 127 106 77 113 134 154 144 141 124 106 
127 97 106 117 115 103 132 120 128 99 105 116 104 202 134 118 116 94 129 161 188 205 164 163 113 93 112 104 81 134 131 164 180 135 128 192 187 158 108 110 104 111 124 106 57 105 70 123 148 149 130 131 98 90 90 160 183 151 163 111 132 140 121 107 71 96 146 248 
233 101 60 103 109 82 107 167 136 127 136 80 173 164 212 117 49 97 124 181 197 185 139 124 69 107 78 89 50 71 91 100 121 151 152 179 183 156 90 114 78 124 143 149 135 99 113 82 145 136 161 189 167 95 108 134 151 136 172 201 155 160 147 122 55 94 148 228 
44 85 97 125 107 88 122 139 136 133 119 128 115 229 163 128 68 118 160 168 203 178 113 102 133 107 174 87 99 66 70 95 151 116 169 206 204 137 141 85 116 107 162 180 182 172 155 148 137 162 163 186 186 174 135 166 128 155 151 176 170 118 118 116 132 82 169 248 
203 157 166 182 162 123 158 140 141 109 135 73 169 145 157 100 115 139 164 140 191 161 112 106 75 128 120 157 108 136 136 122 139 148 151 148 169 156 83 105 111 116 128 178 159 183 125 171 168 135 159 156 143 169 159 167 194 125 171 148 159 153 117 145 148 166 89 152 
182 172 167 178 135 141 151 140 120 122 106 135 104 163 86 94 76 92 108 66 166 177 112 121 126 76 112 120 140 150 130 155 117 144 128 149 132 126 85 98 95 89 131 149 150 115 141 124 155 147 139 117 120 98 84 143 174 146 110 109 142 138 111 106 179 137 102 114 
116 136 154 155 174 131 150 119 93 86 90 95 182 126 110 97 121 92 87 142 136 146 98 125 130 106 128 105 142 128 161 99 161 110 203 130 140 97 147 130 132 135 123 161 107 80 104 126 121 140 114 155 133 110 75 109 166 152 113 103 127 172 151 134 129 149 60 103 
234 157 92 123 138 113 130 92 142 82 64 110 120 128 112 150 136 85 106 97 187 117 98 109 135 95 90 162 91 151 123 184 103 165 102 138 73 131 128 215 162 141 121 128 65 131 125 98 166 129 144 148 144 88 53 75 133 144 135 70 90 105 152 142 167 101 75 122 
202 152 149 138 140 168 113 154 146 136 99 107 112 141 153 205 179 104 76 107 146 160 126 134 162 125 122 125 124 95 161 152 146 105 137 81 119 96 184 163 181 130 117 89 169 168 141 143 170 217 148 163 121 69 41 78 144 163 152 114 106 57 164 149 162 147 128 254 
110 158 189 170 186 152 208 150 167 195 140 132 156 134 193 174 204 132 150 143 142 149 155 145 155 165 141 113 108 115 139 148 120 123 113 152 122 167 98 186 157 136 63 160 168 154 130 117 184 178 158 173 123 57 62 125 121 152 136 127 114 121 121 182 142 132 130 91 
227 177 143 201 108 155 156 174 156 133 137 135 106 193 154 178 148 165 150 115 164 132 139 124 151 158 102 88 86 130 97 129 102 87 126 159 191 128 180 143 159 112 124 112 152 125 86 95 137 83 108 148 113 42 67 110 150 119 148 133 146 143 160 146 128 133 100 54 
10 75 155 113 137 74 175 135 148 159 128 80 139 133 177 150 176 143 106 121 108 152 152 101 142 159 93 65 138 143 128 144 116 130 155 202 153 177 133 148 131 107 126 116 87 99 113 160 88 117 76 145 116 75 92 155 132 135 170 117 125 93 159 88 121 110 137 0 
25 116 63 162 69 87 74 105 84 135 111 120 99 137 163 164 212 153 115 89 186 131 155 157 122 161 92 89 117 126 108 97 140 120 156 158 156 128 161 138 109 119 105 106 51 114 167 110 165 129 148 147 157 149 151 177 156 140 113 120 62 118 63 99 85 168 155 176 
45 111 123 98 128 23 51 77 138 167 187 149 143 130 143 146 177 191 118 129 127 180 147 138 146 108 84 77 72 85 63 112 145 136 109 120 108 109 95 92 72 77 139 113 105 129 157 129 116 173 105 141 98 99 125 141 156 107 168 126 141 78 136 81 111 92 150 232 
248 142 106 120 66 93 79 121 170 184 148 184 153 99 120 97 147 143 136 99 147 100 122 135 126 105 62 84 94 59 98 90 150 154 108 114 144 85 81 58 115 127 191 166 124 157 161 118 147 144 114 90 90 83 122 165 137 133 147 180 141 143 117 138 93 123 48 96 
92 129 142 118 154 129 131 125 133 88 140 126 181 101 114 67 82 133 79 117 113 123 92 101 165 158 86 104 127 134 136 130 161 176 147 162 151 125 82 79 59 171 155 190 119 115 103 150 146 131 114 106 101 104 157 163 109 89 114 134 121 97 111 78 119 105 137 208 
4 117 145 187 135 198 173 152 109 122 97 153 151 109 106 98 111 109 108 117 148 120 98 116 166 158 92 80 110 127 146 135 193 139 118 123 183 137 172 87 106 117 189 155 124 91 100 132 149 157 96 144 123 92 106 135 97 96 165 156 172 158 137 110 143 153 130 10 
240 150 158 141 164 142 194 185 182 140 164 127 143 107 169 113 147 173 146 142 116 106 93 83 111 128 91 49 77 68 119 112 115 123 49 126 113 192 158 141 127 168 166 168 122 79 128 167 150 121 156 163 176 95 93 134 121 132 132 198 149 149 157 162 119 155 134 214 
4 139 117 167 102 130 182 173 158 157 136 103 73 87 112 147 131 154 178 150 133 105 92 77 100 96 86 66 97 118 93 86 103 57 99 103 187 128 174 89 80 106 140 102 90 100 147 119 100 120 116 131 174 157 158 172 151 141 136 95 106 76 79 106 132 76 159 218 
55 128 101 79 80 88 130 171 136 174 188 134 89 48 163 110 103 168 130 152 156 112 145 108 137 121 112 65 94 117 77 43 41 76 71 122 112 150 140 96 68 123 128 107 70 138 115 122 101 143 120 104 153 162 160 137 130 119 99 122 83 74 114 124 149 134 144 18 
4 131 51 45 49 76 101 119 163 165 190 163 103 105 113 155 115 120 138 142 137 135 60 118 157 123 88 102 103 79 57 79 57 57 74 106 133 123 175 143 136 160 152 86 112 112 138 73 130 174 165 113 104 122 129 108 40 115 107 92 143 164 121 200 170 143 153 72 
173 123 88 96 129 139 130 139 149 115 111 74 84 71 137 137 143 112 143 132 176 97 122 115 108 141 110 73 80 58 69 91 79 55 85 106 143 113 143 139 126 152 162 108 172 145 143 110 104 183 140 76 75 109 140 132 148 96 154 125 155 120 166 183 176 97 136 230 
86 126 99 131 176 210 137 143 150 126 99 101 105 137 126 181 144 164 108 189 158 159 162 160 178 123 139 98 66 70 58 123 94 106 100 116 111 84 106 108 108 103 108 162 138 183 139 128 142 144 113 95 99 121 204 226 142 190 119 106 106 126 126 200 130 74 61 31 
18 64 94 112 116 150 122 101 128 107 127 66 149 87 110 146 158 162 168 146 146 133 201 202 157 175 146 133 95 105 119 99 118 161 160 132 107 77 130 134 82 104 148 129 191 156 173 144 164 188 137 106 116 134 155 170 206 96 99 45 99 115 144 166 123 100 93 155 
222 121 57 56 122 155 83 58 107 103 99 118 86 134 71 100 114 124 168 167 118 165 212 217 178 152 178 148 151 118 72 124 85 130 180 106 80 110 112 136 110 109 101 145 142 121 143 154 142 158 117 107 67 73 119 143 123 93 35 69 109 108 142 143 135 118 146 126 
237 105 96 134 112 146 126 101 114 116 153 103 172 116 159 136 86 124 126 159 167 161 177 173 115 115 111 149 131 104 109 103 107 155 134 118 97 107 167 160 172 115 160 139 129 115 122 113 137 146 119 99 102 91 119 167 155 76 60 132 130 119 132 186 120 164 99 5 
114 164 121 136 126 128 122 152 140 142 163 124 134 180 172 185 169 137 148 170 163 157 149 88 122 76 69 89 88 66 102 104 128 121 189 100 95 158 151 185 146 161 105 127 136 72 107 151 158 153 168 168 106 112 103 126 138 70 113 123 136 112 125 161 131 58 109 94 
173 106 155 107 62 55 132 147 128 137 145 133 137 160 147 192 170 148 114 155 167 176 124 98 83 96 106 61 103 112 83 115 65 136 119 128 140 149 173 166 183 165 145 116 120 87 103 136 133 115 138 146 188 108 90 67 102 94 77 154 155 109 167 170 91 82 41 0 
225 163 90 107 72 82 121 141 118 122 124 98 135 108 142 118 165 79 83 114 173 160 166 124 116 129 89 156 108 80 132 83 141 121 140 161 152 158 149 116 178 221 164 108 124 50 73 85 78 105 97 201 163 161 120 126 137 107 129 143 136 159 124 123 126 59 131 253 
181 126 138 139 92 98 94 114 97 115 97 124 118 92 69 127 99 87 100 134 143 177 174 177 183 145 147 155 153 176 126 165 149 111 100 139 158 143 99 152 156 197 174 121 135 90 95 81 126 92 164 167 168 133 139 146 125 133 97 124 156 121 136 152 130 185 137 160 
18 135 133 178 127 103 94 108 142 138 138 114 128 97 127 92 128 113 136 151 93 79 122 146 200 155 93 125 187 129 158 106 110 86 79 134 139 122 140 127 158 125 139 133 119 113 72 94 72 157 143 165 185 111 158 129 113 98 102 147 125 157 151 133 193 179 165 33 
137 101 151 153 123 85 133 140 147 206 132 117 107 122 129 138 131 134 166 141 79 63 84 153 169 133 132 157 159 195 130 103 142 127 103 112 111 134 150 155 135 129 170 140 148 94 125 23 126 137 165 154 149 147 154 113 126 133 168 131 174 145 132 111 119 184 172 162 
96 117 78 146 92 145 133 139 138 155 162 110 139 123 163 135 167 112 146 139 91 109 169 163 152 147 121 168 178 140 142 138 155 169 80 94 110 162 131 145 163 139 154 149 108 163 79 122 70 173 108 111 129 175 121 127 118 191 142 193 126 131 127 127 146 156 170 147 
137 96 94 71 82 146 169 140 105 145 108 124 114 114 133 141 136 151 115 151 86 155 191 212 184 113 135 125 115 101 126 126 198 118 95 126 111 110 113 114 154 119 135 115 132 115 154 63 113 64 112 46 117 98 105 46 109 138 171 122 136 93 146 180 160 190 154 147 
44 113 78 96 79 162 159 160 175 160 121 135 122 130 129 137 177 132 183 133 116 150 204 201 192 146 126 147 131 126 111 125 86 138 67 115 95 74 122 169 131 89 99 100 117 126 135 140 104 114 120 117 59 120 63 46 112 138 142 192 111 99 112 146 186 129 159 95 
237 127 92 78 114 89 127 128 163 160 167 114 120 133 129 128 151 192 123 109 74 162 200 185 211 159 127 141 186 132 167 81 106 55 108 118 41 81 145 153 139 56 114 157 87 140 131 186 128 152 194 151 110 138 131 116 92 104 155 124 134 66 103 139 121 160 103 34 
73 94 60 124 99 123 76 135 110 157 117 136 104 106 82 112 142 162 125 80 62 126 154 196 192 155 182 160 161 183 118 96 73 76 118 121 97 41 102 156 96 117 139 97 120 67 158 109 127 130 138 138 102 139 182 142 140 107 148 148 137 163 142 159 188 106 126 164 
189 126 83 90 140 119 136 107 84 90 165 109 117 150 94 66 136 122 157 122 77 101 168 163 162 156 117 146 160 89 124 103 113 104 142 151 121 125 106 154 164 117 110 128 63 154 92 148 72 96 116 97 94 131 107 154 134 121 95 140 159 168 141 170 170 130 117 138 
153 120 88 111 136 147 137 96 96 126 142 169 171 157 113 112 83 117 112 166 136 105 153 194 170 89 108 136 116 123 120 167 141 106 125 123 151 159 168 145 132 106 109 99 160 119 159 89 135 118 102 117 121 101 106 138 139 112 120 102 184 138 116 120 192 189 141 208 
169 156 129 174 159 187 119 166 153 177 205 186 193 153 99 109 101 103 93 138 113 111 138 144 146 152 111 134 136 98 170 127 152 95 147 106 129 164 119 129 85 119 58 124 119 157 131 169 107 173 103 118 130 139 109 123 137 117 104 120 113 120 42 111 164 139 167 237 
96 133 166 133 150 122 155 115 177 184 131 182 204 131 95 78 168 101 99 101 117 101 119 128 119 110 137 181 147 151 116 143 79 128 123 126 147 124 139 119 155 116 96 102 145 140 181 160 191 127 107 103 126 124 129 143 132 164 119 125 110 81 115 138 158 136 59 56 
31 147 118 159 161 163 108 154 150 136 109 137 160 114 86 133 136 164 122 115 124 139 189 131 118 100 116 174 185 124 121 87 118 85 145 75 95 100 126 143 133 133 127 140 145 162 171 179 173 191 89 92 74 74 70 89 123 135 161 104 106 129 141 173 163 132 94 101 
150 118 95 110 149 119 148 90 179 165 116 148 152 154 138 174 178 106 111 96 88 170 201 194 145 137 111 155 167 154 106 92 68 150 100 115 65 94 103 142 107 117 137 156 169 173 177 142 178 185 136 112 99 81 50 91 116 162 143 181 112 147 171 129 144 117 142 213 
242 143 45 62 106 80 65 122 151 140 111 124 172 94 134 169 175 134 157 87 142 147 165 202 192 131 127 81 146 166 137 102 105 131 165 58 109 77 130 158 165 139 129 133 130 161 148 101 141 151 136 130 145 97 127 81 126 152 162 119 114 146 119 117 72 131 124 92 
118 152 84 66 86 59 97 114 118 142 61 157 89 96 82 131 141 158 161 114 105 118 131 117 162 200 132 132 126 154 109 78 102 142 94 85 99 139 97 166 179 108 118 114 101 97 92 89 101 99 102 104 115 130 119 123 126 149 153 150 99 108 177 150 148 169 133 96 
95 128 106 79 82 121 142 133 167 80 120 63 128 68 116 141 147 133 162 120 130 110 65 127 116 141 225 162 156 154 102 56 77 105 84 58 123 123 139 136 153 106 97 127 123 60 115 168 143 123 134 171 131 98 144 95 85 165 154 139 114 103 144 191 157 126 147 215 
216 133 110 95 137 105 171 157 63 132 69 104 51 101 121 131 96 111 123 130 122 124 116 134 125 158 172 179 130 166 101 73 94 109 117 77 112 134 132 175 113 99 74 113 98 93 142 143 153 112 171 173 135 83 154 106 139 121 183 167 82 80 138 176 138 101 49 88 
176 79 117 144 76 89 104 122 131 144 163 79 103 79 99 84 111 99 88 97 118 67 111 149 147 146 172 131 145 119 125 125 147 191 167 120 75 168 192 155 159 99 81 108 127 129 141 187 125 178 182 192 92 88 136 136 80 154 165 123 119 85 146 163 173 108 79 220 
170 117 148 179 114 76 82 139 153 172 172 125 146 149 112 84 134 146 118 112 95 78 82 111 111 126 121 131 131 149 73 100 163 171 177 73 93 105 160 195 124 128 65 66 124 126 150 156 169 165 166 111 90 95 171 99 118 88 128 147 135 150 145 145 116 117 115 233 
41 122 200 142 148 111 105 118 135 153 120 100 165 184 109 102 126 178 150 142 112 125 135 94 122 127 85 136 142 98 89 57 118 187 148 112 94 100 127 127 151 94 74 112 125 132 163 149 156 159 137 115 80 119 157 150 93 89 133 132 136 171 139 49 103 134 110 19 
220 186 170 181 127 142 140 99 120 149 145 123 105 129 136 82 146 191 181 137 127 109 115 161 127 152 159 76 132 115 69 111 148 137 138 121 126 125 118 144 121 110 113 175 188 199 154 181 134 182 164 159 138 177 167 163 125 70 86 104 134 103 112 78 87 148 148 47 
138 164 152 139 121 163 109 105 106 110 183 87 139 92 93 123 116 158 184 139 126 116 140 107 169 201 134 153 94 129 110 111 139 108 45 106 118 103 109 122 111 88 107 147 180 200 220 143 154 148 128 126 111 115 182 126 112 60 75 103 86 134 112 72 89 158 128 195 
167 134 125 117 120 79 163 96 74 127 85 126 70 111 98 130 124 178 155 134 136 128 83 120 108 145 142 95 150 116 149 156 148 121 120 115 148 129 108 120 102 91 92 121 99 191 150 121 113 100 152 96 126 134 114 132 125 102 125 122 168 120 124 111 88 91 124 5 
69 129 152 168 169 193 136 115 128 82 134 88 131 82 81 103 164 144 184 137 145 104 105 108 123 127 117 108 116 138 139 131 165 138 95 130 126 129 143 100 108 123 137 136 154 116 189 113 107 168 148 149 119 99 103 89 125 169 146 138 103 132 116 114 65 108 91 99 
145 182 138 191 203 173 174 101 84 158 112 140 122 107 85 88 104 138 126 126 102 118 60 102 97 125 115 111 130 103 98 163 81 134 149 79 153 170 130 136 73 88 122 144 93 156 130 145 141 153 169 141 118 127 90 113 149 153 122 75 103 67 136 133 99 80 162 207 
23 86 132 118 124 153 109 63 105 137 158 143 137 122 79 102 96 67 62 92 118 82 65 67 98 149 149 146 128 106 143 72 142 122 88 163 121 146 176 124 129 129 114 112 98 91 163 143 157 174 184 121 154 146 189 150 142 133 91 66 86 132 137 177 151 174 136 107 
124 107 90 142 185 153 152 79 90 162 171 196 131 150 113 80 92 98 77 132 129 117 44 62 147 181 188 145 151 171 162 164 125 99 152 106 149 151 134 188 108 151 128 86 97 88 166 137 134 141 167 110 105 160 172 149 136 104 89 82 122 98 144 144 146 143 148 188 
27 77 74 146 178 202 181 121 137 143 156 169 182 118 125 82 124 92 129 158 146 116 35 63 112 179 156 105 118 151 145 156 126 117 97 202 166 125 169 149 166 171 164 143 84 136 122 106 75 98 110 170 111 146 130 121 70 82 73 136 131 116 138 155 130 134 101 61 
67 117 87 118 186 201 210 168 132 179 172 208 124 180 122 82 70 99 101 140 131 123 72 57 137 160 161 166 89 109 104 92 124 38 109 156 137 114 120 167 192 189 170 162 113 88 141 133 85 89 120 113 110 89 119 93 96 76 106 134 134 107 124 105 146 131 108 44 
152 125 91 130 161 210 190 121 144 178 203 178 165 118 138 121 54 104 113 99 129 116 79 110 122 153 164 114 130 67 90 120 90 79 46 98 84 83 117 178 159 166 152 119 130 85 87 82 138 98 79 113 61 107 121 183 157 183 144 185 148 132 152 137 109 147 132 0 
223 147 64 133 160 165 150 137 148 186 219 184 80 93 92 90 149 111 120 153 90 111 82 85 140 132 120 147 74 99 84 99 93 98 78 99 110 126 185 155 210 148 135 188 138 125 73 83 134 142 133 122 99 62 156 137 143 122 131 114 119 164 162 109 109 87 106 55 
252 137 118 167 132 151 150 117 122 173 149 154 110 26 71 107 88 125 91 77 145 69 38 110 80 98 117 86 82 121 100 91 105 117 105 134 114 154 98 134 122 144 134 130 170 103 83 54 126 124 131 168 90 118 125 171 114 140 103 145 159 152 186 162 116 87 92 69 
84 139 159 158 130 140 134 146 141 116 201 164 137 127 77 126 92 100 91 154 138 93 95 93 92 77 50 54 112 91 131 97 128 137 101 155 174 134 149 110 147 144 121 182 118 147 103 107 93 93 109 129 134 102 171 175 127 170 178 189 159 105 81 133 139 80 84 56 
74 131 169 157 122 136 185 189 129 187 143 171 177 98 147 107 149 113 129 174 181 103 107 135 106 86 63 92 64 148 99 125 125 114 77 144 148 161 128 123 143 118 142 116 165 84 120 109 95 45 80 122 96 136 155 151 119 167 191 184 162 86 53 82 148 80 73 33 
236 150 113 179 115 153 193 178 135 108 134 127 153 162 96 147 93 149 94 162 163 132 142 120 116 144 100 60 122 122 152 159 170 111 82 80 111 70 104 143 127 187 118 178 145 112 121 85 107 113 145 117 143 133 135 156 124 132 165 144 100 60 47 117 121 129 95 39 
74 97 171 122 131 135 147 122 93 115 105 150 177 147 113 115 127 95 118 149 176 129 140 123 88 137 87 107 61 131 134 159 125 152 77 103 82 122 123 125 186 177 172 158 170 132 120 144 125 136 140 148 112 128 117 149 111 153 153 121 79 83 75 102 184 152 154 117 
164 123 84 102 95 103 158 112 82 125 154 156 158 141 99 117 116 114 112 175 165 163 143 91 144 116 143 123 166 143 134 133 164 116 133 105 168 138 116 97 109 168 151 165 156 97 129 118 109 87 89 70 97 130 110 88 144 99 160 157 140 140 136 151 154 167 154 89 
194 117 60 56 80 109 170 134 103 145 150 212 182 137 129 176 114 137 111 155 185 168 159 172 104 142 119 207 156 171 119 154 134 179 159 162 186 176 92 33 65 88 143 145 123 119 116 134 102 74 85 83 89 142 102 142 79 169 144 184 186 161 134 115 135 88 125 230 
248 114 99 74 100 140 167 172 156 130 152 156 153 135 137 140 175 137 128 101 153 171 183 186 178 112 148 160 201 171 123 158 183 171 180 180 158 143 96 58 68 147 112 119 129 96 106 99 131 81 98 130 98 128 163 71 138 106 181 185 175 151 87 152 117 114 77 164 
210 174 77 121 167 139 189 194 184 142 88 110 69 84 87 168 161 199 137 145 152 165 177 174 162 111 122 126 123 148 94 124 168 172 194 131 157 128 120 85 116 106 145 134 139 181 148 147 125 132 139 124 143 163 144 100 69 113 124 192 210 116 112 123 186 102 151 243 
74 118 122 89 173 165 173 158 142 116 100 113 95 86 135 187 197 178 83 113 137 156 152 194 119 111 61 101 110 110 86 84 125 157 123 145 117 142 149 157 104 96 117 148 182 201 181 124 174 111 135 158 114 134 147 130 92 106 129 151 164 113 82 137 117 154 128 124 
138 124 84 93 118 150 139 147 146 116 169 167 124 100 120 187 234 165 113 70 118 89 171 129 151 100 112 114 151 138 93 89 109 126 131 74 71 66 119 115 130 83 129 153 184 198 135 163 108 146 131 124 133 97 150 130 197 161 142 143 145 82 130 152 208 158 226 252 
230 140 88 99 122 115 150 152 159 183 161 165 124 138 136 155 185 184 132 126 89 121 116 133 100 92 80 103 97 101 76 66 139 163 165 107 73 59 54 131 89 113 92 163 149 176 164 130 156 91 153 143 110 115 122 159 156 202 160 151 99 133 115 187 144 178 140 26 
175 92 92 122 154 133 182 150 155 141 178 107 130 177 148 138 88 116 92 91 63 99 89 59 79 102 41 69 75 79 81 108 120 173 127 121 50 53 118 52 144 91 108 69 166 154 156 152 117 95 90 128 91 76 137 119 127 178 188 100 155 116 208 122 137 79 141 120 
148 106 86 123 146 194 141 107 92 144 157 158 136 196 184 125 68 65 91 42 90 75 91 92 141 94 112 73 71 100 106 152 154 141 122 96 80 109 101 172 100 156 126 134 97 156 157 165 119 95 105 107 69 93 148 107 136 158 180 156 104 133 155 105 70 123 99 56 
134 97 118 128 152 142 160 95 93 112 209 162 157 160 167 123 100 59 77 83 64 105 85 118 136 138 121 155 107 117 152 135 113 117 110 111 105 116 154 97 126 108 156 130 115 118 151 112 127 126 144 140 128 127 155 111 60 174 164 168 137 163 99 97 127 158 156 10 
165 158 124 145 163 178 121 124 143 169 134 168 91 125 103 117 100 106 75 109 126 85 73 110 95 70 156 171 126 159 198 144 112 118 135 122 92 102 93 82 67 74 97 158 148 150 173 95 102 95 102 177 129 175 133 70 91 85 88 115 142 82 157 101 149 189 121 36 
21 112 170 155 186 165 109 130 161 129 173 109 121 122 133 97 143 113 117 133 147 102 43 84 82 97 134 129 82 153 166 170 60 131 119 92 92 126 120 99 101 37 106 120 159 188 167 149 96 130 128 90 130 69 123 58 115 103 85 96 103 148 112 111 126 129 101 155 
228 221 164 152 156 168 120 111 152 133 55 95 109 133 134 137 151 155 144 164 155 75 107 105 121 116 114 94 41 113 159 144 129 118 91 81 82 160 140 132 139 93 74 146 124 106 129 121 158 120 133 160 42 137 60 112 100 123 104 142 185 161 132 109 125 121 139 141 
164 177 186 114 117 106 107 190 161 134 107 114 100 137 121 91 121 130 153 170 150 104 56 131 111 86 87 83 105 73 137 131 149 119 142 112 123 147 149 130 127 103 142 125 138 109 115 106 85 114 122 82 166 77 111 73 111 96 105 165 170 140 142 114 106 182 124 19 
110 120 103 98 69 91 121 106 149 133 109 132 145 129 112 158 104 121 180 215 166 81 124 131 119 113 92 123 141 113 96 112 80 148 108 150 137 178 153 133 107 58 112 150 136 173 155 138 89 79 97 153 110 170 80 127 130 120 148 118 131 142 128 161 137 134 158 121 
41 55 100 62 113 109 110 148 78 111 132 116 140 127 167 96 144 144 172 171 163 115 85 141 104 110 97 138 142 101 105 97 106 103 159 117 162 166 214 189 124 90 100 111 166 165 156 105 104 72 123 113 188 105 101 138 113 147 123 153 146 126 148 149 128 153 164 241 
183 122 120 137 109 170 146 122 129 97 74 131 119 196 142 153 148 141 138 159 134 107 159 127 131 153 174 157 153 82 140 115 102 158 99 109 123 194 180 201 138 100 77 103 143 168 154 137 105 138 92 137 92 97 59 121 148 131 175 148 162 161 109 110 115 157 117 15 
34 93 183 131 193 107 132 131 122 132 115 124 168 207 159 157 151 116 124 146 196 146 140 153 154 199 213 167 152 126 149 145 168 128 122 105 132 152 185 151 130 96 71 93 99 127 97 97 141 119 140 81 113 25 81 165 173 191 179 120 112 123 111 127 149 182 130 54 
179 110 126 157 104 146 46 101 120 143 147 159 161 134 137 120 158 116 81 177 154 106 92 113 127 204 138 174 130 114 149 157 122 122 110 73 114 156 175 132 95 117 86 102 97 69 69 102 134 150 126 134 103 116 94 179 166 181 149 91 90 93 146 161 164 154 183 211 
69 102 103 97 168 86 149 111 105 167 162 137 112 135 67 113 149 110 88 110 86 83 99 73 126 144 183 136 144 162 159 147 163 108 91 75 92 138 186 146 100 93 129 110 74 43 70 120 153 107 77 85 139 75 158 163 167 137 145 106 95 151 151 206 156 140 128 186 
14 109 87 122 100 166 130 174 157 149 141 105 102 116 88 88 140 93 97 102 128 89 158 70 87 155 174 192 142 148 134 164 156 119 133 102 81 161 174 136 106 162 139 157 74 23 41 111 116 87 111 142 125 167 161 212 169 182 148 106 125 77 168 179 146 97 77 85 
129 149 107 108 157 144 215 180 168 153 138 131 138 147 119 109 109 127 117 176 104 163 129 76 87 144 204 182 139 127 153 142 174 158 148 126 98 107 102 112 106 138 192 142 80 56 47 87 81 112 160 185 173 135 211 158 177 159 186 162 133 134 151 153 139 94 127 211 
45 127 93 103 111 183 193 192 136 138 125 166 148 183 96 117 115 154 172 190 159 102 148 88 134 145 139 170 86 113 48 133 138 90 134 96 120 72 135 103 159 158 167 154 85 110 117 98 110 135 134 116 84 129 102 167 121 139 183 155 150 129 135 135 66 116 77 27 
243 212 136 141 114 201 193 149 158 105 145 115 138 126 129 69 101 129 184 171 115 111 70 112 139 103 144 154 168 119 136 100 127 119 88 139 116 179 83 171 131 177 184 116 149 108 133 149 135 113 115 46 71 83 158 107 135 148 159 150 64 91 97 88 107 82 74 4 
158 157 139 85 130 118 150 126 125 181 121 157 90 134 101 110 63 105 166 147 151 120 93 113 160 88 99 165 170 173 132 125 126 118 159 153 185 156 177 105 184 145 161 171 74 159 127 137 162 139 80 109 107 173 119 164 107 116 176 125 136 53 96 159 120 102 108 151 
152 132 104 84 72 111 51 95 117 127 181 126 113 56 81 117 77 98 128 184 163 150 104 145 152 98 100 118 150 156 167 102 84 118 135 104 126 186 148 141 108 125 113 118 130 92 133 156 139 107 135 98 104 137 140 102 133 87 118 130 90 132 129 123 148 111 73 116 
191 171 108 149 91 68 113 67 108 144 121 196 98 103 89 151 138 128 203 169 215 168 95 152 198 173 121 141 130 144 159 120 110 165 115 98 79 127 166 86 117 83 129 113 134 116 163 170 193 161 135 153 124 127 100 117 96 119 105 124 109 110 91 168 122 104 113 6 
161 126 185 92 106 110 103 138 124 112 155 113 171 85 163 141 162 160 156 207 177 158 75 133 167 166 147 135 168 158 133 91 131 114 132 84 70 134 120 143 144 172 102 161 104 111 149 164 170 152 166 142 106 88 70 68 101 115 152 115 120 80 104 98 143 134 130 178 
89 148 100 156 64 99 113 67 108 160 77 176 107 192 113 110 76 81 127 126 197 125 139 113 154 89 108 144 173 136 152 83 79 99 86 144 147 147 211 153 205 135 124 107 123 84 115 97 115 140 171 158 112 105 117 113 144 123 103 112 106 102 144 134 149 128 125 79 
19 80 143 122 112 114 76 81 148 140 178 109 178 144 165 85 45 77 95 189 149 148 148 153 96 139 82 143 114 155 133 133 133 123 103 194 186 179 173 181 115 147 85 87 87 45 70 81 72 115 117 170 109 112 169 154 148 97 92 57 100 124 89 130 93 89 68 6 
24 88 103 127 133 137 112 117 182 183 96 100 93 111 117 99 69 81 100 115 128 142 122 126 112 108 154 103 96 69 127 108 157 128 133 137 162 143 152 88 122 146 138 112 52 50 58 70 81 56 134 107 96 103 131 157 160 131 106 102 97 80 108 101 105 88 135 221 
228 134 101 97 127 136 158 179 187 166 96 64 68 77 120 113 129 97 116 84 126 121 187 121 99 193 171 153 76 101 63 103 133 163 98 106 95 154 131 129 115 176 142 133 100 57 92 126 103 107 108 178 74 91 145 122 181 162 122 104 110 83 104 141 144 151 144 81 
45 122 112 113 94 151 143 194 208 185 115 106 87 121 131 161 110 174 130 137 131 201 190 139 130 141 229 172 139 117 155 136 188 165 147 78 112 136 170 167 168 183 172 102 100 98 110 159 118 87 143 147 134 129 132 163 168 156 130 102 120 81 85 104 92 129 131 88 
202 148 116 76 126 83 126 123 181 185 180 94 118 119 190 150 146 118 159 160 172 187 159 139 63 142 141 156 117 170 156 179 164 118 101 85 99 177 158 177 208 185 118 122 99 103 170 143 119 74 98 137 108 104 123 69 143 110 122 107 127 74 81 86 90 80 171 177 
160 125 110 159 105 126 76 102 127 196 142 144 66 138 179 174 139 97 140 129 157 161 133 79 132 112 165 120 141 132 155 142 103 112 96 106 136 172 156 160 163 146 99 75 130 176 147 167 69 83 91 123 90 122 99 120 29 111 87 169 140 140 107 89 99 101 144 185 
20 96 139 130 140 85 103 65 107 97 130 74 129 118 197 168 138 143 84 116 100 120 132 138 106 137 125 154 84 168 133 152 162 118 180 148 152 181 162 157 175 88 78 99 155 173 216 140 111 95 153 109 113 132 196 117 115 66 117 147 183 148 146 89 62 121 135 95 
214 143 167 171 78 92 117 182 162 129 117 171 122 168 127 132 146 67 96 56 82 111 152 111 106 94 149 116 165 79 177 160 120 139 127 147 128 141 124 137 117 139 103 137 153 179 167 146 93 110 151 124 67 150 184 173 142 128 136 153 156 159 109 71 94 82 166 92 
211 137 155 136 71 105 171 174 182 133 166 122 192 113 143 106 110 123 75 99 148 160 150 99 63 105 119 158 85 132 124 155 116 75 87 136 129 104 105 106 136 118 177 123 129 115 127 137 85 151 185 131 106 130 179 170 133 145 123 167 124 93 117 86 117 153 120 39 
56 71 96 86 86 119 157 164 133 131 97 167 129 179 93 81 104 68 98 135 162 169 148 82 110 111 168 124 162 134 166 163 102 108 95 86 126 100 98 106 129 194 170 156 118 110 135 68 127 131 203 187 147 146 167 154 156 79 125 164 161 137 123 162 144 116 95 42 
159 90 68 38 29 85 91 95 144 124 113 67 152 163 101 43 53 115 147 158 142 169 118 99 102 138 107 143 152 151 157 112 139 123 99 117 106 139 110 148 110 172 215 160 130 163 101 132 73 146 188 215 162 153 110 162 87 64 100 136 164 155 197 150 125 92 62 51 
247 121 124 85 89 83 41 66 144 142 96 64 84 131 125 41 79 82 151 166 146 98 148 106 100 90 102 72 80 113 99 107 133 172 141 68 102 131 134 144 120 179 157 152 156 129 193 133 109 140 145 152 187 89 156 83 129 105 104 157 116 152 111 146 68 98 112 38 
19 93 110 144 118 113 92 70 140 183 101 95 67 144 94 101 80 97 82 107 99 135 110 113 134 119 106 100 64 65 117 88 106 124 130 71 84 120 142 122 149 141 166 114 81 158 164 161 153 93 114 150 126 174 109 157 140 164 206 152 126 118 138 79 89 115 150 79 
66 36 142 76 126 155 139 105 160 151 163 108 90 73 104 62 145 111 117 131 121 118 130 93 83 114 121 70 76 118 90 106 103 130 131 128 131 169 130 137 115 191 143 154 162 145 216 205 154 129 80 121 197 159 163 126 171 234 196 145 147 132 97 97 57 75 123 176 
209 99 70 154 137 162 155 146 154 167 146 155 91 73 71 83 129 133 107 96 111 98 87 104 128 133 99 134 106 120 169 95 168 188 198 151 146 199 144 146 161 136 147 150 158 168 182 185 147 85 77 104 132 164 107 106 144 155 137 149 122 153 141 136 85 83 83 123 
252 73 121 85 159 115 132 112 129 110 144 123 93 119 125 122 130 129 75 70 29 59 116 99 161 154 133 92 135 165 118 161 136 188 143 142 149 123 152 176 182 142 95 121 108 118 140 135 94 113 102 72 121 116 120 128 117 151 118 98 163 134 106 146 117 45 83 15 
35 81 84 144 121 128 112 127 93 99 109 136 110 109 157 128 174 124 103 87 70 119 83 130 99 138 123 165 131 154 175 145 133 106 136 152 132 145 126 175 193 132 106 98 88 58 124 109 131 124 145 99 90 125 127 138 161 147 98 138 148 69 130 127 124 113 126 94 
191 98 124 93 179 128 140 115 85 59 122 62 81 113 110 120 136 135 157 144 129 101 129 72 68 54 97 141 116 70 141 118 117 112 108 143 138 94 104 172 154 123 132 133 83 89 100 117 122 154 108 97 103 134 118 170 137 165 158 100 183 146 64 146 105 121 187 255 
156 86 108 114 107 138 94 89 74 93 104 145 145 161 140 94 90 105 111 177 65 116 123 146 108 85 88 162 104 121 99 167 105 105 128 111 89 120 148 163 161 99 104 102 106 90 145 146 144 103 118 107 116 139 151 174 173 187 131 124 155 128 137 55 79 112 166 208 
149 110 77 86 158 129 137 111 118 129 155 160 231 170 164 92 105 59 112 124 144 141 197 197 167 130 151 144 139 112 211 166 171 186 151 125 111 134 134 177 161 135 132 136 100 143 177 154 152 136 125 143 124 118 135 189 196 184 128 79 143 135 92 110 116 141 132 91 
100 61 97 78 145 179 163 143 169 136 144 167 118 167 105 140 131 87 73 174 169 202 151 158 133 141 114 146 78 144 169 200 206 164 175 146 139 134 136 103 117 127 117 133 141 120 171 170 157 142 190 172 140 137 126 170 176 138 112 100 129 128 95 130 139 168 123 65 
171 105 74 112 131 140 143 118 159 160 134 111 149 69 129 135 155 102 101 177 188 162 175 164 136 117 140 121 131 110 194 178 164 115 136 141 153 177 157 107 81 87 115 128 105 142 161 157 142 160 130 177 168 152 136 151 115 71 67 92 181 160 117 141 172 151 128 244 
80 81 126 102 117 139 128 120 128 187 175 168 143 152 140 106 150 71 104 111 142 120 152 170 126 116 157 145 113 132 113 134 112 86 82 177 123 159 144 98 90 114 164 131 112 99 135 160 171 85 118 109 103 117 126 127 79 79 68 90 160 130 121 169 165 152 142 116 
76 132 130 146 93 89 124 52 138 157 161 156 192 177 163 141 140 135 115 117 111 81 105 118 58 123 134 121 122 122 153 127 152 79 120 143 117 91 93 102 43 101 104 132 73 62 171 162 146 133 74 104 112 127 120 120 97 100 138 117 120 138 91 119 115 109 109 105 
152 151 180 140 98 80 68 69 91 137 128 83 117 152 136 127 126 154 94 121 100 130 85 118 115 125 135 127 132 192 155 178 139 130 114 186 108 80 101 96 115 76 129 131 125 111 105 149 163 96 117 110 124 151 125 137 123 158 162 152 146 112 126 131 89 87 112 125 
180 162 140 180 136 115 106 108 125 160 104 83 52 67 142 74 116 114 109 86 169 117 136 161 128 160 139 114 144 149 158 106 158 94 133 141 107 86 96 130 144 149 162 197 165 99 118 128 110 124 111 126 89 145 134 114 151 171 177 141 115 80 94 120 122 125 159 212 
251 152 155 151 148 112 144 108 160 159 185 117 79 92 141 116 83 122 128 132 139 152 120 101 129 112 119 150 135 176 124 143 73 74 90 118 84 131 124 142 85 155 157 164 145 144 127 126 112 102 105 98 101 122 97 128 133 166 175 166 137 95 53 108 118 143 124 168 
230 145 139 155 96 142 114 139 133 191 163 194 139 114 138 138 83 134 113 113 95 135 75 130 76 128 135 143 168 157 141 84 98 75 136 142 116 148 179 146 134 137 187 172 149 121 156 130 101 64 90 94 46 113 122 122 139 155 163 154 158 99 135 102 175 169 143 16 
152 117 181 145 152 112 164 97 182 115 175 129 129 112 121 124 123 140 92 109 90 102 160 146 150 142 147 171 106 136 103 117 100 131 160 150 140 119 144 168 132 115 144 159 125 163 180 146 98 68 50 87 67 108 131 115 97 124 133 152 158 134 116 155 163 174 203 232 
80 92 165 170 104 155 72 127 113 150 68 161 115 119 145 132 125 123 145 68 93 125 118 149 106 133 151 167 154 150 163 140 139 123 105 142 125 126 116 187 123 82 92 86 99 135 167 173 104 107 88 96 130 104 143 134 84 90 147 135 138 156 173 175 126 176 163 206 
193 125 131 170 157 121 102 51 102 64 121 105 120 107 98 97 57 139 77 141 126 121 123 110 73 91 132 148 165 193 194 109 114 120 74 66 138 75 66 139 139 85 90 106 89 137 152 147 173 127 135 146 94 156 155 168 145 185 162 156 173 151 214 133 169 84 148 132 
210 111 140 145 145 128 97 81 111 96 126 183 120 56 73 61 110 126 178 101 157 136 104 74 83 114 105 98 147 201 150 101 108 137 92 100 111 88 79 172 183 153 150 150 159 172 161 166 145 134 115 97 168 116 171 148 128 173 195 173 170 192 172 176 74 111 71 90 
109 99 102 127 99 98 124 155 168 182 168 159 163 78 52 127 144 172 121 170 140 163 138 157 100 157 129 123 115 200 155 109 94 154 134 91 150 105 92 165 185 158 171 144 185 120 117 124 87 85 89 125 95 176 129 93 78 104 165 142 150 166 200 142 167 78 80 21 
232 121 123 163 125 140 154 157 210 169 128 195 152 115 116 145 138 92 136 114 145 147 153 141 109 149 182 122 125 159 183 155 126 153 113 150 140 114 103 146 129 128 136 179 141 99 68 75 89 102 138 80 147 87 170 102 82 147 122 156 101 101 157 177 151 168 122 166 
231 71 80 104 148 165 181 137 162 147 110 97 197 146 126 140 131 92 88 162 137 108 114 136 107 117 210 156 81 128 141 159 148 118 161 143 130 86 126 87 79 82 133 174 126 106 58 104 95 147 164 129 102 124 112 157 139 169 160 118 92 96 123 188 214 182 178 151 
10 48 73 91 131 156 164 155 159 119 106 152 164 167 179 164 138 86 116 123 153 123 139 143 117 160 127 126 86 100 113 99 97 135 139 126 137 98 77 92 64 80 141 126 146 116 136 130 152 151 151 151 120 86 89 84 144 113 108 77 60 68 124 158 152 161 182 186 
173 157 176 170 135 164 143 127 127 126 104 125 175 152 173 141 136 109 72 126 121 130 100 130 146 123 134 93 130 163 127 134 115 149 151 199 109 89 122 82 113 174 156 134 71 125 122 156 132 143 180 150 171 76 75 112 96 108 52 73 66 77 105 130 124 102 176 244 
248 196 213 202 166 114 182 135 136 100 86 115 89 112 163 158 137 136 117 80 91 67 102 55 93 156 134 114 156 157 144 92 149 152 192 110 113 118 91 96 167 178 160 103 85 118 159 120 152 122 150 141 138 99 93 128 153 74 90 105 129 131 146 175 130 133 132 26 
74 121 185 162 145 140 112 179 156 117 95 52 86 91 142 122 139 133 97 88 105 136 142 81 62 134 154 141 165 133 77 110 151 160 170 143 96 128 117 98 92 162 151 128 100 140 147 137 119 91 123 123 124 111 50 135 92 103 72 104 133 149 111 131 155 127 172 178 
45 84 144 195 144 91 118 90 128 112 74 94 101 94 166 123 154 165 105 144 166 177 196 94 70 103 174 174 179 141 67 77 123 160 119 113 149 134 101 72 93 124 166 143 116 127 164 117 139 115 107 151 189 99 143 106 151 112 126 125 99 91 100 119 149 167 182 61 
160 78 114 139 152 76 26 63 101 87 78 86 49 134 84 136 182 176 139 128 185 163 150 131 50 97 148 199 213 125 87 105 152 99 90 100 124 116 112 123 101 139 158 150 170 140 184 148 111 67 122 142 128 170 120 178 114 166 173 122 86 107 73 136 155 164 185 90 
212 93 95 126 130 99 72 96 137 154 141 94 119 58 135 94 177 203 119 137 113 87 106 97 91 77 131 195 190 112 116 113 153 109 86 78 106 107 123 141 108 60 82 124 118 166 167 142 113 81 126 175 169 130 170 158 156 148 149 142 106 112 153 106 119 137 133 17 
111 103 111 147 163 141 118 128 154 132 117 114 111 141 85 75 118 152 182 121 146 75 109 99 85 109 102 153 144 133 71 133 134 130 75 93 119 92 119 171 121 82 80 79 121 114 154 137 113 81 156 158 156 163 154 190 170 154 138 109 135 209 140 115 84 113 157 167 
241 123 118 121 154 95 98 122 159 151 106 119 130 160 123 81 67 124 118 186 125 154 91 157 107 128 119 140 139 123 138 139 144 102 107 93 96 104 114 101 153 118 118 129 125 138 159 141 160 124 122 183 175 162 187 180 188 152 115 123 122 151 160 61 100 114 155 242 
212 115 144 167 131 108 40 102 144 148 141 100 119 110 130 90 67 60 116 102 162 130 174 130 128 130 140 125 142 142 168 156 155 107 67 133 113 107 82 104 103 121 154 171 180 181 158 145 139 121 94 147 149 115 124 123 143 163 198 131 152 161 135 102 64 99 133 205 
243 165 129 156 132 78 71 56 106 127 99 92 95 142 137 142 104 57 60 93 118 156 174 167 113 155 167 177 152 147 150 154 158 75 157 86 102 75 91 54 100 139 146 195 179 182 133 130 188 142 120 152 144 90 114 104 142 179 179 192 173 176 142 127 97 94 111 63 
79 100 152 116 86 94 55 112 122 137 139 105 126 158 155 117 94 65 67 134 91 195 173 162 115 161 186 161 153 143 105 169 141 155 81 125 44 85 83 64 120 121 170 144 177 120 158 117 185 174 98 123 114 117 131 126 176 164 186 176 205 138 141 142 139 171 164 36 
41 95 95 70 113 60 111 85 129 167 101 111 137 148 131 148 112 109 122 84 170 154 209 171 139 145 160 124 162 119 155 163 215 96 130 72 54 88 107 133 102 156 90 136 100 119 80 110 126 151 91 92 152 147 161 137 138 116 108 147 185 161 106 143 155 134 164 24 
37 118 88 120 70 126 51 119 92 132 177 116 130 115 106 128 159 113 112 144 127 169 189 158 126 90 97 128 122 159 133 191 175 170 157 143 92 55 108 82 136 80 147 112 145 99 87 48 110 148 90 84 113 177 191 136 165 83 110 134 191 141 121 162 106 125 151 235 
81 106 126 61 135 69 122 75 117 158 124 125 101 61 107 162 136 145 145 148 126 153 128 164 141 96 121 93 170 119 138 146 174 162 206 207 129 124 129 144 128 151 115 127 110 120 85 92 111 179 137 84 76 112 146 166 106 113 105 173 181 141 114 99 99 64 153 221 
100 129 65 112 75 129 85 134 96 119 124 105 93 56 87 169 117 130 181 121 141 82 140 118 172 152 116 169 114 115 90 98 91 155 159 167 182 194 147 125 108 117 128 100 123 164 166 138 141 143 156 77 72 92 145 142 193 107 157 154 171 146 99 108 45 105 173 228 
20 115 148 100 130 122 149 100 132 111 135 119 152 87 95 121 128 137 160 116 90 113 117 108 157 113 114 100 116 82 123 108 147 118 107 124 138 153 122 65 60 103 185 160 191 177 179 165 161 186 128 149 95 91 104 150 153 167 148 167 147 117 122 90 82 127 213 173 
141 182 182 136 132 163 92 118 84 117 130 143 150 104 87 143 93 140 139 143 154 134 157 148 149 126 84 77 48 93 143 175 121 172 106 100 130 147 116 112 59 92 153 210 145 138 97 135 176 186 177 125 166 130 120 110 153 153 136 150 143 126 121 112 94 124 161 58 
53 175 132 126 113 131 132 54 116 127 139 87 108 111 109 120 138 127 128 138 177 111 135 117 135 154 126 127 125 134 147 140 155 126 164 167 155 143 119 117 65 53 102 121 113 58 88 97 185 165 133 158 174 166 173 155 166 146 129 137 177 174 176 179 146 136 141 95 
250 158 163 36 57 111 56 119 118 144 165 98 155 145 154 175 157 122 75 119 115 102 103 88 123 126 165 167 159 153 161 131 157 171 168 214 180 122 77 93 61 89 140 165 131 90 85 135 161 160 101 123 160 154 160 181 177 171 143 132 171 151 160 174 168 123 133 167 
233 210 134 101 43 70 113 72 160 148 157 167 154 207 137 161 156 143 87 77 110 76 107 127 125 216 147 192 135 127 80 176 132 112 175 175 182 135 94 85 78 97 151 181 151 135 139 154 175 123 129 132 148 134 156 172 145 150 108 127 124 137 98 154 146 120 74 97 
193 168 209 128 112 104 105 161 136 142 162 158 213 137 136 106 169 140 125 110 86 79 84 108 165 131 159 106 97 80 127 97 95 80 123 156 133 126 112 116 63 120 121 123 104 104 179 171 142 150 127 125 127 109 131 138 138 85 142 133 166 116 128 158 197 148 109 94 
47 119 190 185 137 157 154 139 210 128 157 147 125 131 68 98 87 147 135 174 131 123 102 92 86 128 97 78 71 104 101 90 70 86 173 156 142 123 142 96 149 146 193 120 73 108 168 160 153 149 129 130 119 129 120 154 103 114 130 174 167 129 112 135 216 182 138 93 
136 127 148 198 171 187 165 142 141 179 148 141 123 123 118 89 99 84 141 151 199 169 121 111 94 130 144 105 57 128 105 106 102 150 151 120 133 111 108 121 137 154 160 107 73 73 145 121 106 133 170 152 149 137 110 89 114 49 143 171 177 146 124 177 143 172 143 47 
218 98 142 114 150 149 170 122 120 111 140 124 141 157 122 136 89 130 123 152 178 164 170 100 106 141 175 96 108 113 168 136 212 157 148 158 101 114 126 118 122 164 88 110 116 109 144 104 86 114 154 162 125 120 109 128 107 130 122 164 141 136 148 97 140 142 102 62 
131 125 103 123 85 141 131 150 96 70 100 131 133 152 140 105 119 95 79 123 123 150 135 111 133 129 157 170 118 157 155 170 129 156 139 111 143 117 159 137 187 106 115 116 105 153 170 173 146 147 143 167 93 124 176 123 151 78 140 116 81 91 81 108 144 118 116 9 
58 122 169 167 177 130 129 128 78 95 96 122 140 137 136 130 108 107 100 105 185 139 171 164 127 98 118 118 115 133 150 94 101 63 108 125 91 135 151 169 128 146 87 114 129 70 142 186 177 140 138 107 74 155 118 150 100 134 115 113 113 60 105 113 122 162 84 16 
220 133 126 169 176 162 130 101 129 67 134 102 106 119 158 180 121 123 125 119 155 138 181 166 147 81 74 116 141 159 175 80 36 98 96 162 157 175 212 134 191 141 134 143 55 88 118 125 211 141 90 110 126 118 174 119 199 146 132 135 101 103 113 137 150 106 146 177 
99 102 135 165 192 166 103 145 100 170 116 158 107 156 166 130 120 135 96 115 128 126 148 126 127 56 110 124 163 205 176 86 51 55 149 140 170 201 132 168 167 197 173 120 97 82 97 166 115 141 127 141 165 173 114 139 178 173 109 137 122 81 120 173 136 167 109 72 
111 88 116 125 131 84 92 75 167 137 190 129 177 113 116 137 81 128 123 55 148 131 141 117 109 159 137 143 172 196 142 79 79 105 102 159 138 143 132 101 127 169 127 150 77 90 134 56 116 104 112 213 184 201 126 140 207 161 129 123 101 67 101 129 173 101 135 244 
134 113 54 115 77 79 61 103 118 144 160 183 146 118 140 74 115 164 111 117 121 139 139 119 155 137 146 123 136 128 127 73 88 130 138 114 106 147 115 122 138 70 151 130 137 138 102 99 47 60 114 168 199 151 134 149 186 178 119 118 101 92 140 189 120 124 47 67 
187 112 144 52 131 91 131 166 127 131 163 175 140 124 87 134 70 170 180 102 144 95 118 92 136 156 127 103 127 124 125 92 134 167 144 111 105 121 124 181 150 134 100 136 155 135 116 123 101 92 123 142 136 139 132 170 192 157 120 115 77 91 155 159 156 94 66 57 
4 139 85 161 119 134 194 173 116 55 142 114 147 112 154 79 97 184 146 136 85 113 97 111 153 150 168 156 91 132 111 102 117 144 160 83 124 150 102 138 205 142 99 147 152 151 175 147 182 169 130 165 77 125 122 128 122 85 80 110 115 88 161 181 181 167 111 104 
189 111 137 113 151 185 159 201 81 78 92 160 145 171 120 119 91 140 145 111 124 122 170 136 159 177 164 136 141 121 135 49 79 119 111 128 150 167 73 129 143 166 136 134 183 154 152 173 141 143 130 112 112 147 146 118 69 54 101 158 124 134 156 151 150 164 126 107 
156 148 123 117 160 106 149 139 107 96 158 146 188 186 156 147 129 97 111 95 99 110 100 121 142 154 119 139 114 143 133 88 35 103 102 93 157 149 130 111 142 135 155 176 117 106 119 144 100 128 86 97 136 135 167 124 84 81 109 148 121 89 133 105 89 133 96 16 
83 176 154 169 107 155 89 122 108 157 164 157 182 147 152 165 129 114 84 111 42 40 106 61 128 137 167 115 117 161 158 92 133 107 107 86 109 145 106 166 98 116 118 127 110 65 138 136 128 119 94 119 108 149 129 134 81 40 96 95 48 50 85 78 55 90 113 87 
140 168 177 78 131 141 102 87 104 137 121 130 103 113 96 109 159 122 141 87 60 84 80 109 83 113 85 138 152 147 149 132 111 173 159 140 160 158 176 162 143 93 88 92 104 132 150 161 153 138 95 111 171 124 169 152 135 100 86 83 43 30 62 102 101 118 140 241 
139 163 117 113 102 153 154 104 132 151 163 132 135 104 90 102 74 105 100 56 52 84 139 95 114 98 95 112 166 184 169 84 141 132 146 141 132 198 142 213 144 152 89 126 154 128 126 178 131 124 80 132 157 168 124 168 164 168 179 125 96 92 107 135 122 151 123 180 
177 112 109 135 111 199 159 163 122 131 136 151 153 165 181 105 128 101 120 88 64 145 162 160 186 167 142 103 165 163 152 157 121 159 138 130 102 144 190 122 173 121 171 122 133 147 124 159 145 91 93 107 185 153 165 115 167 205 167 179 163 165 131 130 119 116 107 97 
169 92 87 126 111 104 146 142 149 117 96 90 105 189 146 137 86 158 149 100 107 163 176 168 174 206 145 140 117 149 105 121 140 89 145 98 91 189 137 189 152 182 125 155 115 118 138 150 122 83 96 128 92 119 91 113 120 134 151 135 181 153 102 65 89 145 111 113 
20 95 114 127 72 86 77 136 154 113 133 72 94 127 148 84 143 137 146 110 117 143 143 94 143 143 159 130 186 117 157 110 110 118 135 131 154 162 165 103 122 144 123 114 118 119 97 108 102 140 168 117 79 55 109 120 146 114 96 127 128 100 84 85 116 169 165 29 
212 177 116 147 117 86 108 81 103 153 139 154 140 153 169 168 156 175 134 98 135 128 124 111 126 157 144 139 121 156 102 145 77 116 139 143 152 195 122 101 144 108 101 131 159 117 94 111 138 127 158 121 50 77 129 176 132 120 111 100 122 111 92 97 125 179 138 24 
158 158 122 161 113 121 86 67 85 130 178 172 155 131 140 154 157 166 126 136 133 135 134 102 144 123 148 115 98 133 187 115 137 105 173 97 72 106 113 106 134 137 74 135 115 111 85 119 124 108 102 104 90 82 103 131 103 98 144 150 129 127 112 112 129 131 158 165 
244 118 104 117 102 75 99 63 84 132 183 157 138 80 107 126 111 160 155 163 156 145 160 131 119 170 141 95 97 146 143 131 60 144 145 110 117 91 123 99 120 101 52 105 130 57 129 139 115 79 98 117 122 105 95 88 122 134 183 168 178 173 146 136 164 189 93 7 
251 114 74 94 61 75 97 90 81 175 126 145 101 71 109 121 177 152 158 146 133 136 110 107 156 154 192 116 87 132 142 61 92 114 155 154 138 150 141 117 121 114 159 171 135 166 139 107 113 92 100 144 178 159 98 130 108 137 195 144 166 183 103 105 144 156 156 110 
115 93 92 120 54 47 86 87 111 122 194 122 112 39 62 136 147 160 112 101 92 103 144 105 184 196 160 124 147 163 99 95 102 89 112 105 136 147 141 94 116 130 113 177 169 124 160 111 131 119 162 172 171 152 124 99 143 131 120 137 88 117 79 37 104 140 143 237 
164 79 129 96 107 89 69 72 111 126 132 191 143 89 107 109 190 181 106 78 55 124 62 144 139 141 130 90 178 171 126 108 96 153 102 101 139 119 174 148 143 101 135 133 140 139 140 126 116 144 153 171 166 112 59 101 100 138 140 73 105 113 79 99 112 130 98 43 
129 68 93 137 118 126 116 105 112 155 180 177 197 128 91 159 138 151 158 84 85 94 107 87 156 135 84 114 162 183 111 104 148 153 190 113 125 153 115 135 154 141 107 147 166 147 152 100 93 106 133 178 148 138 112 48 119 94 112 128 123 120 130 118 120 115 77 8 
111 90 73 116 129 180 160 91 123 159 140 165 162 120 139 55 104 149 103 121 90 113 96 162 182 175 126 98 136 152 139 149 140 212 163 167 136 118 104 106 123 142 117 132 159 154 136 110 98 86 129 85 97 174 94 126 93 118 122 127 116 108 123 103 115 81 116 232 
69 67 153 118 158 168 199 113 117 131 173 165 167 149 97 110 67 89 135 109 155 155 135 170 212 156 120 122 135 134 169 129 150 169 146 104 132 89 114 96 119 134 108 81 78 102 140 94 89 122 101 91 123 133 158 130 135 125 99 117 105 64 144 153 80 136 104 49 
155 167 156 191 148 161 170 123 110 157 166 148 176 114 137 95 94 91 71 127 164 171 142 167 132 133 65 110 115 169 118 137 131 120 124 126 76 89 95 135 93 108 130 64 120 114 159 111 102 77 136 164 146 176 127 125 155 90 132 117 105 148 152 134 166 123 157 66 
5 99 173 152 106 99 165 174 161 171 184 161 95 167 172 138 138 94 110 140 184 191 155 136 135 52 65 95 124 120 184 131 118 152 130 172 149 90 142 105 57 121 113 101 84 182 137 120 72 145 158 154 131 109 86 112 109 100 106 79 118 136 160 185 135 187 152 95 
154 141 133 130 109 93 180 193 173 164 160 92 103 113 143 184 119 127 92 126 175 146 155 140 129 110 120 111 92 170 139 165 158 119 193 216 160 168 153 128 127 159 169 128 119 159 159 85 132 148 211 155 141 110 90 117 117 108 74 108 125 111 171 129 178 160 192 143 
72 89 108 97 95 124 174 163 129 78 94 57 72 49 109 111 159 97 74 123 103 97 78 126 105 146 153 130 101 89 110 122 76 116 169 171 138 138 129 165 165 172 222 135 120 127 144 125 122 167 147 123 111 122 95 114 115 43 90 115 133 150 84 157 113 150 176 166 
98 101 58 95 120 126 179 189 100 118 59 120 80 103 90 140 123 83 100 136 126 88 98 106 136 79 161 95 76 132 90 109 79 97 154 148 122 77 132 120 145 191 189 174 90 125 110 111 106 108 93 79 145 140 133 128 118 39 70 143 120 58 150 97 104 99 92 96 
196 123 91 117 109 126 138 148 149 145 156 101 151 148 181 194 135 110 117 150 149 136 191 166 143 136 110 94 82 151 167 157 120 105 172 179 128 157 71 124 148 125 175 146 119 151 135 100 56 47 97 102 132 186 115 122 118 123 114 149 122 77 102 140 130 69 63 95 
158 134 127 119 105 97 111 122 146 195 120 150 90 167 202 171 148 113 88 113 134 202 160 204 177 160 191 102 127 151 157 200 132 131 165 186 177 174 155 170 165 122 116 102 135 165 170 130 72 105 141 155 154 96 104 75 154 141 178 178 139 130 122 118 107 83 47 159 
26 100 97 116 68 60 115 101 122 132 180 92 135 167 145 135 161 147 108 111 135 183 136 121 160 156 188 165 85 133 143 138 182 137 152 148 146 165 147 166 143 122 105 176 136 148 157 93 91 112 204 175 90 135 91 97 137 177 109 120 156 98 105 82 82 52 77 92 
2 70 87 104 90 90 75 124 85 130 115 175 140 165 145 128 146 186 123 79 157 129 97 109 125 151 140 157 152 115 130 164 133 115 115 70 103 139 142 136 116 52 107 102 115 99 129 109 81 99 137 136 126 132 143 149 181 130 102 77 91 130 88 122 142 152 140 119 
167 78 75 151 131 80 152 93 129 127 150 158 123 185 141 147 163 130 92 88 106 143 63 146 119 99 165 108 98 101 98 82 129 122 80 106 49 129 148 179 103 94 81 73 74 120 118 135 97 108 120 152 149 132 144 114 129 105 69 74 104 65 104 130 187 184 185 100 
58 77 108 161 171 139 132 142 105 148 175 100 154 90 150 149 120 140 59 96 92 128 118 93 91 120 70 125 49 50 106 107 128 113 115 94 98 93 134 153 88 104 99 89 144 96 136 59 133 92 104 174 170 171 114 159 138 133 131 137 82 84 39 107 145 154 150 227 
115 131 89 131 133 137 118 72 131 151 131 162 90 133 81 107 150 144 113 84 175 141 119 154 122 106 159 114 107 105 102 150 133 89 128 113 124 92 133 102 90 111 162 130 142 140 83 139 131 145 121 153 183 137 153 152 193 159 164 147 111 61 92 91 150 119 101 101 
242 132 121 97 141 129 125 130 117 157 167 145 200 134 145 128 170 145 127 158 151 138 151 160 148 141 148 196 158 147 164 113 126 132 108 114 57 80 90 71 32 103 166 130 186 157 155 151 148 129 105 146 113 102 101 159 141 147 150 146 89 110 106 113 140 112 124 179 
176 163 114 122 164 177 99 96 130 102 94 176 179 199 169 139 148 168 144 187 161 141 78 148 149 133 107 186 194 181 127 130 88 139 151 99 60 97 93 88 45 84 111 122 180 178 158 124 90 98 107 149 137 82 93 132 112 98 114 102 125 87 130 111 175 179 160 225 
208 150 119 116 132 127 135 108 101 89 130 139 187 185 135 119 114 126 149 176 173 110 124 145 197 152 154 167 177 160 147 95 105 112 159 135 137 90 141 84 77 67 121 110 150 154 128 111 76 73 133 147 132 104 138 124 102 87 87 126 93 131 119 97 141 176 181 147 
142 169 158 139 133 126 95 130 75 121 87 151 143 117 145 69 119 78 142 119 165 178 143 156 207 211 150 194 182 127 114 91 91 118 127 122 142 121 98 115 88 134 164 128 149 104 96 115 80 136 132 143 109 121 94 163 76 91 101 105 167 165 145 54 79 119 125 167 
78 121 132 175 102 92 150 149 145 92 161 123 126 140 113 133 107 156 91 132 145 193 136 160 153 127 111 181 144 82 44 77 101 125 99 152 114 95 96 55 86 104 179 160 141 138 140 147 90 129 177 133 118 108 140 117 133 97 145 175 179 189 150 76 58 95 125 43 
205 119 126 123 121 49 130 160 136 117 102 175 144 125 104 108 131 90 123 59 136 115 132 111 151 77 85 107 172 57 75 107 124 98 128 92 147 104 98 79 68 149 152 109 121 102 166 149 90 85 106 124 98 85 82 146 110 115 150 180 172 122 134 41 68 108 132 130 
5 77 141 179 124 139 134 143 139 97 87 127 131 92 97 126 125 128 67 82 90 115 58 108 136 89 47 153 95 129 112 154 155 99 77 126 84 110 115 121 155 152 145 81 90 89 156 164 114 70 93 102 135 100 57 117 139 104 116 132 131 126 81 81 71 108 105 162 
95 118 124 168 167 166 147 155 153 99 64 63 67 55 63 151 155 69 64 89 123 129 119 100 102 98 79 71 155 82 125 168 148 95 131 111 108 74 164 159 173 177 120 87 79 133 136 132 99 98 68 120 125 136 67 125 132 95 93 133 126 116 148 121 160 126 130 30 
55 89 121 118 113 88 154 141 170 86 69 65 82 86 82 156 171 98 127 98 142 169 180 114 132 72 82 87 96 109 100 142 148 170 158 159 105 108 147 172 143 165 134 71 149 114 124 115 161 149 162 99 165 138 111 92 108 91 128 101 149 126 90 92 142 146 97 54 
156 142 163 141 103 93 110 201 157 133 111 165 180 120 111 140 156 119 79 110 108 156 160 154 129 148 93 118 141 140 109 140 180 119 128 78 59 85 177 113 116 135 125 142 102 133 129 104 150 156 112 156 108 170 105 134 63 96 98 153 134 157 140 109 123 114 137 235 
31 109 91 111 91 62 100 193 195 126 143 141 129 154 92 135 170 95 64 80 89 112 131 121 115 117 128 135 180 162 164 175 118 152 81 56 61 129 146 103 51 137 142 129 137 131 110 102 124 123 131 111 133 108 130 94 123 104 128 98 164 138 120 130 189 150 83 8 
14 76 97 75 111 86 101 145 166 161 94 85 131 72 94 110 129 122 103 99 124 128 95 135 113 61 111 148 160 194 142 132 168 137 156 126 121 155 168 82 112 160 168 140 130 160 149 106 128 149 102 149 124 95 131 134 105 139 129 111 78 118 90 144 204 144 116 105 
238 183 152 105 139 114 40 115 121 138 118 146 133 119 91 52 111 120 136 165 157 111 123 133 127 110 124 126 152 87 93 94 116 143 148 102 104 137 115 123 122 182 167 102 96 156 155 105 122 137 116 126 146 137 106 119 94 127 144 144 112 135 136 178 124 130 75 190 
147 190 146 133 116 108 133 110 163 134 164 131 169 127 104 110 110 159 179 204 184 169 93 143 151 126 168 173 103 89 42 114 125 138 94 88 93 125 147 102 157 157 131 71 80 133 130 88 88 105 88 119 121 130 160 118 103 123 188 155 161 128 167 133 164 57 119 145 
65 112 154 84 116 132 104 197 113 183 132 150 83 118 116 102 146 174 168 198 195 203 148 152 127 162 132 189 168 98 88 145 210 140 127 71 67 128 114 129 107 144 125 88 109 139 138 101 57 102 94 99 101 141 200 177 149 179 160 215 124 146 104 180 132 129 98 47 
139 109 73 109 100 96 146 106 184 130 208 139 130 97 136 129 136 132 152 132 158 160 142 77 101 93 155 182 171 99 125 122 158 147 128 53 90 172 160 120 149 162 157 178 158 191 153 140 66 50 119 70 107 159 147 105 149 149 185 167 146 106 135 150 151 110 152 233 
249 107 105 125 117 109 98 122 95 149 211 162 96 125 130 101 130 124 104 126 120 136 88 61 88 121 160 137 130 108 71 105 114 126 77 77 82 175 148 75 118 102 134 113 177 111 162 153 81 62 75 150 147 164 160 82 132 218 168 160 121 137 163 183 160 137 107 14 
136 101 112 124 153 145 83 74 51 92 125 133 103 98 129 97 109 85 76 87 46 90 93 65 74 154 95 183 87 100 119 93 150 129 114 47 121 147 121 121 85 92 49 137 88 127 131 146 110 54 80 105 145 173 120 116 123 164 146 108 111 112 201 159 139 110 155 133 
96 123 124 138 164 123 122 48 45 49 143 104 103 172 107 146 141 125 108 59 84 101 116 93 111 61 150 96 120 101 100 121 173 174 106 133 143 177 181 138 123 69 89 124 190 145 168 177 117 72 83 99 122 148 193 131 157 138 125 124 86 175 144 157 93 148 136 245 
32 164 170 141 130 157 60 64 46 126 139 112 147 120 160 116 216 148 94 117 82 117 139 117 87 130 120 181 124 154 162 141 164 128 78 90 131 138 155 177 111 90 136 156 158 143 169 169 137 161 82 117 73 119 131 161 147 149 86 66 150 146 208 161 121 133 149 8 
37 151 173 127 189 105 129 91 94 145 158 129 102 138 92 175 156 121 81 98 116 116 114 113 109 117 172 127 148 168 174 164 113 92 86 98 94 113 138 138 105 143 113 156 128 154 178 130 172 105 177 85 119 86 146 177 153 165 99 96 127 171 157 139 109 141 135 144 
9 120 86 104 110 148 107 135 148 131 164 116 135 136 150 151 223 143 123 171 154 120 114 128 137 169 164 144 106 197 195 156 112 128 107 120 122 112 153 117 141 112 131 71 95 128 171 113 66 140 131 169 107 142 144 142 158 155 132 110 147 123 112 107 97 117 124 153 
227 124 81 63 133 111 134 177 136 152 136 152 139 165 116 194 153 157 131 158 159 111 114 153 182 175 157 75 139 128 192 164 150 120 125 78 77 157 153 163 104 187 110 90 96 124 131 96 77 109 152 134 168 112 133 146 134 188 170 171 163 107 131 108 125 102 135 225 
47 84 59 108 118 169 147 163 139 124 157 165 131 104 145 95 166 125 139 147 109 104 62 118 109 142 124 131 91 106 78 94 88 137 49 52 101 144 164 138 167 116 150 94 118 142 138 130 164 123 175 119 126 135 136 132 174 209 212 163 162 137 103 148 120 101 97 202 
217 108 104 106 173 101 148 138 140 81 166 151 103 85 66 126 118 151 156 139 155 112 97 61 96 98 158 114 148 51 80 87 108 133 91 77 132 137 113 170 167 177 116 117 160 132 140 124 129 143 109 80 102 104 90 147 151 146 159 146 96 85 131 153 168 119 77 131 
192 87 112 168 111 126 131 168 104 118 88 131 108 96 109 107 98 148 100 147 90 106 88 84 89 117 135 154 135 109 96 135 146 157 99 103 180 128 118 183 196 155 109 99 97 167 104 92 111 102 86 98 106 123 131 144 138 164 145 119 171 88 153 164 193 98 113 163 
167 129 96 167 131 103 113 126 116 63 116 125 115 151 121 118 121 99 160 106 110 101 123 128 137 122 138 126 169 98 91 141 125 136 103 103 137 114 76 151 178 141 123 88 139 142 155 107 139 110 161 147 211 182 122 144 151 107 116 116 102 156 103 177 138 155 75 106 
49 100 171 140 139 89 125 125 78 127 79 115 135 87 160 141 167 180 132 164 133 146 178 134 149 178 157 134 180 79 102 143 128 120 129 165 158 101 86 134 125 165 147 158 150 154 147 112 129 176 123 212 221 148 140 114 173 144 94 97 121 95 138 147 164 113 159 137 
39 142 149 135 103 91 140 99 142 82 109 118 105 130 125 172 175 163 132 144 154 176 139 121 118 174 166 128 83 120 91 195 160 138 176 161 178 163 157 115 143 165 182 196 141 154 113 164 163 143 154 164 166 139 81 130 109 144 104 89 111 145 131 117 130 102 125 218 
204 180 115 101 89 144 92 179 93 103 87 103 144 139 165 157 124 144 134 131 135 136 169 92 128 146 158 104 95 78 155 156 207 168 154 143 160 144 117 99 94 153 152 136 138 61 140 109 154 120 138 135 154 153 125 77 146 130 130 88 106 132 90 109 96 91 98 31 
233 164 150 74 112 97 160 96 108 95 103 109 113 190 193 114 139 114 141 132 142 117 117 146 45 105 152 89 93 148 140 175 107 137 96 117 132 153 59 86 95 111 92 106 97 132 119 185 144 157 111 132 121 126 124 114 129 175 153 120 118 139 91 122 122 136 137 189 
214 196 136 129 103 127 82 149 105 99 129 96 103 139 177 121 60 97 134 139 119 133 156 83 119 94 104 139 77 138 189 111 130 70 138 131 196 118 127 97 114 103 91 115 140 166 185 149 161 114 134 75 94 137 107 111 129 109 148 104 145 133 113 122 151 97 151 166 
121 125 189 176 177 127 137 112 88 118 107 95 79 139 119 122 71 73 130 150 131 125 100 122 104 111 142 102 157 139 143 116 59 128 139 185 152 174 92 138 139 96 131 115 133 148 134 153 170 162 98 96 83 97 117 136 157 105 136 160 143 126 124 150 100 110 131 111 
168 120 135 218 165 163 78 94 107 109 145 123 118 90 118 99 85 81 132 139 136 115 95 74 139 168 122 188 175 150 133 152 117 115 166 129 176 141 121 129 98 112 99 114 100 115 110 133 197 141 119 77 103 112 99 139 126 119 174 148 167 154 96 131 64 108 106 151 
236 73 114 143 134 111 103 81 124 111 61 116 99 78 90 151 139 87 85 112 155 157 107 66 158 152 145 171 158 98 105 101 120 116 141 152 176 142 80 95 101 39 109 97 117 96 94 154 184 129 113 134 133 169 149 137 115 90 155 171 138 157 170 105 120 107 104 35 
148 44 78 205 49 134 78 110 250 132 53 238 194 107 136 190 243 109 2 82 210 210 158 83 197 196 20 252 133 65 31 25 109 109 230 159 243 53 13 237 185 66 220 123 174 100 57 161 210 60 243 164 14 145 247 211 85 12 207 219 77 238 244 186 91 219 89 78 
