-1000
159
-1000
1000
995
-1000
-990
31230
1781
-9877
-1000
-11726
-999
1222
-1000
17014
16994
-999
34116
997
-1862
-1862
-1862
993
-999
1000
1000
25619
-1749
13315
-1862
16333
-1000
49639
50675
1222
-5638
-1000
995
-1005
998
1000
-1862
-8304
-997
-5206
996
-1862
8412
1000
24621
996
17519
1862
-1467
-1467
969
-1467
1862
1862
-1467
-1000
1345
12516
-996
-1086
999
-1862
-5994
-990
1467
1000
-1195
1467
1467
1000
-1345
-949
1005
-1862
1086
12447
5099
-1862
1222
44244
-1474
-1862
24403
28268
-16354
47083
22366
-14302
-1467
-997
-1467
-1287
-1005
-19194
-613
-1345
-10867
-1345
1862
1467
1467
-20589
-8505
-1222
984
1862
1799
1862
-22543
1862
1467
12550
-1799
-1000
-1467
1287
-996
1195
-1862
-13861
-987
-1287
-1527
16507
1467
-600
-1799
2733
1086
-4973
-14043
992
-1467
-1345
-408
-1527
1799
1474
-33105
-1345
-58504
-179
-60981
-1222
-1005
1467
-996
-1527
7577
23698
-1862
-1862
17317
-1222
-1799
18419
1862
-1527
1312
-30088
-10217
-11013
-10227
-24894
-1467
-1467
-1799
1467
-1862
16675
-1799
-999
-1467
1113
1527
1527
1862
-1527
1000
21829
-1527
-956
1862
1862
-997
1862
-1527
-1527
-990
-847
-12315
1799
-1862
-984
-6140
-1467
-2456
-1467
-1005
-1467
-1799
-6364
-13110
-38784
998
1862
1527
-3746
-35796
15266
-1335
-1467
6551
9488
-265
-1467
-55283
-1751
-1345
1000
-1751
1527
13847
-5326
2765
20247
987
-7906
-1862
-1000
-1474
1751
-16623
-10851
-1751
996
-1862
-58757
1862
1862
54545
1799
-1751
993
1799
1862
1166
268
-1345
1000
1862
-1799
-1862
-1862
-18114
1799
-1000
1287
1751
-1005
-24170
1751
999
-1854
-1000
1751
-999
-7729
1711
1527
30622
-1862
-1005
-990
-9007
1967
-1266
837
26233
-1862
-1799
-11118
-1862
1751
1854
-1751
38894
1751
-1751
-1799
-1799
26772
1051
-15074
-738
-17849
-1091
-1862
1751
-15621
1854
-19268
-9423
1854
-30089
6779
-1862
-1467
-1862
1854
999
-1799
15687
1751
-1799
61018
1222
-1474
1474
-399
-1862
-999
-1287
-2305
-1441
1751
1862
-1527
-1751
1862
992
1799
5479
1862
46714
-1527
-1527
2154
17239
2610
-1335
1467
-1751
1113
1335
7179
1799
-1335
-1467
-23033
1751
-1862
-19305
-3208
-4181
-1467
18828
-977
-28100
-3592
-1415
1862
-10194
-1854
1232
997
1335
1862
-42502
-1488
-1474
-25154
1000
1799
1338
-302
1527
911
-993
1799
4684
-1862
1854
1527
-24268
-1527
-8015
1751
1862
-22412
-9820
1799
-1502
1751
-996
-1335
1799
1113
1086
1862
-3574
1335
-10045
2260
1467
1000
2697
-1751
-4435
-10671
-1751
-10775
1854
-15773
993
-1564
1854
-1799
-1862
19027
1751
-2575
3196
281
1474
1441
-4614
977
1751
-1862
976
1775
1564
1474
1579
32861
-2124
7228
1579
20119
-1799
-1467
-1862
1775
-1474
-1474
1579
1862
-39665
1799
1775
1775
9130
1917
23462
-987
1862
1854
983
1766
-21324
1766
-1854
1766
1862
-1854
-1917
1799
1579
-1775
-1775
-1775
8470
11124
-1917
1161
35704
-7905
-1917
11144
10223
1917
-7310
-994
12363
-19905
989
1917
-18038
820
-1854
-19075
1917
1732
1917
-15282
996
1651
1732
-1862
15054
-1862
-1466
37715
-1000
1862
-1854
1917
-1551
1086
3945
-1854
43127
1732
15020
1917
25252
36589
36498
-33137
1917
15769
1917
-1646
-1732
2664
-659
13844
-1889
7088
-975
987
1862
1862
-4932
-1775
1854
-1345
-1889
11561
-5328
-1564
1917
-1775
1564
-1862
-39893
-32000
-1854
975
-10527
-1310
-9090
-1917
1889
-1335
1854
-1397
1862
-25149
-1335
1889
-1335
-11271
-1799
1917
-1732
-17537
-1775
-1397
-1732
-1000
-16100
1889
-1564
-999
-995
-1732
9222
-7624
-1799
833
-8886
1799
8418
920
-1854
-1854
-1917
1335
-809
906
11245
-1917
1799
1799
-1854
1738
1862
-990
-1862
-1862
-1917
1335
524
-1917
-985
1854
1854
1854
1799
-958
1854
-64215
993
-9850
-57903
-11841
-1917
-1775
999
-1854
-1862
-1862
1603
1854
5682
-1917
-3058
-1917
13440
1799
-1862
-1862
-43545
1766
-8233
-1799
997
27008
1917
1917
4654
-41795
1751
-1862
-10634
1917
1732
-1799
1766
1889
-1862
6905
1651
1889
-1862
-1862
-4148
-6918
-1862
-1862
-1862
-1917
-22042
-9091
1889
1732
-20533
1732
1775
1917
1551
-1000
-1484
1854
-17814
1310
-1889
1917
-1889
1766
1766
1651
1732
1854
-50438
3261
1917
1889
1889
-32782
-1862
-1732
-1775
-27095
-1854
17170
-15092
-1889
-1799
-1775
15139
1917
-10432
36881
-19500
-25830
-19651
-1338
-1766
-1514
-25658
1889
-387
-18662
4125
-15519
-2545
-1582
1917
-1766
-1651
-1862
-1854
59834
1917
6124
-1080
951
-1917
-1889
-1775
56802
1766
-1799
20437
1889
1862
15589
1862
-1775
-1854
-6667
-1519
1862
-2014
1862
1862
999
1862
-1854
1889
1917
76977
-1854
-1854
1917
-1799
1889
1889
86
1862
1862
-39407
982
1917
9863
-1751
30365
65716
1917
-1854
39756
52308
37470
-1799
-1854
-997
1862
7456
-977
-1854
2548
-1603
1862
12814
1889
-720
-7915
27051
-3135
-1889
-1889
1732
-1889
45164
15996
1862
-1889
1862
1467
20236
1917
-1889
-3785
-3355
-63757
33950
-18343
-991
7898
-1889
-1775
-1766
-10817
-1862
1889
-1603
-1862
1917
2195
2082
-1889
5281
-27528
-1766
1775
-42630
1889
-19383
1603
-1862
-1862
1775
-9301
26733
-924
-29899
-959
1889
-1862
23538
1889
-1603
1799
1473
-4570
1766
26403
-7883
1651
-1917
-1889
-2113
-1889
11414
-1917
-1862
-1889
-1917
911
1751
-16605
-1889
-1651
-32339
1862
184
1917
28730
-1854
-1503
10413
-1704
43409
-40729
-1917
1854
-1917
-6261
9935
1744
10847
1917
-1434
-1775
-1862
1854
1854
-1862
-1579
-1889
-1862
-1862
1854
1503
-1889
1862
-4858
3901
-1889
-1775
-1775
-1917
-971
1799
1862
1579
8088
1917
1862
1862
1474
-8196
-23023
-3380
1603
-12098
3062
1579
-1775
22
-1854
-1854
1161
1603
-27509
-34131
-703
-1799
-1775
23749
-1799
-21437
-13582
1310
-41640
-9947
1889
-1651
-20408
1751
1889
1889
1889
-1917
-13512
1917
1917
-1766
6021
-1335
-2994
-1862
1775
-1579
34397
1917
-1862
1766
-9419
-1889
-1854
-1775
-1775
-1889
1917
1679
-1889
-1889
-993
-13227
-3882
-18809
1917
-1766
-5808
1862
-1862
-1889
954
-2334
1854
1854
6476
-1799
29864
1775
-1651
-1854
-1218
-1917
-1854
19408
16795
17342
-5647
-1766
6185
-1889
1387
-1704
-1917
1113
1766
1704
-1862
1704
-1862
-22400
-34281
-1441
22213
-1889
1394
17940
1603
-1862
-2304
1889
1854
1917
-30295
26409
1917
-1799
-11557
38309
-371
-26772
-11135
1889
-1473
-1917
-1232
-1862
-1113
-1862
1889
-1034
-37612
23987
-987
1917
-9729
-1917
-1917
1473
-1862
-1047
-3493
-8377
1744
14677
1799
-1889
1775
-1889
999
1862
-1889
1889
1917
1775
-1917
-1603
16899
4586
-25497
-28283
1889
1862
-1917
-1917
1889
982
5662
-1766
-3941
-1889
-1704
15822
-1917
-1351
1862
13333
1917
9303
-6655
697
33025
1345
1862
14381
13791
-965
1766
10172
-1345
1917
1990
-1766
-1775
-1704
-996
-1394
-1394
-1345
-1651
14090
1744
-1889
7042
7507
-1603
-1917
-5093
-1642
8542
5843
-1862
5471
-1917
-1862
-1579
-270
1889
-1775
1260
-8431
1744
-1503
915
1862
1579
1862
965
-1917
1651
-1854
15126
1603
1000
-1862
-7303
-1889
-6773
8574
-1889
1862
1917
-1889
1862
1766
-1651
1917
1854
1766
1344
3657
1434
-1766
1854
1260
994
1862
34376
-990
-18832
-12370
1889
-7396
1799
-48888
-1854
1260
-9758
-15771
1889
-35784
-19984
1889
-1775
-1917
-30184
1889
1862
1603
1862
-26498
-1651
9448
-1676
1775
22271
1766
-1917
1097
-993
-25333
-1766
-1345
-20896
13334
-989
1862
-973
-1744
-1917
799
1441
-1441
-988
-1917
-1917
1962
-1862
-1854
1775
1889
-1473
6478
1744
-10899
-1917
127
1889
-1732
-1732
2986
19662
-1601
1147
-1862
-33319
1704
7530
1744
1732
7436
1775
-26692
-54895
-1917
-1775
-1775
1854
3680
1889
1889
-1775
-37627
-1394
-3181
1732
1854
1917
-1854
1277
-1775
1917
-18538
-14328
-1398
1474
-103128
-1889
-1766
1854
1854
-60624
-1744
1854
-981
-1564
-1854
47817
-1862
-1651
1775
-1889
-9858
-2168
-1766
-1889
1010
1394
-34319
-1889
-47711
-23717
-1766
-1862
-28542
-1917
-6190
1604
-1775
5849
-1732
746
1604
-1775
7537
1862
-4848
-1394
1889
1889
-1579
1000
1889
1381
-13654
1889
5977
1766
1889
1799
1917
-1854
1775
13550
-1799
-21859
-21593
1394
1474
-14184
42110
14460
1917
-4180
-1889
1579
-1799
-1889
-1889
-1889
-1889
-1889
19535
-1744
-1889
1854
1551
-8926
1889
-1917
1889
1862
-1732
1889
-1854
1889
-1651
-1862
-4254
1889
1775
-1862
1889
-35430
-1216
34146
1744
998
1000
-1637
-1637
993
-1637
1917
-1775
2186
1854
1862
-1775
1601
45301
27182
-1889
1732
-1201
-1862
1766
-9052
-1862
1889
-18961
2361
2682
-13279
-12819
1917
-6908
-4846
24994
19400
16340
18549
26869
1766
-1889
-1917
1637
-1394
1637
28059
1766
1917
-1564
11155
1862
948
1862
-1854
1917
1862
1222
1862
-1473
-1775
1917
-1732
-21910
1766
-1775
-1732
14788
-1775
42596
1381
-1917
1854
-1862
55854
10231
1766
-1400
1889
1862
1889
1775
1704
-1862
1287
-1917
1889
1473
-1917
-1314
-1799
1775
-26571
1775
-55307
1889
-1917
5619
1766
-3584
1766
1775
1889
1775
5648
1704
-16642
1775
-15727
10512
1854
1603
25017
-1889
1775
-1766
1663
-1752
1663
-17431
11405
987
21038
1663
-1790
11449
1579
1148
-1889
-19678
18893
1744
-1917
1775
-1917
-1934
-1917
-1330
1862
1854
1889
-1651
-6629
-15480
-967
15892
1862
-1862
1889
-1503
-26655
-999
1854
1854
-32613
-38563
1889
33273
-1917
1862
-1854
-1854
52094
1398
-1854
-1917
-1091
-1854
5285
38229
-16863
-11944
66412
23060
-48
-20731
-26183
-30971
-30157
24057
-31968
-1917
1854
20023
-29011
-1917
9946
-32909
-17073
16215
-4087
-1775
-7791
-20824
-6904
-1889
-18776
-1889
-41782
-13075
-1744
40939
-1889
9569
-1441
1854
1496
-11044
9712
-29809
-1917
-7976
-1854
-1220
38394
32814
-16842
-1917
1766
4223
1889
1790
-1889
1917
1579
-1799
978
13335
-31320
-1889
47477
1603
-8871
-10722
-1917
-4051
1889
1854
1889
57043
1889
-41194
5480
-1862
-1862
-1775
-1854
-1766
1862
-1766
52445
-949
19639
6316
3487
1917
-992
-15038
-710
-1917
1107
1790
1799
-1400
-1854
-27269
-1260
-1854
13018
1889
-1790
1766
1889
-1889
1410
1917
1854
-6950
1854
-1889
1862
-3277
-1889
-1790
1862
40048
1080
-1790
-33449
-1862
-1917
1889
12558
1889
-1862
1775
1799
-1564
-1862
1854
-1732
1854
1261
15177
38704
-2172
-14483
34867
1799
-2649
-1862
1775
-26368
1889
1862
-1889
-1400
1651
1651
7177
8707
-1889
8267
-16982
-10319
-1222
-1917
-1434
1862
1854
-1766
1799
-1917
-21939
42046
5711
9084
-1000
1663
-1225
1651
1551
1551
-16342
1503
-1766
1766
1862
-1766
1564
20433
1889
-1551
1862
1434
1790
1917
-34342
-29624
-7882
-1790
1766
-1579
10090
1917
-1663
-21848
34643
1661
1854
4281
-1790
-1732
-1732
1434
1854
12357
-1859
-1862
-20177
49736
1776
-1732
38113
331
-1862
-19507
-19783
1889
-10133
-599
-43551
2411
-88847
-101346
1775
3529
-1579
-58320
-1790
1862
1862
1862
-1603
-1862
-18570
-1917
-1775
1889
1232
-1889
1766
-1766
1862
1889
11368
1799
1790
30538
-1862
-1889
14906
1057
-1732
-1761
1889
-1000
-1790
1488
-6038
-1604
1766
1889
-1790
1917
22578
1889
1889
-1854
1889
-1799
10304
7842
-1799
6287
-35937
1260
1917
-30046
1917
1564
1917
-1799
-11775
-46132
1790
-1232
1799
-1790
-1766
-35150
-1862
-1766
-38198
1484
-10648
1799
-584
-1917
-1000
-1917
-1790
-1338
-1157
1854
1503
8955
14815
-1732
-8776
1799
-1862
-1862
-1889
-1862
27239
-1862
5007
15973
1862
25570
13743
17909
1799
-5694
25296
85125
687
1799
-42950
-1854
-70848
32666
-1889
1862
31147
1906
1776
1752
1799
-1790
-1790
-1564
1799
1799
-1790
24548
-1917
-939
-1862
-23771
-1917
3179
-1862
1434
1776
-1889
-1579
1889
-1766
-23307
-1799
1790
-1397
-980
1854
-1651
1790
-23542
1917
5452
-1505
-1862
1862
-89216
-13320
-1889
11624
-1917
1862
1862
-996
1398
-1917
1862
1503
1651
1790
573
-1799
-37463
1889
-1776
-9342
-1917
-1862
-1862
1889
1917
1862
977
1732
1776
-1501
-1766
10096
-14534
1854
1330
-1917
1744
-1889
-614
-87
1862
-1651
1862
-1732
1889
-1732
-1732
39299
-1677
-1775
79831
1889
-1694
-1775
-1694
-1862
-1862
-12073
-40892
1862
-40324
-1854
-1854
-29918
1917
1862
-12999
-1952
-1917
1862
-1771
-17255
1862
-1917
-1917
-15033
-31208
1604
-1564
28818
-1917
-1862
-1473
-1854
1889
-1400
61601
1917
1862
-1744
1862
1679
-1917
1473
-33838
1434
1862
-1854
-11949
-1917
1862
1663
31360
-6149
-64057
1501
-1889
-1862
1732
-1917
11916
-48346
1604
-56204
-41696
-1889
1145
-13423
-1862
10311
-25394
2093
1790
1862
922
1663
-1790
-1790
1862
2093
42433
-1854
-3581
-1612
-1790
2093
-1776
1474
-26643
-40530
-2590
-6518
1250
-1862
1790
1558
-3719
-32562
1889
1854
3574
-1663
-2093
-10964
-1790
10015
-2590
1862
-2093
1608
24857
1889
-2093
-1732
1862
-17220
-2590
1854
1651
-17054
-2590
-32701
1889
1579
-996
-15909
1889
-952
-47144
-2590
1889
1854
29378
-2590
1854
44312
1501
-6334
-1862
1649
2093
-2093
-2093
-2093
-11650
1579
1603
1889
-2929
-6842
-3704
2093
1000
-3508
-2093
-2093
1558
2093
7238
-1889
-1732
-1775
-1889
-1377
1854
-2093
-1862
1854
-1790
1854
-1261
-1679
20593
-2093
1207
40235
12778
-14945
2093
498
-14701
1790
-1889
-14457
1921
4129
-2590
-27099
-1862
2093
-2093
-1558
-5649
-2093
1917
-2443
-2093
862
-1651
1917
1862
1917
1766
1771
-9954
4441
-2590
-1917
2093
-1603
2093
1790
-1766
-1917
18481
1603
1240
-1940
-814
-2590
36860
-2590
-2093
13263
-39069
-1862
2093
-20788
2093
-1790
16681
1862
2093
1917
1732
11945
-1732
1940
1643
3693
4438
-1862
-21110
-1766
-1940
6451
51222
1862
-2590
1663
-2093
10660
1651
1940
-7576
1917
2093
-2590
1854
1854
1917
-2093
1766
-2093
-879
2093
-12087
-1862
-1472
774
13921
19616
2590
-1917
1643
-10054
-1668
8525
-1000
-261
2590
2093
-4858
-8381
-1145
2093
-16248
1335
9518
-1940
-2590
2531
-1940
1790
-2093
-2995
-1854
1608
-2093
9104
-16833
9993
2590
1766
-1261
2093
-5028
-1940
2093
1570
-8097
-1940
-1862
2590
17688
2590
-13062
2188
-1940
2093
2093
-1643
-1940
-1776
-30233
2590
4115
-1854
-24994
-1854
-1854
1917
979
-25219
14318
-1940
2093
4607
2884
1917
25672
2823
1854
5661
1940
40869
-86059
-1637
-2590
32947
-11450
2093
-29002
1766
3342
1940
-16752
22139
-1663
-1854
