-1000
18178
1000
1161
4288
1000
-1000
995
999
1161
1161
1161
992
-1000
-998
9791
-1000
999
-1000
-1000
-1000
-4035
-996
1000
1161
-1000
-1000
-16444
23585
-1161
10721
992
984
996
18534
6076
992
-1000
-964
-1161
-24966
990
1000
-32665
-1000
-25214
-1000
15645
544
4571
-10768
-992
-995
-1236
867
1176
996
-15504
-1236
996
-1236
983
996
996
25266
997
-1000
1236
-1161
27426
1236
6519
-1011
-996
-1236
10882
1161
1161
-998
5509
-12187
992
-1011
-997
1161
1000
-997
-1236
1011
-56494
-67961
271
-1236
-996
-998
-996
1236
19899
996
1236
-1161
1011
-996
-1176
-10345
398
1000
23586
-1161
5384
-1161
1161
-3218
-11666
1236
12943
-55969
-80185
-70859
-1194
-68006
-54090
-40031
1011
1011
-1359
1011
1603
991
-991
-1359
1011
-64433
-52981
992
1011
1236
43072
1685
986
7787
-998
1000
-1363
-15006
998
-25940
968
-14593
1685
-991
35388
-1011
10480
8373
8041
-1685
-1271
-1271
1011
17376
-1603
-1685
21739
1359
-992
-1685
1485
-1685
1359
-13657
1603
-1685
-1685
3320
-1685
-7107
-1685
1236
-1685
-997
1359
5451
996
1685
1359
1485
971
-1685
1485
-1271
-1207
-50
1359
-1685
5700
39024
55147
1603
1559
-1485
-983
-1685
1474
-19615
1207
1359
-22645
2451
996
-1000
1603
-61232
-46776
-1685
-997
1359
1474
-1143
1474
-1359
18456
-14984
20272
4863
15934
-1485
-1685
-28440
992
1611
1236
-1691
-1485
-1176
-1485
1685
1685
-1485
-18938
1603
-1691
-1485
-1399
27798
-11249
-4754
997
990
-1559
-10919
1559
1691
1685
1691
-1474
992
996
23031
-1236
22875
-5205
29152
1691
-1611
-1611
-1611
23800
9708
21669
1603
-1485
1559
1611
-1691
-1691
54619
1603
195
3243
1559
-1485
1559
39527
11899
1691
-1161
-36096
-24509
1691
1685
4664
1559
-25044
-17300
23694
1399
-1611
-11132
61808
-24944
1691
-15023
23302
1485
3288
1746
976
1691
1431
1611
-1611
-1611
7796
-1611
1404
-11060
1161
1685
1691
-1000
-8340
680
-1359
997
-10440
2648
-1691
3983
1685
-991
-1611
-54570
1691
-1611
-14465
2064
3058
-9370
-16178
-1603
-7094
-4633
1603
1485
1485
-1691
23152
-1691
-1691
-16063
18370
1685
770
36442
1236
22456
-1691
-1559
14375
-1691
1611
-1559
991
1685
41639
1611
-1685
-1691
25346
-1691
-3388
-22829
1611
17978
21515
1359
-1691
1176
-16576
-19087
34648
1685
-3265
-23501
975
-10590
2380
-9826
-739
-1611
1718
1718
10677
19315
1207
1718
26331
53362
-996
-25117
1359
1611
-1718
-1718
9957
1603
8996
1611
60221
38089
3534
1691
-6313
-42978
-37712
-1718
-977
-15661
1474
-1485
1474
1176
-1611
-32732
-1804
941
1718
-30434
-1559
-9638
8650
50561
-1137
1446
1485
22594
27212
-1718
1691
-1718
1559
1691
685
-17981
967
-44009
-1691
-1691
-1399
1000
-10334
-22946
13422
-22263
1474
-1718
-1236
-13201
-1718
19432
-981
1603
1236
5272
15893
-15206
-1718
1161
32484
979
1523
-11218
-1363
-1559
1523
1718
1718
-1269
-1691
-52595
1718
-1680
1431
-1718
-1685
21187
-3563
50260
-1685
-1523
3153
19207
3563
1431
-1680
-1691
1685
-1691
-1474
-45943
-1685
-74905
-1718
1431
-4534
2700
9712
-85462
1523
4427
23364
1000
-1685
-1685
11208
-1363
1485
-38382
-1010
1685
-1718
-1303
-53251
-978
1431
-1718
-1718
-1718
1691
9343
1718
5251
971
10535
4386
-1523
-1485
1718
-1718
1207
-1474
1559
58471
1236
-1271
1559
3715
1523
997
-985
-4044
989
10957
1718
-1680
1193
-16324
-41670
-1284
1718
-1680
-1680
1718
-1523
-20998
-1207
-36924
-888
1166
-1718
1474
-63927
-1718
1691
997
1399
-9300
-19119
-9473
1691
1446
9199
62069
-1691
-747
7158
-1335
19187
-7593
1733
1446
-1680
1733
-1718
1680
-2484
-1485
1680
15862
7804
24557
-1718
20987
14240
-1718
-1718
14037
1733
10261
1603
-18390
-1236
1474
-8642
-1691
1733
-1611
-11929
-901
16807
1691
1718
1718
1718
1485
71669
1284
-937
-32129
-8052
1826
-1685
1523
38368
-1685
-1950
-9078
-1718
1685
-1680
1611
1611
-1718
-21381
1611
-1948
7637
1691
-1948
-5494
322
-1948
-1669
-1948
1718
16739
26294
-1950
-1950
-69
1718
-1474
-1207
-1950
-1669
992
-1603
1948
1680
17173
-9339
64637
1691
13865
-974
1669
1233
-1948
-1948
-1950
-1485
25473
-1040
-1950
16620
24512
19514
9527
10651
16585
1948
-1685
-1950
-1286
1948
-996
58317
66480
-1950
-8327
-1948
-1950
1669
42579
57288
-1523
-1680
1685
1948
-1416
-1685
-913
60945
1685
1680
1523
-1950
1669
9186
883
1691
-1950
-3474
-1691
33711
-3804
-39800
-1446
8487
1948
-1685
-5480
1685
1950
1718
-1950
1680
-1718
1948
-1485
-7112
1948
-1950
-10924
-1289
-600
-1948
13143
-1948
1718
1718
1485
1950
1680
1691
1718
-12026
-1598
977
1718
-1523
42737
-1431
-1099
6671
1364
12684
5048
-1948
-1950
-1680
-1718
-1243
-3786
-1598
1000
-1236
1680
-13974
-699
-13202
51347
4516
-2563
-1915
11184
1603
1950
1718
1950
1276
-1948
1446
-3188
-1611
27006
1586
14033
-6726
-1669
1950
29308
958
8117
-1691
27172
-1277
5220
-8163
1950
-1598
-39103
1950
-13766
-1691
18090
-25787
1950
-1523
-1691
1099
-40153
-1669
23158
967
14003
-1619
-1431
-1691
11237
1099
-1948
1431
-9740
-7694
27300
-5827
1950
-33007
-11382
1948
1948
1611
-1598
1948
-1611
30081
-33202
1691
5042
10576
-1950
15462
-38799
-17777
1691
1718
-1611
17555
4939
-1718
1950
5021
1816
4934
4397
1948
1235
-1718
2316
-19364
-957
-1691
-1718
1950
1948
4997
-817
-1611
1523
-1431
-1691
1598
-1718
-1680
-1286
-1718
12302
3371
-1718
1948
-1718
-1669
-1718
1948
-1611
-1691
1485
-10396
-1950
1495
15704
-11356
15150
1948
-1590
-36237
1680
1598
933
-5392
33962
24904
1948
1474
106109
-1718
1948
-1718
1286
7746
1950
-1548
2758
1948
-1523
-1270
7052
36584
1948
-1948
-16657
1950
1948
-1000
-1598
-1559
64755
1950
21223
-1598
37968
-3790
-1495
1948
-1680
-3206
1948
-7192
1431
-1422
-5701
1598
1948
1598
-23485
-28961
-1495
983
-24984
1948
-1495
-8740
-10594
-1680
1598
1950
-1680
-1948
1950
-7567
1718
1950
797
1691
2251
1523
1948
1948
-1948
-1680
1691
-1680
1233
-16851
-1669
-1718
1948
1950
-1718
1950
2452
1950
8392
-1691
-1691
-1718
1523
-1474
-978
-1718
-20052
26142
-1669
-1685
1950
-2757
1950
38044
19914
-1691
-39363
-1620
-1950
1718
-1950
1759
-1495
-1691
1474
-1685
-1523
1620
29915
-1669
-1691
-10510
-1669
1243
-1691
-2792
-18152
522
1685
1576
1523
1691
-1669
-2969
1948
-1523
-1011
1950
7249
1619
3705
13994
1950
1950
-11379
-1948
-1286
1685
-22874
-4178
-26469
1669
1669
-17409
836
11227
-1691
-14761
26259
-11330
1950
-2037
-1485
-1948
16453
1948
-14870
-1495
-12133
-1669
-17374
1128
1948
-413
1948
-3967
-1685
-1404
1598
1523
1950
7227
7726
1950
7282
952
5150
-1948
985
-976
1718
-1948
1950
1598
-35126
4928
-1691
1948
1948
1948
-1620
973
-1691
909
1698
-1950
-1718
-1598
-36362
1446
801
-1548
-23142
1950
-1718
-9244
-6459
1598
-15640
-1603
6226
-1755
-1286
-1755
8305
1950
-1669
-9463
-1270
-1948
-1548
-1948
1718
1718
1718
6269
-1718
17025
-94037
1611
995
-4514
686
19460
1685
1685
-1950
1685
-1950
-1950
1829
4876
-1669
1685
-1669
1548
987
-7489
-1948
1576
21
1718
1576
-1950
-1049
1495
-1948
5004
-63383
-1335
1755
-18929
26741
-1669
-13024
-1948
-1548
1598
-9430
-1948
7380
-1950
1948
-13969
-1950
-17100
1948
1948
-941
1718
1950
-1598
1620
-1718
-7556
1950
-11568
-1718
1950
-1611
-1718
-1718
-53528
1598
-39038
-1926
-32486
1950
-5546
1948
-1926
-1948
1950
-913
1950
1950
-132
-1948
410
6889
1926
14306
-1619
16133
1755
-1926
-15689
-2412
-1950
1948
-983
1921
-1620
-1950
1948
-1950
-1950
-1950
-1926
1950
-1926
-1948
1598
-11336
1275
-1948
-1755
-1894
-38902
-7303
1950
1598
-1718
1598
1948
1948
1948
-1950
1276
1755
-1948
-1948
1950
-17162
-3590
1276
4020
1145
-1948
1669
-15751
-1691
104
1128
-1948
-16609
900
-44790
-1603
-1276
4173
-23033
1948
-813
28871
-110
-1950
1948
1611
1345
-2388
-1948
-783
1685
-1948
13048
-995
1950
1950
1950
54728
-1718
57676
1548
-1576
53
-2964
-1948
6411
-10111
-14111
9139
-1948
-12730
42364
-1950
1516
-1669
-1755
-1669
-1755
1948
-5585
1950
-9330
1950
-26653
1619
-4634
2251
-13168
974
-1607
1755
7233
27487
-1926
-1431
-1926
-13588
1950
-1950
-1755
991
-1950
1926
-1275
-1948
9863
-1950
-27885
-4500
-1485
-1948
1948
1950
-1718
-8813
2781
1950
24990
33862
1950
-5900
-1948
-1948
-1755
-1950
1755
-1950
-1284
-1485
-1950
1948
1948
3260
-1950
-1950
8093
-1950
-1718
1948
1950
-4575
1926
1718
9589
-1950
1611
-1948
1948
-24441
1948
-1950
45096
1853
-1598
1926
13823
1853
-1718
1948
2866
1948
7625
42161
1950
1853
13030
1948
8602
1950
-895
-1431
-1446
36466
1718
759
-1853
-8151
8591
1718
-17454
1691
1598
-1948
-1950
-1853
-1948
12072
8051
1950
1950
1853
1718
-47518
1718
-1948
-67253
1718
1446
-1950
31392
-1950
1948
-1950
21104
1948
1553
10095
47795
26403
1619
-1853
1948
-1755
-1755
13825
1761
875
1950
1669
-1948
-17122
1755
-1926
1950
1950
17361
4568
1669
1523
-890
1948
-25481
-42003
1926
-2251
1950
26020
1950
1948
-1853
5285
-968
1276
-1755
-1691
-1718
-3305
1691
1948
1948
18422
15018
1950
1948
1853
-1479
1548
-1766
-1853
2251
1642
16939
1950
1950
-146
1462
1718
-9319
-1948
13069
1548
1766
11592
1903
1950
5062
-8916
1950
18072
1161
-4329
-1669
-994
-1950
-1948
1431
1853
1950
-1948
1948
-1576
-1948
1950
-1948
-1948
-16918
-12209
4016
1691
-4806
1853
-13765
-1174
-1948
1755
1678
-1926
-860
-24521
-2251
1755
-4024
-20780
1286
-20490
-1691
-1792
-131
-19019
-14560
12370
-7405
22734
1950
14535
1950
-1755
7278
-17928
1948
1948
-1669
1950
-1685
1950
-20288
1236
1950
1853
1853
-19662
-1691
-1685
1950
1669
-1691
-888
-1950
-1948
-1948
1678
1669
-12764
1691
18484
-1948
1685
-934
10191
991
1691
1948
1948
-1685
1718
-15079
-1100
-1926
1985
-91
26695
-2145
1950
-1145
6612
21678
1678
-1286
-1235
1598
-1691
1926
25674
36198
1228
17780
-6430
10849
-880
19150
1258
-1948
1950
20827
1950
43138
-960
7243
2251
-1950
17428
-4387
1755
1766
1755
1685
1853
-14648
1926
-1536
1926
-1950
1642
4610
-1950
1678
1691
1678
5399
-1853
-1948
547
2251
-1948
-1691
-1766
-1526
-1853
1950
1766
-1691
-13548
998
1691
1853
-2156
1948
-1926
30598
1766
1766
15971
-13466
-1603
1950
-17969
1948
-1207
-3676
-1431
1678
1950
-35644
1950
-1622
820
1853
11586
-1755
1950
-2918
-1287
1950
-3950
-41914
1950
1755
-11925
-43320
-1948
1755
-1950
-7515
-1950
-1950
-8525
-3757
-4194
-1669
-5923
3120
-2251
1853
-19665
19170
1145
-1207
-30535
-1926
-1926
1669
-1766
-1926
-23139
-1685
-1301
1669
-1853
-4432
1276
-8846
167
1603
-2547
-15
-3482
-1926
1685
1642
-1853
1095
1516
1678
-3739
1109
1853
10318
-1948
-1669
5297
1618
9962
1950
13101
1603
1766
1110
-1948
-1948
1950
1755
1948
20282
1642
-2251
-1926
-1926
-1853
1755
-5227
1146
51567
1948
1783
-1642
1853
1948
-1926
1948
18430
1948
1948
1678
1948
1948
1755
-1485
38209
-1950
21376
-28190
7170
-1948
10406
-1548
1950
1926
1950
-1948
-27348
-13868
-38838
1926
-20489
-23538
1476
-1948
-1948
-28207
2251
-39360
-32359
1603
3541
17951
1685
1926
1948
-1516
16270
19273
-5207
-1642
-961
1548
1948
17962
-1603
1948
-1884
1926
16005
31646
35588
1479
-1853
1884
-10098
-1948
16211
1950
30326
-8762
2251
29527
-1853
-1948
22297
23443
-1950
8695
1948
-10986
-1619
-30783
-5596
-1884
-1269
-1884
-1948
-1766
8363
2251
12696
1476
1884
1276
-1609
-26313
-1875
943
-56287
1926
1093
-41858
-1619
-1948
-1948
-30939
-1603
44082
1950
-1926
7373
-1766
-1875
1622
-1950
-1948
1926
1926
18901
1948
-1884
-11420
-1884
14686
14254
102
-1397
32366
-1950
38171
63765
1685
1884
-1950
-20551
-1176
914
1950
652
1884
-1875
8244
-1950
7549
1603
1853
1884
1622
6426
1948
25420
-7240
15467
1109
1875
1357
-8923
1685
1766
1429
20161
-1950
3879
1926
1642
29347
-1619
1926
-1950
1926
1853
-1622
-1950
1926
1642
-1950
1926
-1485
4274
71514
980
24559
-1950
1926
2251
-1950
-1622
1926
2094
-15970
31547
23302
-1950
16366
46411
-1948
-3232
-1691
1950
-1948
33042
1429
1357
-10051
1950
76966
996
47891
1884
-1950
22466
1839
-1950
1152
1884
1884
23623
1839
1884
-1948
1000
44865
-7356
-1619
1884
-2251
1839
-1950
1853
1884
27226
1884
1853
32640
1950
-2251
59440
-1152
-1766
1884
1950
-1926
36982
-12146
-1286
970
8735
8301
1948
-1950
-1948
1853
-34531
1462
-1476
1359
1523
81108
15486
1839
1397
1853
58374
-1176
1853
1884
-1766
26546
-1948
70660
1691
5115
1853
-1245
-1948
-1948
1884
-3968
16581
-1387
-2251
15539
-1950
2216
1884
1884
1884
10450
-1950
1875
1875
-1284
7252
21313
-1875
-1691
-1948
-4754
-1691
-36698
1839
1712
1755
1265
-1755
-2251
1950
-20723
-2500
-1755
12076
1884
644
40414
31260
-1755
-2251
-1950
-32790
1755
8988
27282
-1853
-1884
1901
-1217
40373
45313
9867
1950
1950
-1838
1650
17443
-6004
-1948
-1838
1853
1884
18432
47611
-1948
-1948
1712
2269
15525
1884
-1598
-11920
-1523
-1766
-1948
59993
41113
-1948
-45167
-1875
-1948
-2251
-27755
-34057
2269
1884
12509
-16369
906
2269
-1948
-1926
29125
1875
-17429
-983
-771
-1429
-11555
-1950
-26842
-38338
-1603
1950
-1838
-1884
-2269
-30246
-61739
1884
2269
-2269
1926
-1403
8836
-2269
-1448
-2269
-14216
5275
-1220
8150
-1884
-4786
-1884
1875
-2269
-2269
-17136
1276
1950
-2269
-47843
9462
-40170
-2269
1950
-46107
-1766
41876
1853
-1609
16769
2269
9118
-2215
-1766
-1839
2269
-1523
-1510
-1838
2251
-2269
2251
2251
-1839
30362
1950
1523
-15424
6736
-1712
16082
2215
2269
-1926
-1950
-1948
2269
-17219
-3025
-1948
-50263
1685
-1948
-35368
-1948
-1838
-1950
2269
-1950
2269
2269
1884
-1276
-1548
-1926
-1948
2269
-1853
2269
-15654
-9704
-1950
2269
2251
-1948
-6647
1839
1884
-1276
2269
2251
2269
-1926
1875
-13929
-1619
-2269
5914
-2269
1948
2269
-12569
-1948
2269
-962
1950
-2269
51409
1950
11555
1950
43788
-3762
1265
1948
297
-2269
-1766
2269
-3479
9250
-2215
-6422
-1399
-54476
-2269
-30356
-1875
26423
2269
963
-407
771
-1495
-1875
-1950
26816
50736
-1838
-1853
-1950
2269
1766
2269
-13478
-2215
-1548
1884
30405
-1950
5674
2269
10178
9120
-1950
-41757
3966
