-1000
-1000
993
-12610
1000
-999
-995
997
-969
-1000
8745
-999
1000
5977
999
9877
-995
999
-5032
-2282
-991
-995
32273
998
-2251
20027
-1000
22650
-999
995
-1870
999
-20493
-1000
-26125
999
-1000
-14543
999
3066
1870
1000
-9635
1000
-999
9749
-3323
-995
3738
999
-10334
979
-1644
-1644
7831
-1644
-7876
999
-8151
999
999
-995
7619
-9067
-34407
-999
7954
-996
34595
998
943
998
1644
18728
5887
-999
8509
1644
-534
999
-993
11521
995
-998
999
999
1000
993
-1000
13131
-1644
-1644
-1000
999
-998
999
990
995
-10414
-1362
-985
-8276
1644
-4568
-999
-1544
1644
-73295
-30060
1045
-990
1870
999
1870
-995
-1644
-1362
-1362
1755
1000
14782
-6473
995
-1000
-901
-969
993
1870
-18311
-3907
-1000
1755
-999
-1017
1870
-1000
-1755
1870
-1000
-4875
-999
-1362
850
1544
12241
1870
-1000
-998
1870
-1755
1755
20692
-1544
1182
1045
-25579
1644
998
18459
999
9398
12661
12078
1544
-1755
10855
-1446
6346
-3629
1870
-6357
1870
-1755
1139
-1755
-1492
982
-1544
4364
-7064
-1544
-1544
1755
1870
5228
-1492
7883
-1544
-1336
-999
-1755
-7800
1336
-7958
1336
-25756
-4779
-990
1492
-1755
-1254
1492
-1336
1755
6929
16416
-1492
-12245
2844
1755
1446
-1644
1139
-15774
-1644
16070
-1870
1544
-9019
-1870
-9438
-1544
-1755
1492
1572
-1139
1139
-26603
1544
-18558
1544
14479
-26561
1362
48500
1544
1362
30130
14206
3909
-1336
1755
-1125
11101
1446
1755
-1076
-1870
-1076
-1076
-13324
-45305
943
-1544
19391
-47756
1336
1755
1755
-2523
-990
-5776
-1644
-377
-1644
-1644
11843
-9722
1336
999
-1644
2826
1755
-1644
-1362
-1755
-1755
13435
30533
9687
13416
-1492
1644
-1117
-991
1544
1741
12758
-1492
-1741
20226
-993
1000
-977
42659
-999
1870
1076
-1336
1741
20582
9339
1755
-1482
1316
1755
-1000
1489
-1741
-1741
-1755
1076
1741
1644
-1117
1741
1741
1741
4522
-965
-1755
567
2444
1741
1741
-1755
1755
1644
32489
-1254
423
-1741
1755
1755
1446
-1492
-15946
-17687
-939
-1492
993
-1139
-1870
-1492
-999
-1374
-996
-1482
-1117
-1076
1017
1138
7899
-1870
1755
-12524
-1755
-1755
-1336
6829
-1544
-1644
1741
-1755
969
1482
1741
-1851
992
-991
25367
22225
-24485
-13443
-2327
2073
-1755
-994
-2942
16486
18067
3889
1870
-1336
1482
-33541
1741
1446
1254
-6715
-1544
1915
1827
1446
3241
-2806
-1860
-1544
995
13064
6684
23836
1620
-990
995
1755
-1239
1644
-1870
8397
-5808
1741
-5147
1644
4169
-1544
1755
2380
-1489
-1489
-1870
-1489
-990
1661
-1254
-1489
-1394
-1644
1245
1448
1394
-13583
-6529
-1755
1741
1741
-1741
1755
-3311
-1584
1544
-1741
-12773
1741
-1544
1755
1755
1725
9071
1725
1741
1741
-1584
25985
1741
1725
1755
1741
1725
1076
-1870
-1394
1661
-1755
1076
-29
1245
1725
1489
1755
1492
1492
1755
-3362
9037
-1394
6863
1755
-976
-1317
-1336
21690
1725
1755
59039
41142
1755
1741
-1489
22141
1755
23539
-1870
-1755
-1741
-1870
46378
-1394
-1394
1482
47627
1755
1308
16658
-4538
1394
-1755
5801
-1741
1489
-1741
1489
-1755
1394
-1394
1317
3086
1254
22238
1741
550
-1482
1489
-1741
17137
1492
9367
995
1755
1755
95
-3086
1661
-13219
-1741
27607
3514
-1725
6348
1870
-1492
-1725
-9659
-1725
-1725
-963
2375
1755
-1362
-1725
-3337
1317
2981
1644
-1755
-1755
-5516
-1867
-1755
4361
6290
-807
5475
-1870
31874
993
-1482
15539
1755
5998
-1949
-1755
15651
-1741
-1955
-1823
-1328
-529
1444
1741
1741
-35785
-39815
1741
-1823
-12986
-1725
-45035
1741
1254
-1725
1448
-28997
1448
16560
-951
-1492
-80441
-62006
-1492
-1870
-21940
-13628
1482
960
-1492
1233
1823
-10141
-1489
-33997
1725
-1233
-5156
1823
-73216
-1482
1725
21662
-1917
1328
-1870
1823
-1482
-7142
8887
-1823
-1254
-1482
34685
-1102
1870
-65375
960
1374
-1492
1669
1741
1741
1669
-1870
1669
1669
11405
1544
1669
1328
14984
-28028
-1669
-9667
2117
-1661
1870
2458
-2808
1823
1823
1870
-1669
1669
-5301
-1448
-454
-1328
1669
-1669
309
1669
-1362
-12276
12520
-1644
-1279
-1870
1741
-1644
-1823
-1823
-983
-1870
28063
-1644
-1870
-10104
12718
1725
1353
29259
1725
-10100
-9379
-1823
1353
1741
1725
39615
-1870
1823
1823
63507
-1389
46327
-1741
-1870
1823
49369
-1823
17500
-1661
1544
-1000
1725
-1482
-1823
-1661
-14322
1823
-1544
-1000
1788
3430
-1870
-1823
1823
958
1823
-963
1492
1823
1823
43651
1823
1000
-1741
1823
-1155
1788
-1741
-1353
14027
-1741
1725
1489
-1788
1741
-417
-6609
1746
-1544
-1702
1371
28656
31394
-1788
-1725
-3218
1823
-1788
-12674
43773
1725
1741
772
1823
1317
-1644
-1492
1823
1823
-1823
-4012
15145
-1823
25797
1584
1741
-16995
-1823
-1629
-979
-1823
1741
1741
1511
66280
42639
-1870
3315
-1598
-1870
1788
1823
39393
45189
1741
1741
881
-1823
1741
-1644
-1430
-29721
-1823
980
1788
1482
1788
-1288
1823
-1870
26436
-1788
48826
815
1155
1788
-1823
-1870
-76248
1823
30657
-9625
1870
33252
-1776
-1545
20743
1279
-1776
2689
1823
-1776
904
7138
-1741
25072
19302
26140
-32743
934
1288
6006
-1823
-76
4273
2185
-55100
1139
26844
-1776
-1788
1394
-1788
7930
-1788
-1245
1823
1823
-1776
1776
-1741
-1823
5402
3064
-1362
-16679
-1725
-1776
-10136
30296
1279
-996
-1788
19123
-1870
-1870
-1725
1279
-1482
-1823
1776
-14757
-1492
1788
-30754
47643
1045
1448
1788
-1319
-1741
1788
1665
1725
613
-1776
-1741
-1644
-3578
1823
6886
2636
11914
-1644
-1776
-1279
-1823
-1725
7134
-1823
12054
-1776
-941
-1644
1788
-1870
1823
1823
-1362
-1482
-938
1545
979
10447
-10908
1823
6468
1823
21316
-9127
1584
-1870
2882
-1870
-1741
1776
-3974
46249
-963
-31719
-1823
16288
-2785
-4175
-1776
-1776
1669
-14268
-1584
-24159
-1823
1741
1255
629
-1823
-1823
5000
13271
1328
1823
-31311
1823
1822
-1788
40938
-1822
1823
-1741
1544
7434
1870
1788
-12031
-1788
-1448
-20107
2854
-1823
1482
1746
901
-1492
-13162
-1741
-23421
-1255
-1696
-27942
-1644
1788
1823
1822
1584
1544
-863
-8573
-1870
1125
-1823
1644
1644
8069
58955
14725
1446
1696
74295
-1823
-1823
-3626
-1870
69298
-1823
-2118
-10732
7567
1746
-55481
-13931
1741
-4605
1822
1545
-1482
995
-1482
1741
-1788
-1856
-1788
18831
40593
1856
-1644
-23052
-25396
1696
24905
-1822
1584
1644
11973
-3884
-1788
1870
1319
-18039
1699
-1788
1822
-5284
1699
1472
1788
30622
26437
1788
1788
-1644
-1746
-52848
-1584
-1788
1237
-8323
1544
-21971
-1822
-233
-8761
-5295
1822
22089
-1870
2420
1856
1856
20042
1313
-1870
1856
-1823
1856
1822
-1856
-1856
-1492
1822
1822
15017
-26410
-19696
1237
-43441
1362
1823
1788
-25176
-1870
-1823
-4432
3405
-1788
-1823
1856
-9635
-1746
1823
-1733
-10990
-11844
-1856
1482
832
-1746
-1733
-1823
1822
1669
-1741
-1482
-1584
1856
-496
-1741
-19350
980
-1823
-16249
-1544
-15199
2001
2274
-1699
-1823
1870
-10763
-1856
-1856
-15123
-2676
1788
-21158
1870
20553
8203
-1776
-1741
-1776
-1584
1823
1374
1823
7663
-1870
-1362
-27546
1696
-1823
-15188
12602
-1822
-1492
811
1822
6727
-13883
-1870
-10328
1856
-4673
-1823
6998
774
1870
-1823
-4920
1823
-1856
1822
-1823
-972
521
-1856
-1856
35829
1822
-1856
42555
19542
6771
1822
1699
-1823
-1788
-23006
1394
1856
-1823
-50042
-4252
-1741
1823
-14072
-24354
-1448
1410
-1741
-29502
1788
-1823
-14372
3070
1492
-1644
-1017
1788
1788
1644
-1856
1648
-1822
-1822
-1897
1776
-1870
-10414
-5138
1746
-23282
1823
1823
-1856
-15635
1823
1788
-1823
-1856
8131
-1823
-1823
1544
-1823
925
-6112
-1870
1340
1788
-1746
10260
-19608
8804
1776
1822
-10947
-1856
-1856
-965
1776
-1776
35077
-1741
-26457
-1741
-1669
1788
-1733
-2386
-1870
-31722
1708
1788
1696
1788
1822
14816
-6787
-1870
-9362
10927
-1856
1746
-1822
-1822
-3658
-3826
-11859
-16731
-33907
-1823
1669
-1822
3488
-1856
20790
-1823
1856
1870
1870
1708
-1856
1548
-1741
4354
-1545
-4906
1788
1788
40
-1823
-1856
12277
1696
4347
1788
1669
-17649
1788
-1870
1822
1822
-3081
-1823
-1856
1788
3301
-1741
1788
-1856
-1856
1708
-1870
-1870
1254
-4526
38758
30392
-1856
-1788
1548
-1746
-1648
23140
-1279
-1856
1741
-8683
1870
1319
65352
-1823
942
18034
-1856
1733
1746
34908
1746
1746
-1823
-1856
17461
5574
1776
25145
-1856
65667
1741
-1279
16938
2857
-1822
-13764
-1696
-1823
-1823
1708
1648
-1823
-1856
1699
40203
333
635
35054
-1822
41164
-1823
7848
1741
6041
-2106
-1856
961
-1788
-1823
-1823
-7865
-2437
-4956
4893
-1741
-9422
5290
-1741
1492
-4675
1648
1823
3375
-1741
1856
-23616
1788
-1741
1548
494
-7906
-1788
-1746
-11080
-7035
1063
-14138
-1733
1746
1164
1823
34158
-1856
1410
-1856
-1856
6967
-1822
-1856
-1822
12081
-2961
1788
-1788
-1870
1680
2675
1565
-13507
-1856
22387
12078
-1822
38258
1783
-1776
1870
1680
1017
-1499
1823
10693
1856
1856
-6371
1856
1856
1856
-11842
-15334
-1823
8212
1776
-1823
-19951
-1823
1299
-17928
-1776
-33292
1470
36075
1406
-1788
-1680
1856
-1788
-43391
1746
1856
-55464
-5038
-13752
-9972
-73806
-1823
1776
-1823
-66110
1856
-48065
