46887
64687
95977
99652
16322
65432
26050
10778
63522
66718
80018
79642
71938
57432
93490
37922
70266
70882
83502
69002
19138
19202
58882
78466
1314
63277
60128
64502
25002
89602
29752
82882
56322
6825
2338
42572
17602
69214
34182
23842
35202
25582
36002
46242
2738
40666
90254
99952
92722
59596
4834
12266
51202
83202
18752
63054
45602
80242
81202
45238
55898
77202
38502
8066
78754
48392
72762
79298
13407
93602
29362
33202
25213
16642
10732
64162
86082
74526
11842
10302
90732
32802
63394
52002
28182
83202
60010
79418
57634
