100001
100001
99997
99999
99997
100001
99998
99999
99997
99997
99997
99998
100000
99999
99997
99997
99997
99997
99999
99997
99997
99997
99997
99999
99997
99998
99998
100000
99998
99997
99998
99999
99998
100000
99997
100001
99997
99997
99997
99999
99997
99997
99997
99997
99998
99997
100001
99997
99997
99998
99997
99997
99999
99997
99997
100000
99997
100001
99998
99997
99999
99998
99999
99997
99997
100000
100001
100001
100000
99997
100001
100001
100000
99997
99997
99999
99997
99997
99997
99997
99997
99997
99999
100001
99997
99997
99997
99997
99997
100001
99997
100001
99999
99997
100000
99999
99997
99997
99997
100000
