0
0
0
0
0
0
0
0
0
0
0
0
0
0
0
0
0
0
0
0
0
1
0
0
0
0
0
0
0
0
0
0
1
0
0
0
0
0
0
0
0
0
0
0
0
0
0
0
0
0
0
0
0
1
0
0
0
0
0
0
0
0
0
0
0
0
0
0
0
0
0
0
1
0
0
0
0
0
0
0
1
0
0
2
0
0
0
2
1
0
0
0
0
1
0
0
1
0
2
0
1
0
0
1
1
0
0
0
0
1
0
0
0
0
1
0
7
0
0
0
0
0
0
1
0
4
1
1
0
0
0
0
0
1
0
0
0
0
0
0
1
0
9
0
0
1
1
0
0
0
0
0
0
0
2
1
0
0
0
0
2
0
9
3
0
7
0
0
0
0
0
0
1
1
2
1
2
0
0
17
5
2
1
0
0
1
32
3
1
2
0
6
5
0
4
2
9
0
0
1
1
6
0
47
4
5
0
0
0
0
69
0
7
0
2
35
5
2
0
0
0
6
0
1
3
0
8
0
0
121
1
1
0
0
0
1
0
5
23
0
0
118
26
47
1
0
0
128
125
0
0
35
0
0
10
3
2
4
10
0
2
2
85
1
3
1
80
51
0
10
65
3
0
1
9
0
4
0
76
4
0
0
0
19
6
11
0
0
1
2
42
1
160
3
7
