0
0
0
0
0
0
0
0
0
0
0
0
0
0
0
0
0
0
0
0
0
0
0
0
0
0
0
0
0
0
0
0
0
0
0
0
0
0
0
0
0
0
0
0
0
0
0
0
0
0
0
0
0
0
0
0
0
0
0
0
0
0
0
0
0
0
0
0
0
0
0
0
0
0
0
0
0
0
0
0
0
0
0
0
0
0
0
0
0
0
0
0
0
0
0
0
0
0
0
0
0
0
0
0
1
0
0
0
0
0
0
0
0
0
0
0
0
0
0
0
0
0
0
0
0
0
0
0
0
0
0
0
0
0
0
0
0
1
0
0
0
0
0
0
0
0
0
0
0
0
0
0
0
0
0
0
0
0
0
0
0
0
0
0
0
0
0
0
0
0
0
0
0
0
0
0
0
0
0
0
0
0
0
0
1
0
0
0
0
0
1
0
0
0
0
0
0
0
0
0
0
0
0
0
0
0
1
0
0
0
0
0
0
0
0
0
0
1
0
0
0
0
0
0
0
0
0
0
0
0
0
1
0
0
0
0
0
0
0
0
0
0
0
0
0
0
0
0
0
0
0
0
1
0
0
0
0
0
0
0
0
1
0
0
0
0
0
0
0
0
0
0
0
0
0
0
0
0
0
0
0
0
0
0
0
0
0
0
0
0
0
0
0
0
0
0
0
0
0
0
0
0
0
0
0
0
0
0
0
0
0
0
0
0
0
0
0
0
0
0
0
1
0
0
0
0
0
0
0
0
0
0
0
0
0
0
0
0
0
0
0
0
0
0
0
0
0
0
0
0
0
0
0
0
0
0
0
0
1
0
0
0
0
0
0
0
0
0
0
0
0
0
0
0
0
0
0
0
1
0
0
0
0
0
0
0
0
0
0
0
0
0
2
0
0
0
0
0
0
1
0
0
0
0
0
0
1
0
0
0
0
0
0
0
0
0
0
0
0
0
0
0
0
0
0
0
0
0
0
0
0
0
0
0
0
0
0
0
0
0
1
0
0
0
0
0
1
0
0
0
0
0
0
0
0
1
0
0
0
0
0
0
0
0
0
0
0
0
0
0
1
0
0
0
0
0
0
0
0
0
0
1
0
0
0
0
0
0
0
0
0
0
0
0
0
0
1
0
0
0
0
0
0
0
0
1
0
1
0
0
0
0
0
0
0
0
0
0
0
0
0
0
0
1
0
0
0
0
1
0
0
0
0
0
0
0
0
0
0
0
0
0
0
0
0
0
0
0
0
0
0
1
0
0
0
1
2
1
0
0
0
0
1
0
0
0
0
0
0
0
0
0
0
0
0
0
0
0
0
0
0
0
0
0
0
0
0
0
0
0
0
0
0
0
0
0
0
0
0
0
0
0
1
0
0
0
0
0
0
0
0
0
0
0
0
0
0
0
0
0
0
0
0
0
0
0
0
0
0
1
1
0
0
0
0
0
0
0
0
0
0
0
0
0
0
0
0
0
0
0
0
0
0
0
1
0
0
0
0
0
0
0
1
0
0
0
0
0
0
0
0
0
1
0
0
1
1
0
0
0
0
0
0
0
0
0
0
0
1
0
0
0
0
0
0
0
0
0
0
0
0
0
1
0
0
1
0
0
0
0
0
0
0
0
0
0
0
0
0
0
0
0
2
2
0
0
0
0
0
0
0
0
0
2
0
0
0
0
0
1
0
1
0
0
0
0
0
0
1
0
0
2
1
0
0
0
0
1
1
0
0
0
0
0
0
0
0
0
0
0
1
0
0
0
0
0
0
0
0
0
0
0
0
0
0
0
0
0
0
0
0
0
0
0
0
0
0
2
0
0
0
1
0
1
0
0
0
0
0
0
0
0
0
0
0
0
0
0
0
0
0
0
0
0
0
0
0
0
0
2
0
0
0
0
0
1
0
0
0
0
0
1
0
0
0
0
1
1
0
0
0
0
0
0
0
0
0
0
0
0
0
0
0
0
0
0
0
0
1
0
0
0
0
0
0
0
0
0
0
0
0
0
0
0
0
0
0
0
0
0
0
0
0
0
0
0
0
0
0
1
0
0
0
0
0
0
0
0
0
0
0
0
0
0
1
0
0
0
0
0
0
0
0
0
0
0
0
0
0
0
1
0
1
0
0
0
0
0
0
1
0
1
0
1
1
0
0
0
0
0
0
0
0
0
0
2
0
1
0
0
0
0
1
0
3
0
0
0
0
4
0
0
0
0
0
0
0
0
0
0
0
0
0
0
0
0
0
0
0
0
0
1
0
0
0
0
0
0
0
0
1
0
0
0
0
0
0
0
0
0
0
0
0
0
0
0
0
0
1
0
0
0
1
0
0
0
0
0
0
0
2
0
0
0
0
0
0
2
0
0
1
1
1
0
0
2
0
0
0
0
0
0
0
2
0
0
0
0
0
0
1
1
0
0
1
1
0
0
0
0
1
0
0
0
0
0
0
0
1
0
0
0
1
0
0
1
0
0
0
0
0
0
0
0
0
0
0
1
1
0
0
0
0
0
0
1
0
1
0
0
4
0
0
0
0
0
0
0
0
0
0
0
0
0
0
0
0
0
1
0
0
0
0
0
1
0
0
0
0
0
0
0
0
0
2
0
0
0
0
0
0
0
0
0
0
0
0
1
1
0
0
0
0
0
0
0
0
0
0
0
0
0
0
0
0
0
1
0
0
1
0
0
0
0
0
2
0
0
0
0
0
0
0
0
0
0
0
0
0
1
0
0
0
0
0
0
0
0
0
0
0
1
0
0
1
0
0
0
2
2
0
0
0
0
0
0
0
2
0
1
0
0
1
0
0
0
0
4
0
1
0
2
1
0
0
0
1
1
0
0
1
0
1
0
5
0
1
0
2
1
0
0
0
0
0
1
0
0
2
0
0
0
0
1
1
0
0
0
0
0
0
0
0
0
0
2
0
0
1
1
0
0
0
2
0
0
0
0
0
0
0
0
0
0
0
0
1
1
0
0
0
0
0
0
3
0
0
0
0
0
0
2
0
0
0
0
0
0
0
0
0
0
0
0
0
0
0
1
0
0
0
6
0
0
0
0
0
0
0
0
0
0
0
0
1
0
0
0
0
0
2
0
0
0
0
0
0
0
0
0
0
0
0
1
0
0
4
0
0
0
0
0
0
0
1
2
0
0
1
0
0
0
0
0
0
0
0
5
0
2
1
0
0
1
0
0
0
0
0
0
0
2
0
1
0
1
0
0
4
0
0
0
0
0
1
0
0
0
0
0
0
0
2
0
0
0
0
1
0
3
0
1
0
0
0
1
0
0
0
0
3
0
0
1
0
0
2
0
1
0
0
0
1
0
0
0
0
2
0
0
0
0
0
1
0
0
0
0
0
2
0
1
0
0
0
0
0
2
0
0
1
1
1
0
1
0
0
0
0
3
2
1
0
0
0
0
0
0
0
3
0
0
2
0
1
0
0
0
1
0
0
0
0
0
1
0
0
0
0
0
0
4
0
4
0
4
1
0
6
2
0
0
0
0
0
0
0
0
0
1
0
0
0
0
0
0
0
0
0
0
0
1
0
0
0
1
2
1
1
2
0
1
1
0
0
0
1
0
0
0
0
0
1
0
0
0
0
0
0
0
2
1
0
0
0
0
0
0
1
0
2
1
0
0
0
0
0
0
0
0
0
0
0
0
0
0
0
0
0
1
0
0
0
0
0
1
0
1
1
0
0
0
2
0
0
0
0
0
0
0
0
0
1
3
0
0
0
0
0
3
1
0
0
0
0
0
0
1
0
5
0
1
0
2
1
0
0
0
0
0
0
0
0
0
0
0
1
0
0
0
0
0
0
0
1
3
2
0
1
0
1
0
0
0
1
0
0
2
0
0
0
1
0
0
8
0
1
0
13
2
1
0
0
2
0
0
1
0
3
0
0
0
1
1
0
0
0
0
0
0
0
0
2
1
0
2
11
0
1
7
0
0
1
0
3
0
0
0
1
0
0
9
0
0
3
0
0
1
0
1
0
1
1
1
0
0
0
0
0
0
1
0
0
0
1
2
0
0
1
0
0
1
0
0
0
0
0
0
4
1
0
0
0
2
1
0
0
0
2
0
0
0
0
0
1
0
0
0
0
0
1
0
1
0
0
0
1
1
0
2
0
0
0
0
0
0
0
3
0
0
1
0
0
10
0
0
0
0
1
12
0
1
0
0
0
0
3
0
2
1
0
0
0
0
0
0
0
1
2
1
0
0
0
0
0
0
0
0
0
0
0
1
6
0
0
3
0
0
0
0
0
1
0
0
2
0
0
1
0
1
0
0
0
4
19
0
0
0
0
0
0
1
0
0
0
0
0
0
1
12
0
2
0
0
0
0
3
1
0
0
0
1
0
0
0
0
0
0
0
0
0
0
0
0
0
0
0
0
6
0
1
0
0
0
1
1
0
0
2
0
0
0
2
0
0
0
1
0
0
0
0
2
0
0
0
0
0
0
0
0
0
0
0
0
1
0
1
1
0
1
0
0
0
0
2
2
1
1
1
1
0
2
2
0
0
0
2
0
0
0
0
0
0
5
0
0
0
1
0
3
0
26
1
0
0
0
2
1
0
10
2
0
0
0
0
0
0
0
1
1
2
0
0
0
0
3
0
1
0
4
0
0
2
0
1
2
0
1
3
0
0
0
0
1
0
3
0
0
0
0
0
0
0
0
1
0
0
10
0
2
1
1
0
0
0
0
2
0
0
5
0
0
0
2
0
0
0
0
2
0
0
1
0
0
1
0
1
0
3
0
0
0
0
0
1
0
0
0
2
0
0
0
0
0
0
0
3
0
0
1
0
0
1
0
0
0
0
2
0
0
0
0
0
3
1
0
0
0
0
0
3
0
1
33
2
0
0
0
0
0
0
4
0
0
0
0
0
0
0
0
0
0
0
0
2
0
0
0
0
0
0
0
0
1
0
0
2
0
0
1
0
2
1
0
1
0
0
0
0
0
1
0
5
0
1
0
0
0
0
0
0
0
0
4
1
0
0
0
0
1
1
0
0
0
1
8
0
1
1
0
0
0
1
0
0
0
0
0
0
0
0
1
0
0
0
1
0
0
0
0
2
13
1
0
0
0
0
1
0
1
0
0
0
4
0
1
2
0
0
6
0
0
4
0
1
13
1
0
0
0
2
0
0
0
1
3
1
1
0
0
1
2
0
0
0
0
0
2
0
0
1
0
3
0
0
0
1
12
0
0
2
0
0
0
0
1
0
1
3
10
6
1
1
0
1
0
0
0
0
0
1
4
0
0
0
0
1
0
0
2
0
3
0
0
2
1
5
0
0
2
0
0
0
1
0
0
0
0
0
0
1
0
0
1
1
0
0
1
2
0
1
0
0
0
0
0
1
0
0
0
4
2
2
0
0
1
2
2
0
0
1
0
0
0
1
0
0
0
0
2
4
7
20
0
1
1
0
1
0
0
0
0
3
0
0
2
0
1
4
0
0
0
1
0
1
2
0
0
0
0
0
0
0
0
0
3
0
4
0
0
1
0
1
4
1
0
0
0
0
6
4
1
1
1
3
1
0
9
0
0
0
0
14
0
2
0
2
0
5
0
1
0
0
0
2
0
0
3
3
0
0
1
4
0
0
0
0
0
0
2
0
0
2
0
0
0
0
3
4
0
0
1
1
0
1
3
1
4
1
1
2
0
0
0
0
1
2
6
0
0
0
0
0
0
1
0
0
0
0
0
0
0
1
1
0
4
2
0
0
1
0
1
18
1
6
1
0
0
0
0
0
2
0
6
2
22
0
0
0
6
7
0
0
0
0
5
3
0
0
0
0
0
2
0
1
0
2
2
0
0
1
1
0
0
0
2
0
0
1
1
2
9
1
0
0
0
0
1
0
0
1
8
1
7
6
0
0
3
0
1
0
0
0
0
0
0
2
0
0
1
0
0
4
0
0
3
0
3
0
0
0
0
0
0
2
31
0
1
0
1
0
7
0
1
0
1
0
4
1
0
0
0
0
3
0
0
0
0
0
2
2
0
0
0
0
1
34
0
0
2
0
0
1
0
0
0
3
1
0
1
1
0
2
1
0
1
0
9
0
1
0
0
0
0
0
5
3
0
0
0
7
1
2
0
4
0
3
3
0
0
0
0
0
0
0
0
0
0
0
8
0
0
0
9
3
1
0
0
0
0
0
0
0
2
0
0
16
6
0
0
0
0
0
0
0
0
1
0
2
0
0
1
2
1
4
0
0
0
0
11
0
1
0
1
1
6
4
3
0
0
4
0
0
1
0
0
0
0
0
0
0
0
0
1
0
0
0
0
0
0
0
1
0
0
0
0
0
0
0
1
2
0
0
1
0
3
0
0
0
1
1
6
1
1
14
0
2
0
0
0
0
0
0
1
0
0
3
12
5
0
5
2
2
1
1
1
25
1
0
0
0
0
0
0
5
0
0
1
0
0
0
4
0
24
8
0
0
0
4
2
1
1
0
0
0
1
0
0
0
0
1
4
0
0
2
0
0
15
0
1
0
0
0
1
0
6
8
5
0
2
2
1
1
1
3
0
0
0
0
0
0
5
0
0
0
1
1
0
1
6
0
0
3
1
0
0
0
0
4
0
19
1
0
6
1
0
0
3
0
1
0
0
0
1
0
0
1
2
8
0
6
0
0
0
0
0
0
3
4
1
0
0
0
3
0
2
0
0
4
0
0
1
0
1
0
0
0
1
0
0
0
1
0
2
0
3
0
9
0
1
0
1
1
0
1
0
0
3
0
3
35
0
0
0
4
0
0
2
0
9
1
0
0
1
0
0
2
0
1
0
0
0
0
2
0
0
60
3
1
0
0
2
0
0
6
0
0
1
1
1
0
1
2
2
0
1
14
0
0
3
2
1
2
3
3
0
0
6
0
5
0
1
9
15
0
0
0
0
5
1
6
0
0
0
1
0
0
0
0
0
0
2
3
2
2
1
0
0
3
2
0
1
1
1
0
1
0
0
0
1
0
8
1
2
2
6
0
3
1
0
0
0
1
1
0
1
0
1
4
1
0
0
0
16
0
1
1
0
2
1
8
10
3
0
1
0
0
0
5
2
1
9
15
0
1
0
1
0
1
5
3
2
0
23
0
0
0
0
0
7
0
0
1
2
1
1
0
2
2
0
2
0
0
1
0
0
1
0
2
11
0
0
0
0
0
7
4
7
0
2
0
26
0
0
0
0
0
0
4
2
0
1
64
0
0
1
14
0
5
10
3
0
0
0
0
2
3
0
2
0
0
4
0
3
0
0
1
3
0
0
2
0
0
0
2
11
4
5
1
0
12
0
0
0
4
7
0
0
0
0
24
0
0
0
0
0
0
0
0
5
0
0
0
0
0
4
0
31
0
9
0
0
0
0
0
0
0
18
28
7
3
0
0
0
6
3
0
0
0
2
0
0
0
25
1
0
6
5
1
1
3
2
0
0
1
1
0
0
0
0
0
1
1
6
1
3
1
0
2
0
0
0
4
6
1
0
1
0
1
0
17
0
0
0
0
0
0
1
2
5
0
0
4
0
39
3
0
0
0
2
1
0
0
9
0
4
0
7
2
0
0
0
2
1
0
4
0
12
0
0
1
0
1
0
0
1
0
7
1
6
0
2
1
0
0
3
1
1
21
0
73
0
10
1
0
14
0
6
1
7
0
0
1
5
0
5
0
0
5
1
4
0
0
0
0
1
1
5
0
1
2
5
1
21
6
0
8
14
4
0
15
10
1
1
0
0
0
1
0
22
0
55
3
1
0
2
0
2
0
54
4
1
3
0
0
3
7
5
0
4
1
0
0
11
5
0
2
0
0
6
1
0
1
1
0
65
0
0
0
0
2
0
0
29
1
0
0
0
10
1
0
0
0
0
0
2
1
14
1
0
8
0
0
5
2
21
115
2
1
0
1
1
0
0
0
19
0
5
1
0
0
123
4
2
16
0
37
3
2
0
0
8
0
0
11
6
12
0
1
0
0
7
0
1
0
35
1
18
5
0
1
1
8
0
0
4
7
0
0
3
1
5
1
0
0
3
1
2
0
1
0
6
4
72
12
0
2
0
2
0
42
0
0
0
0
2
7
0
0
0
0
1
0
2
0
0
7
0
0
0
0
1
0
2
81
0
2
0
0
0
0
0
2
0
0
0
4
0
0
0
0
19
0
5
0
1
0
2
2
2
1
3
46
3
1
0
80
1
0
0
0
0
0
0
0
1
0
0
0
1
0
2
7
0
1
2
0
0
1
0
1
0
0
1
0
1
0
4
3
3
0
0
0
0
1
11
0
4
1
11
0
10
0
0
0
0
3
1
44
1
18
16
10
1
0
0
0
2
1
35
0
0
3
1
4
8
2
10
0
4
4
1
4
1
1
16
0
4
0
0
0
3
1
4
0
4
0
0
5
110
0
14
0
0
0
1
0
23
0
1
1
8
0
0
0
0
56
1
1
2
0
0
8
0
0
25
3
0
1
0
6
56
3
0
0
7
0
0
0
0
5
0
2
13
0
0
0
1
0
49
0
0
1
0
0
0
1
6
0
0
2
36
0
1
6
26
0
4
0
17
4
1
0
0
0
0
16
1
0
1
1
0
4
11
5
0
15
2
1
0
9
22
3
0
1
0
2
0
0
0
1
7
24
0
115
0
0
21
26
10
2
47
1
1
0
2
1
0
2
100
0
0
0
0
1
3
1
0
1
7
4
6
16
0
34
4
167
0
0
0
1
0
3
380
6
1
8
5
0
0
2
1
0
0
16
0
224
3
1
14
36
3
11
1
0
1
0
56
0
0
4
24
0
0
4
3
44
3
454
0
0
0
0
1
265
1
0
1
4
242
0
2
1
2
2
1
8
1
1
0
0
2
0
0
4
23
3
1
0
0
2
1
0
13
164
12
0
6
91
451
0
1
1
0
1
3
6
23
4
9
65
0
0
30
2
0
0
5
35
13
2
0
2
0
4
0
20
1
4
0
0
7
34
1
0
0
0
1
45
1
19
1
0
0
0
8
19
0
2
0
0
0
2
0
10
0
1
0
62
0
0
11
2
0
113
0
0
146
4
29
0
337
0
1
0
0
11
2
2
0
0
3
1
28
4
0
15
2
0
2
0
217
19
0
1
18
6
86
222
0
1
0
0
9
5
2
0
0
93
0
5
0
0
0
7
2
44
2
0
0
2
0
0
1
427
0
0
2
18
1
91
0
22
1
84
8
1
1
0
0
0
41
5
2
0
0
0
3
0
15
0
2
0
0
0
0
2
0
0
5
0
3
0
12
0
1
0
2
0
8
0
259
1
4
516
3
2
41
7
29
131
2
0
0
556
4
1
19
0
1
0
18
0
5
0
4
0
8
1
11
2
36
0
0
3
0
0
0
33
0
0
24
3
397
0
8
0
11
3
3
0
6
2
3
0
0
23
179
0
1
0
2
1
9
1
0
5
0
0
2
14
5
84
6
2
0
0
0
5
1
1
0
12
0
0
1
12
4
0
85
1
30
0
1
28
2
0
0
1
0
0
0
285
31
1
0
0
649
26
0
1
1
1
1
0
66
9
6
13
0
301
0
4
54
1
7
1
1
1
205
0
161
0
0
48
50
1
0
0
0
1
7
0
0
3
1
0
0
3
2
63
6
13
0
7
24
20
27
2
0
16
221
193
75
1
3
4
0
0
12
0
1
6
13
0
8
19
3
2
26
0
10
217
0
3
23
62
1
0
32
0
0
0
12
7
3
1
0
12
0
0
0
21
134
0
0
2
0
263
5
5
0
106
3
11
8
5
1
1
0
0
1
1
1
30
3
1
0
2
1
0
1
0
4
0
0
0
1
0
0
0
14
0
0
7
0
25
1
7
14
51
118
470
1
6
1
0
15
0
0
1
5
27
0
0
0
0
2
2
13
0
0
24
1
146
1
0
3
4
0
32
0
0
0
0
2
1
0
0
18
2
199
0
0
1
65
1
0
3
0
0
80
0
3
7
16
2
0
0
1
0
1
0
304
3
0
20
296
0
10
135
4
0
3
13
18
0
0
158
13
0
1
24
7
2
0
92
16
54
167
0
658
0
1
4
171
0
77
0
8
0
1
19
1
1
0
12
6
34
1
28
0
0
0
5
1
11
6
0
2
301
0
10
0
1
11
5
0
7
51
19
0
4
158
1
11
0
0
1
17
5
195
0
41
109
390
4
0
3
1
1
1
0
0
2
9
2
8
1
0
0
58
955
10
2
0
1
0
4
0
4
17
1
217
1
8
1
0
0
31
15
1
0
0
0
0
5
0
0
100
0
11
0
0
26
0
38
10
0
7
3
3
3
22
0
12
13
2
286
0
437
1
0
1
0
12
1
19
0
0
1
1
400
1
4
7
0
1
19
1
22
9
0
0
0
5
1
1
0
26
5
0
7
98
17
43
0
428
51
6
13
1
114
1
0
5
5
9
0
7
40
0
1
33
0
6
17
0
190
1
0
425
6
93
14
269
12
1
122
2
0
1
3
0
309
4
0
22
0
199
7
5
0
488
11
0
7
0
1
1
5
104
0
118
11
2
2
0
2
3
0
0
2
18
10
1
112
106
9
194
1001
1
0
0
6
3
0
3
0
12
1
80
4
1
74
0
2
0
0
0
4
0
835
0
437
124
815
31
0
112
12
6
2
534
76
1
320
36
442
0
32
1
9
0
993
88
30
854
0
2
1
37
0
12
0
1
1
0
5
2
24
1
0
28
24
1
0
72
292
0
215
0
0
2
19
2
3
67
3
86
0
33
12
1
3
46
54
0
0
6
24
1
0
0
800
0
0
0
0
0
0
0
0
411
8
0
44
2
0
3
0
6
0
0
21
68
0
0
568
371
63
2
1
0
28
0
176
132
8
7
0
954
152
47
101
16
1
39
1
4
35
0
0
0
36
42
16
0
0
14
1147
0
5
0
0
0
119
1046
2
6
41
1
0
2
87
0
1
4
1
17
0
866
766
2
0
3
100
36
0
1
0
27
1
0
0
4
0
1
17
3
0
1
0
11
0
2
23
437
0
236
4
13
0
59
265
3
16
0
34
1
37
0
1
56
29
1177
8
0
1
12
1394
2
20
417
6
0
0
17
1098
335
251
578
0
129
5
3
1
0
1168
0
3
3
0
44
539
2
48
99
2
85
1141
6
1
859
0
0
0
1
0
0
266
0
9
33
1248
4
1
5
682
38
886
397
390
11
1
0
174
0
0
13
1
167
31
0
2
0
2
952
0
2
0
1
2
52
45
0
243
7
0
8
1
0
548
45
1044
2
642
0
477
