0
0
0
0
0
0
0
0
0
0
0
0
0
0
0
0
0
0
0
0
0
0
0
0
0
0
0
0
0
0
0
0
0
0
0
0
0
0
0
0
0
0
0
0
0
0
0
0
0
0
0
0
0
0
0
0
0
0
0
0
0
0
0
0
0
0
0
0
0
0
0
0
0
0
0
0
0
0
0
0
0
0
0
0
0
0
0
0
0
0
0
0
0
0
0
0
0
0
0
0
0
0
0
0
0
0
0
0
0
0
0
0
0
0
0
0
0
0
0
0
0
0
0
0
0
0
0
0
0
0
0
0
0
0
0
0
1
0
0
0
0
0
0
0
0
0
0
0
0
0
0
0
0
0
0
0
0
0
0
0
0
0
0
1
0
0
0
1
0
0
0
0
0
0
0
0
0
0
0
0
0
0
0
0
0
0
0
0
0
0
0
1
0
0
0
0
0
0
0
0
0
0
0
0
0
0
0
0
0
0
0
0
0
0
1
0
0
0
0
0
0
0
0
0
0
2
0
0
0
0
0
0
0
0
0
0
1
0
0
0
0
0
0
0
0
0
0
0
0
0
0
0
0
1
0
0
0
0
0
0
0
0
0
0
0
0
1
0
0
0
0
0
0
0
1
0
0
0
0
0
0
0
0
0
1
1
0
0
0
0
0
0
0
0
0
0
0
0
0
0
0
0
0
0
0
0
0
0
0
0
0
0
0
0
0
0
0
0
0
0
0
0
0
0
0
0
0
0
0
0
0
0
0
0
0
0
0
0
0
0
0
0
0
0
0
0
0
0
0
0
0
0
1
1
0
0
0
0
0
0
0
0
0
0
0
1
0
0
0
0
0
0
0
0
0
0
0
0
0
0
0
0
0
0
0
1
0
0
0
0
1
0
0
0
0
0
0
0
0
0
0
0
0
0
0
1
0
1
0
0
0
0
0
0
0
0
0
0
0
0
0
0
0
1
0
0
0
0
0
0
0
0
0
0
0
0
0
0
0
0
0
0
0
0
0
0
0
0
0
0
0
0
0
0
0
1
1
0
0
1
0
0
0
0
0
0
0
0
0
0
0
0
0
0
0
0
0
0
0
0
0
0
0
0
0
0
0
0
0
0
0
0
0
0
0
0
0
0
0
1
0
2
0
0
0
0
0
0
0
0
0
0
0
0
0
0
0
0
1
0
0
0
0
0
0
0
0
0
1
0
0
2
0
0
0
0
0
0
0
0
0
0
0
0
0
0
0
0
0
0
0
0
0
0
0
0
0
0
0
1
0
0
0
0
0
0
0
0
0
0
0
0
0
0
0
0
1
0
0
0
0
0
0
0
0
0
0
0
0
0
0
0
0
1
0
0
0
0
0
0
0
0
0
0
0
0
0
0
0
0
1
0
0
0
1
0
0
0
0
0
0
0
1
1
0
1
1
1
0
0
1
0
1
0
0
0
0
1
0
0
0
0
0
0
0
1
0
0
0
0
0
0
0
0
0
0
0
0
0
0
0
0
0
0
2
0
0
0
0
0
0
0
0
0
0
0
0
0
0
0
0
0
1
0
0
0
0
0
0
0
0
0
0
0
3
0
0
0
0
3
0
0
0
0
0
0
0
0
0
0
0
0
0
0
0
0
4
0
0
0
0
0
0
0
0
0
0
0
0
0
0
0
0
0
0
0
0
0
0
0
0
0
0
0
0
0
0
0
0
0
1
0
0
0
0
0
0
0
2
0
0
0
0
0
0
0
0
0
0
0
0
0
1
1
0
0
0
4
0
0
0
1
0
0
0
0
0
3
0
0
0
0
0
0
0
1
0
0
0
1
0
2
0
0
2
0
0
0
0
0
1
0
0
0
0
0
0
0
0
0
0
0
0
1
0
0
0
0
0
0
0
1
0
0
0
0
1
0
0
0
0
0
0
1
0
2
2
0
0
0
0
0
0
1
0
0
0
0
0
2
0
1
0
0
0
0
0
3
0
0
0
0
1
0
1
0
0
0
0
0
0
0
0
0
0
0
0
0
1
0
0
0
0
0
0
1
0
0
0
0
0
0
0
0
0
1
0
0
0
0
2
0
0
0
0
0
0
0
0
0
0
0
0
0
0
0
0
0
0
0
0
1
0
3
1
0
0
0
0
2
0
0
0
0
0
0
0
0
0
1
1
0
1
1
0
0
0
0
0
0
0
0
0
0
0
0
0
0
0
0
0
0
0
0
0
0
0
1
0
0
0
0
0
0
0
0
0
2
0
1
0
0
0
0
0
0
0
1
0
0
0
2
0
0
0
0
0
0
0
0
0
0
0
0
0
0
1
0
1
0
0
0
0
0
1
0
0
0
0
0
0
0
0
0
0
0
0
0
0
0
0
1
0
3
0
1
1
0
0
0
0
0
0
0
0
0
0
0
0
0
0
0
0
0
1
0
0
0
0
0
0
0
0
0
0
0
1
1
0
0
0
0
1
0
0
0
0
0
0
0
1
0
0
1
0
6
0
0
0
0
0
0
0
0
0
0
0
0
2
0
0
0
1
2
0
1
1
0
0
0
0
0
0
0
0
0
1
1
0
0
0
0
0
0
0
0
0
0
0
0
0
1
0
0
0
0
0
0
0
5
0
0
1
0
0
0
0
0
6
0
0
0
0
0
0
0
0
0
0
0
0
0
1
0
0
0
0
0
1
1
0
0
2
0
2
1
0
1
0
0
2
0
0
0
0
0
0
3
0
0
0
0
0
0
1
2
0
0
0
0
0
0
1
2
0
0
0
1
0
1
1
0
0
0
0
0
0
0
0
0
0
0
0
0
0
0
0
1
0
1
0
1
0
0
0
0
0
0
1
0
1
0
0
0
2
0
0
0
0
0
1
0
0
0
0
0
3
0
4
0
0
0
0
1
0
0
0
0
0
0
0
1
2
0
0
0
0
1
0
2
1
0
1
0
0
1
0
1
0
0
0
0
1
0
0
0
0
1
3
0
0
0
0
0
3
0
3
0
2
4
0
3
0
0
0
0
0
0
0
1
0
0
0
1
3
0
3
0
2
0
0
0
0
0
1
0
3
2
1
0
1
0
1
0
0
1
0
1
1
0
0
0
0
3
2
0
0
0
0
0
3
5
0
1
0
5
0
0
0
2
3
0
0
0
0
1
0
0
0
1
0
0
0
3
1
1
0
0
0
0
1
0
1
0
0
0
0
0
0
0
0
1
0
0
0
0
0
0
0
0
6
0
0
0
1
0
4
0
0
0
1
0
0
1
0
0
0
1
0
0
0
0
0
0
0
1
0
2
0
0
0
0
2
0
1
0
1
0
0
0
1
0
0
0
0
0
0
0
0
0
0
0
0
0
0
0
0
0
0
0
0
0
0
0
1
0
0
3
0
1
0
0
0
0
0
0
0
0
0
0
1
2
0
0
1
0
0
0
0
0
0
0
0
0
0
0
0
0
1
0
0
1
0
0
0
2
1
0
0
0
0
0
1
0
0
0
0
0
0
0
0
0
0
0
0
0
0
0
0
0
0
0
0
4
1
2
2
0
0
0
0
1
0
0
0
0
0
2
0
0
0
1
0
0
15
0
0
0
0
0
0
1
0
1
1
1
0
0
2
3
5
1
0
0
1
3
2
2
1
0
4
4
1
0
1
1
1
0
1
0
0
0
0
0
0
0
1
0
0
0
0
0
1
1
2
1
7
0
1
0
0
0
0
0
0
1
0
0
1
0
0
4
1
1
0
1
0
0
0
0
2
0
0
0
0
0
0
0
0
4
0
0
1
0
0
1
0
0
1
8
0
0
4
1
1
0
1
0
3
4
4
1
0
0
2
0
2
0
1
2
0
2
0
1
2
2
0
5
0
0
2
0
0
0
0
0
0
1
0
0
0
3
0
0
0
0
0
0
5
0
0
0
0
0
3
0
0
0
0
0
0
0
2
0
2
1
2
3
0
0
2
0
0
3
0
0
0
2
0
0
0
0
0
0
0
0
0
4
0
1
0
0
0
0
0
0
1
0
4
0
0
1
0
0
0
1
0
0
0
3
0
0
0
0
0
0
14
0
0
2
0
0
0
2
1
0
1
0
1
0
0
1
0
0
0
0
1
0
0
0
1
0
0
0
0
1
0
1
1
12
0
0
4
0
1
0
0
2
0
0
0
1
1
0
0
3
0
0
0
10
0
0
2
0
0
0
0
0
0
0
5
0
0
0
0
1
0
0
0
1
0
1
1
1
1
0
4
0
0
0
0
0
0
0
1
0
0
1
0
0
0
0
0
0
1
0
2
2
0
1
4
0
0
12
0
1
4
0
2
0
2
0
0
0
0
0
0
10
0
0
1
0
3
0
0
4
0
3
0
23
2
1
1
0
0
0
0
3
1
0
0
0
0
0
2
0
0
0
0
0
1
2
0
3
0
0
0
2
0
0
1
0
0
0
3
1
0
0
1
0
0
0
5
0
0
16
0
6
0
2
2
0
0
0
19
0
3
0
0
0
0
0
0
1
0
3
0
0
0
1
1
0
0
1
1
2
0
0
0
4
0
0
5
2
0
0
1
0
1
1
4
2
0
3
1
0
0
2
0
0
0
3
0
0
1
0
3
5
0
0
9
2
1
0
0
0
0
0
27
2
0
2
0
0
1
0
0
0
0
0
6
0
1
0
0
5
1
5
0
0
2
4
0
0
1
0
0
0
5
0
1
0
4
0
0
1
1
0
1
0
0
0
0
0
0
1
1
6
4
0
1
0
0
1
4
1
0
3
0
3
1
1
0
0
0
10
0
0
2
1
8
1
2
0
0
1
9
0
1
1
16
0
2
1
1
0
0
0
0
9
0
0
0
0
0
23
0
0
1
3
8
0
0
10
0
9
0
0
0
14
0
0
1
0
3
0
0
0
0
1
0
28
0
0
0
1
1
1
23
0
1
1
0
1
0
3
3
0
4
0
2
0
0
0
0
1
0
0
1
2
1
4
1
0
18
0
0
5
13
1
0
2
0
2
0
2
0
15
0
0
1
0
0
0
0
6
1
0
0
0
1
0
0
6
0
0
5
0
3
5
0
2
0
0
1
1
0
0
0
0
1
2
0
1
0
1
0
0
2
0
0
12
1
0
0
8
1
9
1
3
0
10
0
1
0
4
0
0
0
0
0
0
1
4
1
0
0
0
4
0
0
1
0
6
1
0
2
14
0
0
0
0
0
0
0
0
8
0
1
0
0
1
0
0
0
1
0
1
4
0
2
0
9
8
0
0
0
0
32
0
0
0
0
1
0
0
5
1
0
5
1
0
0
0
4
0
4
0
0
0
0
0
2
1
7
1
0
14
0
0
0
0
24
0
1
0
0
1
13
2
21
0
1
1
0
0
0
0
0
3
1
0
6
5
0
0
2
1
0
3
3
1
1
0
0
0
0
0
29
4
0
2
0
0
2
0
2
1
0
1
1
0
0
0
9
0
1
34
3
0
0
0
0
1
3
1
43
1
0
0
0
0
3
1
1
0
0
1
1
2
3
1
0
0
0
0
3
0
3
0
5
0
9
3
0
0
5
2
0
0
13
0
27
0
0
0
3
0
0
0
1
9
9
16
0
19
0
0
1
0
3
1
1
1
0
14
4
0
1
0
1
2
1
0
5
17
0
0
1
0
35
3
0
0
0
3
4
6
16
1
1
0
0
2
15
6
0
17
0
1
1
0
0
0
0
21
0
3
1
0
11
0
0
0
0
21
0
0
8
4
8
0
31
0
4
0
0
1
0
2
0
4
17
0
0
0
5
0
0
0
0
0
8
1
1
0
1
4
25
19
0
0
0
0
0
0
0
0
3
0
0
0
2
1
0
1
0
0
0
1
0
2
2
1
1
1
0
21
2
0
0
18
1
7
0
0
0
2
3
0
1
0
42
1
0
0
0
1
3
0
3
0
0
31
0
6
0
3
0
0
6
0
1
0
0
0
1
39
0
0
0
0
1
2
0
32
1
0
1
0
1
2
98
2
1
0
6
0
5
0
0
0
1
0
1
1
0
4
0
1
1
2
145
67
1
0
1
10
5
1
0
0
0
1
0
0
0
1
0
1
0
1
1
2
18
1
0
0
8
0
0
0
0
4
0
0
1
45
0
0
0
0
0
0
0
3
1
1
0
2
0
3
0
0
2
103
2
0
12
10
1
3
0
6
25
4
2
0
0
0
1
0
1
0
0
93
0
11
2
0
4
2
11
1
7
0
0
0
0
4
2
0
0
2
0
5
0
4
2
9
1
0
0
28
0
3
0
2
0
13
14
9
1
0
0
82
0
3
0
3
0
0
1
3
4
0
1
0
0
0
0
0
88
6
4
5
5
4
1
0
0
1
67
43
2
1
2
2
2
0
3
0
5
0
0
3
0
1
9
3
2
0
23
1
2
0
20
4
0
0
5
1
0
0
5
2
57
0
2
0
1
1
26
7
4
5
2
1
4
9
1
30
10
0
0
2
2
0
0
1
0
0
0
1
0
6
1
6
0
26
1
1
3
11
0
8
3
0
1
0
5
2
4
1
2
11
1
2
0
0
17
0
38
3
0
25
1
0
5
2
0
1
270
10
2
25
3
2
1
0
0
52
9
0
14
0
2
1
87
1
45
0
10
87
7
26
1
77
0
3
0
6
3
2
0
0
3
0
1
0
0
0
0
21
0
15
1
1
1
2
2
5
1
0
1
1
0
3
1
0
1
1
1
5
1
0
0
33
0
1
0
13
3
0
3
1
21
3
0
3
0
1
0
0
0
16
4
1
1
2
0
0
0
0
2
0
3
1
9
0
4
7
0
2
1
151
17
1
0
26
59
2
0
111
31
2
0
0
15
1
4
4
53
28
1
2
0
24
0
305
0
0
0
0
4
283
11
3
1
0
4
0
1
1
9
1
1
0
1
1
1
4
0
61
5
1
1
2
4
1
0
113
0
7
0
0
4
0
1
30
0
76
1
28
0
0
0
149
8
4
1
0
0
380
36
32
3
0
3
1
0
80
11
6
24
1
2
6
0
0
0
2
18
236
33
2
1
15
0
0
96
1
2
0
0
5
8
0
0
0
2
0
0
173
0
3
0
0
0
17
31
0
76
0
0
0
0
2
46
8
0
0
16
0
0
0
0
10
0
1
0
50
369
10
0
7
2
58
1
138
0
407
5
181
0
1
90
231
0
1
0
2
8
2
76
15
36
0
0
0
1
5
5
0
208
0
1
0
13
0
0
178
2
0
1
1
92
365
1
0
9
0
0
0
1
42
1
8
3
0
6
6
0
0
28
8
8
174
3
0
6
3
3
1
144
0
2
0
8
7
0
1
0
0
47
0
0
14
7
398
16
7
0
0
0
1
0
2
3
0
0
2
87
5
84
10
2
261
8
3
4
0
124
1
15
9
1
29
1
0
0
1
1
0
0
10
2
52
0
0
2
2
1
57
4
2
0
0
111
0
0
0
0
185
177
10
0
7
11
110
19
1
16
38
2
0
8
4
0
287
0
2
9
6
3
44
0
32
12
0
2
0
2
5
4
2
7
1
2
39
1
11
20
0
1
0
5
0
88
1
0
0
0
19
24
25
4
1
6
6
0
5
8
4
0
0
0
0
9
0
0
73
1
445
0
0
1
0
2
2
80
2
0
0
61
0
0
0
76
474
398
1
5
39
9
0
0
43
0
0
0
24
3
14
3
0
0
1
8
150
0
0
0
85
1
4
23
1
1
0
0
0
0
4
6
5
0
0
2
8
2
0
80
1
8
1
4
0
0
0
1
1
0
5
12
6
7
3
3
0
17
1
0
3
31
0
0
156
0
24
1
1
0
212
0
1
0
0
9
120
2
1
41
6
9
0
25
2
1
8
2
3
2
42
247
10
6
4
0
22
6
1
1
1
10
0
10
1
0
4
0
8
13
225
2
0
78
0
0
231
6
33
128
858
0
2
0
3
9
0
0
0
17
1
1
7
481
43
0
10
1
6
2
128
1
2
4
0
4
537
1
587
0
39
0
0
2
955
3
4
5
24
0
6
204
3
0
0
0
5
0
1
88
0
0
0
28
4
12
0
53
185
50
184
13
477
0
359
1
241
8
1
25
55
0
1
51
3
0
2
0
0
1
6
0
57
86
0
0
1
0
2
145
0
1
34
4
82
9
1
8
1
16
4
17
6
16
5
0
4
16
0
865
766
21
4
203
6
6
999
3
1
0
46
1
3
0
1
3
0
0
358
143
0
299
1
32
0
5
32
0
0
0
0
0
7
37
0
57
3
0
2
2
11
0
0
39
0
449
0
313
8
0
67
3
1472
10
0
2
64
7
0
14
59
0
12
2
0
0
7
1327
18
61
795
900
630
856
2
0
12
0
1
2
347
3
37
41
94
1
1183
0
58
1033
112
0
31
0
