0
0
0
0
0
0
0
0
0
0
0
0
0
0
0
0
0
0
0
0
0
0
0
0
0
0
0
0
0
0
0
0
0
0
0
0
0
0
0
0
0
0
0
0
0
0
0
0
0
0
0
0
0
0
0
0
0
0
0
0
0
0
0
0
0
0
0
0
0
0
0
0
0
0
0
0
0
0
0
0
1
0
0
0
0
0
0
0
0
0
0
0
0
0
0
0
0
0
0
0
0
0
0
0
0
0
0
0
0
0
0
0
0
0
0
0
0
0
0
0
0
0
0
0
0
0
0
0
0
0
0
0
0
0
0
0
0
0
0
1
0
0
0
0
0
0
0
0
0
0
0
0
0
0
0
0
0
0
0
0
0
0
0
0
0
0
0
0
0
0
0
0
0
0
0
0
0
0
0
0
0
0
0
0
0
0
0
0
1
0
0
0
0
0
0
0
0
0
0
0
0
0
0
0
0
0
0
1
0
0
0
0
0
0
0
0
0
0
0
0
0
0
0
0
0
0
0
0
0
0
0
0
0
0
0
0
0
0
0
0
0
0
0
0
0
0
1
0
0
0
0
0
0
0
0
0
0
0
0
0
0
0
0
0
0
0
0
0
0
0
0
0
0
0
0
0
0
0
0
0
0
0
0
0
0
0
0
0
3
0
0
0
0
0
0
0
0
0
0
0
0
0
0
0
0
0
1
0
0
0
2
0
0
0
0
0
0
0
0
0
0
0
0
0
0
0
0
0
0
0
0
0
0
0
0
0
0
1
0
0
0
0
0
0
0
0
0
0
0
0
0
1
0
0
0
0
1
0
1
0
0
0
0
0
0
0
0
0
0
0
0
0
0
0
0
0
1
0
0
0
1
1
0
0
0
0
0
0
0
0
0
0
0
0
0
0
0
0
0
0
0
0
0
0
0
0
0
0
0
0
0
0
0
0
0
0
0
0
0
0
0
1
0
0
1
0
0
0
0
0
0
0
0
0
0
0
0
0
0
0
0
0
0
0
0
0
0
0
1
0
0
0
0
1
0
0
0
0
0
0
0
0
0
0
0
1
0
0
0
0
0
0
0
0
0
0
0
0
0
0
1
0
0
0
0
0
0
0
0
0
0
0
0
0
0
0
0
4
0
0
0
1
0
0
0
0
0
0
0
0
0
0
0
0
1
0
0
0
0
0
0
0
0
0
0
0
0
0
0
0
1
0
0
0
0
0
0
0
0
0
0
0
0
0
0
0
0
1
0
0
0
0
0
0
1
0
0
0
1
0
0
1
0
1
0
0
0
0
0
0
0
0
0
1
1
0
0
0
0
0
0
0
0
0
0
0
0
0
0
0
0
1
0
0
0
1
0
0
0
0
0
0
1
0
0
0
0
0
0
1
0
0
0
0
0
0
0
0
0
0
0
0
0
1
0
1
0
0
0
0
0
0
0
0
0
0
0
0
0
0
0
0
0
0
1
0
0
0
0
0
0
0
2
0
0
0
1
0
0
1
1
0
0
0
0
0
0
0
0
0
0
0
0
0
0
0
0
0
0
0
0
0
0
0
0
0
0
1
0
0
0
0
0
0
1
0
1
0
0
0
0
1
0
0
0
0
0
0
0
0
0
0
0
0
0
0
2
0
0
1
0
0
0
0
0
0
0
1
0
0
0
0
0
1
0
0
0
0
0
1
0
2
1
1
0
0
2
0
0
0
0
1
0
0
0
0
0
0
0
0
0
0
0
0
0
0
1
0
0
0
0
1
0
0
0
0
1
0
0
0
0
0
0
0
0
0
0
0
0
1
0
0
0
0
0
1
0
2
0
0
0
0
0
1
0
0
0
0
0
0
2
0
0
0
0
0
2
0
0
0
0
0
0
0
0
0
0
0
0
0
0
0
0
0
1
0
0
0
0
0
0
0
0
0
1
3
0
0
0
0
0
0
0
1
0
4
0
3
0
0
0
0
0
0
0
4
0
0
0
0
1
0
0
0
0
0
0
0
1
0
0
1
0
0
0
0
0
0
0
0
0
0
0
0
0
0
0
2
0
0
0
0
1
0
0
1
0
0
1
1
0
0
0
0
0
0
0
0
0
0
1
1
0
0
0
0
0
1
0
0
0
0
1
0
0
0
0
0
0
0
0
0
0
0
0
3
0
0
0
1
0
0
0
2
0
0
0
0
0
2
3
0
1
0
0
1
0
0
0
0
0
1
1
0
0
0
0
0
0
3
0
0
0
0
2
0
0
0
0
0
0
0
0
0
0
0
0
0
0
0
0
0
0
0
0
0
0
0
0
0
0
0
0
1
0
0
0
0
0
0
0
0
0
0
0
2
0
1
0
0
0
0
0
1
1
0
0
0
0
0
1
0
0
1
0
2
0
0
0
0
0
0
0
0
0
0
1
1
2
1
0
0
1
2
0
0
0
0
0
0
0
0
0
0
0
0
0
0
0
1
0
0
0
0
2
0
0
2
1
0
0
0
0
1
0
0
0
0
0
0
0
0
0
0
0
0
0
0
0
3
2
2
0
0
0
0
0
0
0
1
0
0
0
0
1
0
3
0
1
0
0
0
0
3
2
1
0
1
0
0
0
0
2
0
0
0
0
0
1
0
1
0
0
0
0
0
1
0
0
0
0
0
0
0
0
0
0
0
0
0
0
2
0
0
1
3
0
0
0
0
1
0
0
0
0
0
0
0
0
0
0
2
0
0
1
0
0
0
1
0
0
0
0
0
0
1
0
0
1
0
0
0
0
0
0
2
9
0
0
0
1
6
1
0
0
1
0
0
2
0
0
0
0
1
0
0
0
0
1
2
1
0
0
5
0
2
1
0
0
0
0
0
2
0
0
0
0
1
0
1
0
0
0
0
0
0
0
1
0
0
0
9
0
0
0
2
1
0
0
2
4
0
0
0
0
0
0
0
0
1
0
0
0
0
0
0
1
0
0
0
4
1
0
1
0
0
0
0
1
0
1
0
0
0
0
0
0
0
1
0
0
0
0
0
0
0
0
1
1
1
1
1
0
0
0
0
0
0
0
0
2
0
0
1
0
0
0
1
0
0
0
0
0
2
0
0
0
0
2
1
1
0
0
0
0
0
0
0
1
2
0
2
0
2
0
0
0
0
0
0
0
0
0
0
0
0
1
0
0
0
1
2
0
0
0
0
0
0
4
0
0
0
0
0
2
1
0
0
0
1
0
0
1
0
1
0
0
0
1
2
0
2
0
0
0
0
0
2
1
0
3
0
3
0
1
0
0
2
0
0
0
0
1
1
0
0
0
0
0
0
1
0
0
0
0
0
0
0
1
0
7
5
0
1
1
0
3
2
0
0
0
6
5
0
0
1
1
0
0
0
1
1
2
0
0
0
0
1
0
0
0
1
1
0
0
0
1
0
0
4
0
1
0
1
0
0
0
0
0
0
0
2
0
0
0
0
0
1
0
0
0
5
0
0
0
0
0
0
0
0
0
0
0
0
0
7
0
0
0
0
0
1
0
3
0
0
2
6
0
1
0
3
0
0
1
2
0
0
1
3
0
0
1
0
7
0
0
0
0
0
0
0
0
0
0
0
16
4
0
1
0
0
0
0
1
0
0
1
0
0
0
0
10
1
0
1
0
0
0
0
0
0
0
3
0
0
1
0
0
3
0
0
0
0
0
0
0
0
0
0
0
0
9
0
0
0
0
1
0
0
0
0
0
1
1
0
0
0
1
1
1
1
1
0
1
0
1
1
0
0
1
0
0
0
13
2
1
0
0
0
0
2
0
3
0
0
0
5
0
0
0
14
4
0
10
0
0
0
1
2
0
1
1
0
0
1
0
2
0
3
0
0
2
0
0
0
0
2
0
0
1
0
0
0
0
1
0
1
0
1
0
0
1
0
2
0
0
0
0
0
0
0
2
0
0
2
1
1
1
0
0
4
0
0
1
0
0
0
0
5
1
0
1
12
0
3
0
0
0
0
0
1
1
4
1
0
0
1
0
0
1
0
0
0
1
0
0
0
0
4
3
2
0
0
3
0
1
1
0
1
0
0
0
1
2
0
0
1
0
0
0
0
0
2
1
0
0
5
0
1
0
0
1
6
0
4
0
0
0
0
0
1
4
0
1
0
0
0
7
0
0
1
2
0
2
2
0
0
2
5
1
9
2
0
0
3
0
0
0
0
1
0
0
0
0
2
1
0
1
2
0
0
5
0
0
0
1
0
3
1
0
2
0
1
1
36
0
0
1
1
0
2
0
0
26
0
16
5
0
0
11
0
0
2
0
0
3
0
0
41
3
0
3
0
0
4
1
2
0
2
0
2
0
0
0
0
3
0
0
0
0
0
1
23
0
5
0
3
0
0
0
0
0
12
0
0
30
0
0
1
1
0
0
1
0
1
0
8
1
1
0
0
0
0
0
0
0
0
0
1
0
0
1
0
0
1
0
3
0
10
0
0
0
1
0
1
0
2
0
0
0
1
3
0
32
0
0
0
3
0
0
8
6
0
1
0
1
2
2
0
0
0
2
0
0
0
0
0
0
0
2
0
0
8
0
0
0
1
0
0
1
1
0
0
0
0
1
1
0
3
2
0
0
0
7
0
1
3
0
3
0
0
0
0
1
0
0
0
0
3
3
0
0
0
1
22
0
0
0
0
0
0
3
4
1
0
0
0
0
2
0
0
2
1
0
2
0
1
1
2
0
0
3
0
0
5
0
0
3
0
0
0
1
2
0
1
3
0
0
1
2
3
0
1
0
1
2
0
0
1
0
2
0
0
0
4
0
0
0
0
0
5
0
0
10
1
0
0
0
1
0
0
1
1
0
1
2
1
0
0
0
0
0
0
1
10
3
1
9
0
40
0
1
2
13
10
0
0
0
1
0
2
0
3
7
1
64
0
0
2
0
0
0
0
1
0
82
1
2
0
40
1
1
0
0
0
0
0
2
2
0
0
0
0
11
0
0
0
0
0
0
0
7
0
3
2
3
0
0
0
0
4
1
1
0
1
0
1
0
13
0
0
0
2
1
0
5
0
0
1
0
0
0
0
3
3
1
1
0
0
0
0
0
0
0
0
1
0
0
0
0
1
2
2
2
1
2
0
3
0
1
1
0
3
0
1
3
0
4
0
0
9
1
1
1
1
3
0
11
0
0
20
0
0
1
0
3
2
0
0
5
1
0
0
0
1
13
1
2
0
0
9
0
0
17
4
4
1
2
1
5
0
0
0
0
0
0
0
2
2
1
0
0
0
0
13
0
0
36
0
0
0
6
5
1
0
2
11
5
0
0
0
0
2
0
0
11
6
0
0
3
0
3
1
2
0
110
10
0
3
0
13
0
1
1
0
1
8
8
0
0
0
0
4
9
8
0
22
3
9
1
1
0
4
0
0
2
1
0
0
0
0
1
0
0
0
12
1
5
1
9
0
0
0
1
0
0
0
0
0
0
1
3
2
0
0
0
10
1
0
13
1
2
1
0
0
1
91
0
36
2
2
0
0
0
3
2
7
0
0
1
0
0
1
10
0
3
0
0
8
5
2
4
0
0
0
0
0
4
0
0
1
25
4
4
26
2
0
0
2
1
0
0
3
11
1
5
7
0
0
19
1
0
3
0
2
0
1
4
2
1
2
0
1
0
4
1
0
95
0
0
4
2
15
1
0
31
0
1
1
0
2
0
0
0
4
0
0
0
1
3
1
1
0
1
4
1
0
0
0
0
0
2
1
9
0
1
0
3
2
0
0
35
1
12
0
0
0
0
1
0
1
2
1
0
2
2
1
0
13
21
7
0
1
0
2
3
0
0
0
3
1
0
0
1
1
4
165
2
1
0
4
4
0
0
0
0
4
0
14
0
0
0
0
0
0
0
0
13
0
5
8
1
0
1
0
17
52
0
10
2
6
0
0
0
4
0
1
0
5
37
0
5
0
0
0
1
4
0
0
0
2
3
0
4
0
142
5
1
0
0
0
3
2
0
3
1
1
1
2
0
0
4
0
0
1
2
2
182
0
7
1
0
2
92
0
0
0
0
0
0
4
2
0
0
3
0
1
2
1
0
52
0
3
21
6
0
219
6
0
21
0
2
0
0
2
1
2
24
1
0
1
0
4
126
0
5
2
0
0
0
0
0
0
211
0
0
44
1
6
6
1
0
22
18
0
2
0
0
137
2
0
0
8
3
1
0
78
0
0
4
0
4
13
47
5
0
0
0
0
3
0
5
17
2
0
1
0
0
0
8
0
0
4
0
1
4
0
8
3
0
2
0
0
2
1
2
4
1
1
0
1
0
10
15
3
10
7
1
0
1
62
0
0
3
2
108
0
0
2
1
0
0
4
2
1
0
10
1
3
0
0
0
1
19
0
3
0
1
0
2
1
2
0
0
1
3
0
18
67
0
2
5
2
3
63
2
9
0
0
2
0
4
3
0
1
0
1
9
0
0
4
12
25
3
0
0
0
89
0
1
0
8
10
2
2
0
5
10
4
0
0
1
0
0
0
1
1
0
0
1
1
10
3
14
4
3
0
0
1
26
1
0
0
3
49
2
0
1
0
0
31
1
0
0
1
9
36
54
2
0
97
0
0
67
0
35
0
0
0
0
0
21
0
0
0
4
0
0
0
12
1
10
3
7
0
8
60
2
16
4
1
0
18
0
5
0
0
2
0
138
0
0
0
1
1
1
0
2
1
2
1
0
8
0
0
81
0
5
1
2
10
6
0
0
10
0
1
1
0
1
0
0
0
2
1
1
1
2
6
3
43
0
0
6
1
6
22
42
0
0
1
2
0
0
0
0
1
1
4
0
10
1
8
0
1
5
0
0
1
11
5
3
2
14
54
4
2
274
0
0
0
304
1
0
22
0
2
2
0
1
10
48
0
0
317
0
2
0
0
1
8
0
0
10
1
3
3
0
0
0
2
9
0
0
0
0
0
503
14
21
40
3
12
0
1
1
0
0
4
5
1
0
0
11
0
2
0
0
4
0
1
31
7
15
0
5
2
1
6
0
0
18
0
0
37
7
0
0
0
1
1
11
0
0
0
7
0
0
0
2
1
2
17
5
9
0
0
118
0
6
0
0
0
1
4
1
16
15
9
517
0
0
5
0
0
1
37
19
12
0
0
2
91
30
6
9
8
2
47
8
1
507
7
16
7
9
0
1
0
0
1
5
0
87
1
1
1
1
72
0
0
1
0
0
19
8
1
43
11
0
1
5
0
5
0
2
0
37
282
5
0
375
6
0
2
4
3
29
2
8
0
2
23
0
1
0
2
0
0
5
4
4
3
3
0
5
0
1
661
1
36
28
2
507
0
6
0
109
0
2
2
7
5
0
40
0
54
1
1
2
1
0
1
3
0
3
36
0
85
3
0
34
0
2
0
0
14
0
2
0
0
3
0
9
0
28
3
0
1
13
2
184
4
0
2
0
107
0
5
0
0
3
3
0
0
2
1
9
26
2
0
1
128
0
971
0
1
1
1
16
0
395
11
6
5
5
1
2
0
9
2
0
0
5
0
0
229
168
0
1
0
910
8
0
1
1
47
13
3
4
0
1
36
7
0
0
10
5
0
0
0
6
9
2
3
1
3
194
14
21
0
1
2
1
0
21
13
23
1
0
0
0
0
1
0
14
0
461
1
0
0
5
3
0
1
0
0
194
3
0
5
0
848
53
4
0
4
0
1
6
0
1
0
339
0
0
4
4
28
7
786
1
398
3
4
0
0
0
19
25
0
0
17
1
535
12
0
1
2
5
0
0
1
4
5
1
6
86
2
0
3
0
1
38
2
22
5
98
1
0
1
27
10
593
800
0
0
0
2
1
2
0
30
12
0
1288
1234
0
0
2
0
355
0
0
25
10
0
3
242
1224
2
264
0
29
0
1
0
21
17
0
0
56
0
1
0
7
0
0
2
4
26
9
22
28
58
1
0
36
17
2
3
4
0
0
0
0
2
0
0
13
7
0
0
1068
175
181
0
0
423
0
6
5
1
3
0
370
2
0
3
0
1
0
1
0
3
0
1
71
10
0
463
4
0
376
2
59
1
34
2
4
0
1
0
0
3
0
3
67
0
0
0
0
857
15
14
0
0
61
1
12
0
0
0
111
0
0
1
9
17
9
1
5
111
30
1
0
3
0
5
0
1
11
4
1174
0
490
18
4
2
350
9
0
31
665
12
31
0
54
1
5
0
23
22
1
2
1
8
7
0
0
0
32
23
2
0
0
0
13
8
6
0
88
0
65
40
0
0
9
0
0
1
0
0
7
1
3
6
0
57
21
6
0
1
0
1
1
3
2
3
4
2
7
2
3
0
172
47
825
3
23
10
2
0
14
2
65
51
23
2
3
1210
1
16
0
3
0
0
2
8
0
22
18
2
0
0
0
3
1
3
0
2
28
163
0
3
6
10
15
43
1506
0
1069
349
0
66
3
1
1
11
0
14
10
0
5
3
1
0
13
2
6
1
685
3
8
0
8
4
1
1
2
43
1
0
0
1
10
1
2
1
357
67
1
1
0
0
2
3
5
9
17
505
0
84
0
0
2
1
0
0
0
2
25
236
0
0
1
1
1
535
53
16
16
0
20
10
11
2
2
0
18
778
4
4
2
1
3
2
38
742
15
6
6
13
7
0
38
46
0
161
383
197
0
0
176
347
10
1
0
0
0
0
2
2
3
2
3
1
0
330
0
31
2
1
0
66
0
5
0
12
4
1
833
1862
38
3
7
2
0
5
1
4
0
6
0
7
3
0
16
0
11
0
5
1
1
1
16
1
4
0
236
