0
0
0
0
0
0
0
0
0
0
0
0
0
0
0
0
0
0
0
0
0
0
0
0
0
0
0
0
0
0
0
0
0
0
0
0
0
0
0
0
0
0
0
0
0
0
0
0
0
0
0
0
0
0
0
0
0
0
0
0
0
0
0
0
0
0
0
0
0
0
0
0
0
0
0
0
0
0
0
0
0
0
0
0
0
0
0
0
0
0
0
0
0
0
0
0
1
0
0
0
0
0
0
0
0
0
0
0
0
0
0
1
1
0
0
0
0
0
0
0
0
0
0
0
0
0
0
0
0
0
0
0
0
0
0
0
0
0
0
0
0
0
0
0
0
0
0
0
0
0
0
0
0
0
0
0
0
0
0
0
0
0
0
0
0
0
0
0
0
0
0
0
0
0
0
0
0
0
0
0
0
0
0
0
0
0
0
0
0
0
0
0
0
0
0
0
0
0
0
0
0
0
0
0
0
0
0
0
0
1
0
0
0
0
0
0
0
0
0
0
1
0
0
0
0
0
0
0
0
0
0
1
0
0
0
0
0
0
0
0
0
0
0
0
0
0
0
0
0
0
0
0
1
0
0
0
1
0
0
1
0
0
0
0
0
0
0
1
0
0
1
0
0
0
0
0
0
0
0
0
0
0
0
0
0
0
0
0
0
0
0
0
1
0
0
0
0
0
0
0
0
0
0
0
0
0
0
0
0
0
0
0
0
0
0
0
0
0
0
0
0
0
0
0
0
0
0
0
0
0
0
0
0
0
0
0
0
0
0
0
2
1
0
0
0
0
0
0
0
0
0
1
0
0
0
0
0
0
0
0
0
0
0
0
0
0
0
0
0
0
0
0
1
0
0
0
0
0
0
0
0
0
0
0
1
0
0
0
0
0
0
0
0
0
0
0
0
0
0
0
0
0
0
0
0
0
0
0
1
1
0
0
0
0
0
0
0
0
0
0
0
0
0
1
0
0
0
0
0
0
0
0
0
0
0
0
0
0
0
1
0
0
0
0
0
0
0
0
0
0
0
0
0
0
0
0
0
0
0
0
0
1
0
0
0
1
0
0
0
0
0
0
0
0
0
0
0
0
0
0
0
1
2
0
0
0
0
0
0
0
0
0
0
0
0
0
0
0
0
0
0
0
0
0
0
0
0
0
0
0
0
0
1
0
2
0
0
0
0
1
0
0
0
0
0
0
0
0
0
0
0
0
0
0
0
0
0
0
0
0
0
0
0
1
0
0
0
0
0
0
0
0
0
0
0
0
0
0
0
0
0
0
0
0
0
0
0
0
0
0
0
0
0
0
0
0
0
0
1
0
0
0
0
0
0
6
0
0
0
0
0
0
0
0
0
0
2
0
1
0
2
0
0
0
0
0
0
0
0
0
0
0
1
0
0
0
0
1
0
0
0
0
0
0
0
0
0
0
0
0
2
0
0
0
0
0
0
0
0
0
0
0
0
0
0
0
1
0
0
0
0
1
0
0
0
0
1
0
0
0
0
0
0
1
0
0
0
0
0
0
0
0
0
0
0
5
0
1
0
0
0
1
0
0
0
0
0
0
0
0
0
0
0
0
0
0
0
0
0
0
0
0
0
0
0
0
0
0
0
0
0
0
1
0
0
0
0
0
0
0
0
0
0
0
0
1
0
0
0
0
0
0
3
0
0
0
0
0
0
0
0
4
1
0
0
0
0
0
0
0
0
0
1
0
0
0
0
0
0
0
0
0
0
0
0
0
1
0
0
0
0
0
0
0
0
1
0
0
0
1
2
3
0
0
0
0
0
1
3
0
0
0
0
1
1
0
0
0
0
0
0
0
0
0
0
0
0
0
0
2
0
0
0
1
2
0
0
0
0
0
0
0
0
0
0
0
1
0
0
0
0
0
0
0
2
1
0
0
0
0
1
0
1
0
0
0
0
0
0
0
0
0
0
0
0
0
1
1
0
1
0
0
0
0
0
0
0
0
0
0
0
0
0
0
0
0
0
0
0
0
0
0
0
0
0
0
0
0
0
0
0
0
0
1
0
0
10
0
0
1
0
0
0
5
0
0
0
1
0
0
0
0
1
2
0
1
0
0
1
1
0
0
0
0
0
0
0
0
0
0
1
1
0
1
0
1
0
0
1
0
0
0
0
0
0
1
0
0
1
0
0
0
0
0
0
0
0
1
0
0
0
1
0
0
0
0
0
0
0
0
1
0
0
1
0
0
1
0
0
0
0
0
0
0
0
0
0
0
0
0
1
0
0
0
0
0
0
0
0
0
0
0
7
0
0
0
0
0
0
1
0
0
0
0
0
0
0
0
0
0
0
2
0
0
11
3
1
0
3
0
8
0
0
0
0
0
4
0
0
0
0
0
0
0
0
0
0
0
0
0
0
1
0
0
0
0
0
0
0
0
0
0
0
0
7
1
1
0
0
0
0
0
0
0
0
0
0
0
0
0
0
0
0
0
0
0
1
0
1
1
0
2
0
0
0
0
1
0
0
1
0
0
0
0
0
0
0
0
1
0
0
0
0
0
0
1
0
0
0
3
1
0
0
0
0
0
1
0
0
0
0
0
0
1
0
0
0
2
0
0
0
0
0
0
0
0
0
2
1
0
3
0
0
0
0
2
1
0
0
0
0
0
0
0
2
0
0
0
0
1
0
0
1
0
0
0
1
0
0
0
1
0
5
0
0
0
3
1
0
1
0
0
1
1
0
0
0
0
0
0
0
0
0
1
0
0
3
0
0
0
2
0
0
0
0
1
0
1
0
0
0
7
0
1
0
0
0
0
0
0
0
1
0
0
0
0
0
0
0
1
0
0
1
0
0
0
0
0
0
0
0
0
1
0
0
0
0
0
2
0
0
0
0
1
0
0
0
0
0
0
0
0
0
0
0
0
0
0
0
0
0
0
0
1
0
1
0
0
0
28
0
0
0
4
0
3
0
0
1
1
0
3
0
3
0
1
0
0
0
0
0
0
0
0
0
1
0
0
0
0
0
1
0
0
0
1
0
0
0
0
1
0
0
0
0
0
0
0
1
0
1
1
0
0
0
0
0
1
0
0
0
0
0
2
0
1
0
0
0
0
0
1
1
1
0
0
0
0
1
0
0
1
0
0
1
2
0
0
24
3
0
0
0
0
1
0
0
0
2
0
0
0
0
1
0
0
0
1
9
0
17
0
0
0
0
0
0
0
0
0
0
0
0
0
1
0
1
0
0
0
0
1
0
0
3
3
7
0
0
0
0
0
0
1
0
0
0
1
2
0
0
1
0
0
0
0
3
0
0
0
0
0
0
0
1
3
0
3
0
0
0
0
1
0
2
0
0
0
0
0
0
0
4
0
0
0
0
3
0
0
0
0
0
1
1
0
0
1
0
0
0
0
0
0
2
0
1
0
1
1
0
0
0
0
0
0
0
0
0
0
0
1
0
0
0
0
0
0
1
0
3
0
0
4
0
1
1
5
0
0
1
0
10
0
0
0
1
1
0
0
0
0
0
0
0
0
0
0
0
0
0
5
0
3
1
0
0
0
0
0
0
2
4
2
0
1
0
0
1
0
1
0
0
2
0
0
1
3
0
0
0
1
0
4
3
0
0
0
0
3
0
0
1
0
2
1
0
1
0
0
0
1
0
0
0
1
0
0
0
0
0
6
0
0
0
0
0
2
0
0
0
0
1
0
0
0
0
0
0
0
5
0
0
0
1
1
26
0
0
0
1
1
0
0
0
0
0
2
0
0
0
0
1
0
0
0
0
0
0
1
0
0
1
0
1
0
14
0
0
0
0
0
0
0
0
0
0
49
1
1
0
0
0
0
0
0
0
1
0
0
1
0
0
0
0
0
0
0
0
0
1
52
1
0
1
0
0
0
1
0
2
1
0
0
2
1
1
0
1
2
0
1
0
2
2
1
0
1
0
0
0
1
1
0
0
1
0
3
0
0
3
0
0
0
0
2
0
0
41
0
0
2
0
2
0
0
4
1
0
1
1
1
0
0
0
0
0
0
0
2
17
0
0
0
0
3
1
0
0
4
4
0
0
5
0
0
3
0
0
0
1
0
13
0
4
1
3
0
0
0
1
7
2
1
0
1
0
0
1
0
0
1
0
0
1
0
1
0
0
0
5
4
0
1
0
0
1
1
0
0
0
0
1
0
0
0
0
1
0
0
0
0
4
1
1
0
0
4
0
1
1
0
0
0
0
1
0
4
0
0
0
0
3
0
0
0
1
0
4
2
0
0
0
0
0
3
1
0
0
0
0
0
0
0
9
3
0
0
1
2
0
2
0
2
0
2
4
0
2
4
1
0
1
0
0
1
1
0
0
1
0
0
0
0
3
4
0
0
0
0
4
1
0
0
11
0
1
2
7
2
0
29
0
0
0
6
4
0
0
1
0
0
0
0
0
1
1
0
14
0
0
0
0
0
0
2
9
0
0
0
0
122
0
2
0
3
0
2
0
0
0
3
2
0
0
0
0
0
0
4
2
1
0
1
0
0
0
2
0
0
0
3
0
0
63
0
1
2
1
0
52
0
0
2
0
0
0
0
2
0
1
17
0
0
6
0
1
27
4
1
0
4
0
0
3
1
0
6
2
0
1
0
0
1
1
0
0
1
0
10
0
4
0
0
0
0
0
3
1
0
0
0
0
0
7
1
1
0
0
0
2
0
0
0
36
0
0
1
0
1
0
0
0
0
0
0
0
0
1
3
0
1
0
0
0
5
0
0
1
0
2
0
0
0
0
0
0
0
0
0
0
2
0
0
0
0
0
0
0
0
1
0
0
7
0
3
6
0
0
2
1
0
0
8
0
0
0
0
44
0
0
0
0
3
0
0
0
5
0
0
0
1
0
0
0
1
2
96
0
0
0
1
0
4
0
3
0
3
0
0
0
2
0
5
8
3
9
0
0
0
7
0
0
0
20
10
4
145
1
0
0
1
0
0
1
0
0
0
0
1
1
0
0
0
1
4
0
0
0
0
0
0
2
0
2
0
0
3
1
0
0
0
2
2
6
0
0
0
0
1
1
0
0
0
0
3
0
0
0
0
0
0
0
8
0
0
0
0
0
2
0
0
6
1
0
3
1
2
6
0
2
0
1
0
1
1
1
0
4
0
0
2
3
0
0
0
0
2
0
0
2
5
4
0
0
4
0
0
2
0
17
1
2
0
4
0
0
0
0
0
0
0
3
1
0
0
2
0
0
8
1
0
0
1
1
2
0
2
276
1
1
1
0
1
0
10
0
0
0
0
0
0
0
0
0
0
0
0
291
0
0
0
3
0
5
0
0
121
2
0
0
1
0
134
0
387
0
1
0
0
0
1
0
1
2
0
0
4
0
0
0
0
11
0
4
1
0
2
1
8
0
5
1
0
4
3
6
322
2
0
0
0
0
31
0
0
1
0
0
3
0
0
0
0
3
0
3
0
7
0
6
1
42
2
1
0
0
1
0
0
0
1
0
0
27
0
0
0
1
1
2
1
0
0
0
8
0
0
0
0
0
5
0
0
2
1
1
1
0
0
0
0
0
3
0
24
0
2
1
2
1
4
1
1
1
12
1
0
2
1
0
0
0
2
2
1
0
1
0
0
17
0
2
1
0
2
0
3
0
0
0
20
3
1
0
0
2
0
0
0
0
1
0
1
1
1
0
1
0
1
0
0
0
2
0
2
0
1
0
0
245
1
218
2
2
0
10
0
2
20
0
0
1
6
0
0
3
5
1
0
6
53
0
5
0
2
1
9
0
0
0
0
2
3
0
0
0
0
0
1
0
8
0
0
0
1
0
0
0
0
4
3
0
0
1
0
1
6
1
6
0
0
3
0
0
0
0
0
2
1
16
4
4
1
0
3
0
0
0
5
0
0
0
0
0
0
1
43
0
2
0
2
1
0
1
0
0
5
0
12
203
0
27
417
6
5
0
0
0
2
0
45
47
1
1
6
9
3
0
0
2
0
2
13
0
8
12
0
0
7
0
2
2
0
0
1
11
1
8
7
142
1
1
0
0
0
0
0
0
2
0
0
0
7
0
0
0
0
0
0
1
0
0
1
5
0
0
0
0
0
0
1
6
2
5
3
17
0
0
0
0
0
0
0
0
10
0
5
0
0
0
1
23
9
4
0
7
0
0
3
7
8
0
0
1
0
0
1
1
0
2
1
0
0
0
0
0
0
6
0
0
256
11
3
76
0
2
21
0
0
2
3
2
5
7
0
0
0
0
1
0
0
1
1
12
1
0
2
1
0
10
5
0
0
0
6
0
2
3
0
0
0
0
2
0
534
1
0
2
0
4
0
0
2
1
6
2
3
2
0
2
3
0
0
7
0
0
0
10
0
2
9
0
0
6
1
249
2
2
0
1
0
100
0
0
3
2
2
0
2
3
0
0
1
2
3
3
2
5
1
3
0
0
2
84
141
41
30
0
9
411
1
36
0
1
1
0
0
0
1
0
1
1
0
16
3
0
0
0
0
12
0
0
485
1
0
0
0
0
3
3
6
0
4
0
1
5
7
1
0
189
0
18
7
0
4
3
0
0
0
0
0
0
0
0
0
9
37
0
0
0
544
0
0
0
5
2
0
1
13
0
0
5
0
0
0
0
3
0
25
4
0
0
2
0
4
2
17
2
0
0
0
2
30
1
0
0
0
129
0
4
3
0
0
0
613
1
0
2
0
0
365
1
1
4
1
3
64
5
17
61
0
0
0
3
12
0
0
0
0
1
10
0
0
0
2
0
21
10
2
2
1
0
212
0
0
2
1
0
3
10
2
1
0
7
0
26
155
0
0
2
0
48
1
5
1
4
12
0
2
744
1
0
13
0
0
0
11
0
2
0
1
0
1
9
0
1
3
0
0
0
0
7
1
13
7
52
1
5
2
0
1
0
0
0
0
3
0
0
0
1
4
2
20
1
1
6
3
1
0
1
0
3
0
0
0
0
43
0
0
0
1
0
0
2
2
0
1
4
5
1
0
2
10
3
121
7
0
3
1
2
0
2
2
0
0
1
7
0
0
0
815
11
0
10
0
8
2
1
0
0
2
2
0
6
137
0
0
17
2
16
430
0
613
211
8
1
0
51
92
883
0
3
0
5
3
1
234
0
1
94
7
0
1
6
1
4
35
0
0
0
1
0
0
0
0
16
0
209
0
325
0
0
13
15
10
27
2
11
2
8
0
2
1
20
0
0
129
0
138
0
3
24
34
593
4
566
2
1
43
8
1
4
0
8
4
1032
6
17
2
0
0
521
0
586
1
0
5
3
3
0
3
0
1
119
121
2
1073
0
255
3
0
0
0
1
0
0
11
7
0
1
2
3
0
239
14
3
4
0
1
4
0
78
5
34
1
10
0
6
4
2
3
1
1
1
3
0
5
0
0
96
0
0
4
0
9
1
2
0
0
2
0
1
0
7
1
0
2
2
1
0
0
8
1
0
14
7
0
0
0
0
12
21
338
10
0
0
1
435
0
1
1
0
0
2
10
10
2
0
0
4
2
217
5
1
568
18
0
0
18
1
0
1
1
0
1
0
4
0
0
1
3
16
1
0
2
1
0
0
24
0
8
3
511
4
221
0
3
943
0
414
0
1
2
203
57
0
0
6
0
670
2
0
454
1
446
0
0
2
4
8
3
58
13
1
0
109
0
33
2
0
1
0
112
0
2
0
1
0
3
0
76
0
3
0
187
1
9
0
1
0
0
0
0
106
0
1
0
1
0
0
3
309
1
0
0
4
0
0
31
6
0
4
0
1
0
3
929
5
1249
0
9
1
0
1
5
1
375
1
28
3
3
0
1
3
2
308
3
0
16
6
10
0
0
0
0
5
6
1
8
12
19
0
129
2
473
2
28
1
1
3
0
0
10
0
1
38
2
0
1
0
1
0
45
246
1
0
1177
0
2
1
1
64
0
1
1
6
3
1
0
0
1
71
1
4
2
0
2
1225
0
0
0
21
7
0
1
0
12
0
179
10
1
3
1
1
0
1
0
0
4
41
0
6
0
12
2
1
1
0
0
1
479
0
1016
1
0
0
0
24
1
0
0
78
3
16
0
0
3
532
0
15
1
599
1
12
475
4
1
4
4
0
384
278
0
0
3
1
787
415
0
5
0
7
1
0
0
1
203
1
0
0
1
0
1
466
0
0
620
3
1
0
0
328
5
0
40
4
0
0
0
2
0
0
3
0
22
664
0
56
3
3
0
6
294
5
430
248
44
0
0
0
0
38
687
0
22
4
11
22
5
0
0
2
8
33
1
11
5
0
0
1
0
1
8
0
2
58
5
205
3
15
50
5
1
0
11
148
1
0
261
520
656
374
83
2
0
2
29
19
4
2
0
1
1
1
868
0
140
0
6
10
0
108
0
0
2
2
10
298
0
141
3
1
6
2
41
103
1
0
0
56
2
1331
0
2
1
19
17
22
62
14
1
0
0
7
0
103
14
0
0
0
0
31
335
110
5
0
171
5
230
4
3
8
1
0
343
0
0
60
524
0
0
0
383
0
0
23
0
1469
0
9
0
2
2
0
240
2
0
107
1
20
1544
0
3
6
63
1
7
6
264
2
0
0
1096
0
0
1
0
639
1593
0
0
1
30
181
0
5
62
0
4
10
2
0
123
0
1
0
7
1
239
2
0
1
13
0
22
2
1
0
0
60
0
6
60
383
30
1
6
0
12
7
335
1531
0
13
2
1
32
17
303
0
1
8
17
1
49
4
279
0
97
11
153
4
17
0
0
0
281
1
449
0
12
0
1
0
19
2
38
736
0
3
12
2
1162
3
114
58
450
1
1
0
136
50
14
240
0
3
86
992
0
7
1
3
3
1
167
0
2
58
6
571
1853
0
637
132
0
19
8
20
0
1
0
0
861
4
0
259
0
1
1
0
8
4
3
6
20
31
1
1
0
15
16
27
0
8
84
1748
1
1
1
573
15
0
191
9
0
1
0
2
28
0
7
562
3
12
0
1193
504
0
0
88
330
62
37
10
1
11
8
0
0
0
0
704
6
14
2
54
589
0
3
12
3
0
14
105
1
0
0
73
0
1
10
716
1
3
7
1
40
5
2
0
7
0
0
124
1
0
0
15
0
0
27
0
540
0
13
0
2
415
1
0
1
252
15
161
