0
0
0
0
0
0
0
0
0
0
0
0
0
0
0
0
0
0
0
0
0
0
0
0
0
0
0
0
0
0
0
0
0
0
0
0
0
0
0
0
0
0
0
0
0
0
0
0
0
0
0
0
0
0
0
0
0
0
0
0
0
0
0
0
0
0
0
0
0
0
0
0
0
0
0
0
0
0
0
0
0
0
0
0
1
0
0
0
0
0
0
0
0
0
0
0
0
0
0
0
0
0
0
0
0
0
0
0
0
0
0
0
0
0
0
0
0
0
0
0
0
0
0
1
0
0
0
0
0
0
0
0
0
0
0
0
0
0
0
0
0
0
0
0
0
0
0
0
0
0
1
0
0
0
0
0
0
0
0
0
0
0
0
0
0
0
0
0
0
0
0
0
0
0
0
0
0
0
0
0
0
0
0
0
0
0
0
0
0
0
0
1
0
0
0
0
0
0
0
0
0
0
0
0
0
0
0
0
0
0
0
0
0
0
0
0
0
0
0
0
0
0
0
0
0
0
0
0
0
0
0
0
0
0
0
0
0
0
0
0
0
0
0
0
0
0
0
0
0
0
0
0
0
0
0
0
0
0
0
0
0
0
1
0
0
0
0
0
0
0
0
0
0
0
0
0
0
0
0
0
0
0
0
0
0
0
0
0
0
0
0
0
0
0
0
0
0
0
0
0
0
0
0
0
0
0
0
0
0
0
0
0
0
0
0
1
0
0
0
0
0
0
0
0
0
0
0
0
0
0
0
0
0
0
0
0
1
0
0
0
0
0
0
0
0
0
0
1
0
0
0
0
0
0
0
0
0
0
0
0
0
0
0
0
0
0
1
0
0
0
0
0
0
0
0
0
0
0
0
0
0
0
0
0
0
0
0
0
0
0
0
0
0
0
0
0
0
0
0
0
0
0
0
0
0
0
0
0
0
0
0
0
0
0
0
0
0
0
0
0
0
0
0
0
0
0
0
0
0
0
0
0
0
0
0
0
1
0
0
0
0
0
0
0
0
0
0
0
0
0
0
0
0
0
0
0
0
0
0
0
0
0
0
0
0
0
0
0
0
1
0
0
0
0
0
0
0
1
0
0
0
0
0
0
0
0
0
0
0
0
0
1
0
0
0
1
0
0
0
1
0
0
0
0
0
0
0
0
0
0
0
0
0
0
0
0
0
0
0
1
0
0
0
0
1
0
0
0
0
0
0
0
0
0
0
0
0
0
0
0
0
0
0
0
0
0
1
0
0
0
0
0
0
0
0
0
0
0
0
0
0
0
1
0
0
1
0
0
0
0
0
0
0
0
0
0
0
0
0
0
0
0
0
0
0
0
0
1
0
0
0
0
0
0
0
0
0
0
0
0
0
0
0
0
0
0
0
0
0
0
0
0
0
0
0
0
0
0
0
0
0
0
0
0
0
0
0
1
0
0
0
0
0
0
0
1
0
0
0
0
0
0
0
0
0
0
0
0
0
0
0
0
0
0
0
0
0
0
0
0
0
0
0
0
0
1
0
0
0
0
0
0
0
0
0
0
2
0
0
0
1
0
0
1
0
0
0
0
0
0
0
0
0
0
0
0
0
0
1
0
0
0
0
1
0
0
0
0
0
0
0
0
1
0
1
0
0
0
0
0
0
0
0
0
0
0
0
0
0
0
0
0
0
0
0
0
0
0
0
0
0
0
0
0
0
0
5
0
0
0
0
0
0
0
0
0
0
0
0
0
0
0
0
0
0
0
0
0
0
0
0
0
0
0
0
0
0
0
0
0
0
0
0
0
0
0
0
0
0
0
0
0
0
0
0
0
0
0
0
0
0
1
0
0
0
0
0
0
0
0
0
0
0
0
0
0
0
2
2
0
0
0
0
0
0
0
0
0
0
0
0
0
0
1
0
0
0
0
0
0
0
0
0
0
0
0
0
0
0
0
0
0
0
0
0
0
2
0
0
0
0
0
0
0
0
0
3
0
3
0
1
0
0
0
0
0
0
1
0
0
0
0
0
0
0
0
0
0
0
0
0
0
0
0
0
0
0
0
0
0
0
0
0
0
0
0
0
1
0
0
0
0
0
0
0
1
0
0
0
1
1
0
0
0
0
1
0
0
0
0
0
0
0
0
0
0
0
0
1
0
0
0
0
0
1
0
0
0
0
0
0
0
0
0
0
0
0
0
0
0
1
0
0
0
0
0
0
0
0
0
0
3
0
0
0
1
0
0
0
0
0
0
0
0
0
0
0
0
0
0
1
0
0
0
0
0
0
0
0
1
1
0
0
0
0
0
0
0
0
0
0
0
0
0
0
0
0
0
0
0
0
0
0
0
0
0
0
0
0
0
0
1
0
0
0
1
0
0
0
0
0
0
0
0
0
0
1
0
0
0
0
0
2
0
0
0
0
0
0
0
0
0
0
0
0
0
1
0
0
0
1
1
1
2
1
0
0
1
0
0
0
0
0
0
0
0
1
2
0
0
0
0
0
0
0
0
0
0
0
0
1
0
0
0
0
0
0
0
0
0
0
0
0
0
0
0
0
0
1
0
0
0
0
0
0
0
0
0
0
0
0
0
0
0
0
0
0
0
0
0
0
0
0
1
0
0
0
0
0
0
0
1
0
0
0
0
1
1
0
0
0
0
0
1
0
0
0
0
0
0
1
0
0
0
0
0
0
0
0
0
0
0
0
0
1
0
0
0
1
0
0
1
0
0
1
0
0
0
0
0
0
0
0
0
0
0
0
0
0
0
0
0
0
0
0
0
0
0
0
0
0
0
1
1
0
0
0
0
0
0
0
0
0
0
0
0
0
0
0
1
0
1
2
0
0
0
0
0
0
0
0
1
0
0
0
0
0
0
1
0
0
1
0
0
0
0
0
0
0
0
0
0
0
1
0
0
0
1
1
0
0
0
0
1
0
0
0
0
0
0
0
0
0
0
0
0
0
1
0
1
0
0
0
0
3
0
0
1
0
0
1
0
0
0
0
1
0
0
0
1
0
0
0
0
0
0
4
0
1
0
0
0
1
0
0
0
1
0
0
0
1
0
1
0
0
0
0
0
1
0
0
0
0
0
0
0
1
0
0
0
0
0
0
0
0
0
0
0
0
0
0
1
0
0
0
0
0
1
0
2
0
3
0
0
0
0
1
0
0
0
0
0
0
0
0
0
0
0
0
0
0
0
0
0
0
0
1
0
0
0
0
3
0
0
4
0
0
0
0
1
0
0
0
0
0
0
0
0
0
0
0
0
0
1
0
0
0
0
0
0
0
1
0
0
0
0
0
0
0
0
0
0
0
0
0
0
0
0
1
0
0
0
0
0
0
0
0
0
0
0
1
0
0
1
0
0
0
0
1
0
0
0
0
0
0
1
0
0
0
0
0
0
0
0
0
1
1
0
0
0
0
0
0
1
1
0
0
0
0
0
0
0
1
0
0
0
1
1
3
0
0
0
0
0
0
0
0
0
0
0
0
0
0
0
0
0
0
0
0
0
0
0
0
0
0
1
0
0
0
0
0
0
0
0
0
0
0
0
0
1
0
0
0
0
0
1
2
3
0
0
0
0
0
0
0
0
0
0
0
0
0
1
0
1
1
0
0
0
0
0
0
0
0
0
0
0
0
0
0
2
0
0
0
4
0
0
0
0
0
0
0
0
0
0
0
2
1
0
0
0
0
0
0
0
0
0
1
0
0
5
0
0
0
0
0
0
0
1
0
0
0
0
0
0
0
0
2
0
1
0
0
1
0
0
0
0
0
0
0
0
0
0
2
0
0
0
0
0
0
0
0
0
0
0
0
0
0
0
0
0
0
3
0
1
0
0
0
0
0
0
0
0
0
1
0
0
0
0
1
0
0
11
1
0
0
1
0
0
0
0
0
2
0
0
0
0
1
0
0
0
0
0
1
0
0
0
0
0
0
0
0
0
0
0
0
0
0
0
0
0
1
0
0
0
1
0
0
0
0
0
0
0
0
0
0
0
0
2
0
0
1
0
0
8
0
3
7
2
0
0
0
0
0
0
0
0
0
0
0
0
0
0
0
0
0
0
0
0
1
1
0
0
0
0
3
3
0
0
0
0
0
0
3
0
0
0
0
0
0
0
1
0
0
0
0
1
1
0
0
0
2
7
0
5
1
0
0
0
0
0
1
5
0
1
0
0
1
0
0
0
0
0
0
0
0
0
0
3
0
0
0
1
0
1
0
0
0
0
0
2
0
1
0
1
0
0
0
1
0
0
0
1
0
0
2
0
0
0
1
1
0
0
0
0
1
0
0
0
2
0
0
0
0
1
0
0
0
3
0
0
0
0
0
0
0
0
0
0
0
0
1
3
0
0
0
0
0
0
0
0
0
0
0
0
0
0
0
0
0
0
1
3
0
0
0
0
0
1
0
0
0
0
0
0
0
0
1
0
0
0
0
0
0
0
0
0
0
0
1
0
0
1
0
0
1
0
0
0
0
0
0
0
0
0
2
0
0
0
0
0
0
3
0
1
0
0
3
0
0
9
0
0
0
0
3
0
0
0
1
0
0
0
1
2
0
1
1
0
2
1
0
0
0
0
0
0
2
0
0
0
0
1
0
0
0
0
0
2
0
0
0
0
0
0
0
0
2
0
2
0
0
5
0
0
0
0
0
0
0
0
0
1
0
0
0
0
0
5
0
0
0
0
0
0
0
2
0
0
3
1
0
0
0
0
0
0
0
0
0
0
0
0
4
0
2
0
0
2
0
0
0
1
0
0
0
0
1
0
0
3
0
0
0
0
0
3
0
0
0
0
0
1
0
0
0
0
0
6
0
0
0
0
0
0
1
0
0
0
0
0
2
0
0
0
0
1
0
0
0
1
3
0
0
0
0
6
2
0
0
0
0
0
0
0
0
1
0
1
0
0
1
0
0
0
0
0
0
0
0
0
0
0
0
0
0
0
1
1
0
0
0
1
0
0
0
0
0
0
0
0
2
0
0
1
0
0
6
0
1
3
0
0
0
0
0
0
4
0
0
0
0
1
0
2
1
1
0
0
0
0
0
0
0
3
0
2
0
0
1
2
1
0
0
2
1
0
0
0
0
0
4
1
0
1
0
0
2
0
0
0
0
0
0
0
0
0
1
2
0
0
0
0
0
0
0
0
0
0
0
0
0
0
0
0
1
1
0
1
0
0
0
0
0
0
0
0
0
0
0
1
0
0
1
1
0
0
1
0
0
0
0
0
1
0
5
0
0
1
0
0
0
1
0
0
1
1
1
0
0
1
0
0
0
0
0
1
2
2
2
0
1
0
1
0
0
0
0
0
0
0
0
0
0
0
2
0
1
0
4
0
0
0
1
0
1
1
2
0
2
0
0
0
0
4
0
0
0
1
0
1
0
0
0
0
1
0
1
0
1
2
0
0
0
0
0
0
0
1
1
1
0
0
1
0
0
0
0
0
1
1
0
1
1
0
0
0
0
1
1
0
0
1
0
5
0
0
0
0
1
0
0
1
0
2
0
0
0
6
0
0
0
0
1
0
0
0
0
0
0
0
0
1
0
0
1
0
0
0
0
0
0
0
3
4
0
0
0
0
1
0
0
9
2
0
5
0
0
1
1
5
0
0
4
0
0
1
2
1
0
1
1
13
1
0
0
0
0
0
4
4
0
0
0
0
0
0
0
0
0
0
0
0
3
0
0
0
0
2
0
2
2
0
0
0
0
0
1
0
0
0
1
0
0
0
0
0
0
0
0
0
0
0
0
0
0
0
0
1
0
0
0
0
5
0
1
1
0
11
1
1
0
0
1
1
0
0
0
0
2
0
0
4
1
0
0
3
1
0
0
0
3
1
1
0
0
0
2
0
0
0
0
0
0
0
1
7
0
0
0
1
0
0
0
0
2
0
1
0
0
2
0
1
0
0
0
0
0
0
0
1
1
1
0
0
0
0
0
2
0
0
1
0
0
0
0
1
0
1
1
0
0
0
2
1
4
0
0
0
3
0
0
9
0
0
0
2
0
0
0
0
11
0
0
0
0
1
4
0
7
1
0
0
1
2
0
0
0
0
5
0
0
0
0
0
0
0
0
0
0
0
0
0
0
1
1
0
0
2
0
0
0
0
3
0
0
0
0
0
0
6
0
0
0
1
0
0
0
1
0
0
0
1
1
3
1
1
0
0
0
1
1
0
0
1
0
1
0
0
0
0
1
0
0
1
3
0
0
0
1
0
0
2
0
0
0
0
1
0
0
0
4
0
0
0
0
2
2
3
0
0
0
0
7
0
0
1
0
0
1
0
8
2
0
0
0
0
0
0
0
0
0
0
0
1
0
0
0
0
1
2
1
0
5
0
0
0
0
0
0
0
1
5
1
0
1
1
0
0
0
0
0
2
0
1
0
0
5
0
0
0
0
1
4
2
0
0
0
0
0
3
3
0
0
0
0
0
1
0
1
2
0
1
0
0
0
0
0
0
2
0
1
0
1
0
0
0
6
0
0
0
0
4
0
1
2
1
0
0
0
0
4
1
2
0
0
6
0
0
0
1
0
0
1
0
2
0
5
0
0
1
0
0
0
0
4
0
0
3
0
0
2
1
0
0
0
0
3
0
0
0
0
0
0
4
0
0
0
0
0
0
0
0
0
0
0
0
0
0
0
0
0
3
0
1
0
0
0
0
0
0
0
1
0
1
0
1
1
0
0
3
1
0
3
0
1
0
0
0
2
0
0
6
0
5
0
0
0
4
0
1
0
0
0
1
1
1
1
0
1
4
0
1
0
0
1
0
0
5
0
0
1
2
2
4
0
2
0
0
0
8
0
3
0
0
4
2
0
1
0
1
6
0
1
1
0
4
1
0
0
1
2
0
0
0
0
0
1
2
6
2
0
3
3
0
0
2
0
0
0
0
0
0
0
0
3
13
0
0
1
0
0
0
0
6
0
0
0
0
3
0
0
0
3
0
2
3
0
2
1
1
0
0
0
0
1
0
0
0
0
0
0
0
4
1
0
1
3
0
1
0
1
11
0
0
0
1
3
0
2
0
0
0
2
0
0
0
0
0
0
0
1
0
0
0
1
0
38
0
0
0
2
0
0
1
1
1
0
0
6
0
0
0
2
0
0
0
0
0
1
1
0
0
0
0
0
0
0
0
1
0
2
3
1
3
2
0
0
0
0
1
4
1
0
1
0
0
1
0
0
0
0
0
0
28
3
1
0
0
0
0
0
0
0
0
0
1
2
0
2
0
0
0
0
2
4
0
0
1
2
1
0
0
0
1
2
3
0
0
1
1
0
0
5
0
0
0
11
0
4
0
0
2
2
0
0
0
0
0
0
0
1
0
97
1
0
0
0
1
0
3
0
1
2
1
0
1
1
0
0
0
0
1
2
0
12
1
0
0
0
0
1
0
2
0
0
0
2
1
3
0
2
0
0
2
0
0
0
3
0
1
1
0
0
0
0
0
1
1
1
0
1
0
1
0
0
0
0
0
0
0
1
0
1
0
0
1
1
1
0
0
0
1
0
0
0
2
1
0
2
0
0
0
0
0
9
0
0
2
0
0
0
1
2
0
0
6
0
0
0
1
0
1
0
0
3
2
0
0
0
0
2
0
0
0
1
0
3
1
1
1
0
0
0
11
0
0
0
1
0
0
1
0
2
0
0
1
1
0
0
0
0
0
49
0
0
2
0
0
0
4
1
1
0
0
1
0
0
0
4
19
0
0
1
1
0
3
3
0
0
0
0
0
1
0
0
0
0
15
1
0
4
0
0
0
3
3
0
0
3
0
0
5
0
0
1
3
1
0
0
0
0
0
0
0
0
0
1
2
0
0
3
0
0
0
0
0
1
0
64
1
3
0
0
0
1
0
0
0
2
0
0
0
0
0
0
1
0
10
1
0
0
0
2
0
1
1
3
0
0
3
2
1
0
0
0
0
4
0
0
0
2
1
1
1
2
5
0
0
2
0
2
1
0
1
1
0
0
0
0
0
1
0
0
4
0
4
0
1
0
0
0
0
0
0
0
0
0
3
1
4
0
0
2
1
0
2
9
0
0
1
4
1
13
1
0
0
5
1
0
0
0
10
0
10
4
0
0
1
1
0
5
0
1
4
0
1
0
9
0
0
2
0
1
0
0
1
11
3
1
0
2
4
1
0
0
1
0
0
1
0
0
1
1
0
1
0
1
0
0
1
2
4
1
0
0
0
0
0
0
0
0
2
1
7
1
3
0
0
0
7
0
2
0
11
0
0
1
6
0
1
1
0
0
4
0
2
10
2
0
3
0
0
0
0
0
0
1
0
0
0
0
0
0
2
4
4
0
0
1
1
0
1
0
0
0
0
1
1
0
0
0
13
8
0
8
8
8
0
0
0
0
0
0
0
2
0
3
13
1
2
0
0
0
2
0
0
0
0
0
0
1
0
0
0
2
0
3
0
0
2
0
0
1
1
2
3
1
1
11
0
11
0
0
1
4
0
0
0
1
6
0
0
4
0
0
0
0
9
0
0
0
19
1
2
0
3
7
0
1
0
0
1
0
1
3
38
0
0
0
1
0
0
0
0
0
0
0
0
2
0
0
8
0
0
0
0
0
0
0
0
1
2
0
0
0
1
0
0
2
0
1
3
0
6
5
0
1
0
0
0
0
0
2
0
0
1
0
1
0
1
3
0
2
0
2
1
0
0
9
0
2
3
0
0
10
0
1
0
9
0
0
0
1
0
0
1
0
0
0
0
0
0
3
1
1
1
0
4
0
1
3
0
0
1
0
0
1
0
0
1
0
0
2
0
0
4
1
0
0
3
0
5
4
11
1
0
0
11
0
0
0
6
0
1
6
1
0
0
5
0
0
0
0
0
2
0
0
0
1
0
0
4
0
0
0
0
0
0
3
2
0
2
8
0
0
0
2
2
0
0
0
0
0
0
0
1
1
2
2
3
31
2
7
1
6
0
0
7
4
0
0
0
3
0
0
0
0
2
1
0
1
4
0
0
1
9
0
0
1
1
0
0
1
1
0
0
0
0
0
0
4
0
3
2
0
0
0
6
1
0
0
2
0
6
0
0
0
0
2
0
67
0
0
0
0
0
0
11
2
0
0
6
4
5
2
1
0
0
0
2
2
0
0
38
0
1
0
0
0
3
0
0
0
0
0
1
0
0
1
0
1
1
0
0
0
0
0
1
0
1
35
0
2
112
9
0
1
2
1
2
0
1
1
0
0
3
0
0
0
3
4
0
3
0
2
49
0
1
3
0
0
0
0
1
1
0
0
1
0
0
0
2
2
13
0
3
0
2
1
0
7
1
0
0
0
0
195
1
5
1
0
0
1
0
3
0
14
3
0
0
1
0
0
2
1
6
1
1
9
0
0
1
2
0
7
0
17
0
3
0
1
5
0
0
1
3
0
0
1
0
0
0
51
0
0
0
0
1
31
0
1
0
0
0
1
0
8
4
4
2
0
0
1
3
0
0
2
0
16
0
0
0
0
0
5
1
109
1
2
0
1
0
1
1
0
1
1
0
3
1
0
0
2
0
0
0
0
96
16
0
2
0
0
0
6
0
0
0
2
0
0
1
0
1
0
1
3
0
3
1
0
0
5
1
8
0
0
2
0
2
0
2
0
0
0
1
0
1
0
0
0
0
1
1
1
0
5
4
1
0
0
0
0
0
1
0
0
0
44
3
0
0
0
3
1
0
1
2
0
0
0
0
5
2
0
0
0
0
1
1
2
11
167
53
0
1
0
0
0
5
57
0
0
2
7
10
1
2
0
0
7
62
0
2
2
0
0
1
0
0
0
1
2
1
0
2
8
0
0
0
0
0
0
2
0
0
4
1
293
2
21
2
1
0
0
1
0
0
0
4
0
3
2
0
0
0
0
2
1
0
1
0
4
2
1
1
1
10
1
0
0
1
13
0
0
0
0
0
0
1
0
5
1
0
1
0
0
0
2
0
1
0
0
0
0
0
1
0
0
0
0
10
1
2
0
0
0
6
0
0
0
0
11
8
7
1
0
0
0
0
0
41
67
3
6
3
0
0
1
0
0
0
3
30
0
0
1
0
1
5
10
3
0
1
0
0
1
1
0
0
2
0
0
0
0
0
0
0
3
4
41
1
0
3
1
0
1
16
4
1
0
0
0
48
2
16
0
1
6
0
2
0
2
3
0
11
23
0
4
0
0
0
2
0
16
4
1
1
0
1
0
0
25
0
0
0
1
1
4
2
1
2
0
4
0
3
0
2
0
1
0
6
0
0
6
0
0
0
1
15
5
0
1
3
0
0
3
0
1
5
0
0
0
205
12
0
0
1
4
47
6
3
1
1
0
0
0
0
1
77
0
3
3
1
1
2
8
0
0
149
7
0
26
1
1
8
5
3
0
64
0
0
0
2
0
1
0
0
0
4
0
0
7
5
3
0
0
1
0
1
0
217
1
0
0
6
0
0
1
1
0
1
1
0
0
1
8
0
1
0
0
24
0
0
0
12
0
0
0
2
5
0
1
0
0
3
0
5
0
430
0
0
0
0
0
0
1
14
2
0
0
0
0
5
18
5
2
18
2
3
11
6
0
359
0
1
1
0
0
0
0
0
0
2
8
0
0
0
9
17
5
0
0
12
0
2
2
0
0
0
1
1
19
0
2
10
0
0
1
1
11
5
8
0
2
0
1
1
3
1
0
0
0
0
0
20
2
0
0
0
0
3
0
0
0
5
0
0
22
0
1
10
1
1
15
0
1
1
5
1
0
4
0
0
0
1
0
0
0
0
1
1
3
3
0
64
0
394
15
1
1
5
2
0
0
0
2
0
0
31
0
0
3
0
2
0
2
1
1
27
0
0
0
3
2
0
1
0
0
1
0
0
45
5
1
0
0
1
60
20
1
2
0
0
4
12
334
0
0
0
0
1
2
3
0
2
3
0
0
0
0
0
0
0
2
0
7
1
69
1
0
258
0
0
2
0
0
13
0
0
0
3
1
1
0
0
4
0
0
1
36
0
0
0
0
0
4
0
5
0
4
0
0
0
0
107
0
1
4
8
3
6
6
10
4
0
1
5
17
1
0
0
5
0
18
3
0
0
2
8
4
1
0
1
3
1
2
0
3
0
0
0
0
2
43
27
0
0
8
0
0
0
0
0
8
0
4
1
0
61
6
7
8
0
0
54
9
0
2
2
0
0
0
0
27
13
4
4
1
0
0
0
0
0
0
20
0
0
0
1
0
1
0
2
0
8
0
0
0
1
0
0
1
5
0
2
1
0
0
1
0
2
1
0
0
0
0
6
0
0
0
5
6
0
4
0
20
33
19
2
0
10
0
0
5
0
0
56
0
1
0
0
1
1
0
1
1
0
4
0
96
1
545
0
0
1
8
14
0
5
2
1
0
7
0
5
0
2
1
1
0
0
21
0
6
460
15
0
2
1
0
0
2
1
0
2
0
2
27
19
0
1
5
5
0
4
14
3
25
3
0
1
4
0
5
1
0
0
200
1
1
0
0
0
0
37
18
0
6
0
1
0
0
0
1
0
0
1
15
3
3
0
0
57
3
0
0
1
64
2
0
1
0
390
0
7
1
19
0
2
30
0
0
69
0
0
0
1
23
7
5
1
1
1
0
0
0
2
0
0
37
0
3
0
0
41
10
214
10
0
5
0
0
1
0
1
4
0
0
0
0
35
0
1
0
3
0
9
0
0
1
0
1
0
1
2
0
0
2
0
0
0
0
0
0
9
0
0
0
0
0
0
0
0
0
0
2
3
1
40
0
2
5
7
0
0
6
0
1
18
1
0
57
0
1
2
0
0
0
0
0
5
3
0
0
3
6
0
0
0
1
19
2
16
1
0
1
0
0
0
0
72
0
0
0
0
4
3
0
0
0
0
0
0
1
1
0
648
0
1
0
39
1
0
3
3
13
0
3
0
8
4
0
6
1
6
2
455
1
1
0
0
6
0
0
0
484
0
1
3
0
6
1
6
0
1
7
0
0
1
53
0
2
0
10
9
0
4
0
1
11
45
10
88
0
0
731
0
2
0
6
0
2
3
17
0
0
2
0
0
2
4
16
0
1
40
65
3
0
0
0
2
2
1
0
0
1
0
0
2
0
126
0
0
4
1
0
2
2
100
187
2
1
0
7
1
0
54
66
1
2
1
2
2
29
0
0
0
0
0
0
0
0
1
2
0
0
0
1
0
0
0
0
0
3
0
24
0
0
545
0
1
3
41
0
570
0
4
1
1
1
0
0
3
10
3
0
0
2
5
187
0
546
1
1
8
0
0
0
1
1
0
0
0
0
3
1
315
47
2
0
20
18
9
1
6
1
0
1
0
0
2
2
0
1
1
5
0
3
0
10
0
5
0
0
5
0
1
171
0
883
0
1
3
17
3
1
249
1
0
0
30
0
0
0
1
2
0
0
1
1
725
0
3
12
200
7
0
10
0
0
0
0
4
0
0
9
0
3
3
0
1
0
2
0
0
5
4
3
0
0
0
0
11
1
1
0
8
0
0
0
0
2
0
0
0
0
13
0
9
0
0
1
8
7
7
477
0
281
0
5
0
6
8
0
10
10
1
0
0
1
5
1
0
1
1
1
0
0
57
1
10
1
41
0
3
5
2
3
30
0
3
5
0
3
0
3
0
0
0
0
20
83
2
4
3
3
4
6
215
27
1
6
2
3
0
0
27
197
3
7
73
0
0
0
2
1
1
0
21
1
0
0
0
3
3
3
0
10
11
0
1
0
0
0
864
6
382
0
16
0
5
1
2
0
0
0
1
0
0
1
0
3
1
0
0
0
0
0
37
0
0
1
0
0
10
7
12
11
1
0
4
1
701
7
2
27
7
4
1079
0
965
4
0
3
1
14
1
4
3
958
0
0
44
9
9
0
1
229
1
4
0
918
1
0
0
0
371
1
1
0
1
1168
0
0
0
2
0
7
15
2
7
0
6
2
7
0
7
1094
1
0
2
5
11
13
4
1
17
1
1
0
1
2
52
0
16
0
0
0
4
0
0
135
0
1
3
3
0
0
0
0
2
0
0
52
0
6
0
1
0
0
325
40
0
1
17
96
0
2
0
2
3
36
2
3
4
0
1
11
0
6
1
4
0
6
17
0
39
0
2
0
0
0
0
0
1
0
891
3
28
1
5
0
2
0
0
6
0
12
0
0
0
0
9
0
1
2
1
5
0
0
0
0
1
8
0
0
6
0
2
10
0
0
0
7
5
1
0
0
0
10
18
0
0
147
2
3
58
0
5
15
86
6
0
69
0
68
0
0
0
17
1
2
0
3
0
1
0
0
4
1
0
4
0
0
54
0
0
0
94
23
8
6
12
8
232
2
5
6
1
18
0
0
2
0
4
0
52
0
0
2
2
1
4
15
17
0
0
0
4
13
13
1
0
1
0
0
0
3
2
0
0
0
1
0
10
1
1
15
10
0
1
2
0
1
1
0
0
1
130
4
1324
1
5
0
1449
0
283
0
0
134
3
16
0
2
0
1
2
5
175
37
33
2
2
1
4
0
0
8
114
1
0
2
0
1
28
2
0
0
76
0
1
27
4
1
53
7
0
0
0
1
0
5
1
0
19
340
2
0
96
1
1363
3
1
0
0
3
36
2
3
0
18
15
0
0
1
0
7
98
0
0
0
0
1327
18
0
7
0
0
0
26
357
2
0
2
6
78
73
774
26
0
13
0
0
10
1
0
31
0
0
2
15
18
20
1
0
4
0
35
0
1
0
7
42
0
2
16
5
65
1
0
0
0
0
988
7
0
1
283
1
41
0
0
5
960
0
0
0
0
3
456
0
81
5
1
1
31
2
5
14
5
0
17
7
3
3
3
14
10
0
1
0
953
2
0
1
4
1
3
3
0
2
1
0
5
5
598
0
0
17
0
1
2
551
0
22
25
438
2
0
0
5
0
0
1
1244
0
3
5
33
0
332
47
4
1446
0
1
0
3
0
12
0
0
0
2
1
133
0
1
1
12
0
1
9
0
0
0
0
36
2
1
0
127
1
25
2
6
0
0
24
0
0
2
0
30
0
0
1
0
12
0
0
1
2
5
0
1
2
0
0
2
1
12
2
1
2
26
0
0
0
1
0
6
2
22
0
0
2
16
1
0
18
0
0
4
6
15
0
1
9
29
937
0
3
9
6
757
1
0
2
0
0
0
0
1
42
0
4
691
2
1641
391
2
2
1075
0
477
0
0
0
0
1
11
0
7
0
1
0
37
1267
0
0
5
0
0
17
37
0
0
355
5
46
0
5
496
0
0
0
3
0
35
12
455
0
1980
0
2
0
6
2
100
3
2
0
1
418
4
0
1224
0
15
14
2
0
9
30
45
0
3
6
3
69
12
3
7
0
1032
57
0
2
26
1
799
8
0
33
4
53
0
6
6
0
2
2091
3
138
0
7
0
101
0
0
0
0
1
0
0
11
0
2
0
5
25
3
7
1
2
0
0
0
0
0
0
0
0
2
0
6
84
0
3
0
0
0
1
10
2
2
2
0
1
3
13
2
0
19
1
0
1
1941
0
0
18
4
0
1
8
16
7
0
0
5
0
2159
0
0
1
49
0
6
173
113
2
1
9
6
1
0
1
160
0
3
0
5
0
1458
55
4
32
0
1
136
3
1
9
27
785
14
21
0
0
140
2
0
3
4
0
0
4
0
22
0
18
106
18
2
0
30
3
24
0
1
21
2047
19
1
0
0
3
1
0
0
12
9
1
0
0
0
0
0
2063
2
3
1
958
2
0
7
6
1
2
0
1
10
0
61
0
5
2
0
9
0
0
4
1
2
1
0
0
2146
70
561
1
0
517
2
2121
1
19
967
1
2387
3
11
0
1
0
14
2
15
15
5
16
42
1
1
0
1
0
0
19
3
1
6
0
7
49
0
5
844
2
5
1
0
27
2
2
0
5
10
0
2
51
1
0
0
0
31
6
2
29
33
0
2
3
25
0
0
0
232
645
1
56
7
1
1640
1
0
2
1015
45
0
4
945
0
0
0
0
0
0
57
5
2298
0
0
0
11
2
0
35
1
1
25
7
0
0
1
1
2
107
0
0
92
5
0
0
0
5
3
6
2544
0
3
0
9
0
9
0
0
12
62
13
5
1
1
1
7
19
0
0
0
2663
20
11
630
403
2
5
44
0
0
843
9
2
0
1125
1
1
4
0
286
1
0
0
0
6
0
116
0
144
1
16
7
0
0
30
1
38
6
0
0
0
0
3
5
2
323
233
6
1132
71
0
0
136
447
0
3
0
0
0
26
258
0
2
1
0
3
220
40
11
39
1
1
0
2
12
2159
8
2978
3
1465
0
29
92
1
0
10
1247
0
0
32
4
0
3
2
129
6
20
5
3
2857
0
0
0
41
5
386
0
2
24
6
10
9
1
17
1
3
0
0
2601
0
2965
6
0
13
0
1761
980
0
1584
102
162
0
1
2048
5
2
29
477
1
6
1310
0
1
0
1
0
2478
2
1
1176
0
0
2
3
1117
2
1
7
1
2049
0
506
7
7
0
2
1
29
2863
2
0
1098
3
1
59
594
1989
8
66
78
826
1573
0
3
2
3
843
537
5
84
2
0
403
16
0
1560
3
3060
25
9
1
0
0
37
43
28
0
1
288
0
10
0
2
15
365
4
14
4
880
81
3
13
4
5
5
3
2
0
27
287
15
0
1606
23
839
0
