0
0
0
0
0
0
0
0
0
0
0
0
0
0
0
0
0
0
0
0
0
0
0
0
0
0
0
0
0
0
0
0
0
0
0
0
0
0
0
0
0
0
0
0
0
1
0
0
0
0
0
0
0
0
0
0
0
0
0
1
0
0
0
0
0
0
0
0
0
1
0
0
0
0
0
0
0
0
0
0
0
0
0
0
0
0
0
0
1
2
0
0
1
0
0
0
0
1
0
0
0
1
0
1
0
0
8
5
0
0
0
4
5
3
0
1
0
0
2
0
0
0
1
0
4
0
9
2
0
0
1
4
0
1
4
0
0
0
1
0
1
0
0
0
0
0
1
0
4
1
1
0
0
1
0
0
1
0
0
0
1
1
0
0
1
1
2
1
0
0
0
2
0
5
1
0
1
6
19
1
1
1
0
0
3
0
1
0
0
1
2
0
1
0
53
0
0
0
11
0
1
0
4
22
0
11
3
0
0
0
3
0
0
5
3
3
0
0
0
0
1
0
1
0
0
0
0
0
0
0
0
0
0
5
2
0
0
4
9
0
2
0
0
5
1
0
0
0
0
0
0
0
1
1
0
0
1
1
2
13
5
0
3
0
0
0
5
0
0
0
0
7
40
13
0
5
0
16
164
24
7
2
0
7
4
3
0
15
0
2
0
5
3
0
1
0
7
1
0
31
14
1
7
1
8
0
8
0
61
111
7
1
6
3
1
0
0
2
134
0
1
0
0
120
0
0
1
132
16
224
4
10
36
28
291
280
0
0
1
2
0
7
0
1
263
7
207
9
1
44
0
1
0
0
