0
0
0
0
0
0
0
0
0
0
0
0
0
0
0
0
0
0
0
0
0
0
0
0
0
0
0
0
0
0
0
0
0
0
0
0
0
0
0
0
0
0
0
0
0
0
0
0
0
0
0
0
0
0
0
0
0
0
0
0
0
0
0
0
0
0
0
0
0
0
0
0
0
0
0
0
0
0
0
0
0
0
0
0
0
0
0
0
0
0
0
0
0
0
0
0
0
0
0
0
0
0
0
0
0
0
0
0
0
0
0
0
0
0
0
0
0
0
0
0
0
0
0
0
0
0
0
0
0
0
0
0
0
0
0
0
0
0
0
0
0
0
0
0
0
0
0
0
0
0
0
0
0
0
0
0
0
0
0
0
1
0
0
0
0
0
0
0
0
1
0
0
0
0
0
0
1
0
0
0
0
0
0
0
0
0
0
0
0
0
0
0
0
0
0
0
0
0
0
0
0
0
0
0
0
0
0
0
0
0
0
0
0
0
0
0
0
0
0
0
0
1
0
0
0
0
0
0
0
0
0
1
0
0
0
0
0
0
1
0
0
0
1
0
0
0
0
0
0
0
0
0
0
0
0
0
0
0
0
0
0
0
0
0
0
0
0
0
0
0
0
0
0
0
0
1
0
0
1
0
0
0
0
0
0
0
1
0
0
0
0
0
0
0
0
0
0
0
0
0
0
0
0
0
0
0
0
0
0
0
0
0
0
0
1
0
0
0
0
1
0
0
0
0
0
0
0
0
0
0
0
0
0
0
0
0
0
0
0
0
0
0
0
0
0
0
0
0
0
0
0
0
0
0
0
1
0
0
0
0
0
0
0
0
0
0
0
0
0
0
0
0
0
1
0
0
1
0
0
0
0
0
0
0
0
0
0
0
0
1
0
0
0
0
0
0
0
0
0
0
0
1
0
0
0
0
0
1
0
0
0
0
0
1
0
0
0
0
0
0
0
0
0
0
0
0
0
0
0
0
0
0
0
0
0
0
0
0
0
0
0
0
0
0
0
0
0
0
0
0
0
0
0
0
0
0
0
0
0
0
0
0
0
0
0
0
0
0
0
0
0
0
0
0
0
0
0
0
0
0
0
0
0
0
0
0
0
0
0
0
0
0
0
0
0
0
0
0
0
0
0
0
0
0
0
0
0
0
0
0
1
0
0
0
0
0
0
0
0
0
0
0
0
0
0
0
0
0
0
0
0
0
0
0
1
0
0
0
1
0
0
0
0
0
0
0
0
1
0
0
0
0
0
0
0
1
0
0
0
0
0
0
0
0
0
0
0
0
0
0
0
0
0
0
0
0
0
0
0
0
0
0
0
0
0
0
0
0
0
0
0
0
0
0
0
1
0
0
1
0
0
0
1
0
0
0
0
0
1
0
0
0
0
0
0
0
0
0
0
2
1
0
0
0
0
0
0
0
0
0
0
0
0
0
0
0
0
0
0
0
0
0
0
0
0
0
0
0
0
0
0
0
0
0
0
0
0
0
0
0
0
0
0
0
0
0
0
0
0
0
0
1
0
0
0
0
0
0
0
0
0
0
0
0
0
1
0
0
0
0
0
0
0
0
0
0
0
0
0
0
0
0
1
0
0
0
0
0
0
0
1
1
0
0
0
0
0
0
0
0
0
2
0
0
0
0
0
0
0
0
0
0
0
0
0
0
0
0
0
0
0
1
0
0
0
2
0
0
0
0
0
0
0
0
0
0
0
0
0
0
0
0
3
0
0
0
0
0
0
0
0
0
0
0
0
0
0
0
0
1
0
0
0
0
0
0
0
0
0
0
0
0
0
0
0
0
1
0
0
0
0
0
0
1
0
0
0
0
0
1
0
0
0
0
2
0
0
0
0
0
0
0
1
0
0
0
0
0
0
0
0
1
1
0
0
0
0
0
0
1
0
0
0
0
0
0
1
0
0
0
1
0
0
0
0
0
0
0
0
0
0
0
0
0
0
1
0
0
0
0
0
0
0
0
0
0
0
0
0
0
0
0
0
0
0
0
0
0
0
0
0
0
0
0
0
0
0
0
0
0
1
0
0
0
0
0
0
0
0
0
0
0
0
0
1
0
0
0
0
0
0
1
0
0
0
0
0
0
3
0
0
0
1
0
0
0
0
0
0
1
0
0
0
0
0
0
1
0
0
0
0
0
0
0
0
0
0
0
0
0
0
0
0
0
0
0
0
0
0
0
0
0
1
1
0
0
0
0
0
0
0
0
0
0
0
4
0
1
0
0
0
0
0
0
0
0
0
0
0
0
0
2
0
2
0
0
0
0
0
0
0
0
0
0
0
5
1
0
0
0
0
0
0
0
0
0
0
0
0
0
0
0
0
0
0
1
0
0
2
0
1
0
0
0
0
0
0
0
0
0
0
0
0
0
0
0
0
0
0
0
0
0
0
2
0
0
0
0
0
0
2
4
0
0
1
0
1
0
0
1
0
0
0
0
0
0
0
0
0
0
0
0
0
0
0
0
0
0
0
0
1
0
0
0
0
0
0
0
0
1
0
0
0
0
0
0
0
0
0
0
0
0
2
0
0
2
0
0
0
0
0
0
0
0
0
0
0
0
0
1
0
0
0
3
0
0
0
1
0
0
0
0
0
0
0
0
0
0
0
0
0
0
0
0
0
0
0
0
0
0
1
3
0
0
0
0
1
0
0
0
0
0
0
0
0
0
0
0
0
0
0
0
0
0
0
0
0
2
0
0
0
0
1
0
0
0
1
0
0
0
0
0
0
4
0
0
1
0
0
0
0
0
0
0
0
0
0
0
0
0
0
0
0
0
0
0
0
0
0
0
0
0
0
0
0
0
0
0
0
1
0
0
0
0
0
0
0
0
2
2
0
0
0
0
0
0
0
2
0
2
1
0
0
0
0
0
0
0
0
0
0
0
0
0
0
0
0
0
0
0
0
0
3
0
0
1
0
3
0
0
0
1
0
0
1
0
1
0
0
1
0
0
3
0
0
0
0
0
0
0
0
0
0
0
0
0
1
0
0
0
0
0
0
0
0
0
1
2
0
1
0
0
0
2
0
0
0
0
0
0
0
0
0
0
0
0
0
0
0
1
0
0
0
0
2
0
0
0
0
0
0
0
0
0
0
0
0
1
0
0
0
0
0
0
0
0
0
0
0
0
0
1
0
0
0
0
0
0
1
0
0
0
0
3
0
0
1
1
0
0
0
1
0
0
0
0
0
1
0
0
0
0
1
0
0
0
0
0
0
0
0
0
0
0
0
0
0
1
0
0
0
0
0
2
0
0
0
0
0
0
0
0
1
0
0
0
0
0
0
0
0
0
2
0
1
0
0
0
0
0
0
0
1
0
0
0
2
0
0
0
0
1
0
0
0
0
0
0
0
0
0
0
0
0
0
0
1
0
0
0
0
2
0
3
0
0
0
0
0
0
0
0
0
0
0
0
0
0
0
0
0
2
0
0
0
0
0
0
0
0
1
0
0
0
0
0
0
0
0
9
0
0
0
1
0
0
0
0
0
0
0
0
0
0
0
0
0
0
0
0
0
0
1
1
0
0
0
0
1
0
0
0
0
0
0
0
1
0
0
0
0
0
0
0
0
0
0
1
0
0
0
0
0
0
0
0
0
0
0
0
1
0
4
0
0
0
0
0
0
0
0
0
0
0
3
1
0
0
0
0
0
0
0
0
0
0
0
0
0
1
0
0
0
0
0
0
0
0
1
0
0
0
0
0
0
0
0
0
0
3
0
0
2
1
1
0
0
0
0
0
0
0
0
0
0
0
1
0
0
0
0
0
0
0
0
0
0
0
0
0
0
0
0
0
0
0
0
0
0
0
0
1
0
0
0
0
0
0
0
0
0
0
0
0
0
0
1
0
0
1
0
0
0
1
0
1
0
0
0
0
0
1
0
1
0
0
0
0
0
0
0
1
0
1
1
0
0
0
0
0
0
0
0
1
0
0
0
0
0
0
4
0
0
1
11
0
1
0
0
1
1
0
0
0
0
0
1
0
0
0
0
0
1
0
1
2
0
0
0
6
3
0
0
0
0
0
0
0
0
0
0
0
0
0
0
0
0
1
0
0
0
0
0
7
0
0
0
1
0
0
0
0
0
1
0
1
1
0
1
0
0
1
0
0
0
0
0
2
10
3
0
0
0
1
2
0
0
0
3
0
0
1
0
1
0
0
0
0
2
0
0
2
0
0
1
1
0
0
0
1
1
3
0
0
0
0
0
0
2
0
0
0
0
0
0
0
0
2
0
0
1
1
4
0
0
0
2
0
0
3
1
0
0
0
3
0
0
0
1
0
0
0
0
0
0
1
0
0
0
0
0
3
3
0
0
0
0
2
0
0
0
0
0
0
0
0
1
0
0
0
1
0
0
0
0
0
0
0
0
1
0
0
0
0
3
0
0
0
0
0
0
0
0
0
0
0
0
0
1
0
0
0
0
0
0
3
1
0
0
0
0
1
0
0
0
0
0
0
0
0
0
0
0
0
1
0
2
0
0
0
0
0
0
0
0
0
0
0
0
0
0
0
1
0
0
0
0
0
0
0
1
1
1
0
1
0
1
0
0
0
0
0
0
2
0
0
1
0
0
0
2
0
0
0
0
1
0
0
0
0
1
0
0
0
0
0
0
0
3
0
0
0
0
0
0
0
0
0
0
0
0
0
0
0
0
0
0
0
1
0
0
0
7
0
0
1
0
0
0
0
0
0
0
2
0
0
0
0
0
0
0
1
1
0
0
0
0
0
0
0
0
0
0
2
0
1
0
0
0
0
0
0
0
0
1
0
0
1
0
0
0
0
0
0
0
0
0
2
0
6
0
2
0
0
1
0
0
0
1
0
0
0
0
0
0
19
3
1
1
0
0
1
0
0
0
0
0
0
0
0
1
1
0
0
2
1
1
0
0
2
0
0
0
0
0
0
0
0
0
0
0
3
0
1
0
0
0
5
1
0
0
0
0
0
0
0
1
2
8
2
0
0
0
0
0
0
3
0
1
0
1
1
0
1
0
0
2
0
0
0
0
0
0
0
1
0
0
0
0
0
0
0
0
0
0
0
0
0
0
0
0
3
1
0
0
0
0
0
0
0
1
0
0
0
0
0
0
0
0
0
0
0
0
0
0
0
0
0
0
0
1
2
0
0
0
0
0
0
0
0
0
0
0
0
0
0
6
0
0
0
0
1
0
0
3
0
0
0
2
0
0
0
0
0
0
0
1
0
0
0
0
1
0
1
0
0
0
0
0
2
0
1
1
0
0
1
0
2
0
0
0
0
0
1
0
2
0
1
0
1
1
1
0
0
0
0
0
0
1
0
0
0
1
0
0
0
1
2
0
0
0
1
0
0
0
1
0
0
0
0
0
2
0
2
0
0
0
0
0
0
0
0
0
0
0
0
0
1
0
6
3
0
2
0
0
0
0
0
0
0
1
2
0
2
0
0
0
0
3
0
2
0
2
4
0
0
0
0
0
0
0
0
0
0
0
0
0
0
0
0
1
0
0
10
0
2
1
0
0
1
1
3
0
0
0
0
1
0
0
0
0
0
0
1
1
3
0
0
0
3
0
0
0
0
0
0
0
1
2
0
0
1
0
0
1
0
1
0
0
4
0
0
0
0
0
1
0
0
0
1
1
5
0
0
0
0
1
1
1
1
0
0
0
0
0
0
0
0
0
0
0
0
1
0
6
0
2
1
0
0
1
0
0
0
0
0
1
1
2
1
0
4
1
11
0
0
0
0
1
0
0
0
1
0
0
0
0
2
0
0
0
0
0
1
1
0
0
0
2
0
0
2
1
1
0
0
0
2
0
0
1
0
8
1
0
0
0
0
0
0
0
0
0
0
0
0
0
0
0
0
0
1
1
0
0
0
0
0
0
0
1
1
0
0
0
0
0
0
0
0
1
2
2
1
0
0
0
0
0
1
0
6
0
0
2
0
1
1
1
0
0
0
1
0
0
0
2
0
0
5
0
3
0
0
0
0
0
1
7
1
0
4
8
3
0
0
0
0
0
0
4
0
0
0
0
0
2
1
1
0
3
1
0
0
0
0
0
0
0
0
1
0
0
2
0
0
0
3
0
6
0
0
0
1
3
0
0
0
0
0
0
1
0
7
0
0
0
1
0
0
0
0
0
2
1
0
0
2
0
0
0
0
0
1
1
0
0
2
0
0
2
0
1
1
0
0
0
1
0
2
0
1
0
0
0
0
0
0
1
0
0
0
1
2
0
0
0
0
0
0
0
6
0
1
0
0
0
0
0
0
0
5
0
9
4
0
0
4
0
0
0
1
0
0
4
0
2
0
1
0
0
0
0
3
1
0
1
0
0
0
0
0
0
0
0
0
0
0
0
0
0
0
0
0
1
7
0
0
1
0
0
4
0
1
1
0
0
0
0
0
0
1
3
0
1
0
20
0
0
2
0
1
0
0
0
0
0
2
2
0
0
0
0
0
0
1
0
0
2
6
0
0
0
0
0
0
1
0
0
2
0
1
0
0
0
0
0
0
0
0
0
1
1
0
0
0
0
9
0
0
1
0
1
0
0
0
0
0
0
0
0
0
1
0
1
0
5
1
4
0
0
0
0
0
2
0
0
0
0
1
0
0
0
0
0
4
2
0
0
1
0
0
0
0
0
0
0
2
0
0
1
0
0
0
0
1
0
10
0
0
1
2
0
0
0
1
2
0
1
1
0
0
0
1
1
0
2
0
5
0
0
0
0
0
1
0
1
1
4
0
0
0
1
0
3
0
0
3
3
0
1
0
1
0
0
0
0
0
0
11
0
2
0
0
0
2
0
0
0
1
3
0
0
0
2
0
1
0
0
0
0
0
0
0
2
1
0
7
0
0
1
0
1
0
0
5
0
0
0
0
0
0
0
0
1
1
0
1
1
1
0
0
1
1
2
1
1
0
1
0
0
0
0
1
0
0
0
0
3
0
1
0
0
3
1
0
2
0
0
0
0
1
1
0
0
0
1
0
4
0
1
1
0
1
0
1
2
0
0
1
0
0
0
0
0
5
0
0
0
2
0
0
1
3
0
5
0
0
0
1
2
11
2
8
0
0
0
3
1
51
1
0
0
0
1
0
1
0
2
0
0
0
0
0
0
0
4
0
0
0
0
1
2
0
1
3
0
4
0
0
0
0
0
3
1
0
4
1
3
2
4
0
0
2
5
8
0
0
1
1
0
0
1
0
0
1
2
2
1
1
0
0
1
0
0
0
1
0
1
1
0
0
1
2
0
1
0
0
0
0
3
0
0
0
0
0
0
4
0
0
1
0
0
6
3
3
21
0
0
2
0
0
2
5
0
0
2
1
0
5
0
1
0
0
0
0
0
1
2
0
1
0
0
0
0
0
2
1
0
2
0
2
0
0
0
2
0
0
0
0
12
4
0
0
0
1
0
0
0
0
0
1
0
0
1
1
0
1
0
0
0
0
0
1
0
0
0
2
0
2
1
2
0
5
0
0
0
0
0
0
0
0
0
0
8
1
0
0
0
1
0
1
1
0
8
0
0
3
0
2
2
0
0
0
0
0
0
4
0
1
0
3
0
0
0
0
3
0
1
2
2
2
0
0
1
0
0
3
0
0
1
0
0
0
1
0
0
0
0
0
0
1
0
0
2
0
0
1
0
0
2
0
0
1
1
2
0
0
0
3
1
11
0
10
2
1
0
0
0
0
0
0
0
1
2
0
3
0
0
0
0
2
2
0
0
0
0
0
0
1
2
1
0
3
7
0
0
2
1
1
7
0
12
2
2
0
0
0
1
10
0
1
5
1
0
0
0
2
0
1
0
0
1
0
0
0
3
0
0
4
0
5
5
0
0
1
0
1
2
2
24
0
7
0
0
0
0
0
0
0
0
0
0
0
0
4
1
0
0
1
0
2
0
0
0
0
0
5
1
0
0
0
3
0
3
0
1
0
0
2
0
1
0
2
0
0
0
3
0
2
3
5
0
0
5
0
0
2
0
1
0
1
0
0
0
3
0
0
1
1
3
0
3
4
3
0
1
0
3
0
0
0
0
0
1
0
0
0
0
1
1
0
0
0
0
14
0
0
0
0
0
0
9
0
11
2
0
0
3
2
0
1
0
1
4
0
0
3
9
0
0
6
14
0
1
1
4
3
1
6
0
0
0
0
0
0
2
0
3
0
0
0
0
0
5
0
0
1
13
1
50
0
0
0
0
1
0
0
3
0
3
0
1
0
0
0
0
0
15
1
5
0
0
0
1
0
0
0
0
0
0
0
2
1
0
0
2
1
0
0
1
0
0
0
0
0
0
0
0
0
0
27
0
0
0
0
2
0
6
0
3
2
0
0
2
1
0
6
6
0
0
0
2
0
0
0
3
0
2
0
5
1
5
0
0
4
0
0
1
50
3
17
0
0
2
1
0
0
0
0
0
1
0
1
0
0
0
0
0
0
1
0
2
0
2
0
0
1
21
15
0
2
0
3
0
14
0
1
0
0
5
0
0
7
1
0
0
0
1
0
6
2
0
0
1
0
0
2
0
1
0
3
0
1
1
0
16
0
0
19
3
1
0
0
0
0
0
5
0
2
1
3
0
0
1
1
0
0
0
0
8
0
0
2
0
3
1
3
0
0
1
0
1
0
1
0
0
0
0
0
2
0
6
0
2
0
0
0
102
0
0
0
0
0
2
1
0
0
0
1
0
0
0
1
1
0
0
1
0
1
2
0
0
0
1
0
0
12
11
1
4
0
0
0
0
2
4
19
2
0
0
1
0
0
1
5
0
0
1
0
1
0
14
3
0
1
0
0
4
0
0
0
1
0
34
4
0
16
12
0
5
8
3
0
2
0
0
0
53
2
1
0
0
1
1
0
4
0
1
3
0
0
0
1
1
0
0
0
1
0
0
0
3
0
0
9
0
4
9
0
0
0
1
0
0
1
1
1
0
2
1
0
0
0
1
1
0
0
0
0
1
0
4
0
0
0
1
0
0
2
0
0
0
0
1
0
0
0
0
1
0
4
2
0
38
4
0
0
0
2
0
3
0
1
1
1
1
0
0
0
10
3
0
0
1
0
73
0
0
0
1
0
4
0
0
0
1
9
0
0
0
0
1
0
8
0
1
0
15
1
1
0
3
10
0
1
0
1
0
2
0
16
0
1
3
7
0
2
3
0
0
0
0
0
0
0
0
3
3
75
0
0
0
0
7
0
0
18
0
1
0
0
0
0
2
0
2
0
1
0
1
1
0
2
0
0
1
13
2
13
1
0
0
0
0
0
0
0
2
1
2
1
8
3
0
4
0
7
0
3
9
0
1
0
3
1
0
0
13
0
0
0
0
0
2
0
1
14
0
14
0
2
8
1
1
22
0
2
1
0
0
2
0
0
0
8
1
9
0
0
0
3
47
3
1
0
0
0
0
34
0
0
0
5
0
0
1
0
0
6
1
0
0
0
0
1
0
0
6
1
30
0
1
0
0
3
0
3
2
0
0
1
0
0
0
1
2
1
12
32
0
0
29
5
1
8
0
1
1
2
2
0
0
0
12
0
0
0
7
5
0
1
12
0
0
2
0
0
0
0
0
1
0
0
0
0
0
8
0
1
3
0
27
19
6
0
2
0
0
1
0
24
107
0
0
1
12
0
0
0
1
0
2
1
1
0
0
0
0
0
3
1
2
2
1
6
0
2
198
1
2
0
31
2
1
0
4
1
4
0
2
0
0
0
0
5
0
0
0
2
1
0
0
5
3
4
4
0
0
0
9
2
0
0
0
156
0
0
15
0
0
3
0
0
1
0
5
0
0
0
2
0
0
2
0
0
0
7
1
6
0
2
0
2
1
6
0
0
1
3
1
0
0
0
0
0
1
0
0
0
7
10
1
23
2
0
0
0
0
2
0
1
3
4
0
0
0
0
7
0
0
0
0
11
2
0
0
1
12
1
0
0
10
0
0
0
1
7
0
0
0
0
0
2
2
0
0
1
3
0
1
0
0
180
0
0
0
0
0
0
0
0
0
0
13
0
0
0
3
1
0
0
0
0
10
0
0
2
18
0
3
1
0
11
2
0
8
0
3
0
4
0
1
0
6
10
0
1
6
0
0
1
9
0
0
1
0
1
1
0
5
0
2
0
0
0
21
0
2
1
0
4
0
0
3
1
0
0
0
3
0
0
0
0
4
0
3
26
0
0
13
3
0
4
11
0
0
12
0
4
0
0
5
1
0
0
0
0
7
42
1
0
1
6
9
0
3
0
3
0
3
0
0
0
0
1
1
0
5
0
6
0
9
1
0
1
0
2
0
1
2
4
2
25
2
2
1
0
0
0
0
5
0
1
0
3
0
0
0
0
0
0
7
1
1
1
9
0
0
0
0
2
0
2
5
0
0
0
12
0
0
0
0
0
0
1
0
1
5
0
1
1
3
3
0
4
0
0
0
0
0
0
2
0
0
1
19
1
0
7
0
0
10
15
0
0
5
29
3
0
0
1
0
4
0
1
3
11
1
1
0
0
0
0
1
4
7
1
2
1
0
9
1
1
2
19
0
0
4
2
154
2
3
1
1
0
64
0
2
0
1
6
0
0
4
43
0
0
0
3
6
0
0
13
0
0
4
27
0
1
0
1
0
1
0
0
0
5
0
12
10
2
7
5
0
0
0
0
3
0
5
0
0
2
30
0
0
0
1
0
18
4
2
6
1
0
2
0
0
0
0
0
5
0
2
11
0
1
1
1
0
42
0
0
0
0
0
0
0
0
1
0
252
7
10
0
1
3
0
2
52
1
19
1
2
2
4
7
11
7
0
0
5
0
1
2
0
1
0
9
12
2
1
0
2
2
42
4
1
0
1
10
1
0
0
0
0
0
0
1
6
2
0
2
52
5
0
0
1
2
1
0
0
2
0
0
0
17
0
0
56
0
0
0
0
1
0
23
0
1
1
16
0
1
0
0
0
2
0
0
0
110
0
45
0
2
0
0
50
4
1
3
0
1
4
7
8
1
6
0
0
9
0
1
1
0
3
0
0
4
7
0
1
7
0
5
1
4
2
7
5
0
2
0
1
0
2
3
5
1
5
0
0
10
0
1
2
0
0
0
0
1
0
0
0
419
0
2
6
0
5
0
0
0
0
3
5
0
1
1
0
0
0
1
0
3
15
26
5
3
1
1
0
0
0
0
0
21
0
5
7
8
0
0
1
2
0
1
2
0
0
0
1
1
1
3
208
0
0
0
4
3
0
18
0
1
0
1
1
18
0
0
0
0
15
1
0
20
2
4
0
35
6
2
21
4
51
2
300
0
10
1
1
0
2
1
0
57
4
31
9
0
0
2
0
0
2
0
4
1
0
7
0
4
1
0
0
1
27
18
0
0
1
0
5
3
1
0
1
6
0
26
0
0
0
0
0
2
0
13
1
6
1
5
1
0
42
0
1
0
0
0
8
9
0
0
2
0
6
0
1
0
3
0
2
0
1
0
66
12
0
7
0
0
0
8
1
0
0
1
2
1
0
1
57
3
0
0
0
1
3
255
0
10
2
6
0
99
3
0
0
0
0
47
0
1
0
33
0
13
0
1
0
0
0
8
28
0
0
1
0
0
0
1
3
0
1
0
0
0
0
0
0
1
0
3
0
0
282
0
5
13
1
1
4
0
12
1
2
1
2
1
1
2
3
0
0
241
0
11
1
14
0
2
2
0
0
0
0
1
0
2
10
0
2
8
1
0
2
320
0
1
6
1
0
1
3
2
1
4
27
58
2
0
0
7
6
0
0
0
84
0
0
1
0
6
7
10
1
2
7
0
2
1
0
7
4
0
4
8
6
21
4
11
1
0
0
0
45
37
0
0
253
3
0
8
0
0
0
0
0
1
1
508
0
1
2
0
0
1
1
0
0
7
2
0
31
1
0
9
1
1
0
0
0
1
1
1
0
44
0
11
1
33
0
478
0
3
0
0
0
0
0
12
0
0
3
0
0
1
5
0
0
8
0
0
1
0
32
1
3
7
4
1
0
25
17
1
270
2
1
14
5
2
2
0
5
0
0
0
0
0
1
0
0
392
2
36
178
1
3
0
0
0
1
0
0
8
17
0
19
0
1
5
0
3
1
2
0
1
1
0
0
1
0
93
3
0
0
0
0
8
2
0
13
2
1
0
3
16
4
1
2
31
238
0
0
3
0
209
0
7
0
1
384
0
0
7
7
6
1
0
2
7
3
11
5
1
111
28
45
0
4
1
0
5
0
583
10
0
13
6
3
5
0
0
0
6
0
18
4
102
1
548
0
1
0
1
0
0
0
1
0
0
3
0
8
1
0
1
1
0
0
0
37
0
3
0
1
0
0
0
0
7
2
14
0
2
1
0
0
0
10
12
1
3
1
0
20
0
27
2
7
3
111
10
1
7
255
1
1
1
0
0
2
0
3
10
1
0
0
0
74
30
0
5
0
17
7
0
0
0
0
2
0
1
0
5
0
0
0
14
5
0
5
0
19
6
0
0
0
0
4
52
14
4
0
7
33
31
31
2
65
0
0
1
0
303
0
3
1
24
3
292
2
1
3
2
0
0
0
1
221
0
25
0
0
0
16
3
1
2
0
753
1
6
0
7
0
3
0
249
2
1
2
1
0
20
0
0
53
0
0
9
0
1
3
0
0
39
4
14
0
0
12
4
6
0
0
7
1
1
0
0
29
1
4
0
8
1
460
436
1
0
0
3
3
22
2
8
0
14
22
0
3
1
3
7
1
0
2
10
0
1
0
15
481
6
0
5
5
0
4
5
0
0
0
2
682
612
0
13
1
553
2
0
1
0
0
0
4
0
4
0
0
1
0
0
12
58
0
1
1
78
1
3
0
0
0
3
1
6
0
2
2
6
1
0
3
44
0
12
0
0
3
0
1
1
0
1
3
0
7
0
2
0
9
23
0
0
4
1
1
1
6
0
0
22
111
1
26
0
5
2
177
0
0
0
1
0
0
0
0
7
0
4
12
0
3
0
25
8
6
14
0
10
7
0
0
23
78
9
4
0
412
15
12
66
33
0
29
0
0
3
5
0
793
1
12
1
7
0
191
0
0
0
12
1
0
0
32
0
1
2
0
3
832
2
0
3
59
2
0
0
43
2
1
0
14
0
2
1
239
1
0
18
1
0
5
1
1
0
0
1
0
0
3
2
49
3
0
8
188
0
4
163
3
0
9
0
17
0
6
68
420
14
8
0
2
25
2
3
3
1
27
0
6
0
0
3
0
6
0
0
1
2
2
0
0
67
1
22
44
3
41
70
0
1
3
3
2
5
0
0
3
0
5
1
0
34
22
5
0
32
0
0
1
56
7
1
1
0
70
8
8
91
0
0
301
0
1
311
13
5
25
5
21
1
0
0
9
1
25
0
23
1
510
0
772
0
1
1
3
20
2
1
4
9
0
8
7
0
51
6
2
0
0
540
0
19
7
1
28
0
5
1
0
2
816
0
2
48
0
24
15
0
0
0
2
2
6
2
0
0
65
1
0
16
0
2
10
59
25
53
0
48
0
4
2
0
1
1
0
0
34
0
280
0
0
4
2
0
54
1
0
0
16
8
7
2
1
1
98
58
0
2
16
17
0
12
433
6
1
9
0
0
4
66
0
5
1
10
6
39
0
0
0
5
1
0
107
4
2
493
4
0
24
24
6
1
0
0
3
1
4
9
2
9
0
3
9
4
0
2
25
1
3
0
2
82
95
0
0
6
0
0
87
3
3
1
0
2
6
29
7
59
1
1
86
0
0
432
0
371
8
558
2
0
168
10
0
14
6
21
9
3
0
3
20
702
69
0
1
3
0
0
8
4
19
11
0
51
0
1
123
0
786
1
6
2
60
3
1
2
545
8
0
2
0
0
18
0
2
0
27
98
102
0
0
0
4
24
0
27
1
0
0
0
3
1
71
0
0
1
1
0
2
3
7
7
4
0
3
0
454
2
69
4
0
1
5
11
12
2
6
0
0
200
11
543
1
0
4
0
0
0
5
1
6
10
3
1
49
10
29
0
0
0
0
23
36
34
21
4
1
2
3
16
1
64
0
0
2
88
0
76
0
80
860
1
0
4
291
36
5
11
25
0
124
2
0
1
0
63
11
1
7
1
0
1
7
1
0
258
0
74
6
1
0
0
0
4
6
0
4
36
0
42
553
0
1085
6
0
9
22
0
0
18
19
0
0
144
0
4
11
0
1
0
166
77
0
5
0
602
4
738
0
0
276
14
0
293
0
1
20
2
0
2
0
0
0
204
3
10
16
0
3
3
2
929
214
99
4
4
1
2
78
1
1
1009
0
752
0
3
557
131
3
0
0
2
14
1
20
8
2
8
7
5
117
3
622
1
3
3
235
65
4
463
0
13
2
0
0
125
368
1
1
20
4
1027
6
1158
0
8
1
27
0
2
0
1
1267
2
8
0
6
1
2
2
724
5
1
3
2
2
1
13
9
0
0
30
2
0
10
962
10
0
0
28
0
1
33
44
1
0
0
1
187
0
2
8
0
4
0
5
0
62
96
6
4
0
494
6
0
0
1
0
16
1
0
20
0
2
2
6
0
0
1
95
0
2
1276
81
67
39
0
1
1
5
0
2
57
1
17
71
0
1
5
476
0
0
0
1
3
50
2
0
22
1
28
13
112
3
2
0
4
385
278
1
150
0
0
3
21
134
11
112
153
1
9
0
1077
446
68
65
2
4
37
13
3
6
75
3
113
126
13
0
24
0
2
2
0
14
11
0
10
0
86
12
486
3
0
19
10
1
25
3
637
56
877
1
0
38
108
0
0
1
109
9
0
5
0
236
2
16
3
6
10
59
313
0
56
0
0
18
0
0
4
11
6
1
839
126
1022
0
0
0
829
2
7
7
0
1
0
125
3
7
15
9
0
2
67
603
5
2
0
1
2
62
9
1
10
2
1
2
2
7
6
0
47
82
145
2
4
43
20
3
0
4
0
499
1
31
6
28
8
0
0
151
0
0
