1
1
16777210
1
268435449
16382
67108851
1
16383
2097147
1
134217722
1
1
67108851
8388606
16777212
1
1
1
1
1
2097142
1
524285
134217715
1
33554420
1
524279
33554420
1
16383
134217715
1
65534
1
262135
67108851
1
33554430
16777204
1
33554420
1
33554420
65528
1
1
131064
134217722
65532
8388603
131064
1
1
2097142
67108851
1
32761
1
131064
32766
33554426
1
1
2097142
1
524279
1
1
4194293
16381
16777210
1
131068
16381
8388603
1
1
1
1
1
1
1
1
1
1
1
131064
4194293
67108851
1
1
1
32766
1
67108858
1
16377
1
2097147
1
1048571
33554426
1
1
524279
2097147
2097142
1
1048574
32761
1
262135
2097142
1
1
32761
268435449
1
67108851
2097149
32761
1
1
1
1
2097147
33554426
262141
1
1
16377
16381
1
1
1
1
4194299
16777214
1
524285
1
1
524279
1
1
268435452
32765
1
262143
1
1048566
134217715
1
268435452
1
1
1
1
1
1
16381
16777213
1
134217722
1
1
1
1
32761
32767
1
268435452
1
262140
1
1
8388606
1
1
1
1
32766
1
131070
1
262135
33554426
2097142
1048566
1
134217715
1
1
1
524284
1
1
1
1
1
134217722
67108858
1
1
1048571
67108860
67108858
1048571
1
65528
1
16777204
1
134217715
1
268435442
1
16777214
65535
16383
65528
262140
1
268435453
268435442
2097142
524279
1
65528
268435442
1
1
131064
1
262140
1
134217715
1
1
1
131064
1
16777204
32765
1
65534
1
1048573
1
4194293
16777212
1
1
1
1048574
1
1
1
1
67108851
4194299
16777204
1
1
2097147
1
16377
524279
1
8388597
16777204
268435442
1
1
1
1
16377
1
1
268435442
1
16382
1
1
1048573
2097142
1
16377
67108863
1
134217727
1
1
33554420
262141
1
262135
1
262140
33554420
1
4194293
134217722
1
1
268435442
1
1
16777204
1
1
8388605
1
1
1
134217722
1048575
268435452
1
1
16377
268435452
524279
1
1
262135
8388597
1
16777210
1
1
32761
67108851
1
1
33554431
8388607
1
268435449
65534
1
1
1
131064
1
1
1
131064
1
1
134217715
268435449
1
1
1
67108858
1
1
32767
1
1
1
1
1
1
65532
1048566
1
1
268435449
1
4194293
1
1
2097147
268435452
1
1
67108851
1
1
1048566
1
1
16777212
67108851
65536
134217724
33554420
1
268435442
1
1
524279
1
1
1
1
1
2097142
33554420
1
1
1
65532
131068
262141
524279
1
1
65528
1
134217715
33554428
16777212
134217715
1
1
131064
1
16382
1
67108860
1
1
33554420
16377
65532
262135
1
32766
1
1
1
16777204
1
67108858
33554420
2097149
4194301
1
16381
2097142
134217715
1
1
1
1
65528
1
1
1
1
33554428
33554420
65528
1
2097142
32767
1048574
32766
16777204
1
134217722
65532
4194301
1
33554420
524287
65532
16381
134217715
1
268435442
1
32765
1
524279
16777204
65534
1
262140
262140
131064
1
131071
1
8388597
1
131064
4194293
1
1
1
1
1
1
1
1
1
1
1
262140
4194301
1
268435449
1
2097142
524285
524284
65528
1
131068
1
4194293
33554420
32767
4194299
1
262135
1
1
1
1
134217715
1
33554426
4194293
262135
4194293
134217722
1
1
1
134217725
8388597
134217724
4194293
1
1
268435449
1
1
32761
1
268435442
1
1
2097142
1
1
134217715
1
1
1
32761
4194302
268435449
1
1
1
1
1
268435442
1048566
1
1
262141
16383
33554426
16382
1
1
4194293
67108858
1
67108851
67108851
33554426
1
262143
1
1
268435442
1
1
1
2097142
1
1
134217715
1048573
1048573
1
1
262140
8388597
1
1
262135
524284
1
16381
268435442
1
1
1
8388603
1
1
16377
2097149
1
1
1
16777204
1
1
16382
1
1
1
1
1
1
131064
262135
1
268435442
1048571
1
262141
131068
1
16381
33554429
262135
1
134217715
1
134217726
33554426
1
262140
1
1
1
32761
1
1
524279
1
524284
33554420
134217725
32761
262135
1
1
1
1
32761
1
268435442
4194302
1
1
1
1
67108851
1
524279
1
1
268435452
1
32765
1048566
16777204
524279
1
33554426
262143
1
16777204
1
8388597
1
33554420
16381
1
16777210
1
268435449
1
134217724
4194301
1
1
1
1
1
1
1
1
2097142
32761
16777204
32761
8388597
16777212
32761
1
16777212
1
1048571
1
524284
1
524284
1
1
8388603
65528
2097147
1
1
33554420
268435449
1
1
16777212
2097147
1
33554426
32767
65532
4194293
1
4194293
2097147
67108851
268435442
65528
262140
16777214
1
67108858
32765
33554426
2097149
1
16381
1
1
1
65532
1
16777204
262141
268435449
134217715
67108851
16777204
131068
32761
1
1
1
1
2097149
1
1
1
8388605
131064
524279
33554426
1
1
8388597
1
1
8388597
1
4194301
1
1
1
1
16777204
2097142
16382
262140
4194293
1
1
1
131064
32761
131064
134217724
32761
1
1
1
262135
16377
262140
524284
131064
1
1
131064
131064
1
8388597
1
131064
2097142
1
67108851
16777204
1
268435455
1048566
134217715
1
4194293
16777210
1
1
1
1
1
65532
524284
1
2097149
4194293
1048566
1
268435449
524279
1
16377
1
524286
1
262135
1
1
1
16382
33554420
1
67108858
65532
1
1
268435442
2097142
16383
33554426
65534
2097142
524284
524284
67108851
1
1
8388597
16777210
1
65528
262135
134217715
1
1
1
8388607
1
1
1
2097142
2097142
8388597
1
33554426
262135
1
134217722
1
1
16382
1
1
4194293
65528
1
1
16383
1
268435442
262135
1
1
1
65534
8388603
524279
1
1
1
524284
262135
2097142
33554431
2097142
1
8388606
1
1
8388597
1
524284
1
1
524279
1
1
1
1
67108861
1
262135
131068
1
1
1
1
1
1
1048566
131064
134217715
1
262143
1
1
1
1
1
1
4194299
1
131068
16377
131064
268435453
1
32767
8388603
16377
1
262140
1
67108851
268435442
1
1
8388605
16777204
1
268435452
1
1
1
1
1
1
1
1
1
1
1
8388605
1
268435453
1
1
1
131068
1
134217715
33554420
32766
