1
1
524279
1
1
1048566
4194293
1
1
1
33554428
1
1
2097149
1
1
2097147
1
1
524284
33554430
4194293
1
2097142
16377
1
262135
131071
1
1
65528
131064
1
65528
1
1
32761
1
32761
1
1
1
524284
1
8388597
268435442
1
524285
16382
268435452
33554426
1
1
1
1
1
33554426
1
33554426
262140
1
1
1
1
16777212
1
67108858
131064
1
1
1
1
1
1
1048571
67108863
8388597
1
131064
1
1
1
1
67108851
1048566
1
16777204
1
131064
1
8388597
16381
1
1
1
1
1
32766
1
1
1
134217715
1
262135
67108861
524287
2097149
262135
134217715
1
2097142
1
16777204
1
65528
1
4194299
131068
2097149
131070
1048571
1
8388603
131070
131064
524279
8388597
524285
524279
67108858
268435442
1048574
131071
1
8388603
2097149
16777212
16377
131071
2097149
4194293
1
1
268435452
67108851
524287
1
4194303
1
1
1
134217724
1
1
262135
131070
131071
134217715
524287
1
65532
1
1
1
1
1
524285
1
32765
4194302
16777210
134217715
65528
2097147
1
16777204
1
1
134217727
1
67108851
1
1
134217722
1
2097142
4194299
134217722
16377
16377
1
1
1
2097142
4194302
2097142
32761
16377
1
1
1
8388597
134217722
2097151
1
1048566
1
1
67108858
32761
1
131064
1
33554420
33554430
1
1
4194293
33554420
33554426
67108862
1
1
67108851
16777204
1
1
1
1
1
16777204
524285
1
16383
67108862
33554420
1
16777210
8388603
134217722
1
1
8388597
1
524286
1
1048566
1
33554420
33554420
131068
1
268435442
1
32766
524279
16777210
262141
2097142
2097147
1
1
16777204
1048566
1
262135
1048573
134217724
1
1
16381
65528
1
16381
1
4194299
67108851
1
1
524279
8388603
268435442
524279
1
1
1
4194293
1
1
1
1
1
65534
16377
1
268435452
8388597
1
1048571
1048566
1
1
1
1
1048566
65528
4194299
1
1
32765
1
1048566
1048566
16777204
67108858
1
1
67108858
1
1
4194293
1
262140
268435442
1
1
1
1
262135
1
65532
2097151
1
1
1
1
1
1
1
1048566
32766
1
67108851
134217715
262140
16377
268435442
1
1
65532
1
16383
1
134217715
1
1
131064
1
268435453
1
16377
1
4194301
8388597
65532
524279
131064
33554420
1
268435455
2097142
1
1
1
1
1
1
1
1
1
1
134217724
1
1
1
1
16377
524285
1
65528
8388605
33554426
8388597
1
16777213
131070
524284
134217722
134217715
134217722
67108858
1
1
1
134217715
268435442
1
1
1
1
1
1
1
1
8388603
1
2097142
65532
1
524279
1
1
1
4194293
1
1
16777210
16377
1048574
8388597
1
1
1
33554420
1048573
16777210
2097147
1
8388597
268435452
1
1
1
1
134217727
1
134217715
33554420
1
1
1
1
524284
1
1
16777210
1
1
524284
1
33554429
1
1
16377
268435442
1
134217724
1
1
1
2097147
1048574
524279
1
1
1
33554420
1
1
33554420
1
524279
65528
524285
1
16377
134217715
1
1
524279
65534
1
33554426
1
1048574
33554431
67108851
1
1
524279
67108851
16777210
1
1
16383
1
1
1
67108860
262135
1
1
33554420
16777204
1
1
524279
1
16377
1
4194299
268435449
8388605
1
1
1
67108860
1
1
16777204
32761
1
1
1
1
1
2097142
1
1
1
33554420
33554420
4194293
4194301
1
1
16777210
131064
1
1
1
2097147
524285
16777204
33554426
1
1
524285
1
1
4194299
1
1
1048575
1
1
8388605
1
1
268435449
1
1
16383
16377
16381
67108858
268435449
131068
1
1
1
268435442
134217724
16377
262141
268435449
4194299
1
1
4194293
1
4194301
33554426
524284
262140
1
67108851
32761
131064
134217715
1
33554426
1
1
1
1
1
1
65528
1
262135
16777210
1048571
1
33554426
1
4194299
16377
524285
1
1
16382
1
2097142
1
1
1
262135
1
1
1
2097142
1
131072
1
1
1
1
1
1
1
1048566
1
1
1
1
1
1
1
8388603
134217726
1
1
1
67108851
1
32761
16777204
67108851
1
1048574
1
1
1
1
16382
1
262135
1
1
33554428
2097142
524285
1
1048574
8388597
4194293
268435442
1
1
1
1
2097147
1
268435442
1
4194293
4194299
65528
1048573
1
524284
1
4194299
524279
1
4194293
67108858
1
32761
1
131070
16377
32761
268435442
1
1
1
1
1
8388597
2097149
1
1
4194299
1
524279
1
1
134217715
1
1
16777213
1
1
1
131070
1
16382
4194299
1
67108851
1
524288
1
1
1
16777213
131064
134217725
1
1
131064
16777204
262135
1
1
1
2097142
131064
1
1
16777210
67108851
1
65528
134217722
1
1
268435452
4194293
1
1
8388597
33554420
131068
1
268435449
67108862
1
1
1
33554428
4194293
1
1
524279
1
1
1
262135
134217726
16777210
1
1
1
1048566
262135
1
524279
16377
65534
1
1
1
67108851
262140
1
1
16777210
134217715
268435442
524284
1
1
1
1
1
1048566
1
1
1
1
1048566
67108860
32761
1
524284
1
1
134217715
1
16777210
1
1
1
1
4194293
65528
1
268435452
1
1
1
1
134217722
65528
1
16777210
1
1
1
1
4194293
1
1
1
1
2097142
1
33554426
32767
1
1
1
1
1
1
1
134217715
1048571
1
32761
1
16381
524284
262135
1
1
2097142
268435452
4194303
1
8388603
1
8388603
1
1
1
1
1
1
1
1
1
262140
1
65528
1
1
1
16377
1
4194293
1
268435442
1
65535
1
1048566
1
1
1
4194293
1
16377
1
16377
1
1
4194293
1048566
1
134217722
16777204
33554420
2097142
1
33554426
32761
16377
1
1
65528
1
4194293
1
1
1
1
262141
1
1048573
1
16377
1
1
65532
1
33554426
1
8388603
134217715
32766
16777210
1
1
1
1
1
33554420
2097142
131068
8388597
1
131064
1
65528
1048566
1
268435449
268435442
1
268435454
1
134217715
16377
1
268435449
134217715
1
67108851
1048571
65528
134217715
1
1
16777204
8388605
32765
16777212
67108851
1
1
16377
33554420
1
131064
1
1
1048571
67108858
1
1
33554420
1
67108851
1
1
33554420
