1
1
1
2097142
33554426
1
16777204
1
4194299
1
33554420
16381
1
131064
1
67108861
1
33554426
1
1
1
1
1
1
65528
1
1
1
134217724
524284
1
32761
134217722
1
1
16777204
262135
1
1
268435442
1048566
16383
1
16777204
16777210
1
1
1
1
16777204
1
1
1
1
1
1
1
2097147
262135
16777204
33554420
1
2097147
65528
65528
4194293
524284
33554420
524284
33554420
1
262135
1
1
8388607
1
4194302
16777212
134217715
1
67108858
524284
1
134217722
1
1
8388597
268435452
262140
1
1
1
1
8388597
1
1
67108858
4194293
16777204
134217715
1
1048566
1
1
16777210
67108851
1
131070
1
67108851
268435442
1
16777210
67108851
1
67108851
1
4194293
2097142
1
1
4194293
268435455
33554426
67108862
16777204
1
1
1
268435442
16777210
8388597
1
134217715
4194299
1
262135
1
131064
1
131064
1
1
16777204
2097149
1
1
67108858
4194303
8388603
1
1
1
1
2097147
1
1
1
524287
33554426
1
131064
33554420
32761
1
1
131064
262142
1
1
262141
268435442
1
16381
1
268435449
1
1
1
67108851
16777212
524279
1
524285
134217715
1
1
33554420
131064
4194301
262135
8388603
1
268435442
8388603
16377
1
1
1
1
268435452
33554426
1
1
268435449
268435442
16382
1
1
1
1
262140
8388603
1
67108858
65528
1
131064
1048566
1
262140
16381
1
32766
1
32761
1048566
131064
524284
1
1
1
1
1
524279
524284
16777210
1
65534
1
1
1
1
1048566
32765
1
262140
1
1
1
1
524285
1
1
1
1
262140
1
134217722
33554420
131064
2097147
131064
131064
1
33554420
1
1
1
67108858
1
1
1
1
1
4194299
268435452
1
2097149
268435449
16381
131068
67108862
1
4194293
2097142
16377
1
16777204
1
524279
1
4194299
2097151
131068
134217715
262142
1
524284
268435442
2097142
2097142
262135
32761
262135
1
1
33554420
1
16777210
1
524279
1
1
1
32761
1
134217715
16777212
268435442
32765
1
524284
1
131064
8388605
1
1
1
33554430
1
1
1
1
268435442
134217722
8388597
16377
1
8388603
1
32761
1
1
33554420
16777204
16777204
1
8388605
1
1
134217715
1
1
131064
1
134217722
1
1
262142
1
131068
2097142
268435452
1
33554430
1
1
1048566
33554428
1
1048566
1
1048571
16777204
1
8388597
65532
1
524284
268435442
65534
1
33554420
1
1
1048571
1
1
1
131070
131070
8388603
1
1
1
67108858
4194293
1
1
1
67108851
1
524284
1
1
32761
134217715
1
1
524284
1
1
65532
134217722
1
1
1
33554420
1
1
1
67108851
1
1
16777204
16383
1
1
1
134217724
524285
1
4194302
131064
33554420
1
1
1
8388603
524286
65528
1
1
33554428
1
32761
1
67108851
16777210
4194299
1
1
4194293
2097149
1
131064
1
1
33554429
268435442
65535
2097147
262135
1
268435442
67108851
1
134217715
1
1
1
67108858
1
134217715
1048566
1
67108851
1
262140
1048573
67108860
1048566
1
1
16377
1
67108851
524284
33554428
4194293
1
1
524279
1
67108861
1
4194301
33554420
1
262135
33554420
33554428
1048566
1
67108860
1
1
16777204
524279
32765
16777210
262135
524285
32765
1
1
32761
1
33554420
1
1
1
1048566
1
1
1
1
4194299
1
67108851
1
134217715
8388607
134217722
65534
131064
1
1048573
134217722
2097147
1
8388597
1
32767
262140
32761
1
16777204
1
1048574
1
2097142
1
134217722
1
262141
268435449
268435442
1
67108858
1
8388597
1
134217715
4194293
1
1
1
1
1
1
1
2097149
1
1
1
4194299
524284
1
134217725
1
262135
32767
67108862
262135
1
32765
1
67108851
16377
1048573
268435453
1
33554420
1
32761
1
1
1
1
4194299
8388597
1048566
16777204
134217722
1
1
1
16777214
134217715
1
134217715
1
1
1048571
1
1
32761
1
16777204
1
1
4194293
1
1
268435442
1
1
1
4194293
262141
134217724
1
1
1
1
1
1048566
262135
1
1
65532
1
1048574
16382
1
1
131064
268435449
1
32761
1
524284
4194299
33554428
1
1
2097142
1
1
1
4194293
1
1
16777204
134217722
131070
33554428
65528
67108860
131064
16777204
1
268435442
16381
33554420
131068
134217715
1
33554428
1
2097149
1
1
268435442
134217722
1
1
1
32761
1
1
262141
16777204
1
1
1
1
1
33554420
134217715
1
1
32766
1
16381
16381
1
4194299
2097147
32761
1
4194293
1
67108860
268435452
1
1
1
67108851
4194301
268435442
1
1
2097142
1
8388603
33554420
1
262135
131064
1
1
1
1
8388597
1
65528
134217724
1
1
1
16377
131064
134217715
524279
1
1
131070
1
268435449
16777204
33554420
524279
1
1
262143
1
8388597
1
134217715
1
1
67108863
268435452
67108861
1
32766
1
131068
268435454
1
1
1
1
1
1
1
268435442
8388597
8388597
65528
32761
134217715
33554428
131064
1
268435449
1
134217727
1
1
1
65534
33554426
1
134217722
65528
134217722
1
8388597
1
134217722
1
1
131068
65532
1
16777210
4194299
32765
1
1
4194293
1
2097142
8388597
268435442
1
8388603
1
262141
1
33554429
16382
1
268435449
1
1
1
65532
1
4194293
1
268435449
1
131064
134217715
16381
65528
1
1
1
1
32766
1
1
1
131070
268435442
1
262142
1
1
33554420
1
1
33554420
1
32765
134217715
4194299
1
1
65528
1
32767
32767
67108851
4194299
1
1
16777204
65528
16777204
268435449
134217715
1
1
1
65528
16777204
262140
32767
16377
1
1
8388597
4194293
65528
131064
1
65528
32761
1
8388597
262135
1
134217724
32761
33554420
1
1
1
1
8388605
1
1
1
262141
65532
1
1
16777204
16377
32765
65532
16777204
1
2097142
16381
1
1
131064
1
1
131064
65532
32761
1
32765
8388605
1
1
1048566
33554420
1
1
32767
262135
67108858
33554429
524279
33554428
1
1048566
67108858
1
4194293
134217715
524279
1
1
268435449
67108860
1
134217724
1
8388597
131064
33554420
1
134217722
262135
1
16777214
1
1
67108860
8388597
1
1
67108851
1
1
262140
1
134217715
262135
1
1
1
67108860
65534
131064
1
1
1
268435449
33554420
262135
1
1
1
131070
4194302
1
268435442
1
