1048574
1
134217715
16777212
268435442
1
131068
1048571
1048566
32765
8388603
1
8388603
1
67108851
1
16777210
1
262135
1
67108851
134217722
2097149
1
16377
1
33554428
1
524285
16377
1
1
1
1
1
1
1
1
1
1
1
1048571
33554420
1
131064
1
131068
8388603
134217715
32761
1
1048573
1
1048566
65532
262140
524279
1
16777210
1
8388603
1
1
1
1
16381
268435454
1048566
524285
2097147
1
1
1
16777212
33554426
1
524284
1
1
67108860
1
1
524287
1
268435452
1
1
16777204
1
1
268435449
1
1
1
16777210
65532
33554420
1
1
1
1
1
524284
134217715
1
1
8388597
268435449
268435442
134217724
1
1
1048574
33554426
1
4194293
1
524284
1
8388603
1
1
33554428
1
1
1
134217725
1
1
65528
131064
4194299
1
1
32761
4194293
33554426
1
32765
8388606
131068
524284
262140
1
1
1
67108851
1
1
134217715
67108851
1
1
1
65534
1
1
32766
2097149
1
1
1
1
1
33554428
8388597
1
1
1048566
1
524279
262142
1
4194299
32761
1048566
1
8388597
1
262140
33554420
1
1
1
1
33554430
4194299
1
1
262135
1
262141
65535
268435452
4194299
33554420
1
1
1
1
65532
1
1048571
67108858
1
1
1
1
134217725
65528
2097147
1
1
131070
1
16777214
65532
2097142
131068
1
67108851
1048574
1
134217715
1
134217715
1
1
67108851
1
65528
1
32761
1
8388597
1048571
1
1
1
1
1
1
1
4194293
268435453
32761
134217722
134217715
2097149
8388606
1048574
1
262135
1
65528
1
16377
1
16377
1
1
16777210
16383
524285
1
1
65532
262141
1
1
32761
131070
1
2097147
524279
131071
1
1
65532
1
262143
262135
268435452
1
131064
1
4194293
33554428
65528
32767
1
33554429
1
1
1
1048573
1
65528
16377
524285
524285
1048566
134217724
16382
16381
1
1
1
1
16777212
1
1
1
262142
268435449
524279
1048566
1
1
268435442
1
1
16777212
1
8388597
1
1
1
1
32761
1
131068
262135
67108851
134217715
1
1
131064
16382
134217715
16377
8388597
1
1
1
524279
33554426
524286
67108851
134217715
1
1
131068
67108851
1
1048566
1
33554420
4194301
1
4194299
134217715
1
16777210
262141
4194293
1
1
1
1
1
1
1
1
2097142
16382
1
1
16382
2097142
1
67108858
16777210
1
65535
1
67108851
1
33554428
1
1
1
67108851
262135
1
134217725
65528
1
1
524279
8388603
1
1
16777210
16777210
2097147
262135
268435442
8388597
1
262143
2097149
1
33554420
8388603
67108851
1
1
16777204
16381
1
1
1
134217715
8388603
524279
1
67108862
33554428
1
16777204
1
1
32767
16777210
1
131070
134217715
1
1
32761
1
4194299
268435442
1
1
1
8388603
134217715
16777204
1
1
1
16381
4194299
65528
2097142
32761
1
268435449
1
1
268435452
1
65528
1
1
8388597
1
1
1
1
134217715
1
8388603
8388606
1
1
1
1
268435442
1
268435449
131064
4194303
1
268435442
1
1
1
1
1
1
16381
1
8388606
2097149
2097142
67108851
1
16777204
131068
8388605
1
32761
1
524286
16777204
1
1
4194293
67108851
1
4194302
1
1
1
1
1
1
1
1
1
1
1
262141
1
131068
1
1
1
32766
1
4194293
1
65532
1
1
4194301
65534
134217722
134217722
16377
67108858
134217722
1
262135
2097149
4194293
16377
1
32765
1
1
1
1
1
16383
67108858
1
268435442
16381
16777213
1
131068
1
1
32761
1
65528
16777210
65528
32766
262135
33554420
1
1
8388597
1
1
1
1
268435442
33554428
524286
1
1
1
1
1
268435442
262135
67108860
524285
1
268435442
1048571
262142
16377
1
1
16381
65532
32767
65534
16381
1
1
1
134217726
16383
65528
1
1
16777210
32767
524279
1
1
1
1048566
1
1
65528
1
1
32761
1
1
67108851
4194293
1
16777210
524279
268435452
8388597
524284
1
1
32767
32761
1
1
4194293
8388597
33554426
1
1
131070
1
1
1
134217725
1
1
1
67108851
16777204
1
1
134217715
1
1
1048566
33554426
134217722
4194302
4194301
524284
1
1048574
65528
1
65528
16377
1
1
1
1
1
1048566
32767
1
1
2097142
32761
16777204
1
1
1
524284
268435442
1
67108861
1
524284
134217725
268435442
1
1
1
1
67108858
1
1
1
1
1048574
16382
1
33554430
524279
1
2097147
1
1
262141
67108851
134217722
32765
1
134217722
1
1
524286
131064
4194302
262135
33554429
67108858
1
1
1
1048566
1
67108860
268435449
67108858
65532
1
1
2097142
1
32761
1
2097147
1
1
65528
524279
32761
16381
32761
1
4194293
268435449
8388603
1
67108858
1
1
1
1
1
1
268435452
1
134217715
1
1
1
4194293
1
1
1
4194293
1
131071
1
1
1
1
1
1
1
1
1
1
1
33554426
1
1
1
1
1
1
1
33554420
16777204
1
524279
1
67108851
1
268435452
1
33554429
1
33554430
8388605
1
1
1
1
1
131064
1
131064
262141
2097142
1048566
8388597
1
67108851
1
1
1
1
1
1
2097142
1
32761
16777212
1
1048571
1
67108858
4194293
1
67108851
8388603
1
1
1
1
2097142
16377
268435442
1
1
1
1
1
134217715
262141
16377
1
1
1
32761
1
1
268435442
1
1
32766
1
4194293
1
1
33554426
131072
1
1
1
1
1048575
65535
1
1
16777213
67108851
2097150
65534
32765
32761
134217715
262135
1
1
1
4194293
1
1
1
32765
268435442
1
4194293
67108858
1
1
524285
1
1
1
16777204
1
524284
1
1
65534
1
1
1
268435454
1048566
1
1
32761
1
1
1
131064
134217726
1
1
262140
1
16377
1
1
32761
33554420
1
1
1
1
32761
268435449
33554426
1
131068
8388597
4194293
8388603
134217715
1
1
16381
1
67108851
262140
1
1
268435442
2097142
32767
32761
1
524284
1
524285
67108851
1
268435449
1
1
1
1
33554420
67108851
1
16383
1
1
33554420
1
1
33554420
33554428
33554426
131064
1
16377
1
1
65528
268435452
1048574
1048571
131064
1048566
33554426
1
1
32766
1
1
