1
1
524279
65532
8388597
32765
32767
4194302
1048566
1
32765
33554426
32765
65528
1
1
1
1
1
1
1
1048574
268435442
1
134217724
268435449
1048566
1
524279
1
1
4194293
1
1
16377
8388597
16377
131064
4194299
1
1
262135
1
1
16777204
1
65532
524284
16777204
1
1
1
1
1
262140
32761
1
1
1
2097142
65528
65534
16777210
1
1
1048571
131064
2097147
2097142
32765
1
1
1
16382
8388597
1
1
1
33554420
33554426
268435453
1
1
1
16777214
1
1
8388597
1
1
134217722
2097147
1
16777204
32766
1
1
8388597
134217715
4194293
524279
1
1
262140
262140
1
1
4194293
33554428
1048571
1
1
33554420
1
1
1
2097142
1
1
1
33554431
524279
1
1
4194299
1
1
1
4194293
67108858
2097142
1
268435442
1
134217715
1
1
16377
16383
1
1
1
1
1
32767
262141
1
1
2097150
134217715
1048573
1
1
1
33554420
67108851
1
262142
1
2097149
33554420
65528
33554420
1
1
1
33554420
1
1
1
1
524284
8388597
1
8388597
16777204
1
8388603
1
1
2097142
33554420
1048566
262142
1
134217722
1
1
32761
16777204
8388597
65528
524279
1048571
1
1
1
131064
1
262140
16377
131068
131064
1
8388607
1048566
1048571
134217715
1
33554426
1
1
1048574
262135
4194301
1
131068
1
4194301
1048575
4194293
1
2097142
1
1
16377
1
1
1
67108860
1
131064
1
1
1
268435442
1
1
1
8388597
1
67108860
1
1
1
1
1
1
1
65528
1
1
1
524284
1
1
1
1
1
1
1
8388597
4194299
1
65534
1
2097147
1
65528
1
1048566
1
33554420
262142
1
1
1
1
1
524279
1
131064
67108851
8388597
67108858
4194293
1
268435442
1
1
1
1
1
1
32767
1
33554426
524286
1
2097150
1
4194299
4194301
1
33554426
2097147
1
1
1
1
1048573
2097142
4194299
1
1
1
1
1
65534
4194299
134217722
1
1
1
4194303
1
1
262135
1
1
8388597
1
268435449
1
1
65534
524279
1
1
16777204
1
16777213
16377
1
1
65534
16777210
67108858
8388597
1048571
1048571
65528
67108860
1
1
1
8388603
1
1
1
134217715
33554420
1
268435442
4194293
1
1
67108858
16381
1
1
524279
134217724
524284
1
1
67108851
1
1
1
268435442
131064
1
1
32767
1
1
1
1048571
16383
134217715
1
1048566
1
1048573
1
1
134217715
32766
1
1
1
1
131064
33554420
8388603
1
131070
2097150
16777204
32761
134217715
1
1
67108851
1
4194299
1
1
1
33554428
8388597
1048566
67108851
1
16777210
1
16381
2097149
1
8388597
1
1
1
1
262135
67108862
1
65528
1
1
1
1
1
16383
65534
16777204
524279
1
16377
1
1
1
131070
2097142
16383
131071
16377
33554420
1
1
1
1
1
1
1
1
16377
8388597
1
16381
1
33554420
1
67108862
1
1
33554420
1
1048571
1
131068
1
1
1
1
1
1
1
1
1
1
134217715
33554426
1
1048566
16377
1
1
16377
33554428
1
1
134217715
268435452
1048573
1
33554420
1
1
1
16777204
1
33554420
1
1048566
1
1
1
262135
1
67108858
32765
524279
16382
1
16377
262135
33554426
268435442
1
268435442
1
4194293
1
8388597
1
1
131064
1
1048566
32766
65532
1
8388597
32765
1
262141
1
1
524284
4194299
33554420
1
1
1
1
1
16777210
1
32761
524279
1
134217715
1
16377
131068
1
65528
131064
1
33554426
1
1048566
4194299
1
134217715
134217715
1
268435442
1
262135
16777210
1
1
65528
67108851
134217727
134217715
67108851
1
1
1
134217715
268435442
33554420
1
67108851
32761
1
1
1
268435449
1
33554428
1
1
8388597
65528
131068
1
1048573
524279
16777210
1
1
1
1
1
1
1
1
268435442
1
1
33554420
33554426
16777204
1
1
131068
32765
1
2097147
1
32761
1
4194299
1
131071
1048566
1
1
67108851
33554420
16777204
1
134217722
16777212
1
134217726
33554420
262140
1
268435449
32766
1
16777204
268435442
524279
1
1
1
1
1048566
65532
1
1
1
8388597
1048566
1
1
1
1
262141
4194293
1
16777204
67108851
1
16377
33554426
1
134217715
65532
1
524284
1
65528
67108858
262135
16777204
1
1
1
1
1
65532
16777212
32761
1
1048566
1
1
1
1
65528
134217715
1
524279
1
1
1
1
4194299
1
1
1
1
262135
1
67108851
1
65532
1048571
1048574
2097142
1
33554420
1
1
1
524284
1
1
1
1
1
2097149
32761
1
1
16777213
131064
4194299
16377
1
8388605
1
131070
1
16777214
1
262140
1
134217715
2097150
134217715
4194293
65528
1
16777204
2097142
32765
131064
1
16777204
65532
1
1
1048566
1
16381
1
16377
1
1
1
8388597
1
134217715
16377
16377
4194293
1
1048566
1
1048571
16777212
1
1
1
65534
1
1
1
1
16382
33554430
1048574
8388597
1
131070
1
1048566
1
1
524286
131064
268435452
1
33554420
1
1
16777204
1
1
268435449
1
268435442
1
1
16381
1
67108858
134217724
268435449
1
67108862
1
1
33554430
4194303
1
33554420
1
134217722
2097149
1
262143
131068
1
65534
65535
1
1
67108851
1
1
32761
1
1
1
32761
32765
131064
1
1
131064
33554420
4194293
1
1
1
268435442
1
268435452
1
1
32765
16377
1
1
268435442
16381
1
33554426
16377
1
1
1
134217722
1
1
1
1048573
1
1
524279
33554420
1
1
1
16377
1
1
524285
1
33554420
1
1
1
1
65528
1048566
1
1
32761
1
67108861
1
1
134217722
67108851
1
1
67108851
1
1
268435449
1
1
262140
268435449
262143
33554420
262135
1
134217715
1
1
16777210
1
1
1
131064
1
32765
268435442
1
1
1
131070
4194293
67108861
65532
1
1
8388597
1
134217715
16777204
8388607
8388603
1
1
2097142
1
4194299
1
4194302
262140
1
1048571
65528
2097142
2097142
1
4194302
1
1
1
131064
16377
16777213
1048573
2097150
67108851
1
1
16777204
1
33554420
1
1
1
32761
1
1
1
1
524279
1
8388606
1
65535
134217725
2097142
524284
