4194293
1
1
1
262135
1
1
1
1
65528
16383
2097149
1
134217715
131068
67108851
1
1
33554420
1
1
2097147
268435442
1
1
131068
32765
1
1
1
67108862
4194301
1
1048566
67108851
262135
1
1
268435442
16777210
1
16382
524285
131064
1
1
1
67108862
1
16377
1
1048566
262135
1
1
1
2097151
32765
65528
1
1
1
16377
1
1
1
1
1
32765
2097150
262135
8388597
1
524279
2097147
4194301
1
1
1
1
16377
1
262140
1
1
16777204
1
33554428
2097142
16383
16381
1
1
32761
1
65528
134217715
33554430
131068
1
1
1
1
1
67108851
1
524284
16777204
8388603
1
1
1
1
1
1
1
2097147
4194293
262135
67108862
65535
16777213
32761
1
1
268435442
1
65528
1
131071
1
2097142
8388597
1
32766
1
2097142
1
268435452
524285
4194301
268435453
33554420
131068
16382
4194293
16377
16777212
1
1
268435449
1
1
262140
134217722
1
1
65528
65528
1
1
1
4194293
1
67108851
1048571
16383
1
131064
1
67108862
1
16777214
33554420
65528
1
4194302
1
1
1
1
67108860
1
1
1
1
524279
1
4194293
1
32765
1
16777204
262135
1
1048573
1
1
1
268435449
1
1
1048571
1
268435449
16777215
1
1
1
131068
67108860
65528
65535
1048571
1
131064
1
1
16381
1
134217722
1
1
1048573
1
1
4194301
1
2097151
1
1
33554420
1
1
67108858
1
33554426
1
1
16777210
2097142
1
1
1
1
1
32765
67108851
1
1
65528
1
268435442
1
1
1
268435452
33554426
1
67108851
1
134217722
16777204
1
1
1
134217726
1
1
1
1048573
16777204
1048566
1048566
262135
16777210
524279
524279
16777204
134217715
65532
1
1
1
2097147
268435449
32765
1
131064
1
2097142
1
32761
1
16777204
1
1
268435442
16777212
1
1
1
134217727
1
1
131068
1
1
4194302
32761
1
1
16777204
1
1
1
32761
1048571
33554420
268435442
1
1
1
262140
524279
1
1
1048566
134217722
32767
16777210
1
1
262135
1
131070
8388605
1
16777210
67108851
1
1
33554431
1
524284
1
1
268435449
1
8388606
134217722
268435442
2097149
2097142
4194299
1
1
32766
1
2097150
131068
67108851
268435449
1
1
8388606
1
67108851
1
16377
268435449
1
134217715
16382
262135
4194299
1
1048566
1
134217722
1
1
1
1
268435442
1
65528
65528
1048573
1
16381
8388597
65535
268435454
65534
1
1
65528
262135
1
1
1
1
524287
1
1048571
1
2097149
1
131064
1
8388605
1
1
1
1
1
262140
1
1
1
1
8388603
1
1
131064
4194302
1
1048566
1
16377
1
131064
32767
524279
1
67108858
1
1
2097149
1
67108851
1
65534
1
1
134217725
1048573
2097147
1
65535
131070
268435442
1048573
1
1
1
1048574
524284
1
16777204
1
1
16377
1
1
1
4194293
16777204
262135
33554420
1
524279
2097142
1
524284
1
2097142
8388597
1
1
1048566
1
1
8388597
1
16777204
16377
1
1
8388603
1
268435442
1
1
32767
1
1
32767
33554420
1
32761
131070
1
131068
134217715
1
131068
1048574
33554420
1
1
1
524279
134217715
1
1
1
1048566
4194301
1
1
262142
1
8388597
16777210
1
1
65534
32765
1
1
33554432
1
1
4194293
262135
33554420
1
16383
2097142
65528
1
134217715
16777210
1
1
262140
65532
16777210
1
134217715
65528
1
268435452
4194301
8388597
8388597
4194299
4194293
1
1
134217715
32765
1
134217724
1
262135
262140
1
1
8388606
16383
1
65528
8388597
1
33554429
4194299
1
1
1
1
1
32761
1
16381
65528
1
134217722
16777213
4194299
16377
131064
1
1
2097142
1048571
16777210
1
1
1
1
134217722
8388597
1
33554430
1
1
1
1
32761
2097142
1
268435449
1
1048566
1
1048571
8388606
1
1
1
1
33554420
1
262140
67108851
4194301
1
65528
1
1
1
1
134217722
1
1
1
524287
65535
65528
32761
1
524279
33554426
8388606
16777204
1
1
1
65528
1
1
1
1
1
33554430
1
1
1
65528
1
1
1
1
1
131070
1
134217724
1
524284
1
1
1
2097149
1
1
1
134217722
1
1048571
1
268435452
1
1
16377
134217722
33554426
524279
524279
16777212
32761
131064
1048571
262140
16377
1
1
262141
1
4194302
1
1
1
1
524285
1
268435449
1
1
1
1
268435442
1
268435442
8388607
16777204
1048566
1
16777212
1
1
1
1
1
16377
32766
8388605
1
1
1
1
134217722
134217715
1
1048575
524285
1
32761
1
8388606
2097142
1
134217725
67108858
1
65535
268435454
2097147
1
1
1
524287
16777212
524279
131068
65534
1
1
16377
32765
1
1
1
1
65532
2097142
1
1
2097142
1
1
1
524279
1
16777210
2097142
1
16777204
1048571
268435442
1
8388606
131064
1
1
1
16377
33554426
1
1
67108863
131070
1
1
32766
1
1
1048566
262135
16777204
1
134217722
16377
1
1
33554420
16777210
131068
1
2097149
262140
1
131070
67108851
268435442
134217715
524279
1048571
1
1
67108851
1
1
65535
1
1
16777204
1
1
1
131068
1
8388603
1
1
1048574
1
32765
134217724
16377
1
16777204
33554428
1
33554426
1
1
1
1
1
67108861
16777204
67108860
8388597
1
1048571
1
1
268435453
268435442
524284
134217722
1
16777210
1
65528
131070
1
1048573
1
1
1
1
1048574
1
1
4194299
1
1048571
1
32765
1
1
131064
1
1048566
1
134217722
1
1
33554420
2097142
8388597
16777210
268435442
33554426
268435442
262140
1
1
1
1
1
1
1
4194293
1
2097149
1
131064
1
131064
1
4194293
16377
1
1
1
8388597
524287
1
1
524285
268435442
1
1
131068
1
1
1
1
131068
1
1
1
1
1
1
1
8388597
1
1
1
1
16777204
1
16777213
134217724
2097149
1
268435452
1
1
1
1
1
1
1
1
65528
8388606
524279
16377
1
32761
4194293
134217715
1
1
1
1
16777212
2097142
1
1048566
524285
1
16777210
1
65532
268435442
32765
524279
1
1
1
1
1
33554420
16377
134217715
1
1
1
1
1
4194293
16382
