1
32766
1048573
2097147
1048574
1
1
16383
1
1
2097147
1
8388603
1
1
4194293
524279
1
268435452
1
1
1
65534
1048571
134217715
1
1
1
1
1
268435453
1048566
1
134217724
8388597
2097147
33554420
16382
1
1
65532
67108858
1
131064
33554428
65532
1
524284
1
1
8388603
1
1
1
4194299
1
1
67108851
262135
268435449
1
1
16777204
134217715
1
1
16777215
16382
1
16381
262143
268435442
1
1
65528
1
1
65528
524279
1
1
1
1048571
1
1
2097149
1
1
4194302
1
1
1
32765
65528
1
2097142
1048566
1
33554420
16777212
1
134217722
32761
262135
1
524279
1
4194299
33554420
1
33554420
1
1
1
524287
1
1
8388597
1
1048574
65532
4194301
16383
268435442
1
1
1
1
2097150
1
16777212
268435449
1
1
1
1
134217722
1
268435452
268435442
1
16777212
1
262141
262142
67108851
65534
1
65528
16383
67108851
4194293
1
1
1
33554420
131064
1
524279
1
32761
1
16777204
268435449
1
1
1
1
1
1
1
1
268435449
16777204
8388606
262135
1048571
268435453
32765
262135
134217715
1
8388597
1
32761
1
65528
1
2097149
131068
16777210
134217726
1
1
67108862
16383
1
1
1048566
16777214
1
268435449
268435442
262141
4194299
1
8388605
268435455
67108858
4194293
4194299
16383
4194293
1
16377
16383
4194293
134217725
1
131070
1
1
1
4194302
1
1
16777204
2097150
16381
2097142
268435449
67108862
8388606
1
1
1
1
33554428
1
1
16382
8388607
8388605
32761
8388597
1
1
33554420
1
1
131068
1
16377
1
1
1
1
524279
524285
4194299
2097142
2097142
1
1
1
16777204
524284
33554420
65528
67108851
1
1
1
268435442
67108860
268435452
4194293
16377
1
1
268435452
134217715
1
67108851
1
16777204
65532
1
1
1048566
32761
65532
131068
134217715
1
262135
1048566
1
1
1
1
1
33554420
524286
1
2097150
32765
8388597
1
67108858
131070
1
4194299
1
16377
1
2097147
1
8388597
1
1048566
8388597
67108862
268435452
524279
1
16381
262135
131070
33554428
32761
1048571
67108860
65532
67108851
16777204
1
1
2097147
16383
1
67108851
524286
4194293
1
1048571
1
33554426
1048566
1
1
1048566
67108861
8388597
1
16777212
16777210
1
16377
1
1
16777214
1
1
8388603
134217715
1
1048574
33554420
1
4194302
1048566
1
1
1
1
134217715
262135
262141
1
1
65532
262141
2097142
2097142
262135
1
1
1
1
33554426
1
32761
1
16383
16377
1
1
1
1
262135
1
33554430
33554428
1
1
1
1
1
1
1
2097142
268435449
1
134217715
1
1
524279
1
1
1
16381
1
2097149
16381
65528
8388597
1
16777204
2097147
16381
1
1048566
1
262140
1048566
1
1
65528
2097142
1
32767
1
1
1
1
1
1
1
1
1
1
1
1048573
1
1
1
1
1
16383
1
16777204
134217722
33554426
1
1
524284
524287
268435452
16777210
32761
4194299
524287
1
1048566
1048574
8388597
268435442
1
1
1
1
1
1
1
268435453
2097150
1
262135
16777210
134217722
1
268435452
1
1
16377
1
1
262141
4194293
65532
1048566
1
1
1
134217715
1
1
33554428
1
4194293
16383
1
1
1
1
131068
1
4194293
524279
1
1
1
1
2097149
8388606
1
1
1
4194299
4194301
65534
4194299
4194299
1
1
1
1
262140
1
1
1
65534
131070
268435442
1
1
1
4194293
1
1
262135
1
1
131064
32767
1
262135
33554420
1
1
4194293
33554426
1048566
16382
1
1
16382
1048566
1
1
33554420
4194293
4194299
1
1
16777210
1
1
1
16381
1
1
1
32761
262135
1
1
2097142
1
1
1
16777213
134217722
268435449
1
1
1
67108858
1
1
32761
262135
1
1
1
1
1
33554420
1
1
1
131064
268435442
268435442
1
1
1
67108860
524279
1
16383
1
262140
32765
134217715
131071
1
1
1
268435454
1
524285
1
1
16382
16381
1
16777210
268435442
1
1048571
1
1
262140
16777204
65535
16777210
1
16381
1
1
1
262135
8388603
268435442
524284
16381
2097150
1
1
16777204
1
16777213
1048573
262140
4194302
1
131064
32761
32761
1048566
1
134217722
1
1
1
4194293
1
1
262135
1
16377
1048571
268435453
1
4194301
1
1
131064
134217722
1
1
4194301
1
33554420
1
1
1
2097142
1
1
1
16777204
1
524286
1
1
1
1
1
1
1
2097142
1
1
1
4194299
1
1
1
1
1
1
1
2097142
268435442
1
134217715
1
8388597
1
16381
1
262140
1
2097147
1048573
1
1
1
1
1
16777204
33554426
8388597
1048571
268435442
33554420
131064
1
1
1
1
1
1
4194293
1
2097142
16777210
262135
1048573
1
16777210
1
16381
4194293
1
16777204
67108858
1
16377
1
1
32761
33554420
1048566
1
1
1
1
1
67108851
33554431
1
1
1
1
8388597
1
1
2097142
1
1
67108858
1
67108851
1
1
16381
1048571
1
1
32761
1
524287
16777210
1
1
262143
8388597
65534
1
65532
268435442
524279
524279
1
1
1
65528
1
1
1
1048573
524279
1
16777204
1048573
1
1
2097150
32761
1
1
131064
32761
524284
1
1
16381
1
1
1
1048571
131064
1
1
67108851
1
1
1
8388597
67108862
2097149
1
268435454
1
8388597
1
1
1048566
8388597
4194302
1
1
1
33554420
16382
16777210
1
65532
16777204
4194293
524286
524279
1
1
1
1
16777204
1
1
1
4194293
262135
1048571
262135
1
4194299
1
8388606
1048566
1
33554429
1
1
1
1
67108851
16777204
1
33554426
1
1
1
1
16381
262135
16382
4194302
134217715
1
262135
1
1
1
524285
16381
65532
268435442
67108851
67108860
524285
1
1
1
1
1
1
1
32761
268435452
1
32761
1
16777215
1
67108851
1
1
67108851
1
33554428
1
8388603
1
1
1
1
1
1
1
1
1
1
4194299
33554426
1
16777204
65534
1
1
131064
131064
1
1
33554420
268435442
16383
1
16377
1
1
1
16377
1
67108851
1
4194293
1
1
1
131064
1
8388603
67108851
65528
33554420
1
16777215
8388597
4194293
8388597
1
268435442
1
67108851
1
16777204
