1
32761
16777212
16777214
4194302
1
1
1
268435442
1
134217727
262135
1
65528
1
67108861
2097142
131071
134217725
1
1
2097142
1
33554420
33554420
16777213
8388605
1
1
2097142
1
32765
268435442
131070
65534
1
16777214
262135
268435442
67108851
1
262143
1
1
2097151
2097142
1048566
65534
67108858
1048574
32761
1
1
134217715
1
16377
1
1
1
2097142
268435442
1
1
1
268435442
1
32765
1
32765
32767
134217715
32765
65532
4194293
4194293
1048574
67108851
1
16383
1
2097142
16381
268435452
1
2097151
1
134217715
1
1048573
1
524279
1
67108851
2097147
32765
1
524279
1
33554426
1
268435449
268435442
1
1
1048571
1
1
1
1
268435452
1
1
1
524284
33554420
1
524279
1
262144
4194299
16777204
65528
1
131070
1
8388597
1
67108858
2097142
1
131071
1
131070
1
1
1
1
1048571
268435449
268435442
33554426
65532
1
1
1
1
268435453
1
268435452
1
1
16777214
1
1
33554426
1
524284
1
1
524279
1
1
131071
1
1
1
1
67108858
32761
1
1
1
1
1
32766
268435442
1
1
268435442
1
33554420
134217724
1
1
131068
4194299
1
16377
1
4194299
65528
1
1
1
65532
1
1
1
32765
262135
1
65528
8388597
262140
262135
67108851
32761
262135
67108862
1
1048573
1
16383
33554426
134217724
1
65528
1
524279
1
1
33554420
134217715
1
1
1
2097147
1
1
131070
33554426
1
1
1
1
1
2097147
65528
1
1
16377
1
131064
65534
1
32765
262135
65528
1
1048566
1
134217722
16777204
1
1
1
67108860
16777213
32766
1
1
8388597
1
2097151
2097147
1
268435452
134217715
1
1
1
1
262141
1
16383
4194299
1
1
1
1048566
262140
32761
134217726
1
1
524285
1
268435452
131070
16777204
1048573
1
1
134217725
1
67108851
1
67108851
1
1
262135
32766
131064
524284
1
1
1
131068
1
1
1
1
1
1
1
67108851
2097147
524279
67108860
67108851
67108858
65534
2097147
1
2097142
1
262135
1
1
1
2097142
16777212
1
67108858
1
134217725
1
65528
1
1048575
1
1
1
262142
1
32765
2097142
1
1
1
524286
1
1048571
8388597
268435449
1
65528
1
16377
1
16377
262142
1
1
32766
1
1
1048574
1
268435442
1
524287
1
1048566
33554426
16383
16777212
1
1
1
1
16382
1
1
1
524287
524286
1
524279
1
1
65528
1
1
1
1
16377
16377
134217715
1
1
134217715
1
33554426
4194293
2097142
268435442
1
1
8388597
1
65528
16377
67108851
1
1
1
1048566
268435453
33554428
2097142
8388597
1
1
262142
524279
2097147
65528
1
4194293
32765
1
134217724
1048566
1
16381
65532
524279
1
1
1
1
32761
1
1
1
33554420
16777215
1
1
131068
33554420
65528
268435449
1048574
1
524284
262140
1
1
262140
1
1
524279
1048566
32761
1
16382
262135
1
1
16777204
8388606
1
1
16381
67108862
1048571
131064
65528
134217715
1
268435449
524286
1
33554420
65534
134217715
1
1
2097142
65532
1
134217724
1
268435442
4194301
65528
1
16382
32765
1
8388597
1
1
2097150
33554428
1
1
16777204
1
1
65528
1
524285
524279
1
1
16381
268435449
67108851
67108851
1
1
1
67108858
268435453
8388597
1
1
1
16381
65528
1
16777210
1
1
1
1
1048566
1
1
2097150
1
67108851
1
134217724
8388605
1
1
1
1
1048566
1
4194303
2097142
8388603
1
8388597
1
1
1
1
16777210
1
524284
1
262141
67108858
16777204
65528
1
8388597
16381
524284
4194293
1
1
16381
2097142
1
1
1
1
1
67108861
1
1
1
131064
1
1
1
1
1
16777213
1
131070
1
16777210
1
1
1
131071
1
262135
1
67108858
1
1
65532
131070
1
2097147
131064
2097147
268435452
1
268435442
65535
16377
131064
1
524284
1
1
1
1
1
134217725
65534
1
65528
16381
524284
1
4194303
1
1
2097142
1
33554420
134217727
262135
4194299
65528
2097142
1
262140
1
1
1
1
1
524279
2097151
262140
1
1
1
1
1
524279
1
268435449
262141
1
16777204
1
4194302
8388597
1
1
65532
1
262141
131068
524284
1
1
1
2097150
4194299
268435442
1
8388605
1
1
16777204
1
1
1
1
1
524285
268435442
1
1
8388597
1
1
268435442
1048566
1
65535
16377
1
268435442
32767
1
1
33554428
8388597
1
1
1
2097142
524284
1
1
67108858
33554428
1
1
8388603
1
1
1
65528
32761
1
134217722
134217715
1
1
1048566
16382
16381
1
16383
2097149
1
16381
4194293
1
33554420
8388597
65532
1
1
262135
1
1
1048574
1
1
16377
131064
1
1
131071
1
16777214
131064
1
131070
1
16381
2097147
262135
1
268435442
268435449
1
16777212
1
1
1
1
16382
65532
16377
2097147
2097142
1
8388603
1
1
268435449
134217715
16777212
16777210
1
8388603
1
1
65532
16377
67108858
65528
1
1
1
4194301
1
262135
1
524287
2097150
16777210
262141
1
1
16777204
1
32761
1
67108858
1
1
33554420
268435442
65528
33554426
33554420
131068
268435442
262140
1
1
67108862
1
1
1
1
1
1
1048573
1
32761
1
33554420
1
16377
1
1
1
1
1
65534
1
1
2097147
1
1
1
1
1
1
1
1
8388603
1
1
1
1
1
1
1
524279
1
1
1
1
8388597
1
262140
32766
32765
1
16777210
32766
1
1
1
1
1
1
1
16377
262140
268435442
262135
2097142
32761
262135
1
1
1
1
1
1
33554420
1
1048566
32766
1
2097147
1
65532
1048566
1
4194293
1
1
1
1
1
1048566
67108851
65528
1
1
1
1
1
33554420
33554429
65528
1
1
1
134217715
1
67108851
262135
1
1
16381
1
33554420
1
1
262140
262140
1
1
1
1
1048574
8388603
1
1
262143
8388597
268435452
268435449
33554426
1
1
524279
1
1
1
67108851
1
1
131068
16777213
67108851
1
131064
1
524279
1
32768
1
1
1
1
1
1048571
1
1
1
1
1
1
4194299
33554420
1
1
2097142
8388597
1
1
268435442
16384
1
1
