8388606
524284
1
131068
524285
33554426
1
1
524279
1
1
1
1
1
1
1
1
1048566
1
524279
1
1
1
268435454
1
1048571
1
65528
16377
1
1
65532
2097149
33554420
1
2097142
134217726
1
1
67108860
4194293
32766
16777204
262135
1
1
2097142
1048571
1
2097142
1
1
8388597
1
1
1
134217726
1
33554426
1
1
16777204
65534
32761
1
1
1
8388603
67108858
1
268435449
1
1
16377
1
1
8388603
262140
524287
262141
1
67108851
1
1
32765
67108858
65532
1
1
1
1
2097147
131068
1
268435453
1
1
1
1
524279
33554426
1
262140
1
16383
1
524284
65534
1
1
1
1
8388603
524279
16381
1
2097142
524284
16777204
131064
524279
16777204
262135
1
1
1
1
1
1
1
1
524284
1
8388597
1
268435449
268435449
2097147
1
1
8388597
1
65528
1
134217715
1
131064
1
1048571
65535
8388603
1
262141
1
1
262135
134217715
524279
1
1048566
1
1
1
8388597
1
2097147
1
33554420
1
1
1048566
131064
1
16777204
262142
1
32765
1
16777210
1
262135
1
1
1
1
16383
524286
16777210
524279
1
16377
65532
8388597
1
1
67108858
1
8388597
67108851
1
4194293
32761
67108851
1048566
1
1
1
33554420
134217715
1
65528
1
1
1
1
134217726
33554420
1
134217715
1
1
1
8388597
1048566
8388597
1
1
1
1
1
16777204
2097147
1
1
1
1
2097142
1
1
16777204
1
1
524284
1
1
1
1048574
16777212
2097147
8388597
1
65528
32765
1048566
1
1
4194293
16777204
1
1
1
1
1
8388597
1
1
2097147
2097149
1
1048571
2097147
1
1
1
33554420
1
1
1048566
268435442
1
1
134217715
16382
1
1
1
1
1
1
134217726
1
1
16777204
1
1
1
33554428
4194293
1
1
16383
1
32761
1
1
1
32765
1
1
134217715
1
16377
33554420
1
1
16777214
262135
1
2097147
33554420
1
262135
1
1
16777204
1048575
1
1
1
1
131064
2097142
524279
1
1
1
524287
8388605
134217715
1
1
8388597
1
67108851
268435449
32766
262135
1
134217715
1048566
1
1048574
1
8388605
1
1
8388597
134217715
268435453
2097142
1
268435452
1
1
1
2097142
1
32765
2097142
32766
134217722
1
262141
1
262135
1
1
1
1
262135
1
1
1
1
134217722
4194293
1
1
67108851
268435455
1048571
262143
2097142
1
32767
268435449
33554426
1
524279
1048573
65534
65532
67108851
1
134217715
1
1048573
1
8388597
1048566
262140
1
131070
1
268435442
1
2097147
4194303
1
1
32761
1
1
1
1
262135
1
1
1
1
16381
1
1048566
8388603
131068
33554426
65534
1
1
1048574
1
1
1
134217722
1
262135
1048566
1
8388605
1
1
1
1
1
1
131064
1
2097147
524279
16777204
2097142
33554426
1
1
1
131071
131064
131071
8388597
268435452
1
32765
1
1
134217715
1
33554420
1
1
32761
524285
1
67108851
1
1
1
134217715
2097149
1048574
1
1
1
32765
1
2097142
65528
1
1048574
268435449
2097149
16777212
131070
1
1
16377
268435449
1
32761
131064
1
1
524285
1
1
262135
1
1
4194293
262135
1
1
33554420
65532
2097151
1
1
67108862
524279
1
1
4194293
16381
1
8388603
524279
16377
1
1
134217727
1
1
1048566
268435449
1
1
1
8388597
1
1
8388605
1
1
4194293
1
1
1
33554420
33554420
1
33554420
8388607
1
134217722
4194299
1
1
524284
2097142
1
4194293
1
1
1048574
1
65534
1
1
1
32761
1
1
33554420
1
524284
16377
65535
134217715
1
1
1
1
1
134217715
1
65528
32766
1
1
1
1
1048566
1
33554420
65528
1
1
1
1
32761
16777204
2097142
1
67108862
1
16381
1
1
1
1
67108851
32766
1
67108860
1
268435455
1
16777210
2097150
1
1
1
1
1
1
1
1
268435442
16377
1
16777204
134217715
65534
65528
4194293
1048571
1
67108860
1
32767
1
1048573
1
134217715
67108858
16377
33554426
1048566
1
8388597
131068
1
262135
1048571
65532
1048571
16777210
8388603
4194299
33554420
1
524279
8388603
262135
131064
65528
2097147
268435449
1
65534
16381
134217724
16382
1
268435449
1
1
1
134217722
1
1
16381
262140
262135
4194293
1048566
1048571
134217715
1
1
1
1
1
1
1
1048566
524285
16377
131064
32766
67108858
1
134217715
1
1
8388597
1
268435449
1
1
2097149
1
131064
16377
268435453
134217724
524279
1
1
1
524279
67108851
33554420
524284
16777204
1
1
1
262135
131064
8388603
1
33554420
1
1
134217715
131064
1
134217715
1
65528
2097142
1
1
1048566
131068
65534
4194293
1
1
1048566
8388606
1
1
1
1
1
524287
65532
1
524285
67108851
131064
1
8388603
67108851
1
1
1
2097147
1
268435442
1
4194299
1
268435449
2097142
32761
8388603
4194302
1
16777204
65528
131064
134217726
65534
134217726
1
1
16382
16777204
1
1
16777204
134217722
1
1
16777204
524279
1
65532
1
16382
65532
1
1
134217715
8388597
32761
1048571
1
1
1
16777212
1
1
524285
1
1
134217715
8388597
1
2097147
2097147
1
8388597
1048566
1
1
1
1
33554429
8388597
524279
1
1
32765
1
2097142
16381
134217715
1
1
1
1
1
1
268435453
1
65528
65528
1
1
1
1
134217722
1
524279
2097147
1
1
1
1
1
1
1
262135
8388597
1
65532
1
1
524279
1
1
1
1048571
1
262140
1
32761
1
1
2097147
1
67108851
1
131070
1
268435442
268435442
8388597
1
268435449
33554420
1
16777212
2097150
1
1
1
1
1
1
1
1
1
1
16777212
1
1
1
1
67108858
67108858
1
268435442
4194293
1048574
134217724
1
16377
262140
16777204
32765
8388603
33554428
2097142
1
65534
4194299
16777214
16777204
1
1
1
1
1
1
1
262143
67108851
1
1048571
4194299
262135
33554420
1
1
1
131064
1
1
2097142
131064
4194293
4194293
1
1
1
2097142
1
16383
16377
1
134217725
8388603
1
1
1
1
268435442
1
8388605
32761
1
1
1
1
4194293
1
1
67108860
1
67108858
134217715
16381
67108851
262140
1
4194293
