65534
1
1
268435442
1
1
1
1
524284
1
32761
33554426
1
1
1
1
16382
1
134217715
8388597
131064
1
67108858
1
1
1
1
67108861
1
268435449
1
262140
65528
268435442
524284
1
4194299
262140
262135
1
524285
1
65528
262135
1
1
1
2097142
1
32766
1
1
1
268435442
1
1
1
1
1
1
1
65534
1
268435452
1
1
1
16777210
1
131064
1
134217726
1
1
131064
67108858
268435442
16381
65532
16382
16777204
1
8388606
2097147
16777212
8388597
1
524286
1
1
1
1
1
8388607
524279
1
268435449
32765
1048566
1
16377
1
1
16377
1
8388597
524279
134217715
8388597
33554420
134217724
1
1
1
1
1
1
1
32766
16381
2097142
1
1
1
1
1
16384
1
67108851
67108861
1
8388597
1
4194302
32767
1
1
134217722
268435442
262140
8388597
1048571
1
1
1
131070
4194293
268435442
1
16777212
65528
524284
33554426
1
1
1
16777210
1
1
134217715
1
1
268435454
1
1
8388597
2097147
1
65528
32761
1
131064
8388597
1
1
4194299
32766
1
1
1
2097147
4194299
1
1
1048566
131071
1
1
2097142
1
1
1
524284
8388597
1
1048573
16777213
1
1
4194293
262135
131068
1
1048571
65528
1
8388597
2097142
1
131064
33554426
1
1
1
524285
1
1
16382
1
1
33554426
134217715
1
1
262135
1
134217715
65528
1
67108861
1
2097150
16377
4194293
1
262135
1
1
262135
1
1
1
1
2097147
67108851
8388597
8388597
8388597
1
262140
1
1
16777204
524279
4194293
1048573
1
1048571
1
1
1048566
2097142
33554420
524279
8388597
16777210
1
1
1
1048566
1
67108858
2097142
32765
2097142
1
1
33554420
1
16777204
1
2097147
1
1
32765
4194293
16381
65535
16777215
1
33554426
134217724
262135
1
32761
1
1
1
1
1
1
262141
1
33554420
1
131064
1
268435442
1
1
1
1
1
32766
1
1
1
1
1
1
1
1
1
1
1
268435449
1
1
1
1
1
1
1
67108851
268435453
1
1
1
32766
1
262135
2097149
262135
1
262135
524287
1
1
1
1
1
67108851
1
67108851
65528
131064
134217725
4194293
1
4194293
1
1
1
1
1
1
262140
1
16777212
67108862
1
4194301
1
16381
2097147
1
33554432
1
1
1
1
1
268435449
16777204
524287
1
1
1
1
1
65532
33554426
67108860
1
1
1
8388603
1
67108858
8388597
1
1
262135
1
4194302
1
1
33554428
2097142
1
1
1
1
1048574
134217715
1
1
33554428
524285
134217722
16377
16777210
1
1
33554426
1
1
1
16777212
1
1
1
262135
262135
1
16377
1
262135
1
8388603
1
1
1
268435442
1
262140
1
1
1
1
1
1
32761
65528
1
1
67108858
1
1
1
33554430
16777213
1
1
1048566
1
134217722
1
1
262135
524284
1
1
1
1
1048566
32761
65532
1
2097149
262140
16377
67108851
32761
1
1
16777204
1
1
16381
1
1
32765
32761
33554420
67108851
1
1
1
131068
262140
1
268435442
1
1
1
1
4194293
32765
1
134217715
131068
1
67108851
1
1
65532
67108860
67108851
65528
1
134217715
1
1
65532
268435452
524279
268435452
268435449
33554420
33554420
1
1
134217724
1
1
1
1
1
65528
8388597
1
4194301
1
262135
1
8388603
32768
1
8388597
1
1048571
1
262140
1
1
1
1
1
1
16382
1
1
524279
4194293
1048571
134217724
16377
131064
16777204
268435452
16777204
33554426
1
524279
33554420
67108858
4194301
1
1
32761
1
1
1
1
16377
1
1
1
1
1
1
1
262140
131070
1048566
1
1
268435442
262135
4194302
67108851
65528
16777204
16777204
134217715
1
1048566
1
1
8388597
1
131064
1048573
65534
1
32761
1048571
1
1
1
1
32767
32765
262135
1
1
1
1
67108851
1
1
16777204
2097142
268435453
268435442
1
33554420
1
1
1048566
1048566
16381
268435449
1
65528
8388605
1
33554420
67108851
1
524279
1
67108851
2097151
1
1
2097142
1
134217724
33554420
268435442
1
1
1
33554420
134217715
134217715
1
16777204
262135
1
131070
1
1
1
16381
1
1
524279
524279
1
1
268435454
1
4194299
1
1
1
134217724
65528
1
1
1
33554420
4194302
1
524279
8388605
1048566
1
1
131070
1048571
1
1
524279
33554420
1
16381
1
268435452
1
1
1
268435442
524279
131064
1
131068
134217722
1
1
131064
8388605
268435452
65535
1048574
1
16377
16377
1048566
1
1
1
1
4194293
32765
1
1
32761
16377
134217715
1
1
1
1
16383
268435442
1
1048566
1048566
1
8388597
33554428
1
16377
16381
1
32765
131068
1
16383
8388597
1
1
1
1
1
1
524286
2097151
262135
1
1
1
1
1
1
268435442
33554420
1
4194293
1
1
1
1
32765
1
1
1
1
131064
1
1048566
131064
131070
262140
16777210
16777204
1
524279
1
1
1
2097147
1
16382
1
1
1
4194302
1048566
1
67108851
1
262135
134217722
67108851
1
134217722
32761
33554426
1
16777210
1
67108860
16377
131064
131070
2097142
131064
8388597
1
2097142
524279
4194301
33554420
16382
1048566
67108860
1
1
4194293
32761
4194299
1
134217715
1
1
1
8388597
1
8388597
67108851
65528
65528
1
524279
1
16382
67108860
1
1
1
8388605
1
1
1
1
134217722
131070
16381
262135
1
134217725
1
1048566
1
1
1
1
16777210
1
268435442
1
1
2097142
1
1
8388606
1
33554420
1
1
1
1
524284
16381
2097147
524279
524287
1
1
134217722
268435453
1
262135
1
262140
262140
1
1048571
524284
1
16383
67108858
16382
1
32761
1
1
32761
1
1048573
1
4194293
32765
2097142
1
1
1
524279
262135
1
1
1
32761
131068
4194303
1
1
2097149
131064
1
1
1048566
1
1
4194299
2097142
1
1
134217722
67108860
1
1
1
16777210
1
1
67108851
16377
2097142
1
1
16777204
67108858
1
262141
131068
2097142
1
1
1
67108860
67108851
67108851
1
1
262135
1
1
1
134217722
262140
65528
1
1
131064
67108851
1
1
1
1
32765
2097149
16383
131064
4194293
