134217725
524279
1
8388603
32765
65528
1
16777204
65528
1
1
268435452
134217715
1048571
1
16777204
16777210
1
268435442
32765
1
268435442
134217715
32761
1
1
1048574
8388606
1
16777212
1
33554420
4194293
16377
1
131068
4194293
1
16381
262135
1
524285
16377
1
1
1
1
1
262141
1
524279
65528
1
32765
131064
2097151
268435449
33554420
1
1
131068
134217722
32761
131064
1
1
1
268435454
262140
1
524279
1
1
1
1
134217715
1
1
134217715
1
262141
1
262135
16777210
1
1
1
1
131068
1
268435442
4194293
268435442
1
1048573
1
1
1
1
65534
1
1
1
134217722
32761
16377
524285
1
524285
32765
134217715
16377
1
1
268435442
16377
1
1
1
1
1
16382
1
1
1
131064
1
1
1
1
1
33554426
1
8388605
1
16384
1
1
1
2097147
1
1
1
33554428
1
8388603
131064
134217722
1
1
33554428
8388606
134217715
1
32765
16381
67108858
2097142
1
32766
8388605
1
1
2097147
1
8388606
134217715
1
131070
1
131064
1
4194293
1
1
8388597
1
1048566
1
33554420
33554420
262135
8388603
1
8388597
1
1
1
1
1
262140
1048571
524279
1
1
1
1
262140
65532
1
524279
131071
1
67108851
1
268435453
67108858
1
1
1048571
1
268435449
268435442
134217722
1
1
1
16777212
33554420
268435442
2097142
16382
1
1
2097149
1
1
1
1
1
65528
8388597
1
1
268435449
1
1
1
262142
1
4194293
8388597
1
131064
131064
262135
1
16381
33554426
1
1
1
4194302
8388603
1
1
33554420
2097150
1
1
32761
1
1
1
524285
4194293
1
16383
4194299
1
1
33554420
16377
262140
1
2097147
16377
1
134217715
8388597
1
16377
16382
2097149
1
1
65532
1
1
32766
1
1
1048573
1
1
1
134217715
1
65528
1
1
4194302
1
67108860
8388597
1048566
1
2097142
1048566
1
8388597
1
1
1
1
1
134217715
65528
16377
67108851
1
268435449
1
1
268435442
67108851
262135
131071
1
67108858
1
1
67108851
1
134217715
1
1
1
1
16777210
1
1
1
1
33554420
1048571
8388597
1
1
524279
1
268435442
1
16381
1
1
65534
134217715
262142
262141
131068
134217722
524286
131070
1
1
1
1
1
1
1
1
1
131070
1
134217715
1
2097142
1
67108851
1
1
1
1
134217722
8388605
1
1
1048566
134217715
1
1
67108851
1
1
1
1
65532
1
1
1
1
1
1
1
134217715
1
1
1
1
262140
1
2097142
65534
4194293
1
524279
65534
1
1
1
1
1
1
1
2097142
524279
8388597
65532
1
524285
1048566
1
1
1
1
1
33554428
262141
1
2097147
67108861
1
65535
1
262140
8388606
8388605
268435449
1
1
1
1
1
67108861
1048566
131068
1
1
1
1
1
1048573
8388603
268435449
1
1
1
1
1
32766
8388597
1
1
65528
1
2097147
1
1
16383
262135
1
1
1
1
1
8388597
1
1
2097149
524284
16777210
67108851
4194299
1
1
33554430
1
1
1
65532
1
1
65534
1
32761
1
1048566
1
1048566
1
262140
1
1
1
1
1
2097147
1
1
1
1
1
1
1
1
1
1
8388605
268435442
1
1
1048571
1
1
1
4194293
1
16383
1
1
2097142
524286
1
1
1
65528
1
1
32765
1
262143
16777212
1
33554420
4194293
1
1
32761
1
1
65532
1
1
16383
16377
134217715
524279
1
1
1
1048571
32767
1
1
1
1
1
131068
268435442
131070
32766
1
262140
1
262135
1
1
65534
8388605
16377
33554420
1
2097142
1
1
33554429
33554428
33554420
131071
67108860
134217715
2097142
1
1
262141
1
16777204
134217722
1
524279
67108851
2097142
1
32765
1
1
1
1
16777212
1
1
1
16381
1
134217722
1
1
2097147
134217715
1
1
131068
1
1048566
33554420
16777204
4194299
33554426
1048566
32761
262135
16777210
1048566
67108861
1
131064
134217715
33554429
8388605
262135
1
16377
1
1
1
67108851
131064
1
1
1
1
1
1
1
2097147
1
1
1
1
32761
16777204
65532
16377
524279
262135
4194293
1
1
524279
1
1
1
32761
1
4194301
2097147
1
8388597
262140
1
1
1
1
134217722
65532
524279
1
1048573
32766
1
65528
1
1
16377
65528
4194299
8388597
1
4194293
1
1
8388597
16777204
134217724
4194299
1
1
268435449
4194301
1048566
1
1
1
1
1
4194299
8388597
16377
32761
1
2097150
67108851
16377
1
1
1
16777204
268435442
524279
1
65528
2097142
1
33554426
4194293
1
1
65534
1
1
131064
16777204
1
1
1
1
262140
1048575
1
1
33554428
65528
1
1
1
67108851
2097149
1
4194293
67108858
2097142
1
268435442
16777210
1048571
1
1
4194293
16377
1
524284
1048566
131070
1
1
1
33554420
134217715
134217715
1
131068
67108863
1
1
268435442
4194299
2097149
268435449
33554428
1
268435442
268435442
131064
1
1
1
4194299
4194293
524284
1
1
524279
1
67108851
1
1
1
1
4194301
524279
524284
1
16377
1
4194293
4194299
1
1
65532
1
1
1048575
1
16381
67108851
1
1
1
1
268435449
1
134217722
4194301
67108851
1
1
1
1
1
1
4194293
134217715
1
8388597
1
1
1
1
262140
1
1
1
1
33554420
1
8388597
2097142
65532
1
134217724
16377
1
8388597
1
1
1
16381
1
1048574
1048571
1
1
2097149
524279
1
1048566
1
32761
65532
33554420
1
262142
2097142
134217725
1
67108860
1
65532
8388597
8388597
524286
131064
131064
524279
1
524279
134217715
16381
1
16777210
262135
32765
134217724
1048574
4194293
67108851
1
1
65528
1
268435442
1
16777204
1
65528
1
32761
1
1
524279
32761
8388603
16382
65534
1
1
1
1
1
1
1
67108861
2097150
134217724
262135
131068
2097149
1
2097142
1
1
1
1
1048575
1
32761
1
1
8388597
1
1
4194299
1
134217715
2097147
1
1
1
1048571
2097150
134217722
262135
16383
1
1
1048573
131071
268435449
2097142
1
2097147
16383
1
2097149
4194299
1
131070
1
32766
131070
1
1
1048573
16777204
1
16381
1
1
1048571
