1
1
32761
1
1
1
32761
32765
1048571
1
1
1
65532
1
1
16777204
1
1
16777212
16777210
1
32761
16777210
1
1
33554420
32761
1
16777204
1
2097142
8388603
262142
1
1
16777204
4194299
134217722
1
1
8388597
1
1
1
32761
1
1
1
268435449
524279
1
1
67108860
1
1
1
4194293
1048571
67108851
1
1
1
131064
1
1
16777204
65532
1
1
1
1
1
1048571
1
1
1
524284
16377
1048571
1
1
1
65528
16377
1
1
1
262143
524279
262135
8388597
1
1
1
524279
1
524279
1
1
65532
524279
1
1048566
1
1
2097147
1
1
32761
262135
8388597
33554428
1
134217722
1
1
1
8388597
65528
33554420
4194293
131068
16777204
1
1
1048566
1
33554426
2097142
524284
33554420
1
262140
16377
65534
65528
1
524284
1
1
1
268435442
1
1
8388605
1
1048571
131070
8388597
1
1048566
1
1
67108851
65528
1
1
32766
1
131064
1
1
1
33554420
1
1
1
2097142
1
1048573
1
1
1
1
1
1
1
32761
1
1
1
1
1
1
1
1
8388597
1
1
67108851
262141
1
16777210
524279
2097151
1
8388597
1
1
1
1
1048574
1
16777204
1
1
16777204
131064
33554420
16777204
65528
67108851
16777212
65528
1
1
1
1
1
1
16381
1
262140
16383
524287
2097150
1
1048573
1
16777210
1048571
1
2097149
8388603
1
268435442
1
1
16777210
1048566
65534
1
1
1
1
1
4194299
134217722
1
1
1
1
4194299
1
1
1048566
1
1
33554420
1
1
1
1
1048573
16377
65532
1
131064
1
16383
262135
1
1
1048573
268435453
1048571
1
1
33554428
33554420
524284
1
1
1
524286
1
1
1
262135
524279
1
32761
262135
1
1
65532
8388606
1
1
16377
65532
4194299
1
16382
131064
1
1
1
262135
8388597
1
1
33554426
1
1
1
16777212
8388606
268435442
1
1
1
134217722
1
1
134217715
262140
16381
1
1
1
524279
4194293
134217722
1
4194301
16777210
1048566
2097142
524279
1
1
1
1
4194301
1
1
1
262140
1048566
32761
1048566
1
524284
1
1
67108858
1
524279
1
1
1
1
8388597
4194299
1
268435442
1
1
1
1
134217724
16381
1
134217715
1048566
1
67108851
1
1
1
67108860
1
1
4194299
1
1048566
2097147
1
1
1
1
1
1
1
4194293
268435442
1
32767
1
134217715
1
32765
1
1
67108851
67108851
4194299
1
33554426
1
16383
1
1
1
1
1
1
1
1
1
4194299
1
268435442
268435442
1
1
65528
32765
1
1
524279
1
65534
1
2097142
1
1
1
32761
1
2097142
1
134217715
1
1
1
32761
1
65532
2097149
262135
67108858
1
524279
32761
33554428
1
1
67108851
1
134217715
1
16777204
1
1
33554420
1
268435442
1
134217726
1
1
65532
1
2097151
1
1
16777212
65532
67108851
1
1
1
1
1
33554428
2097142
4194293
268435442
1
134217715
1
134217715
1048574
1
134217715
65528
1
67108858
1
32761
524286
1
1048566
134217715
1
262135
1
67108851
2097149
1
1
65528
65528
134217724
4194293
262135
1
1
16777212
16777204
1
1048566
1
8388597
2097142
4194302
1
1
8388605
1
8388603
1
1
134217715
67108851
4194299
1
33554429
67108851
8388603
1
1
1
1
1
1
1
1
1
1
1
2097142
1
524279
1
1
1
262140
1
524284
1
8388597
1
1
1
4194301
33554420
1
1
8388597
268435442
16377
1
134217722
33554426
65535
134217722
524279
1
1
65534
524287
1
16777204
16377
524279
4194302
1
1
1
524279
4194299
16377
1
1
8388597
32761
131064
1
1
1
2097150
33554420
1
1048566
1
1
4194293
1
1
65528
268435449
1
268435449
1
524279
2097149
1
16777204
1
1
1
1
1
1
16383
131064
1
262135
1
1
1
1
2097142
8388597
1
33554420
1
16377
1
131064
2097147
1
1
1
1
268435442
524279
33554420
1
1048575
4194299
67108858
524279
1
1048566
16777210
1
1
1
1
1
1
1
1
131071
1
1
1
32766
134217715
32765
1
1
16777210
1
67108858
1
4194299
1
8388607
1
134217715
4194302
8388597
1
16377
1
16377
65528
4194302
16377
1
268435442
262143
1
1
4194293
1
262140
1
131064
1
1
1
33554420
1
67108851
67108851
1
2097142
1
32761
1
131070
134217724
1
1
1
262141
1
1
67108858
1
16381
32766
131068
1
1
67108862
1
4194293
32765
1
32765
268435442
65532
67108851
1
1
1
2097142
134217722
1
131070
1
1
1
1
16381
16777210
1
8388603
1
1
1
4194299
1
131068
262142
1
4194293
1
8388603
2097147
1
4194299
1
1
1
2097147
1
1
131064
1
1
8388597
1
1
1
65528
16777210
131064
1
1
16377
2097142
33554420
1
1
65534
1048566
1
1
1
1
262142
65528
1
1
4194293
16777210
1
16777210
131064
1
1
1
262143
1
1
1
2097147
1
1
1048566
65528
1
1
1
65528
1
1
16382
1
1
2097147
1
1
1
32761
65528
1
1
262135
1
268435449
1
1
1
262135
1
1
2097142
1
1
8388605
1
1
524284
268435453
2097150
32761
65528
1
2097142
1
1
4194301
1
1
1
1
1
32766
262135
1
1
1
1
16377
268435454
268435452
1
1
65528
1
65528
16377
524286
16777215
1
262143
268435442
1
16381
1
268435453
1
1
67108860
134217715
67108851
33554420
1
33554430
1
1
1
33554420
1
33554428
33554426
67108862
2097142
1
65528
262135
32766
1
1
1
1
268435442
1
1
1
1
268435442
4194293
1
1
1048571
8388606
262135
65532
8388603
1
32761
32767
16777204
1
524285
16381
16777204
268435449
32767
1
16382
1
33554420
1
33554429
131064
16377
1
1048566
524284
131068
1
134217715
1
1
1
262140
16377
1
1
1
134217715
1
1
1
1
131064
1
1
4194299
262135
1
268435442
1
1
16381
1
16777204
1
16777214
1
2097142
8388605
1
524279
1
16777212
1
1
1
1
4194293
1
16777210
32765
134217715
16777210
1048571
1
1
