262141
1
1
1
67108860
2097142
2097151
16777210
1
1
16777204
65528
1
1
1
16777212
67108851
4194293
524279
1
1
524285
1
1
16777204
1
1
16777210
1
1
67108851
1
1048566
1
1
1
1
4194293
65528
4194302
8388597
16381
1
1
1
2097142
1
2097142
16777204
131068
65528
1
1
1048566
1
4194299
262135
524284
131064
1
16382
524279
16381
4194293
1
262140
1
1
1
1
1
1
67108858
1
4194303
2097150
33554420
1
2097142
16777212
8388597
8388597
262135
1
1
2097149
1
1
1
1
1
33554420
1
1
1
1048566
1
67108860
1
8388597
1
1
1
1
1
131064
1
1
1
1
1
1
1
262140
32761
1
8388603
1
524284
1
262142
1048566
4194299
1
131064
1
1
1
1
67108861
1
16777204
1
1
524279
1048566
131064
1
16377
1048566
8388603
262135
1
1
1
1
33554420
1
32766
1
67108860
2097149
1
1
1
268435454
1
1048571
1048575
1
65532
16381
1
134217715
1
33554431
524287
1
32765
1
1
1
16381
1
2097149
262140
1
1
4194293
1
4194301
1
1
33554420
1
1
33554420
1
1
1
65528
1
33554420
524284
1
524279
2097142
65534
1
1
1
65534
2097147
8388603
1
1
16777210
67108851
1048574
1
16777204
1
65532
8388597
1
1
32761
4194293
1
2097142
268435442
1
1
262140
2097147
131071
1
8388597
262143
65532
1
65534
134217715
1
1
262135
8388597
1048566
1
1
33554428
1
1
1
32765
67108861
65528
1
1
1
4194302
524279
1
16377
1
268435449
1
1
1
2097142
1048566
1
1
16383
1
2097142
1048566
1
1
1
1
1
131068
1
1
134217724
1
268435442
16377
134217715
1
131068
1
1
2097150
1
67108851
1
1
1
1
67108851
16777212
1
16777204
1
1
1
1
67108861
32766
1
16777204
1
16381
1
1
1048566
1
1
1
1
524285
1
16377
134217722
1
1
1
1
1
1
1
262135
65528
1
2097147
1
2097142
4194299
268435452
1
262140
16777204
524279
65532
1
16777210
1
16777212
1
1
1
1
1
268435442
1
1
1
33554426
1
16377
1
1
1
16777204
1
134217715
1
131064
1
65534
1
134217715
1
1
1
262135
1
16777204
1
16377
1
1
134217726
2097142
16777204
67108858
131068
262135
524287
1
262135
16377
16777210
1
1
131064
1
16777204
1
1
1
1
16377
1
67108851
1
1
1
1
268435449
1
67108860
1
524284
16777210
4194299
2097142
1
1
1
1
1
65532
2097142
32761
1
1
33554420
1
65528
4194299
1
2097142
1048566
1
16381
1
4194293
131068
1
131064
16377
1
33554420
4194293
2097142
1
1
1
4194293
67108851
262142
32761
2097142
1
1
8388603
268435442
1
268435442
1
1
32761
4194301
1
1
524284
1
16383
1
1
1
8388597
134217722
1
4194301
32761
524284
1
8388597
262141
1
1
1
1
1
1
1
1
67108851
1
1
1
1
1
4194299
1
134217722
1
134217715
65534
1
1
16383
16777204
16777204
1
134217715
33554420
1
1
2097147
524286
16383
131070
134217715
1
1
16777210
16382
1
33554420
1
1
524284
1
1
1
65528
1
1048566
1
1
16777204
1048566
131064
1
1
1
131070
524279
1
2097142
1
1
1048566
1
1
33554420
67108858
134217715
524284
1
16377
1
1
33554420
16381
33554420
1
1
1
1
16777212
2097142
1
67108851
1
1
1
1
131064
268435442
1
67108851
1
2097142
1
2097142
8388603
1
1
1
262140
1
65528
1
1
33554426
65532
131070
4194293
33554431
134217715
4194302
1
1
1
1
1
1
1
1
65534
1
65528
1
32767
16777204
65532
1
1
8388607
1
1
1
33554428
1
262140
1
32761
268435453
1
1
67108851
1
1
1
8388603
131064
1
134217715
1
1
1
524279
1
524284
1
33554420
1
1
134217722
1
8388597
4194293
16777204
1
67108851
1
4194293
1
32765
1
1
1
1
16777212
65528
8388606
32766
1
268435455
524286
134217724
1
1
131070
1
262135
131071
1
65534
262135
1
16377
1
1
1
16777204
134217725
1
16381
1
1
1
1
16777210
8388606
1
1
1
1
1
1048574
8388597
2097149
1
1
1
1
1
32767
67108860
1
1
1
1
1048573
1
1
65528
1
1
262135
1
1
1
8388597
524284
131064
67108851
1
262135
8388597
4194293
1
1
8388603
268435442
1
1
1
1
1
32761
1
1
16777204
16777210
1
262140
2097142
1
1
1
131068
1
1
131064
65534
1
1
32761
16777204
1
1
1
1
1
1
33554428
1
1
134217724
1
1
1
134217715
268435442
1
1
262135
1
16777212
1
1
1
32761
1
1
131064
1
67108851
67108858
1
1
16381
32765
1
262135
8388597
1
262135
1
1
262140
134217725
524279
1
1
1
131068
134217715
32765
1
1
1
134217715
33554429
134217722
1
1
262135
1
33554420
1
32767
4194299
1
16777210
8388597
8388597
262140
1
33554431
1
1
134217722
268435442
16377
524279
1
262142
1
1
1
1048566
1
65535
131070
32767
268435442
1
134217715
1
134217722
1
1
1
1
33554420
1
1
1
8388597
1
32761
1
1
134217724
67108861
16777204
1
4194301
1
134217715
524285
262135
1
2097147
33554426
262135
33554426
268435449
8388605
524284
1
262135
1
16777210
67108851
134217715
1
32761
1
32767
1
67108851
134217724
1
1
1
1
1
1
1
134217715
1
1
1
1
131064
1
4194303
67108858
65528
16382
262135
1
1
16777210
1
1
1
67108860
1
268435442
65532
1
16777204
1
1
1
1
1
1
2097142
1048566
1048571
67108860
2097142
33554429
131068
1
1
1
33554428
268435449
16777210
16777210
8388605
1
16382
1
1
67108860
1
134217725
1
1
262135
32761
1
1
1
1
1
1048571
131068
33554420
1
1
1
32761
1
1
1
1
134217724
33554420
16777210
1
131070
1048566
1
67108860
134217722
1
2097142
33554426
1
1
134217722
1
1
1048574
1
1
524279
262141
1
1
4194293
16777204
524284
1
1
524279
67108851
1
1
65532
1048574
1
8388603
1048571
32761
