4194301
1
2097142
1
1
1048566
16377
1
1
1
1
65528
16777213
131068
1
16777210
8388597
1
4194301
268435442
1
1
33554428
1
1
131068
1
1
16777204
16377
32765
2097142
1
1
1
33554430
131064
1
2097149
1
1
1
16777204
1048566
4194293
524285
134217722
33554428
1
4194293
1
1
262135
32766
4194301
131064
1
131064
1
1
8388597
16777212
16777210
2097147
65528
524279
2097150
1
1
8388605
1
32761
1048566
1
2097151
16377
268435453
1
67108851
1
2097149
1
2097142
2097147
1
131064
1
16777212
1
268435449
1
1
1
16377
1
1
16777204
1
1
268435442
33554426
16381
131064
8388597
2097149
131064
33554420
67108851
1048566
1
16777210
2097142
16777204
16777213
1
1
1048573
1
1
1
1
16777204
1
1
1
1
1
1
1
1048571
1
1
1
1
16777212
8388597
8388597
4194293
65534
1048566
33554431
1
1
262135
1
1
1
1
262140
65534
8388597
1
16382
1048571
1
1
1
1
16377
65535
16777214
1
4194293
1
1
262135
1
1
8388606
262135
1048566
65528
1
4194293
1
1
16777212
16777204
8388597
134217724
1
131064
131064
1
268435452
1
1
1
1
1
16777204
1
16777213
16377
1
268435449
1048571
33554420
1
1
1
33554420
67108861
1048566
1
16777204
65534
1
134217715
32761
1
1
524279
1
1
8388597
134217722
1
1
16381
1
268435449
1
1
1
2097150
32768
1
1
1
16777210
67108858
1
16377
262135
1048566
1
67108851
32761
32766
1
1
524284
33554420
1
16777210
32766
134217722
1
1
1
65528
33554426
262135
1
32767
8388597
1
1
67108851
16377
524285
16777204
32765
1
2097142
32767
16777204
1
1
1
8388605
65532
8388603
1
1
524285
131064
8388603
1
1
1
1
1048571
8388605
4194299
1
524279
1
2097142
32761
1
1
131068
1
33554429
4194293
1
67108851
131064
1
1
1
1
268435442
1
2097142
4194299
67108860
1
1
1
1
1
1
65528
8388605
1
524287
1
1
1
1
4194302
1
1
1
1
32767
1
134217726
134217715
2097142
1
268435442
524279
1
8388597
1
1
1
65532
1
8388603
131064
1
1
524284
1048571
1
8388603
1
4194303
4194299
8388603
1
131064
16777204
16777204
1
268435442
1
262135
2097142
4194301
134217726
33554428
268435442
134217722
1
67108860
4194293
16377
1048566
16377
131064
65528
262142
1
67108851
16777210
1
1
16777204
1
1
1
65528
1
4194293
65532
16377
32767
1
2097150
1
268435442
268435452
1
1
1
1
1
1
1
1
16377
16381
524279
524279
1048566
131068
1
65528
1
1
1
1
524279
1
32765
1
1
67108851
1
1
262135
1
4194303
8388603
1
1
1
134217722
33554420
65534
8388603
268435454
1
1
33554420
32766
16777204
65528
1
16381
16777204
1
16777204
131068
1
65532
32761
32766
32761
1
1
1
134217725
1
134217715
1
1
16777213
4194302
1
1
1
67108862
8388597
1
1
1
1048566
262135
134217722
1
268435442
524279
4194293
1
1
16382
1
1
16777210
2097149
1
1
8388603
8388597
1
1
1
16377
1
1
134217715
16777210
262135
1
1
2097147
262143
1
16777213
16777204
134217715
1
1
1
131068
262140
268435442
1
33554420
4194299
1
1
1
262135
262140
134217726
1
1
1
16777210
1
1
1
1
1
65528
16383
1048575
16377
1
8388597
524279
134217722
1
1
1
1
16383
1
524279
134217715
1
8388597
1
262140
131068
65534
8388597
1
1
4194293
1
8388597
32767
2097149
1048566
1
1
8388597
1
1
33554426
1
262135
262135
268435442
1
268435449
1048566
1
268435452
1
1
16377
262135
32767
8388603
16777204
2097149
131072
1
1
1048566
1
2097142
1
1048573
1
2097142
1048571
1
1
1
8388606
1
16777204
1
131064
67108862
262141
67108860
32761
16777204
268435449
16381
262142
1
134217715
1
1
65532
67108851
1
1
131064
33554426
1
134217715
1
8388606
1
16777210
33554426
131064
1
4194301
1
4194293
1
65528
32761
1048575
1
262135
1
1
1
1
16777212
1
1
1
268435449
262142
1
16777210
1
65528
1
524284
16377
1
4194299
1
16777204
1
1048575
131068
1
33554420
1
32761
134217725
1
1
1
32765
33554420
131064
65528
1048571
1
1
1
1
2097142
1
268435442
1
1
65532
1
1
268435442
1
134217715
1
1
33554420
1
1
65528
1
8388597
1
1
33554429
33554426
1
1
1
1
1
32761
4194293
1
1
16777213
1
8388603
1
1
1
262135
1048571
1
131064
1
2097147
16777212
1
1
1
67108851
1
1
1
8388597
65528
33554429
16377
8388606
8388605
33554426
131064
33554426
524279
134217715
1
134217715
1
262135
16777210
8388597
1
262140
1
65532
1
2097150
33554420
4194302
1
1
67108851
524279
1
1
1
4194293
1
1
1
1
1
1048566
8388597
1
1
32765
1
1
1
1
2097147
33554428
16777204
1
1
1
65534
4194299
1
1
1
33554420
16382
1048566
1
1
2097142
1
16381
1048566
1
524279
262135
1
1
262135
1
16777204
1
1
2097150
1
4194303
8388597
8388597
4194293
268435442
134217715
1
1
268435452
1
8388603
262135
1048566
65528
1
1
134217726
1
65528
1
4194293
1
1
16777210
2097149
16777210
524287
1
1
1
1048573
1
1
1
1
4194301
1
1
32761
524279
67108851
65528
2097142
32761
16777212
131064
1
32767
131064
65532
1
1
1
262140
16777210
1
16381
1
67108858
1
4194293
1
1048571
1
1
1
8388603
1
131068
1
1
1
1
524279
1
1
4194293
134217715
1
16382
1
134217722
1
67108858
131070
16381
1
16777204
1
1
524284
1
262135
1
8388603
1
1
524279
2097147
33554420
1
67108851
8388603
1
524285
1
1
1
16777212
16377
1
524284
1
1
32761
1
1
1
1
134217726
262135
268435452
1
1
134217715
1
524285
1048571
134217715
262141
1
1
4194293
1
16777204
524286
268435442
1
1048566
1
1
262135
1
524284
1
1
8388603
1
16377
262135
8388597
1
16777204
4194293
1
4194293
33554420
1
134217725
16777204
2097142
1
1
1
33554420
16777210
1
1
1
16777210
262140
1
1
67108851
67108851
1048573
33554426
1
1
524279
268435449
1
1
131064
1
1
131064
