1000
196
1000
1000
813
874
627
941
1000
1000
1000
1000
574
1000
746
761
1000
785
1000
1000
1000
1000
1000
1000
1000
665
934
540
511
740
682
1000
733
713
1000
230
150
1000
810
1000
593
1000
1000
803
818
174
724
1000
1000
1000
1000
862
533
904
606
984
1000
981
1000
1000
492
862
1000
737
1000
523
545
1000
669
1000
1000
991
989
555
1000
813
867
1000
809
824
1000
1000
974
1000
1000
1000
1000
1000
1000
745
1000
512
539
62
799
1000
740
513
1000
865
438
108
1000
1000
432
1000
1000
1000
1000
1000
1000
971
991
879
1000
1000
971
1000
1000
709
1000
849
1000
838
229
1000
932
590
1000
755
723
953
895
1000
1000
378
600
327
1000
1000
1000
288
287
248
856
1000
742
697
1000
1000
1000
514
530
1000
1000
1000
1000
786
1000
1000
1000
818
1000
1000
1000
1000
1000
1000
1000
1000
488
1000
419
964
595
1000
1000
480
491
1000
554
1000
1000
1000
1000
1000
544
1000
1000
564
1000
806
918
1000
862
361
426
947
833
462
1000
1000
888
1000
615
776
919
273
1000
721
1000
749
765
741
415
1000
1000
1000
303
1000
937
948
1000
1000
1000
416
972
217
958
687
998
1000
1000
549
1000
918
457
805
1000
721
355
346
994
1000
587
792
1000
176
1000
701
428
1000
746
283
1000
554
1000
848
1000
359
862
1000
1000
777
1000
562
1000
626
984
1000
1000
942
706
1000
795
1000
362
883
703
1000
1000
1000
1000
694
1000
500
788
893
1000
1000
704
1000
1000
1000
739
1000
1000
1000
925
1000
1000
665
1000
390
1000
1000
1000
1000
1000
1000
874
984
662
999
1000
914
459
513
372
548
864
1000
563
951
1000
675
1000
945
524
1000
1000
945
748
304
1000
1000
356
673
1000
1000
1000
1000
1000
1000
1000
421
912
720
1000
543
1000
426
435
898
1000
598
1000
1000
1000
610
1000
1000
1000
502
1000
1000
758
514
706
1000
770
806
1000
106
523
1000
585
1000
491
970
1000
761
216
648
816
1000
713
1000
990
1000
771
1000
885
976
1000
1000
1000
975
491
822
1000
449
761
1000
947
747
1000
1000
1000
237
826
709
1000
1000
1000
813
1000
660
301
388
406
747
621
1000
1000
1000
835
967
645
1000
871
779
516
1000
853
595
715
1000
1000
931
625
1000
776
907
1000
1000
989
205
1000
1000
1000
1000
1000
423
1000
1000
1000
592
1000
1000
999
1000
426
164
1000
1000
1000
513
475
1000
575
971
867
631
294
956
532
590
1000
888
1000
302
1000
1000
1000
1000
1000
773
697
1000
1000
1000
631
1000
855
512
679
940
686
1000
1000
1000
1000
1000
1000
889
316
494
839
1000
734
1000
1000
1000
979
1000
1000
1000
968
1000
1000
1000
978
1000
1000
1000
1000
582
932
886
1000
1000
734
467
412
1000
931
1000
1000
1000
642
985
775
724
809
1000
536
729
660
1000
1000
1000
686
887
64
926
1000
887
1000
49
765
830
1000
755
1000
827
862
1000
1000
1000
384
1000
1000
1000
521
834
1000
1000
428
932
1000
419
959
1000
1000
1000
1000
467
977
819
1000
1000
671
587
1000
273
545
395
1000
1000
1000
408
607
1000
1000
1000
1000
685
1000
989
1000
1000
726
636
642
908
984
517
1000
1000
1000
932
423
1000
628
1000
805
1000
598
1000
1000
1000
731
931
1000
1000
854
1000
1000
1000
1000
1000
468
1000
286
1000
894
397
316
828
1000
473
768
514
347
951
1000
1000
1000
755
497
1000
1000
927
1000
1000
473
806
1000
1000
660
869
1000
719
779
1000
1000
864
452
638
1000
630
918
1000
1000
1000
1000
1000
1000
779
1000
1000
1000
369
1000
1000
673
519
830
1000
1000
1000
1000
1000
965
1000
1000
564
1000
1000
794
418
893
378
987
920
396
797
1000
767
1000
865
840
1000
645
1000
1000
1000
932
1000
775
1000
1000
1000
1000
906
1000
932
1000
1000
1000
864
916
645
159
1000
1000
1000
1000
1000
473
1000
1000
932
1000
1000
1000
390
1000
1000
1000
1000
606
1000
1000
428
841
1000
428
951
1000
1000
482
1000
842
1000
544
958
1000
1000
1000
729
1000
680
1000
191
1000
220
729
1000
822
940
1000
1000
963
950
932
1000
925
1000
1000
689
817
1000
1000
1000
719
817
777
1000
237
626
1000
1000
1000
932
1000
993
1000
1000
1000
1000
1000
1000
1000
1000
171
1000
1000
616
567
215
1000
995
1000
739
929
1000
414
1000
1000
1000
748
959
759
1000
486
807
868
1000
818
1000
1000
62
580
1000
1000
532
901
971
400
698
1000
549
1000
390
1000
822
575
1000
207
22
663
861
1000
690
679
457
1000
190
127
968
1000
991
438
978
311
622
984
997
1000
1000
264
1000
1000
580
1000
1000
822
403
706
335
1000
1000
1000
185
1000
593
911
841
1000
808
803
1000
644
294
746
205
946
1000
1000
1000
803
1000
1000
1000
1000
1000
932
470
968
1000
1000
414
1000
728
269
832
1000
702
929
1000
918
1000
673
515
940
301
108
1000
958
297
1000
695
1000
1000
765
972
1000
1000
1000
598
1000
1000
1000
981
900
1000
1000
565
1000
1000
549
1000
1000
1000
671
1000
580
705
1000
419
1000
457
1000
1000
158
638
910
258
1000
796
1000
1000
1000
1000
1000
1000
167
1000
