204
1000
1000
70
1000
1000
1000
1000
596
1000
1000
987
1000
1000
1000
1000
751
840
699
1000
661
1000
1000
1000
949
1000
179
1000
656
1000
524
995
1000
627
1000
1000
394
627
396
941
709
649
1000
1000
708
1000
1000
1000
914
1000
585
1000
1000
1000
859
281
1000
1000
254
672
1000
1000
1000
462
1000
632
987
1000
1000
475
1000
674
615
1000
485
740
756
1000
1000
123
579
689
738
1000
1000
1000
1000
353
1000
1000
1000
1000
752
1000
982
751
623
1000
1000
1000
1000
1000
1000
1000
814
919
1000
965
1000
1000
1000
1000
816
921
762
1000
1000
1000
1000
1000
922
1000
1000
1000
1000
805
402
506
1000
1000
1000
1000
927
1000
1000
1000
1000
627
1000
1000
936
1000
910
805
903
922
475
1000
1000
1000
1000
926
748
924
945
1000
1000
954
1000
1000
1000
792
1000
510
347
826
715
1000
61
933
1000
1000
1000
932
1000
802
1000
878
1000
405
1000
875
1000
1000
567
186
1000
1000
995
973
1000
630
417
1000
335
1000
707
862
1000
1000
1000
1000
1000
647
749
1000
1000
1000
1000
1000
518
1000
231
1000
1000
984
643
1000
1000
500
577
1000
617
1000
1000
1000
230
390
1000
1000
1000
1000
1000
731
627
1000
969
1000
1000
905
853
951
1000
482
695
304
627
1000
1000
1000
1000
1000
1000
1000
850
921
1000
1000
766
1000
1000
1000
587
775
1000
914
813
875
1000
819
1000
921
1000
1000
934
689
987
1000
1000
715
1000
1000
1000
1000
818
904
1000
981
1000
774
1000
819
1000
610
1000
514
1000
195
1000
1000
904
695
488
46
1000
1000
1000
973
1000
186
1000
537
1000
1000
1000
1000
776
1000
1000
833
973
1000
1000
547
898
917
1000
1000
1000
755
1000
1000
1000
362
1000
1000
1000
153
603
226
363
894
1000
1000
867
1000
774
1000
1000
324
1000
1000
539
1000
1000
922
269
631
1000
112
675
1000
1000
965
372
1000
1000
747
1000
994
519
175
1000
976
881
1000
233
771
1000
434
1000
1000
800
1000
1000
1000
1000
1000
687
1000
556
257
1000
734
671
486
1000
547
905
1000
1000
817
936
756
778
669
1000
1000
1000
1000
1000
879
853
1000
987
1000
1000
672
1000
756
636
677
1000
1000
1000
499
1000
1000
726
471
985
575
743
1000
809
1000
773
583
986
1000
633
1000
1000
1000
461
1000
217
211
1000
1000
562
695
802
1000
260
1000
1000
939
646
379
774
1000
1000
1000
774
813
1000
919
715
1000
829
612
1000
747
1000
1000
1000
1000
1000
919
1000
394
1000
1000
1000
546
1000
1000
1000
809
575
1000
1000
1000
1000
791
1000
521
1000
954
1000
1000
328
925
1000
1000
1000
1000
1000
1000
845
335
1000
1000
1000
984
945
1000
969
609
1000
416
943
1000
766
845
1000
924
1000
980
1000
1000
582
1000
958
1000
1000
1000
1000
685
557
904
1000
338
517
620
1000
1000
1000
1000
442
1000
1000
539
736
1000
886
532
468
564
1000
743
1000
1000
750
424
1000
1000
1000
917
1000
474
1000
958
696
330
1000
792
235
924
867
886
719
1000
1000
702
1000
620
1000
714
1000
1000
1000
932
1000
509
1000
817
1000
1000
388
711
1000
1000
1000
981
811
1000
442
1000
1000
702
1000
1000
1000
669
1000
1000
790
772
960
1000
1000
738
864
954
1000
610
1000
958
939
811
948
379
1000
680
245
957
795
440
1000
1000
921
371
1000
348
1000
922
647
969
439
1000
945
1000
591
871
1000
927
1000
857
433
960
633
1000
782
918
1000
1000
1000
1000
650
529
390
1000
904
1000
807
358
1000
884
1000
636
1000
1000
1000
1000
1000
1000
1000
576
1000
1000
1000
154
1000
1000
919
881
1000
1000
1000
601
707
944
689
634
859
275
658
826
803
855
1000
1000
1000
1000
603
606
649
1000
954
1000
1000
959
1000
1000
1000
1000
1000
758
1000
824
897
652
294
1000
385
864
1000
1000
1000
853
1000
1000
1000
987
486
551
1000
500
1000
621
949
997
679
821
509
1000
1000
774
518
906
801
1000
1000
1000
778
925
303
449
414
1000
213
1000
969
887
1000
937
257
584
1000
960
1000
362
1000
1000
1000
985
1000
228
968
1000
789
1000
703
547
1000
503
934
1000
1000
607
1000
483
969
1000
598
173
772
1000
378
1000
1000
1000
1000
1000
1000
1000
1000
1000
1000
1000
1000
1000
1000
1000
668
787
1000
436
1000
461
512
1000
1000
933
682
1000
1000
573
1000
504
905
939
557
958
1000
421
1000
1000
1000
628
1000
402
1000
1000
1000
1000
1000
954
815
1000
1000
332
874
309
1000
685
1000
1000
941
334
1000
1000
922
1000
1000
1000
515
997
1000
607
826
996
1000
1000
751
1000
1000
886
663
828
1000
672
884
1000
1000
1000
1000
815
1000
1000
1000
1000
923
1000
1000
1000
912
1000
941
726
302
1000
1000
506
1000
1000
1000
299
393
1000
972
1000
824
743
884
539
1000
819
875
769
644
892
586
1000
820
322
869
527
1000
1000
1000
1000
1000
1000
1000
1000
465
589
1000
1000
178
1000
1000
1000
1000
309
1000
1000
1000
1000
1000
595
623
1000
1000
931
590
1000
908
1000
495
994
803
80
896
790
1000
1000
1000
1000
1000
879
689
585
1000
1000
443
586
419
1000
1000
800
1000
173
1000
422
1000
1000
