1000
794
957
436
987
1000
1000
124
1000
796
839
1000
1000
852
1000
1000
546
476
416
1000
375
1000
921
940
1000
1000
1000
386
425
649
801
871
1000
1000
1000
974
228
410
1000
1000
1000
1000
759
1000
204
801
946
1000
1000
114
702
896
997
419
858
1000
1000
562
209
1000
819
534
1000
533
1000
1000
458
743
1000
919
617
1000
1000
1000
1000
892
771
1000
1000
1000
1000
881
1000
370
1000
1000
914
1000
410
1000
1000
992
1000
1000
1000
1000
1000
1000
1000
873
563
338
1000
1000
433
1000
1000
985
905
781
578
1000
344
733
405
835
1000
973
1000
368
873
1000
1000
1000
795
1000
422
1000
1000
1000
1000
1000
756
1000
1000
836
781
1000
1000
1000
1000
1000
1000
1000
578
1000
1000
1000
982
566
397
1000
801
803
565
678
527
590
558
1000
1000
1000
1000
1000
854
930
507
1000
1000
119
407
1000
327
395
1000
385
1000
859
1000
375
592
1000
370
992
365
799
1000
1000
502
1000
496
496
932
396
1000
1000
1000
955
1000
1000
997
921
735
1000
1000
619
1000
714
226
636
863
913
920
1000
565
1000
911
1000
733
988
370
1000
1000
791
1000
740
453
981
365
1000
577
1000
532
621
692
205
1000
1000
1000
511
355
923
319
1000
862
940
942
1000
1000
1000
741
1000
363
1000
419
1000
914
1000
1000
1000
856
32
1000
885
603
836
561
1000
1000
781
1000
610
1000
666
1000
1000
784
1000
1000
1000
442
1000
999
469
778
1000
1000
1000
1000
1000
1000
559
524
876
232
1000
676
529
1000
539
790
268
607
690
914
621
993
773
1000
1000
1000
1000
609
712
1000
534
553
310
502
1000
1000
363
1000
1000
1000
728
1000
888
504
1000
872
1000
959
943
1000
1000
889
128
1000
1000
1000
1000
1000
740
1000
1000
1000
978
1000
1000
942
1000
1000
847
1000
515
665
1000
851
973
637
653
1000
1000
629
1000
114
1000
1000
1000
519
1000
723
976
1000
1000
648
1000
778
854
468
859
942
956
909
1000
1000
1000
1000
1000
1000
812
1000
1000
746
1000
1000
812
1000
247
1000
524
1000
1000
1000
1000
1000
855
712
1000
964
1000
1000
383
880
1000
1000
877
982
1000
533
978
1000
958
900
1000
1000
1000
686
780
1000
459
1000
1000
710
451
1000
630
646
327
1000
1000
942
1000
469
1000
1000
620
835
1000
764
372
1000
1000
288
292
1000
1000
1000
869
574
1000
855
655
239
1000
534
337
757
524
1000
723
920
283
1000
1000
922
483
721
1000
1000
1000
1000
1000
1000
1000
1000
880
1000
1000
1000
466
978
1000
1000
436
462
544
1000
137
1000
988
445
1000
1000
1000
1000
1000
854
1000
1000
1000
1000
1000
370
1000
1000
653
1000
1000
1000
1000
396
767
877
340
1000
227
693
345
1000
457
1000
534
1000
544
1000
930
903
618
849
1000
210
1000
172
797
1000
587
960
574
1000
1000
1000
1000
1000
977
319
1000
1000
1000
1000
1000
1000
1000
393
1000
1000
1000
780
1000
1000
1000
1000
704
686
663
1000
826
781
1000
640
1000
1000
1000
883
1000
567
704
1000
177
1000
1000
1000
1000
733
1000
1000
1000
920
1000
912
670
1000
1000
930
1000
1000
1000
712
1000
977
988
921
1000
686
1000
1000
956
344
286
885
1000
1000
1000
656
187
618
1000
1000
894
1000
1000
980
716
739
872
501
1000
1000
1000
953
561
1000
1000
592
855
1000
1000
666
759
881
1000
928
619
1000
1000
151
886
287
1000
1000
1000
981
1000
641
1000
1000
859
1000
978
1000
1000
1000
1000
606
1000
1000
302
920
1000
1000
1000
733
839
1000
394
604
766
949
1000
997
1000
280
1000
1000
807
973
1000
1000
588
1000
862
1000
352
1000
1000
502
1000
1000
871
311
574
796
1000
1000
1000
1000
1000
1000
290
692
1000
754
344
1000
1000
1000
457
916
973
1000
723
1000
1000
566
1000
1000
1000
463
1000
1000
438
863
747
1000
1000
1000
579
1000
673
1000
641
1000
500
1000
1000
847
268
850
206
560
505
871
1000
977
1000
1000
487
1000
1000
1000
978
668
413
1000
13
889
1000
1000
1000
979
1000
544
1000
1000
1000
721
1000
1000
796
998
1000
798
1000
1000
484
1000
1000
826
871
1000
1000
534
1000
1000
641
202
1000
1000
1000
1000
199
986
1000
1000
1000
1000
1000
942
469
613
409
510
1000
1000
888
1000
1000
529
1000
306
1000
288
590
1000
1000
1000
1000
942
835
641
336
827
1000
544
1000
1000
986
759
1000
903
1000
691
1000
1000
1000
1000
1000
1000
83
545
1000
883
1000
265
1000
610
1000
1000
1000
1000
175
1000
1000
1000
1000
1000
842
1000
433
1000
689
1000
1000
259
1000
1000
895
1000
99
639
673
257
1000
780
721
1000
896
794
1000
816
1000
1000
1000
908
1000
1000
453
1000
499
1000
1000
1000
1000
445
1000
780
1000
1000
278
1000
757
666
326
883
1000
524
1000
997
1000
1000
1000
1000
1000
1000
637
249
1000
213
652
1000
725
668
453
1000
842
1000
1000
1000
312
1000
1000
810
1000
1000
738
1000
1000
1000
763
1000
925
1000
946
1000
1000
1000
629
944
924
1000
614
1000
956
1000
711
1000
1000
894
854
1000
1000
524
1000
566
297
1000
609
1000
800
1000
895
782
1000
1000
308
1000
1000
801
830
