506
1000
926
1000
734
1000
1000
1000
760
518
689
922
1000
1000
701
723
787
1000
1000
1000
227
1000
710
1000
1000
915
1000
282
1000
1000
1000
1000
998
516
636
1000
693
964
543
844
516
1000
710
661
1000
939
779
876
1000
686
730
1000
1000
1000
670
1000
1000
584
1000
734
786
349
638
1000
1000
720
1000
945
1000
916
1000
1000
932
1000
745
39
417
751
987
1000
420
873
358
1000
331
1000
1000
671
1000
523
1000
775
1000
1000
1000
1000
930
1000
1000
653
1000
544
1000
1000
1000
1000
364
680
769
1000
671
1000
1000
599
912
1000
823
445
282
602
1000
1000
662
1000
1000
984
1000
791
1000
1000
693
1000
760
1000
1000
1000
1000
366
1000
1000
1000
850
768
906
1000
1000
1000
1000
1000
1000
804
1000
1000
1000
158
751
929
1000
1000
1000
1000
1000
1000
798
1000
897
1000
939
868
1000
1000
409
1000
485
1000
802
1000
231
330
1000
1000
1000
879
1000
652
927
1000
596
346
849
1000
812
1000
899
1000
404
831
841
1000
1000
340
1000
525
1000
1000
926
1000
719
1000
673
927
861
1000
798
853
1000
1000
1000
934
769
410
861
743
904
853
861
1000
1000
464
1000
992
1000
1000
497
1000
914
916
962
619
469
1000
779
944
1000
299
505
955
1000
138
642
1000
922
1000
1000
994
493
815
982
1000
1000
397
1000
881
1000
994
920
364
121
1000
1000
1000
1000
583
105
336
974
859
536
1000
769
1000
1000
1000
966
1000
834
410
1000
1000
899
1000
1000
488
251
1000
1000
929
268
738
1000
1000
1000
1000
507
1000
955
1000
1000
1000
688
510
913
373
825
545
1000
1000
649
816
1000
531
943
902
1000
1000
785
277
1000
469
490
1000
1000
1000
1000
1000
1000
361
621
1000
640
862
1000
1000
879
1000
1000
1000
1000
408
1000
747
1000
1000
195
1000
890
1000
286
407
1000
1000
1000
1000
1000
483
926
746
589
270
420
477
1000
1000
747
614
1000
746
713
846
405
994
1000
898
1000
1000
640
1000
1000
595
308
213
1000
245
1000
1000
1000
347
908
808
1000
838
642
1000
1000
925
405
954
1000
904
658
849
731
1000
1000
1000
1000
992
103
561
906
1000
745
697
1000
1000
532
809
1000
673
1000
422
1000
1000
1000
783
1000
344
1000
541
985
539
1000
349
941
206
1000
1000
575
1000
1000
771
722
769
1000
994
1000
1000
1000
1000
1000
346
1000
156
1000
320
1000
889
1000
573
869
1000
922
1000
942
939
181
876
908
1000
663
1000
1000
847
1000
721
965
760
1000
984
996
976
777
269
933
459
1000
776
1000
1000
531
543
882
1000
1000
1000
609
1000
654
1000
992
1000
1000
694
1000
1000
1000
383
522
889
1000
410
1000
1000
741
673
1000
550
716
1000
373
670
964
1000
984
1000
1000
649
625
253
1000
1000
1000
1000
1000
1000
984
1000
1000
169
1000
1000
1000
1000
1000
766
820
403
1000
779
966
1000
1000
479
1000
1000
1000
1000
470
1000
948
673
1000
1000
1000
640
1000
640
1000
1000
713
847
1000
1000
1000
563
551
1000
1000
1000
1000
1000
920
1000
486
1000
696
1000
1000
751
1000
1000
431
427
291
701
866
1000
1000
645
576
431
1000
813
1000
628
851
799
887
927
1000
810
902
931
1000
856
1000
552
1000
1000
738
663
694
297
1000
889
876
724
1000
129
1000
1000
1000
1000
1000
1000
1000
1000
859
363
1000
1000
1000
1000
904
583
676
580
80
1000
563
1000
649
1000
1000
1000
1000
1000
1000
769
1000
1000
1000
912
1000
1000
577
1000
1000
1000
1000
1000
1000
1000
430
1000
1000
1000
819
682
1000
674
928
1000
1000
1000
987
1000
1000
1000
992
1000
1000
1000
1000
1000
1000
483
330
656
1000
939
662
522
1000
614
317
543
870
968
959
1000
798
959
1000
1000
464
1000
1000
942
1000
610
1000
1000
830
1000
1000
337
228
1000
982
397
287
1000
1000
947
955
1000
1000
1000
1000
1000
1000
397
218
958
1000
1000
839
906
995
1000
1000
624
1000
1000
1000
1000
882
1000
678
1000
692
1000
1000
1000
1000
620
808
277
149
1000
169
333
313
589
1000
602
1000
1000
1000
1000
1000
438
1000
1000
1000
851
865
337
1000
1000
1000
743
976
581
1000
1000
909
821
1000
802
1000
1000
1000
777
978
1000
418
509
833
184
1000
847
634
868
748
737
1000
581
805
541
347
57
834
984
636
1000
1000
843
999
876
1000
1000
1000
873
1000
1000
1000
258
572
646
1000
1000
683
1000
952
1000
593
1000
1000
1000
863
1000
942
1000
1000
563
221
1000
624
733
441
1000
1000
1000
1000
1000
1000
693
1000
1000
580
935
1000
841
958
824
1000
1000
296
923
1000
549
1000
536
1000
1000
731
1000
721
756
853
550
1000
920
817
914
898
329
881
1000
1000
1000
405
447
857
490
693
602
1000
1000
1000
1000
499
1000
686
447
1000
532
299
1000
252
942
1000
413
1000
837
1000
1000
1000
1000
413
1000
1000
1000
1000
1000
1000
965
671
500
1000
305
984
607
248
1000
1000
1000
1000
1000
627
1000
329
1000
793
1000
900
1000
806
1000
1000
1000
1000
1000
898
1000
680
621
1000
1000
1000
532
778
1000
908
696
1000
1000
1000
779
1000
516
1000
1000
935
1000
1000
1000
1000
