1746 1000
1932 820
2145 781
2365 836
1113 624
1570 787
301 174
2619 861
1641 869
913 558
1790 770
2183 908
2562 951
1562 815
911 473
1045 619
2795 855
1595 737
518 344
1126 873
675 611
1736 765
1814 970
772 558
1505 951
979 615
1566 761
1570 763
489 264
489 489
913 636
870 715
2606 975
1684 765
2229 720
1727 591
2033 974
1462 737
1211 765
1316 710
1030 489
1331 737
1080 736
415 186
1244 654
1800 734
510 493
1106 973
1221 903
1837 595
443 389
2532 764
1165 552
781 632
1075 485
1821 673
1749 973
879 444
1478 632
1734 763
1669 872
2180 863
2035 857
1726 863
1403 674
528 511
719 558
1239 728
1326 753
2909 811
1288 736
1424 564
1623 674
165 141
1197 636
1775 783
1240 473
1380 715
1640 956
1606 815
433 256
1789 624
1796 783
2425 744
183 166
1313 742
900 489
1018 765
876 633
1346 575
1869 898
244 144
550 511
787 598
990 737
1652 722
1105 830
1249 951
2614 846
2454 908
2385 956
1665 787
2681 967
2476 865
982 541
1806 693
1843 813
863 386
1062 558
2294 867
1127 603
2254 975
2001 744
948 654
1061 680
431 242
1086 636
1789 863
432 344
2041 855
1163 906
1336 598
2228 863
1439 912
2233 863
1227 395
1025 575
869 558
1386 817
1747 996
949 541
724 444
1063 737
1538 831
531 391
1829 861
1246 854
862 507
953 502
968 552
1994 966
2557 914
2204 770
1430 654
2319 886
1522 906
2230 975
1825 975
880 408
1315 756
1487 722
1937 836
1053 898
2034 770
1170 755
1187 734
2131 788
139 122
1005 590
2105 788
2302 910
1299 736
1145 420
2287 846
1633 974
1717 908
1314 869
2629 975
1105 591
1183 461
2700 857
1682 934
1322 552
1385 898
1155 624
1161 742
1779 788
1403 613
1427 763
2064 693
2522 867
1145 996
1702 975
1880 705
1684 737
2459 836
1865 861
1169 714
557 408
1523 632
2105 846
2212 987
1595 763
1006 909
1153 613
1171 783
2570 805
1937 579
1028 862
1670 595
1267 489
1692 794
1027 680
2516 770
1775 499
1715 761
2341 770
816 375
549 309
2650 950
711 264
2008 836
1943 998
1896 673
924 529
1171 986
670 485
1719 760
1882 899
1439 499
638 541
1649 817
1429 742
1206 974
962 753
1720 862
1161 712
1482 720
2140 770
688 511
1516 591
1779 1000
863 489
1773 735
1030 763
1990 788
756 558
1965 970
666 564
436 344
2371 970
1715 693
1363 922
1823 987
2067 956
1658 763
459 332
1694 956
1049 839
789 489
942 710
1326 598
927 830
2617 914
1704 872
3542 897
2414 998
875 598
976 854
1131 872
2655 831
996 786
1461 822
1568 906
1117 854
1086 558
1547 636
415 389
1460 898
1139 744
1717 869
2202 636
1915 872
1749 855
1822 598
1711 973
1547 765
2844 906
1518 693
4579 897
2476 975
1432 986
530 397
2772 734
907 721
1395 615
1510 920
1753 886
1927 817
2735 966
1498 974
1688 680
1038 761
1240 654
2156 830
1452 898
1583 674
2138 945
2128 886
3228 956
1194 786
2267 805
1843 860
1794 654
2139 817
2586 970
984 558
1717 786
1092 461
1446 632
2383 728
1578 855
2400 908
1773 654
1625 934
986 822
2001 975
1293 611
964 822
1817 836
484 207
2141 1000
2061 781
1245 872
2473 862
984 461
3100 855
2024 996
1358 763
1286 734
1775 908
1846 811
1510 909
2998 970
1044 598
1264 728
776 643
2064 831
1499 654
2646 970
2222 770
444 344
2285 873
515 415
590 493
1835 760
2146 1000
2218 783
1690 986
752 575
1552 654
2022 861
1947 872
1916 975
1431 872
1482 865
1049 951
413 389
1255 473
1100 951
1690 998
801 391
1687 910
590 344
1408 817
1128 715
1578 787
1015 756
911 439
2233 912
1446 839
1234 558
1638 760
2519 908
1208 956
1157 489
2581 966
1039 633
1418 909
845 712
1730 885
1271 654
1559 996
931 831
1974 975
1641 765
1193 489
2062 674
987 590
1088 615
3423 975
1452 956
1070 817
1288 611
1678 817
539 384
1572 743
1111 593
972 763
2264 857
199 199
1779 910
2386 998
2020 860
1678 721
987 537
1916 770
693 654
2128 720
1103 909
1344 714
2181 987
1624 854
1606 817
2255 788
2429 962
2431 950
1887 636
2246 595
1782 956
1650 783
1532 975
2927 846
871 817
1182 839
2226 817
1001 529
1310 737
1842 973
2157 836
891 794
972 817
1542 817
2251 886
1750 951
1885 846
1187 737
1767 950
1640 912
1654 756
1954 743
2037 899
1242 558
1349 786
1815 986
1766 908
2578 934
1185 736
1160 986
492 428
1658 920
759 552
1847 863
1980 705
349 332
2284 956
1765 636
1111 956
2009 867
1067 680
1661 632
1308 761
1685 920
1176 552
1508 753
2386 886
1986 865
2176 763
1698 744
974 624
2301 763
1538 831
1659 862
1598 770
1251 872
454 428
1775 794
1802 761
2294 975
1800 908
3062 920
1497 633
884 541
939 839
828 534
1759 761
1361 787
1228 422
616 590
1242 615
1940 908
1195 680
2223 899
1341 552
1543 756
2207 962
2318 867
1391 761
1235 786
1688 934
2277 765
1843 696
1508 705
936 552
866 854
557 485
1962 966
1695 744
2038 788
856 839
1078 872
1243 744
1258 903
1236 422
2700 998
897 885
1906 908
1663 794
685 585
1774 899
1450 541
797 489
1808 863
2164 920
1366 906
373 258
1723 951
1703 862
815 761
779 537
1011 683
1210 744
1438 606
1842 951
2077 765
1470 869
1578 956
628 611
2761 967
885 598
1152 680
1969 770
1953 595
1611 552
815 498
1351 788
1351 951
2277 956
1242 564
1419 633
1663 765
2046 734
1327 680
1896 705
1595 945
1860 861
1747 693
2075 899
1125 712
1484 822
1366 683
1818 805
2459 951
1760 817
2097 956
2158 815
1543 696
2884 897
1882 899
1614 975
2156 863
1566 912
1378 728
1926 817
968 956
626 493
718 552
1170 863
1316 743
2440 863
1690 705
829 264
2816 945
1837 860
2099 966
1274 734
3035 861
878 511
1796 863
1429 633
1151 783
1959 564
1712 986
350 258
1181 735
2060 831
1254 951
1069 461
1855 611
1572 714
2122 760
1135 593
1366 860
1885 720
1530 987
1157 579
1780 886
1161 715
2055 975
2503 951
1021 836
765 613
1086 499
1380 613
1534 744
1334 794
1216 337
949 395
1655 786
1347 696
1657 720
486 389
381 186
1750 986
1481 591
786 511
1609 765
1844 579
2143 872
1051 529
3630 967
1383 541
1175 820
1157 596
892 715
682 402
2046 861
1283 615
2607 998
2644 865
2001 899
2820 922
1555 912
1535 654
900 715
1377 781
2099 983
1609 579
2438 975
1410 552
1967 996
1313 761
2370 742
1681 611
2501 857
3029 950
1379 624
1203 598
1457 788
826 526
2327 886
1554 720
1176 721
1708 934
1854 956
1615 910
1274 996
1836 986
2147 886
2928 863
1857 920
2129 886
574 389
1304 885
2782 983
2139 975
1667 736
2489 987
1148 652
1551 636
1263 591
1651 585
1470 820
442 309
1005 903
1560 956
1698 860
1238 863
2072 755
2338 996
1744 636
1767 950
332 199
1877 855
1000 454
2037 863
640 386
1216 737
1812 654
2234 734
2224 770
2128 788
1687 1000
2344 781
1791 885
1088 787
1248 761
1352 489
1850 817
2223 970
2064 863
1306 986
1414 839
1499 721
1801 763
1426 636
2932 956
1634 765
2093 763
2590 755
1351 737
1493 632
1297 744
1085 593
117 91
746 428
2429 897
1715 974
2862 970
191 174
1241 615
1208 654
2284 908
1826 744
562 551
466 364
773 493
1698 693
1044 720
1761 760
1456 624
1637 499
1887 855
1595 831
2190 765
2257 817
1736 705
862 454
772 598
854 511
1105 591
2006 987
1668 987
987 734
1227 636
2447 956
1860 817
380 283
632 344
1689 906
1332 1000
1780 908
1735 805
900 756
736 636
2190 962
1297 552
1714 910
704 632
1023 770
1635 886
1078 454
1340 765
1236 839
2375 962
2624 975
1730 337
1329 734
2967 920
2468 734
1941 975
1651 903
355 264
1469 715
1546 872
1213 420
2155 986
1082 523
1372 860
152 80
2251 998
1549 558
1344 720
636 619
1681 674
2041 974
860 593
1062 537
783 552
2235 975
908 633
2027 922
1222 632
2218 951
1225 710
1759 761
1810 861
1681 906
1901 975
3400 967
607 332
1314 813
1780 908
1422 537
2699 846
1919 996
1873 934
841 813
1035 735
2267 846
1630 673
847 415
1662 830
729 552
1215 624
1538 734
2123 865
1175 736
810 516
1904 906
1028 763
365 199
1214 788
1388 598
1073 872
2719 970
1714 950
1045 765
1253 680
1350 975
1008 593
2951 886
2053 855
1374 820
735 735
1209 854
1890 737
1561 737
1886 872
3375 975
1734 903
2853 744
1677 903
1398 579
2750 974
2584 967
1810 760
2039 855
2087 934
1565 975
1561 986
1438 715
1452 862
536 439
1466 922
831 476
1348 743
1864 760
938 912
2618 996
1581 763
1659 831
888 613
815 715
1657 903
1212 643
1000 1000
1476 753
1338 763
538 526
703 428
1352 730
1176 783
1139 422
1527 636
727 550
1996 863
1788 970
1090 598
2037 872
2392 885
899 507
1477 873
1551 899
2500 1000
790 607
727 523
2069 761
246 144
1654 743
1893 886
1585 975
2561 967
2028 846
2200 975
781 516
1279 720
1090 715
2399 846
2119 722
1322 742
1034 619
2079 934
1167 558
1642 863
1351 737
2408 863
1469 815
3468 846
3881 945
2087 861
2109 934
2165 898
2011 1000
1263 742
1054 734
3045 886
1834 654
1756 696
461 309
1896 805
1676 636
974 654
1801 820
216 199
2388 846
1521 945
1246 696
591 397
971 516
834 534
1354 654
2119 598
2816 945
1075 865
1111 420
1365 693
1458 735
1640 872
1093 615
968 395
989 737
1151 611
2805 967
1681 781
1176 613
2078 934
2317 857
1348 744
1154 854
1347 742
2534 920
897 415
2206 813
863 428
497 397
2942 867
2242 770
1454 763
1566 728
1045 624
1805 934
755 419
1536 680
880 869
2552 846
2597 770
1018 903
2415 744
2045 975
1011 734
1398 696
994 872
2645 966
1498 428
1336 632
1857 912
1973 975
1177 742
2674 966
2462 863
1034 444
3113 897
2464 805
318 307
1491 996
467 258
2151 998
647 344
2133 998
