1291 638
1694 767
1185 518
1344 689
2332 930
1490 975
1176 822
1844 484
2306 689
2116 890
1508 831
1161 667
2392 930
1509 767
2042 979
2300 922
1479 902
1764 891
1707 540
1570 578
1862 722
2117 1000
1825 687
2616 999
2238 947
1194 429
2030 767
632 317
2227 891
1559 982
1793 982
2212 567
1354 767
2611 913
2288 999
1586 916
2000 982
1251 549
1257 518
563 317
1706 916
2376 765
824 347
1918 484
2406 908
2558 922
1678 462
1575 652
1593 397
1203 648
687 317
1402 614
2470 982
1521 472
1061 539
1529 939
1291 638
1825 765
1855 470
1319 973
1840 763
1536 473
1316 681
2670 990
1670 781
419 195
2560 759
2496 902
1820 771
2712 939
1310 507
1494 788
2786 724
1192 378
1587 630
614 317
2038 955
1900 916
1225 640
3424 946
1149 586
1131 470
3304 763
1525 697
1189 711
1432 834
1385 532
875 539
2502 823
1553 462
1757 922
916 317
910 532
1634 648
3020 939
1330 374
1635 946
1076 567
2669 831
2051 626
2084 567
2160 638
1633 630
2866 800
1220 592
1854 636
2734 939
107 107
657 317
1532 739
1329 626
2182 896
1149 578
961 477
1298 356
469 317
2171 771
2273 771
1690 955
1462 486
1448 592
2767 939
1012 353
2780 831
2570 913
1960 975
3960 973
2085 761
2228 820
2947 664
1034 432
1590 946
978 652
1076 432
2759 928
1818 1000
1170 693
1845 670
1388 602
2087 820
3138 908
1696 978
2165 913
1760 891
2002 761
1253 437
1471 975
835 476
2698 913
1806 722
1041 416
2523 689
1226 424
1489 978
1670 630
2166 899
1419 648
2964 979
2277 902
1251 374
734 385
1670 638
2133 999
799 317
1718 614
1588 933
1847 532
1353 668
957 612
1177 431
1792 989
1929 902
920 473
1596 654
1745 788
1816 763
2702 636
1694 946
1190 402
2405 664
1345 368
1605 670
1814 638
2394 884
1829 648
2782 935
1139 505
2098 716
1479 803
2215 884
1313 946
2393 567
2011 822
2286 975
1195 989
1087 473
992 402
1988 638
1706 687
1139 356
2456 664
1620 626
1097 433
3030 907
905 378
1545 648
1235 908
2610 689
2080 771
1379 405
1362 947
1168 781
1059 432
1124 602
1747 761
1491 473
1331 470
741 401
2214 982
1012 549
1494 477
3024 933
3028 1000
1997 999
2095 716
1101 434
2828 908
2475 670
2214 1000
1892 771
1259 724
1363 586
1005 434
2080 899
1469 368
2340 908
1113 472
1692 602
1541 549
1670 638
1198 539
1637 913
1383 640
1841 865
2590 961
2602 902
1716 765
1487 697
1606 638
1470 781
3908 973
2447 978
1820 771
1694 884
939 321
2495 896
2805 739
1189 667
755 317
1577 907
1716 529
1596 693
1148 495
1646 822
1906 781
927 317
2776 875
1984 878
2041 907
1721 922
1875 896
1182 518
1552 540
1591 648
1206 437
863 317
2571 875
2366 978
2035 664
1213 508
2399 765
1427 933
2868 982
1421 532
1637 759
1537 882
1460 899
2138 636
2754 771
1308 518
2339 567
1126 374
1313 693
896 441
2361 689
1192 640
821 606
1212 872
1797 781
1776 724
2934 999
1310 681
1348 767
2465 857
1698 552
1953 967
1632 908
2035 763
2449 847
1386 638
1288 648
2282 973
1709 501
1684 800
2259 909
1752 724
1107 640
2498 670
2377 788
1353 501
1318 908
1640 689
907 317
845 477
1138 403
1694 484
1893 788
1671 689
1287 654
2190 823
1240 386
1190 532
1415 1000
1148 422
1380 567
1001 317
2449 771
1707 571
878 317
750 317
926 317
2015 724
1142 483
905 546
1537 486
2509 982
1721 788
1860 822
2106 803
1444 834
1862 933
2224 865
1204 577
2217 765
1729 604
982 473
1859 865
1916 726
644 317
1448 465
1228 505
1113 508
610 317
2054 831
2040 689
2324 865
2415 880
2426 908
1325 979
3530 875
2727 908
696 317
1390 689
1673 800
1825 638
812 317
1855 763
1112 393
1009 317
2256 724
2680 908
897 518
959 501
2271 890
2204 979
1878 947
1750 922
1952 922
1300 955
2479 902
1686 638
1916 803
1372 739
1440 689
1705 667
1132 473
1388 368
1876 975
1099 432
1373 834
1414 614
965 317
2738 982
1520 800
1814 891
2211 880
2166 955
2098 567
1281 614
2201 664
1835 470
1080 697
1407 711
2134 626
1160 347
2328 681
2133 925
1452 897
2240 831
823 317
1059 353
1766 763
1501 402
1463 902
931 902
2129 908
1410 884
2590 913
2309 664
1423 896
2076 681
1517 614
797 317
746 317
2384 765
2713 973
1403 652
1793 1000
1247 577
3987 982
1405 368
842 317
1502 711
2365 967
1185 368
2345 982
1252 681
1672 630
1842 724
967 431
1224 403
2612 930
1989 872
898 363
1166 539
3046 955
1466 668
2988 865
1465 592
808 317
1908 465
1525 549
1219 865
2848 896
2408 982
2114 831
2055 630
1087 473
1290 614
1964 946
980 476
1112 567
1833 484
1114 481
1470 462
1914 989
856 317
2936 908
2557 967
2246 908
807 317
2001 896
2128 501
1814 982
1348 405
2004 891
1244 317
872 532
1519 681
2377 767
1829 896
1594 477
2371 913
643 317
802 317
1555 831
1084 739
2150 593
941 385
2090 636
2389 933
2002 761
1438 472
2477 857
2020 989
1516 648
2015 636
1910 979
2135 989
1097 483
1849 1000
2416 567
782 317
779 462
2598 955
1339 458
1938 689
2099 891
2680 834
1071 473
1336 626
1528 739
1936 593
1157 462
1582 549
799 317
1583 928
2400 880
2803 880
1616 820
2850 982
2271 928
1138 317
1026 532
1969 928
1005 407
2925 857
2313 667
2374 979
1581 529
2480 989
2200 878
1555 638
886 342
1493 317
2260 722
1466 668
1417 788
1371 800
2512 664
936 397
2937 973
2061 896
1303 916
2154 955
647 317
1805 939
1174 385
1829 908
1196 317
1439 891
1681 979
2251 979
1750 961
1178 739
2121 759
3033 961
1546 614
1606 882
2386 973
2154 800
906 532
3410 939
1841 990
1126 552
2209 667
2141 875
1508 614
797 317
1513 908
2087 908
893 317
2454 664
1654 722
2179 722
2470 1000
2949 982
1567 552
1495 592
1688 788
1522 501
3747 831
694 317
1674 771
603 317
2473 890
2478 982
2618 820
2298 982
1859 865
1472 648
437 317
1311 521
1239 477
2457 935
1458 668
1009 668
2235 967
1047 693
1803 767
1291 405
1162 422
949 604
2694 664
1901 638
1871 989
1124 640
1827 724
2253 722
2862 831
926 422
1752 831
2262 724
2916 916
1411 378
2602 999
3011 982
701 342
2336 990
2379 908
2664 884
3359 908
1338 872
2665 875
2662 935
2306 878
2387 916
1926 908
1473 529
1918 999
1463 902
2378 902
2439 803
2528 1000
2000 975
2112 967
686 317
1106 477
1658 724
2095 763
1251 486
1166 403
1142 788
2955 831
2494 681
1667 1000
1470 771
2317 982
2180 999
2501 667
1952 771
1399 405
2917 973
956 546
1002 434
1920 767
1402 567
1494 616
1983 973
1532 697
1674 925
1174 546
2514 831
2135 922
1743 759
2599 763
2104 765
2140 636
2829 930
978 350
2396 908
2657 982
1015 521
3009 908
890 317
2095 763
1441 614
1729 834
1508 884
1408 368
2390 935
2965 847
1816 897
411 317
1610 612
466 317
995 473
2277 884
1029 614
1344 518
2526 897
1720 834
936 521
1707 477
868 403
1675 872
1321 947
1168 667
1571 865
1623 820
2185 909
2418 922
2140 788
2261 909
2172 907
1701 908
1764 896
2496 897
3112 973
1285 532
1338 552
1171 486
1945 638
1685 831
2282 973
2411 638
1090 476
1328 577
1456 567
1906 508
2493 978
1941 571
1076 722
3112 670
1695 697
2485 882
1706 552
1175 470
1464 724
2514 908
1317 586
2035 979
2173 925
838 317
761 334
1224 473
2281 902
1934 834
1167 422
1371 771
301 301
814 477
1443 767
2349 667
1017 407
1726 890
1682 788
1071 458
1363 549
1566 990
1130 393
1732 374
2021 652
1785 724
1862 999
1624 989
3382 973
1297 716
2579 982
3366 989
2253 865
1488 529
3552 982
1993 999
1963 636
1859 767
1298 356
1599 724
2288 982
1622 978
1575 916
2146 822
1424 648
1001 462
2303 908
1818 552
2340 1000
1386 648
2045 722
2605 908
1951 614
688 317
1588 973
1122 508
1185 405
1805 982
1594 961
2094 687
1673 765
1302 567
1734 803
895 521
2146 614
2746 899
1356 606
411 317
1395 891
1206 521
1035 368
1243 614
2613 896
664 664
3421 973
1875 823
2491 501
1765 652
1478 724
1443 667
2540 897
1570 317
1323 424
1186 462
1918 803
3047 908
1609 771
2251 928
1532 928
1484 891
1751 668
1023 334
992 638
2456 928
1654 716
1407 317
1862 681
997 532
1384 429
1026 350
1897 771
2374 928
2114 722
2054 638
2489 989
1508 571
1387 681
1635 614
1281 614
1536 990
2336 1000
1112 368
1954 999
1634 614
1547 368
1719 667
2152 567
1630 476
1552 614
1848 716
1364 697
1668 626
1049 385
2274 664
1114 368
1875 630
1679 961
1845 630
3070 939
2048 567
992 638
1371 961
1842 689
971 403
1846 495
1646 922
855 518
2709 875
3438 922
1467 433
907 368
1463 614
1625 689
1614 638
1430 1000
1893 604
1717 604
2812 724
1555 999
2662 878
2462 935
1659 1000
3275 880
2536 933
1333 689
2471 939
1605 739
1441 638
2284 978
1809 626
963 361
1872 771
1925 891
1778 724
886 397
835 481
2589 946
1981 803
2576 928
1520 781
2992 823
1891 602
780 350
1485 441
1406 928
2146 614
1452 552
1348 882
2104 667
1491 771
2506 847
1714 979
936 317
959 532
3184 884
1218 472
828 483
487 317
2897 978
1372 552
2071 890
1595 771
2909 930
1530 681
2191 882
1532 716
3257 982
2276 922
585 317
1781 638
2829 982
1684 473
1759 638
1286 521
2254 724
1286 477
2022 922
727 353
1348 437
1040 437
1827 896
1083 716
1793 1000
1841 470
2090 781
1501 648
2186 925
1780 771
2187 884
2492 935
879 486
1281 907
2600 616
2138 689
1252 546
1329 882
1816 540
1585 834
1606 481
1579 484
1495 495
1715 891
1972 978
937 532
2506 908
1631 508
1131 771
2865 880
1622 636
2615 880
1818 1000
2509 982
2731 935
2217 899
1030 693
963 486
2119 771
1040 407
1164 549
1590 771
1408 759
1386 626
2545 916
1700 761
2046 967
508 317
2278 975
1803 386
647 317
3103 899
2990 908
1122 577
