2388 938
2340 938
2324 938
3613 938
3509 938
1587 938
2123 938
2851 938
2352 938
2341 938
2211 950
3296 938
3628 951
3060 938
2712 993
1374 938
2331 969
2328 966
1978 938
3320 938
2056 938
2534 938
2720 938
2186 938
2544 938
2559 938
1472 938
2404 938
1795 862
3076 1000
3157 938
2708 987
1685 944
2027 938
2997 958
1966 938
2628 938
2565 951
2978 938
2971 948
2251 938
2100 938
1487 938
1494 938
3015 958
2901 938
2198 938
2429 938
2593 938
2163 938
3103 938
1735 938
2879 938
2300 938
1765 938
2580 938
2343 739
2313 514
2428 938
2980 939
2769 958
1565 938
2270 835
2249 938
2460 938
2938 959
2835 938
3059 938
3273 938
2719 938
2814 938
2361 938
2785 938
1960 938
2935 853
2663 939
3064 938
1404 938
3441 944
1495 938
2202 938
1167 938
2995 938
2592 938
2219 938
3382 938
2458 938
2012 938
2132 938
1532 938
1957 938
4039 993
2374 938
3530 993
2010 938
3208 938
3225 938
2144 938
2919 938
2754 938
2486 938
2576 938
1691 938
2250 966
2435 938
3063 954
2224 938
2607 938
1835 938
3044 938
2507 938
2098 938
2322 938
1743 938
2104 938
1517 938
2847 938
1569 938
2632 831
2115 948
1958 938
3547 954
3405 938
1181 938
1650 938
2603 938
3292 938
2208 938
1358 938
1716 888
3443 993
2491 948
1999 938
2906 938
1924 938
1185 786
1184 938
2839 938
2015 938
1459 938
2252 938
2133 938
1874 938
3640 962
3435 938
1958 938
2657 993
1980 941
2911 938
2455 898
2572 938
2236 938
2870 938
1711 938
2501 938
1742 938
1905 938
3270 958
3263 938
2329 938
2524 938
2341 938
3001 938
1846 938
4073 890
980 506
1582 938
3245 938
2138 938
3524 954
1268 938
2654 938
2627 938
3372 938
1815 938
3133 938
1617 938
2430 938
3363 950
1946 938
2451 938
3049 938
2451 938
2346 938
3098 938
1980 938
2560 938
2408 938
1992 938
4041 987
2817 938
2624 938
2526 938
2504 938
2263 938
2717 739
1955 938
1991 938
676 355
2036 938
2487 938
2055 938
2099 938
2482 944
3292 938
2289 938
2944 938
3841 938
1977 938
2326 938
2888 915
1985 938
2933 938
3090 938
2641 939
1816 938
2913 786
2940 938
2198 938
1831 938
2485 938
1979 938
3177 938
2068 938
2314 938
2440 938
3767 962
1854 938
1491 618
2735 938
2171 938
1495 938
1405 938
3069 938
2900 938
1667 938
2301 938
2235 950
3241 954
2820 886
3165 951
2028 938
1907 938
2546 938
2752 938
3295 938
3204 962
1801 938
2605 938
2188 938
2193 938
1949 939
2176 938
2297 938
2582 938
3198 938
1974 938
2806 938
2652 938
3489 938
2637 938
1569 938
2395 938
2404 938
2525 938
2686 938
1969 938
2318 938
1809 938
2349 948
2679 938
3526 938
2313 938
2348 938
3258 958
2635 938
2745 938
1556 938
2253 938
3094 951
2192 938
2805 938
2227 938
2730 682
3388 938
2682 938
2876 938
2982 938
1582 883
1975 938
3367 938
2706 938
2090 890
2606 938
3427 938
2689 938
3274 959
1683 727
2291 938
3839 938
2072 938
1919 938
2352 938
1877 938
1796 938
2773 938
1861 938
2291 938
2242 938
2489 938
1956 938
2326 938
2754 939
2259 938
2335 938
2270 938
2128 938
1734 938
2509 938
3256 959
4012 987
2225 938
1481 938
2389 938
2767 950
1984 938
1258 938
2769 938
3414 938
2948 938
2812 975
2097 938
2168 938
2713 938
1916 941
2917 938
1240 938
1890 938
1483 938
2300 938
2666 938
3438 938
2240 938
329 319
2035 969
3365 938
2495 938
2777 938
2008 938
2738 739
1944 938
2395 835
2110 938
1977 938
4011 938
1843 938
3413 938
2550 938
2817 938
2447 938
2378 938
2258 938
2200 938
1767 938
2678 938
2298 938
1982 938
2547 938
2496 938
3016 938
1638 938
1390 938
2850 938
1873 938
2208 938
2829 938
1366 938
2648 938
1985 938
1454 938
2225 938
4144 938
2245 938
2139 938
1903 938
2172 938
2485 938
2633 938
1485 938
1912 938
1382 938
2867 514
2644 938
3474 987
2308 938
2186 938
2326 938
2762 938
2009 938
2372 938
3118 938
2459 938
2710 938
2858 938
2430 938
2988 938
2561 993
1768 938
2269 938
2029 938
2425 938
2140 938
1625 938
3233 938
2068 993
2340 938
2172 938
2037 938
1787 938
2551 938
1697 958
1629 938
2594 938
2471 938
2802 938
2414 938
1835 938
4675 962
1745 938
2129 938
2290 938
4069 938
1736 938
1859 938
1349 938
2730 954
3244 938
2226 938
2130 938
3235 962
2610 938
2231 938
2626 951
2119 938
2208 938
2442 966
2295 938
1622 938
2956 938
2577 938
2384 938
2409 938
2225 938
3900 938
1319 938
1690 938
2854 938
1635 938
2114 938
2049 938
1966 938
3594 938
1182 877
1182 938
2240 938
2251 938
155 155
1874 938
1771 938
2198 938
2697 938
2387 938
1655 938
2919 938
2669 962
2267 938
2974 633
1888 938
1384 938
2107 938
2642 938
1864 736
1382 938
2870 938
2676 938
1677 938
3004 938
2664 915
2109 938
2023 938
2593 938
1915 938
1817 959
2883 938
1420 938
2325 938
2946 969
2284 938
1571 938
3079 938
3365 938
1993 938
1949 938
2167 938
2229 938
2734 938
2731 929
2196 938
2045 938
2226 941
2225 938
2831 938
1655 938
3037 962
2538 938
2271 938
2570 938
2763 938
2440 938
2747 938
1138 938
2251 938
1399 938
2769 938
2346 831
2687 938
3380 987
3174 938
2366 938
3444 958
3491 1000
3064 941
1346 938
3183 938
1860 938
2862 938
2482 938
2417 938
2137 938
3465 938
1932 938
2908 938
2105 938
3339 938
2156 938
1871 938
3366 944
3231 938
2035 938
1568 938
3354 938
3025 938
2097 938
2394 950
2630 938
2879 938
2129 938
2348 938
2518 938
2837 938
1366 938
2000 727
2872 938
2188 938
3231 929
2042 938
2797 938
1978 938
2298 938
2095 938
2295 938
1544 938
2201 938
1139 355
2179 938
1250 938
2180 938
1451 801
2794 950
1781 938
1622 938
2304 938
1936 938
1597 938
2220 915
1671 938
3698 938
2172 938
2062 938
1446 938
1269 938
2832 938
2032 938
1435 938
2469 938
2353 938
2099 938
2470 938
3333 950
2477 944
2068 938
2196 938
2706 938
1206 633
3079 938
2565 938
2284 938
1447 938
2251 938
2220 938
2836 938
2833 938
2687 938
2041 938
2714 938
2413 938
2241 938
3095 950
2712 938
1433 938
2102 938
2255 938
2824 938
2049 938
2695 938
2300 938
3644 938
2599 938
3244 938
1647 938
2714 938
3063 938
3145 938
2443 938
1305 938
1776 938
2517 938
2375 938
2426 951
1388 938
2049 938
2021 969
2516 727
1889 938
2783 938
1934 938
2371 938
3273 954
3106 938
3323 938
3495 915
3067 938
2559 938
608 583
2684 938
2040 938
3103 938
3205 938
3378 938
2144 938
2109 938
1697 938
2071 938
1770 938
1891 938
3226 987
2818 993
1289 938
2481 938
2442 938
2089 938
1633 938
2803 938
2166 938
3119 938
1987 938
2146 938
2236 938
2244 941
1754 938
2770 938
3524 954
3154 941
1605 938
1943 938
2154 938
2285 938
1128 938
2348 938
3068 958
3342 938
3409 938
2237 938
2663 938
3000 938
2617 938
2034 938
2265 938
1755 938
2587 938
2240 938
2625 938
2045 938
1794 938
2452 938
2635 938
3048 938
2141 938
4010 993
2251 938
1409 938
1926 938
1767 938
3821 938
2657 951
2580 938
3182 938
3408 938
2331 948
1681 938
1950 938
2748 936
1957 938
2187 938
2069 938
2770 938
2208 938
2194 938
2524 938
2799 938
2604 938
3131 938
1435 853
1676 938
2703 948
1863 938
1405 938
2747 938
2290 938
1762 938
1223 938
2596 950
2619 739
1796 938
2110 938
2252 938
2460 993
2075 938
2804 938
3016 938
2878 938
1235 915
1907 938
2058 938
1887 938
2955 938
2256 938
2590 938
2817 938
2743 938
3591 962
1985 938
3316 938
2874 938
2209 938
2500 938
2733 938
3565 962
1757 806
3557 875
1422 938
1592 938
2849 969
2905 1000
2408 938
1989 938
2028 938
2495 938
2631 938
1936 938
3437 959
1802 938
2644 938
3650 938
2104 938
2323 938
2777 938
1809 938
2566 938
2098 938
1629 938
3133 938
3675 938
1399 938
2878 938
1883 938
3477 938
2003 938
2867 938
2516 938
3968 959
2350 938
1512 938
1948 938
2404 938
2522 938
1320 938
1232 938
2658 938
1783 938
1846 938
3475 987
2407 938
2194 938
2704 938
2292 938
3064 941
3843 938
1883 938
2371 938
2429 993
2061 938
3628 938
3023 938
2046 938
2626 938
1866 938
2385 938
2819 938
1178 938
3252 938
2175 938
2707 938
1976 938
2861 938
2009 938
2123 938
3973 938
3357 1000
3066 938
2181 938
3518 993
3031 938
1773 938
2397 769
2095 938
3293 938
3488 959
3167 938
1329 938
2860 938
2285 938
2078 938
1827 938
3140 938
2797 938
3042 915
2855 938
2325 938
2477 938
2636 938
2776 938
1504 938
2141 618
2934 938
2409 938
2553 944
2756 939
2390 938
1746 938
1584 938
1522 938
2386 950
2281 938
1142 938
1884 938
1882 938
2964 938
3308 938
3065 938
2943 966
2183 938
2332 969
3431 938
2150 938
3633 938
1660 938
2534 938
3090 938
2161 938
3031 938
2473 975
1547 938
2665 938
1348 938
2485 938
2227 938
2067 966
2693 938
3454 962
2721 938
2437 938
2345 633
1492 938
2630 938
1574 736
1511 783
2151 938
2921 938
1964 938
2231 938
2544 938
1429 939
2977 938
2216 938
2263 938
2222 938
2598 938
2297 938
3519 958
2218 938
1675 938
2190 938
3312 993
2589 938
3349 938
3207 938
3095 938
2956 938
2471 938
2920 938
2831 938
2525 938
2893 938
2013 938
3128 938
2439 938
2725 938
2768 938
2875 938
2094 938
2630 913
2254 938
3803 938
1326 938
2547 938
2087 938
2565 938
3568 954
2317 938
2332 938
3394 938
1174 938
2055 938
2359 938
2217 938
2589 938
2957 938
1957 938
2056 938
3274 975
2614 938
2207 938
2152 938
2430 938
1482 657
2160 938
1765 938
1921 938
2606 938
3662 938
2162 938
2477 938
3185 938
1894 938
1866 938
2307 941
1959 938
2572 938
2549 938
3092 938
2670 938
2061 938
2274 938
1999 938
1824 938
3528 938
2846 954
1958 938
1887 938
3082 892
2661 938
1359 938
2006 938
2416 938
2201 938
1972 938
2065 938
2082 938
2789 938
