1750 597
2561 818
1328 467
2245 604
1844 762
1348 938
1362 463
1642 582
2235 847
2119 639
998 338
1966 793
1697 469
2925 764
2807 999
2298 837
1747 957
1688 766
1913 688
1581 772
2246 832
674 330
2008 733
864 330
1792 732
1811 488
2039 758
1860 963
2051 589
1715 685
825 330
1348 619
2262 797
1831 697
937 408
1811 814
1936 612
2060 701
1331 804
1393 543
2001 938
1771 541
1304 701
2303 971
1349 730
1384 789
1772 806
2530 976
2326 921
2593 842
1352 516
3283 950
938 465
1154 445
1191 784
2096 834
2411 954
1936 921
2622 979
2788 874
1766 955
1254 635
1746 581
2908 994
1473 489
1697 913
1635 547
1857 942
1015 429
1406 523
1529 798
838 364
1407 597
1551 418
1837 531
1339 818
1166 478
1355 443
1374 577
1363 676
1216 391
2505 572
2148 917
1901 506
1632 473
1709 604
1981 727
1333 596
2299 541
1313 530
2811 512
1278 569
1371 686
1699 837
2144 990
1438 921
2269 916
1840 946
2846 758
1901 636
2162 890
1235 330
2363 681
1979 772
1435 718
3184 917
916 330
1994 655
2281 684
896 330
1547 818
2040 818
2422 832
2304 757
2342 964
2596 789
2314 971
2131 817
986 583
1251 563
1866 639
2247 924
1983 900
2715 890
2034 942
2007 772
2233 891
2845 964
2595 888
1328 531
1543 483
1896 800
1083 657
1275 496
1434 859
703 330
1782 701
735 340
1293 654
1675 730
1622 611
2685 932
2200 818
1079 568
1481 922
2202 925
1639 584
2372 880
2304 768
1381 627
1320 789
448 330
944 330
2164 620
1429 768
1502 971
1159 691
2526 955
1376 628
2179 927
1035 790
1267 842
2676 874
2182 789
1493 971
2167 969
1524 938
1944 924
2284 832
1925 859
996 531
2467 891
2181 992
2031 864
1281 562
2232 872
1307 535
1672 634
1450 786
2086 882
1816 831
1381 569
961 460
3205 947
2575 833
1893 572
1927 925
2692 694
2367 840
3061 963
1781 809
2237 721
1744 637
1984 774
1807 794
798 330
2491 956
1844 879
2126 841
1548 758
2790 925
2071 705
2667 1000
1804 679
567 330
1939 955
1158 330
1429 597
2315 837
2366 940
1333 562
1957 924
3126 967
2866 812
2002 982
2567 983
1152 649
1282 489
2461 925
1521 571
1346 528
2462 906
1085 490
1411 330
2574 965
2398 880
1274 572
1308 920
3185 994
4175 979
2925 963
1322 711
1170 401
1628 929
3490 899
2120 863
2801 969
1464 499
1188 772
2631 790
1360 436
1151 503
1972 976
1171 344
1617 851
1872 617
1164 520
2079 863
1508 839
2601 675
2085 836
1633 485
1996 892
1235 899
1369 899
1935 824
1804 796
2801 967
1642 650
1476 876
2435 970
1274 622
2618 683
984 331
1059 330
1969 854
1778 943
2063 896
1347 817
1291 534
2868 957
1777 764
1008 520
2236 484
1249 653
1539 840
2482 758
2622 934
2662 920
3006 846
2440 818
1317 485
1513 761
1792 650
2038 614
2337 859
1243 609
3462 956
2458 999
1183 729
2923 938
1949 675
2218 728
1115 506
2202 648
1328 635
1025 425
1874 872
1657 654
1937 463
1396 917
3094 953
2047 817
1660 707
1844 635
1949 938
1917 614
2180 648
3148 827
1043 626
1853 952
2587 844
726 330
582 330
1740 798
3028 991
987 549
1803 663
1225 394
2646 969
2409 908
1530 990
1421 597
1487 789
1261 562
1190 806
2802 853
2329 635
1179 729
1510 425
2647 715
1570 817
820 330
1538 940
3858 957
2275 560
2502 808
1398 915
1197 484
2279 824
1876 997
1391 634
1129 463
2242 797
2338 727
1857 969
1580 393
2446 789
1220 739
1650 750
1418 344
881 330
2421 735
1844 637
2392 797
2021 912
1612 820
1769 854
1239 577
1463 583
982 419
524 330
2437 984
2709 953
2929 853
527 330
2315 770
1920 841
1320 617
1760 837
1350 335
1412 418
2567 837
2680 942
2013 881
2129 863
1896 797
1142 330
2034 806
2347 916
2270 843
1922 832
1867 670
1488 932
1768 816
1643 699
1588 896
1420 697
1607 549
1743 849
1477 866
3083 956
1304 532
2346 970
2583 795
1971 992
1165 525
3698 957
868 467
1977 798
1410 921
2546 803
1431 404
1285 404
1493 406
1195 676
2018 563
1705 528
1893 591
1394 520
1174 564
1913 941
946 340
1162 715
2043 932
2357 965
1542 816
2308 900
1359 388
2823 999
2300 997
1804 635
1801 443
1983 957
1842 467
1655 666
974 406
887 542
2213 982
1545 453
1315 330
1613 654
1371 942
431 330
2265 790
1514 998
1136 570
1498 419
2150 765
1841 832
2584 970
1635 941
1682 841
2160 800
2037 892
3009 863
2078 915
2275 906
1852 532
2487 876
1142 478
1104 653
1454 735
2044 513
1313 803
1175 784
1575 787
850 468
1733 962
1644 874
2009 807
1966 670
1129 628
1321 843
1498 732
1355 929
1129 799
1922 790
2095 772
2148 808
2158 761
1725 601
1002 330
2170 752
1446 800
1392 768
1612 505
884 477
2313 925
3301 999
2597 721
1243 869
2705 706
2930 976
1650 896
1037 402
1770 364
2298 651
846 330
1814 839
664 330
819 385
2935 991
2348 892
920 366
1105 505
2246 865
1475 811
540 330
1519 718
1758 740
2188 585
566 330
436 330
1972 866
1493 419
2227 807
1510 738
2884 732
1679 784
2009 933
2297 863
1690 716
2826 834
477 330
2261 676
1824 851
1690 675
1395 463
1251 628
1711 681
1784 834
1190 330
1690 832
2403 654
1475 538
1690 940
2202 853
2082 836
1462 938
3130 871
3266 948
1086 601
1507 634
1256 359
1300 602
2391 852
1754 872
1719 639
2592 876
916 463
1278 805
2411 713
1370 774
947 330
2103 834
2114 892
2254 818
2304 988
1886 724
1603 909
734 330
2084 890
1166 455
1416 748
1747 721
1741 733
2102 950
2380 981
2379 859
1792 859
1200 555
2302 840
1689 755
1525 756
1565 915
1791 892
2526 797
1770 932
1511 491
1050 565
1787 808
1312 930
2072 930
1978 907
2099 796
1614 680
1823 863
1312 723
614 330
2229 950
1892 665
3340 834
2604 941
1716 918
1521 758
2189 663
2385 922
1597 571
1284 842
2301 971
1803 603
1056 529
1344 541
2982 965
2257 808
2098 566
1643 571
3009 896
1927 762
2518 982
2667 863
2482 956
2157 846
2018 794
2330 783
1595 750
1406 760
1723 862
1745 973
1490 617
2323 916
1648 475
2057 917
1923 790
1182 635
1567 879
2251 955
1858 796
1149 397
1523 537
3525 863
1212 709
2340 925
706 348
2762 991
1779 360
2059 543
2003 854
1782 811
2945 980
1816 824
2906 927
843 330
1366 789
2592 983
1303 609
491 330
2891 925
2929 986
1174 611
3013 859
1255 502
1680 715
1296 957
3094 910
2303 688
1899 697
2178 793
1365 918
922 330
2228 896
2096 812
1428 463
2208 701
1799 606
2016 997
2459 915
1286 796
1723 502
1841 641
1375 759
1232 510
2222 919
2112 927
1434 850
1695 957
2727 956
1950 850
2839 977
1136 439
1435 872
1302 532
1920 976
2490 855
1813 777
1224 758
2327 900
1590 430
1953 676
1786 793
2438 752
1690 515
2270 925
756 330
1967 979
1115 741
2455 881
2034 673
1766 759
923 330
2109 837
1552 868
1920 862
1774 622
2352 915
2661 587
1171 434
969 564
2416 723
600 330
1508 475
1985 922
1307 833
1286 606
2351 979
1976 836
1290 796
2497 947
1552 827
2313 715
2541 721
1848 599
2130 954
1045 484
905 330
860 397
1439 593
717 340
2265 784
2672 948
719 330
2002 790
2298 973
2835 925
1562 460
1615 846
1566 596
2124 699
840 356
2392 910
2377 953
2080 803
3029 824
1778 445
1906 924
814 397
1683 957
2014 977
2000 595
1323 550
1130 458
2538 957
2414 925
1438 700
1490 759
1672 930
2777 876
1806 947
2980 878
1940 762
2872 907
932 503
1571 923
2409 854
1791 623
2397 991
2754 969
2306 644
1500 534
2267 867
1692 577
1284 562
1939 534
1127 463
894 330
1743 566
679 330
848 330
2493 752
1134 732
1130 436
1785 654
1507 768
2043 843
1248 349
1589 628
1718 925
1660 976
2089 894
1893 893
1027 405
1144 798
1719 814
2134 768
1920 853
2212 953
3086 791
1696 623
2216 957
1615 721
1190 463
2558 985
2116 909
2424 831
1870 900
3769 957
1180 397
1270 635
1081 330
1672 868
1950 818
1174 715
1660 777
1112 575
1754 585
1450 363
1031 348
1488 806
3015 953
1198 469
933 463
2164 675
2769 976
1550 952
1678 840
1232 645
2118 909
1552 864
1713 731
1874 814
1917 713
1062 477
2331 970
2131 869
1507 880
2076 836
2222 713
2045 942
2000 644
2218 735
1155 445
2208 716
2536 841
1979 819
1375 600
1687 665
2606 960
2473 876
1298 401
649 330
2063 818
1580 725
802 330
1442 593
2139 753
1293 590
1071 697
1319 833
1141 681
2012 714
2236 675
2457 934
1376 583
1245 531
1671 572
1969 874
1359 615
2150 620
1785 943
527 330
1090 429
1398 468
2432 901
2495 892
2109 816
2522 919
2255 685
1748 955
2005 865
1587 640
1049 331
1409 859
2190 588
2264 957
693 330
1723 601
1998 811
2243 484
2409 877
716 330
1260 921
1629 507
1390 489
1237 627
624 330
3554 837
2095 774
1812 802
1477 508
1372 437
2294 957
1710 764
2179 957
1913 768
2050 648
2891 828
1323 624
1393 942
2573 751
914 513
2201 922
1485 671
1907 635
2084 701
1485 756
2190 824
1544 952
1290 529
2446 644
1540 754
2408 638
3034 991
3289 925
1314 437
1239 600
1240 469
1652 464
2285 900
1336 629
1629 973
2322 929
1734 969
2817 916
1938 729
1690 952
1292 602
1371 969
2250 983
1816 718
1946 617
2232 664
2243 865
1492 597
2391 929
1658 623
2509 727
2016 790
1563 979
1914 697
968 485
1953 592
1806 530
1256 871
2179 861
492 330
1943 836
1388 355
1313 495
1640 880
2171 965
1626 565
1931 789
1157 367
1755 950
1270 508
2521 980
1302 516
914 549
1306 723
1209 607
2915 925
1715 757
2308 996
1331 507
1829 842
812 360
545 330
2255 988
2201 900
2092 807
2530 925
985 654
2845 996
1659 874
2347 999
1232 597
2733 759
848 472
2352 915
2469 930
2980 694
916 493
2565 993
1149 443
2009 859
1502 947
1131 330
1322 829
1706 915
2293 781
3309 910
1815 859
1396 483
1908 463
1318 330
2731 876
1656 563
1451 680
2042 979
2791 922
1530 615
1197 488
1170 330
1776 803
2358 688
2184 929
1130 796
1715 975
2378 640
1278 344
2015 668
1342 344
1616 923
2517 968
1415 790
828 330
1869 716
1360 887
1608 722
1244 626
1279 752
1580 602
1010 388
1592 586
2029 922
2036 798
1042 491
2086 604
978 615
1080 585
2064 716
1765 908
2371 913
1670 653
1491 652
2771 872
1279 888
2005 940
2221 666
1774 996
2318 925
3180 956
1790 847
2495 844
1215 826
1364 498
1738 723
2247 846
2248 994
2520 934
1283 619
2199 681
2701 836
1809 404
2333 732
2323 904
1582 503
1530 969
1894 800
764 330
2208 877
1149 418
1983 885
1579 817
1518 629
853 330
768 330
1139 330
1852 922
1586 684
1712 690
1520 605
2136 924
1951 986
1241 762
2161 848
1599 467
786 330
2667 870
1218 667
669 330
2392 608
2911 921
1316 497
1956 633
1175 528
2842 965
2403 896
2139 944
1630 406
1041 549
1713 839
1441 732
1550 837
2277 987
1755 536
2654 957
1556 770
1590 610
1612 753
1585 715
1905 908
2420 757
1459 811
2266 862
2006 901
2720 752
1624 650
1357 637
1458 964
2449 956
2035 790
685 330
1264 863
838 330
1262 330
1764 639
1107 484
2287 909
1419 784
1875 626
1192 497
1820 596
625 330
1787 803
2056 628
1578 938
2815 917
2625 882
2647 664
1191 445
568 330
1846 789
1968 483
1813 671
1586 666
595 330
581 330
2103 580
1457 738
1476 485
1636 639
788 330
1338 808
1986 721
550 330
2695 952
1160 735
1305 545
1233 811
1472 713
1170 536
987 436
1544 571
1605 401
1462 777
2058 953
1079 600
1198 588
1913 980
1548 913
2387 872
2212 801
2718 818
1237 409
2024 789
1022 402
3957 994
858 372
1054 443
2061 723
1944 781
2366 908
1334 446
1315 676
1297 762
828 358
852 330
1641 956
755 402
2574 783
1355 527
2018 997
1413 557
1422 863
903 429
840 330
1516 597
2585 946
1892 881
2156 808
1674 842
1042 478
1905 680
1950 463
3074 969
2565 732
1236 634
1885 954
1213 430
2556 589
1284 938
1406 542
1359 640
1491 833
2640 878
1175 722
2309 831
1289 635
1631 843
1303 617
1589 758
2294 876
1446 523
1855 543
1584 356
1214 697
1378 635
1435 605
2321 858
1678 990
1247 697
2169 957
2174 708
2480 922
1861 796
1422 819
1236 385
2018 690
3002 925
1811 732
2144 916
1178 817
1716 789
1333 443
2233 993
2517 996
2209 986
1228 402
1613 880
1428 950
1937 823
727 336
2032 922
1544 713
2073 833
1483 925
925 445
1018 330
1268 330
1658 553
2165 842
1693 811
1626 360
1937 953
1590 807
1578 751
1444 893
1058 330
863 395
1904 697
1507 402
1958 965
1935 942
1401 614
2584 888
1835 755
1953 629
1486 496
1861 758
1882 925
1098 588
1533 633
1486 364
1399 585
538 330
2931 901
1571 941
2834 929
3003 794
1233 536
2038 680
1426 983
2214 854
1368 648
1923 967
1861 668
2985 994
977 381
1534 418
1885 626
1370 867
1539 932
1984 899
2218 681
2861 922
1971 651
1034 571
1208 453
709 330
1664 925
1735 807
2484 863
1120 391
2181 890
1367 806
1189 568
2733 962
1292 851
1111 330
1375 943
1369 361
1354 817
3223 840
2255 853
1345 960
2085 896
1633 840
950 478
1350 681
1772 799
1738 841
1780 602
1906 512
2113 809
2378 768
1808 618
2074 790
1917 997
2024 831
1651 635
1433 598
1549 628
1119 735
1460 550
1545 531
2744 906
636 330
2113 649
1123 579
952 482
2946 917
2253 837
1236 890
2368 675
2016 755
546 330
1844 460
759 330
827 445
2318 751
1845 947
466 330
3360 758
3219 878
1828 668
1398 615
2022 839
1277 617
1841 581
3392 906
1926 942
961 453
2236 999
1330 633
1517 510
1455 634
2215 971
2611 837
1988 748
2209 909
2225 890
1836 965
2216 850
1942 919
1734 798
1026 516
2097 804
2024 922
1088 330
913 552
1767 962
1449 819
2990 837
1564 637
1789 944
1719 809
2220 582
2934 796
2431 976
2527 752
1016 330
1335 360
1632 933
2334 894
1220 597
4205 969
2511 762
2685 664
1364 758
2325 901
1027 335
1929 754
2228 844
2276 852
699 330
1937 697
1423 1000
2153 983
1977 808
2072 582
1492 890
1417 564
1349 537
2326 780
1883 927
1740 960
1357 506
1233 336
1358 777
2170 676
2491 723
1349 750
1077 330
1626 482
2479 922
1324 729
1121 662
1252 478
1674 569
1798 762
2384 997
1766 907
1819 633
1938 659
2264 961
1733 824
1853 611
1483 955
2379 872
3176 887
1409 882
2024 727
827 330
862 354
1108 477
2159 992
2233 910
1495 932
2557 688
2386 800
2092 942
670 330
1796 659
1672 836
770 371
1348 662
2751 976
3076 999
2420 982
1664 709
1146 408
1747 693
806 330
1368 992
993 547
3035 950
2362 925
986 513
1570 615
1792 639
1486 678
1098 372
1740 812
1911 703
1341 961
1915 808
1643 475
2697 925
2651 757
1529 615
1752 990
2059 701
1579 762
1613 899
2555 950
2157 932
436 330
1332 881
1910 957
2398 797
2026 937
2598 827
1677 640
3801 994
1816 758
1674 701
2346 766
849 330
2158 833
3112 999
2544 916
1846 940
2757 727
1600 814
1760 930
1881 491
571 330
1826 899
943 330
1460 463
1725 796
2847 721
1685 534
1954 908
454 330
1346 457
2605 909
944 330
1590 597
1008 505
1747 395
593 330
1149 371
1111 777
1584 642
1855 612
2366 965
1216 420
2072 970
1139 798
2012 849
1735 837
2087 758
1570 750
1610 991
1839 786
2003 892
1407 420
1652 809
2854 879
1279 515
1486 356
1387 477
832 330
2159 721
2039 781
1150 562
1264 610
1330 513
1192 496
1616 791
1341 825
487 330
1826 983
1091 649
1779 415
1195 768
1868 791
1160 398
2262 836
1603 915
2241 667
2013 983
1387 938
699 330
2611 932
2777 900
969 355
1389 564
2245 706
2122 823
781 358
527 330
1499 431
1640 781
762 330
2300 832
974 364
1739 668
1180 571
2147 684
4309 927
2472 851
2056 977
1831 817
1715 923
806 465
709 330
2239 724
1772 385
1372 997
894 484
1194 330
1390 960
800 383
2558 915
1515 840
1649 615
3035 990
1838 758
1743 756
1289 330
2154 762
1750 946
776 383
2374 732
1400 505
676 330
2365 872
1896 883
1488 513
1549 706
1827 896
2531 855
1528 723
1986 837
1888 990
1387 562
1455 801
1896 596
1156 617
2106 878
2097 694
2422 658
1773 850
1610 887
973 489
2395 796
1610 891
1877 663
2062 718
1013 477
1564 851
1929 864
1535 562
1678 552
789 330
1562 716
1834 901
1623 938
1249 653
2900 953
2091 735
1218 685
2626 918
2505 791
439 330
865 440
1684 817
493 493
2891 887
2175 764
1978 541
1326 687
898 388
1169 569
1132 784
3613 818
1564 723
2192 765
1702 977
3010 986
1195 727
1446 722
1973 800
1504 807
1131 375
1574 635
951 330
2875 796
2531 733
1988 658
1374 634
1641 353
1747 637
1720 754
2341 670
2792 892
1489 375
2289 922
2768 671
1830 586
1574 608
1936 790
1914 633
2503 863
1806 851
2140 764
1675 850
2186 816
1164 330
1554 385
1069 369
1655 360
1171 383
1004 421
727 330
1855 846
2964 846
638 330
2043 690
1695 680
2168 649
2186 663
1777 697
985 455
994 531
1104 633
1094 562
1553 662
1327 629
2426 968
2266 854
868 389
2438 772
1942 938
2178 944
1773 758
1417 715
1181 600
1956 766
1847 762
4326 870
1506 804
1826 965
3192 968
1639 628
1974 882
2690 906
1645 803
449 330
2199 888
1934 688
863 330
431 330
1792 900
3217 846
2708 925
2039 907
1320 831
1831 841
1184 347
1861 859
1168 331
2002 867
3270 960
2515 837
1983 752
1961 826
1760 918
1961 724
2129 634
1446 851
1778 796
1420 600
1627 807
1197 365
1794 937
1532 520
1376 571
1842 977
1204 372
1121 463
2502 924
2148 992
2550 997
1221 617
574 330
1367 843
1331 922
2348 854
2788 934
2553 857
1696 850
1463 846
1735 625
1032 503
1403 694
2821 986
2187 727
1668 597
1994 649
1625 575
2185 892
742 330
1003 533
988 397
1793 657
1539 489
2131 761
2901 948
1381 674
975 495
2804 870
2114 774
1206 458
1381 793
1909 834
1057 517
1008 617
1477 430
1712 572
1843 814
1389 711
1070 330
2072 624
3280 965
1086 383
932 330
2166 626
1427 924
2024 793
1679 563
2124 541
966 397
1541 893
1918 718
1411 429
2526 913
2243 750
1057 418
1967 397
1529 862
1545 713
2368 857
2252 962
4200 979
1744 994
2706 750
1496 924
1603 709
1574 791
1579 553
1935 762
2928 917
2191 614
1575 560
675 330
1930 954
1978 530
1173 458
2973 797
2359 701
1243 553
1285 811
982 336
2097 635
2472 833
1171 607
903 505
1674 569
1583 681
2499 965
1460 713
2045 833
2011 968
1316 478
2662 891
1402 969
1011 549
2152 858
2732 832
2391 832
1163 723
2158 999
1440 977
1818 894
2574 806
2143 896
3159 901
1278 526
1491 497
2300 596
1323 602
1103 680
1763 996
1946 701
963 512
2505 987
1523 639
1226 383
1298 806
1931 738
2233 909
962 330
2137 887
1642 840
994 653
634 330
3270 811
2063 685
1764 805
914 330
2397 650
604 330
2377 999
2044 881
1835 592
1801 685
1362 537
1478 560
2283 754
1518 622
1400 629
791 429
1178 602
938 358
1404 445
1024 415
1377 781
2142 652
1358 330
1645 929
1577 722
2199 874
2348 963
1754 649
1808 727
1294 526
1211 415
2661 933
996 386
1168 610
1077 735
2262 714
758 384
1923 680
1876 467
2480 837
1518 924
2563 871
1662 735
1923 758
1027 330
1012 343
2141 954
2652 857
2733 950
1497 955
2466 998
1546 703
3030 999
1102 475
2454 834
1420 593
2056 916
2267 796
1195 451
766 330
1893 953
2976 855
1344 874
838 330
1634 483
2163 876
2818 941
1565 562
2133 733
1355 527
1960 892
1480 577
1885 602
1756 360
1612 647
2497 728
2443 972
1528 612
1890 727
2336 909
1376 758
1869 983
1122 330
2341 876
1299 756
2294 828
2086 649
2721 512
3198 757
1222 577
1051 330
1734 752
1207 765
1266 819
2475 991
1302 615
1002 330
962 358
920 400
1080 383
1784 790
1355 564
2535 909
1843 498
1596 639
2442 766
1990 811
1607 829
1220 680
1894 676
2241 582
1532 602
2045 567
1896 839
767 340
2051 577
1497 731
1323 758
1447 896
1365 553
3056 918
2668 925
2118 994
1928 523
2050 567
2915 941
845 497
1927 969
1108 750
1799 640
1975 753
1447 568
2426 956
2114 597
1065 428
1712 902
1422 414
977 358
2233 975
1931 772
1977 746
2059 876
1190 331
1851 855
3747 870
1620 837
965 607
1728 749
2135 913
1086 449
2712 927
2918 837
2214 850
1879 614
1729 831
742 330
2347 900
2982 927
1800 874
777 441
1103 364
1514 701
2055 957
1842 814
2311 876
1616 885
1276 415
1120 467
2508 912
2263 991
691 355
732 330
1160 536
1024 601
2550 746
1786 814
1021 330
1261 772
1845 523
1144 429
1362 391
685 330
2041 803
1674 468
1854 679
3338 760
747 409
1561 569
1573 425
1707 589
1381 924
2455 968
2302 969
1380 611
2473 733
1969 796
945 415
1855 678
1379 639
1190 631
2388 956
2644 946
2505 688
2431 992
2331 860
2297 766
941 423
1846 699
1512 562
1590 765
1619 600
2074 718
548 330
1115 455
2435 769
2478 757
1141 485
2160 952
903 496
1663 962
2277 916
1721 626
1568 376
2426 980
1470 769
1417 550
1785 478
2628 837
1596 596
1236 485
1912 752
2209 795
1242 418
1365 824
1907 923
1640 665
1106 722
1749 976
1288 887
2173 818
2514 918
2460 915
2388 910
2291 994
1912 864
1924 834
1549 915
1588 432
1250 758
2167 965
1059 460
2281 794
1657 475
2033 953
3165 854
1925 765
2188 924
797 330
2177 475
1201 595
1726 837
1408 572
1117 759
2564 948
1888 922
1053 389
1481 445
2940 990
1498 791
744 330
1001 467
1718 478
816 330
1943 851
1994 947
2012 760
2324 970
1105 635
501 330
2520 937
1372 761
922 527
1327 752
1517 706
830 386
2463 952
1487 475
1244 626
2372 880
2299 968
1370 837
1424 572
600 330
1045 624
869 416
2446 799
1142 578
1760 610
1769 917
2265 859
806 330
2375 797
1058 330
2629 843
1951 857
2021 863
1659 596
1878 863
2672 876
1589 384
1491 561
1518 600
714 330
1572 635
2120 817
1396 932
2548 925
2059 639
2409 868
1343 814
2654 789
1438 385
871 330
2015 950
2217 946
2264 837
1562 932
1986 917
1820 811
1170 393
669 330
1897 912
1382 597
858 330
1701 680
2094 648
1605 797
2585 855
1942 975
2755 842
2825 957
2112 960
1258 401
1538 531
2639 871
1717 790
1732 732
1951 862
2748 960
816 397
2363 965
2660 957
1555 955
1625 567
1991 793
1473 817
845 463
2727 969
2392 764
2884 758
1390 833
1862 842
571 330
1307 898
1898 619
1636 520
830 377
1736 796
761 330
2303 984
1511 832
969 505
1229 505
1849 718
1755 925
1127 437
1295 550
101 101
1525 944
669 330
1786 796
1883 946
2767 781
1765 758
1292 823
1752 637
2367 829
491 330
1132 727
786 330
1246 768
1779 852
1204 862
2072 930
2495 968
4329 968
1647 786
1983 754
1362 701
1416 657
619 330
2914 818
1461 764
1676 840
2370 664
1343 463
1217 811
2869 997
1574 896
3229 927
1744 867
983 366
2448 969
1479 977
1855 713
1734 891
2978 772
1179 685
1524 606
3228 892
2166 977
1595 823
1691 612
1346 750
1736 912
1235 577
1692 760
1208 330
2554 684
1357 685
2177 732
1167 330
960 575
2558 947
1889 938
2605 837
1866 664
1432 626
1164 634
843 482
1480 722
2459 654
1373 796
2015 839
2198 868
1087 355
1999 840
2408 998
1694 862
1205 432
2368 969
473 330
987 360
659 330
1153 336
1127 467
1512 538
1847 872
2538 853
895 330
1416 564
1584 597
1331 764
1009 604
1346 612
1410 629
1874 757
1690 485
1347 738
2407 637
1158 436
968 330
2278 979
1738 789
1878 851
1429 841
1482 649
1203 811
1789 811
1827 765
2093 559
1875 591
1561 635
1177 713
893 336
1432 837
2726 957
2079 872
2335 824
2475 916
1227 610
2113 950
2468 870
1665 617
1414 828
1424 713
3058 553
1783 389
1643 481
1349 627
1426 732
1344 735
1007 432
3046 798
2859 946
1943 833
1503 750
2462 648
1462 925
2404 916
1506 697
2284 877
3292 916
1404 453
1565 626
1439 685
2097 943
1802 572
2708 991
1040 513
1696 477
1151 513
1889 809
1161 485
1539 463
1202 636
2308 977
2176 872
1101 533
800 330
2788 758
1091 383
3026 925
686 330
1427 562
1575 714
997 466
2095 893
2041 917
3043 886
2034 622
2484 890
1679 686
616 330
2618 892
1887 414
1498 376
1171 414
1306 841
2130 746
2037 824
2542 818
1339 516
1408 523
2388 649
1336 803
1219 335
1481 488
1959 992
828 330
1274 616
1746 992
1080 497
2258 968
1887 789
1714 921
1923 816
1899 478
2640 751
2450 675
2035 663
3018 927
3261 871
2270 837
1226 412
856 433
1613 666
1352 537
796 331
1330 490
1350 391
1078 482
2436 754
1260 330
1893 680
1990 724
1497 759
2193 690
2989 890
552 330
2718 863
2345 868
986 402
2402 781
1126 344
2172 541
1984 793
1940 899
1107 674
1608 772
2178 927
2266 900
1341 758
2116 803
1459 723
2073 865
2275 833
1907 823
1139 330
2517 699
1015 336
1199 340
1577 562
1635 947
1170 611
2956 992
2258 950
572 330
1194 375
1281 537
821 330
2145 940
1505 908
1569 740
1120 627
1535 617
1794 896
2088 942
2215 859
2709 754
1605 967
1793 685
2153 929
1399 383
1683 572
1187 442
3572 917
1631 562
1495 674
2595 778
2429 502
1676 708
2250 796
1818 626
2160 651
1363 560
930 355
2034 848
2656 932
792 440
2756 997
1094 456
1122 371
1632 415
1624 733
1890 789
3198 969
1933 587
1938 612
3157 990
1353 969
2669 780
1660 727
642 330
3199 766
1292 530
1360 549
2007 872
2611 868
1148 678
764 330
1554 917
2050 883
1070 425
1152 415
1365 385
1351 402
1665 819
1698 964
2137 979
1029 330
2035 837
2566 770
1358 355
1468 927
2586 854
1849 888
1316 817
1394 425
1433 765
2062 946
732 330
1750 758
774 360
1016 432
2603 690
1682 740
1571 564
2693 727
2073 929
1258 495
1516 626
1525 600
2116 854
2475 992
1368 455
1904 774
2004 817
2975 927
1318 562
1756 702
1470 804
1009 383
1182 485
2510 758
2358 790
2228 900
2296 806
2214 758
1184 485
2468 979
1127 355
2314 728
1764 969
929 395
485 330
1239 806
2073 751
1883 591
2182 954
1363 1000
1627 847
1754 863
1514 908
2082 807
634 330
1737 772
485 330
1204 366
1736 789
1396 330
547 330
2741 766
977 330
1790 842
1202 697
2113 756
2221 973
1540 987
843 378
1720 880
2394 863
1233 623
1979 586
650 330
1859 971
2828 983
3029 863
1585 658
2544 983
3170 985
2616 878
3003 848
2255 746
1101 491
1414 851
955 330
1925 811
1349 965
1989 811
2131 638
1814 851
830 431
1371 568
2160 898
1702 637
1264 790
2212 947
3042 879
2232 814
2638 754
2081 946
1655 496
2351 988
1243 852
1133 549
2103 602
1634 354
1825 999
1694 354
1616 347
1575 635
1286 577
1432 455
1243 628
1731 764
2112 855
898 330
1716 587
2215 976
1906 804
3196 990
1174 651
1077 416
1225 569
3152 837
1221 641
1740 748
2231 991
1373 892
1969 781
2038 796
1901 938
2237 803
1393 797
1950 997
2003 608
1570 940
1939 732
1968 842
1157 608
2451 747
2050 475
2442 811
1313 881
2937 728
1602 665
2895 925
2158 952
1899 992
2121 764
2101 639
1152 528
2108 837
1050 356
1009 330
1252 784
2293 992
1340 330
1263 824
1373 541
1894 842
1233 575
1515 898
1500 647
2525 915
1946 858
3610 979
1490 962
1495 793
1416 852
1013 542
3420 968
720 330
746 330
1947 828
1318 816
2782 850
2238 872
1309 400
1690 481
1866 772
1515 617
2809 896
754 330
3433 846
1991 890
2056 837
1161 781
2260 907
1039 406
2377 872
1889 806
1705 952
375 330
2009 915
2003 872
2443 857
2053 824
1299 874
2150 863
1020 393
2556 823
1683 987
1143 330
1112 517
1090 580
2905 916
1840 517
1404 538
1108 577
2341 932
926 369
2679 866
1621 679
1763 752
1468 729
3169 916
1590 884
2454 759
1306 497
1329 938
1204 432
2118 927
2484 867
1995 344
773 330
1951 650
1512 976
1278 841
2028 601
1492 597
1979 872
2100 599
1343 635
1164 619
1816 991
1219 839
1298 722
2292 721
603 330
1118 608
1110 557
1711 953
1642 923
3320 994
1330 921
872 465
1504 722
1421 582
2335 969
986 330
2366 639
1853 483
1773 666
1236 468
2049 837
1920 569
1759 662
687 330
528 330
1956 701
1731 436
2818 857
1476 662
1391 600
2118 876
1092 453
1016 348
2570 977
1528 531
2951 983
1603 595
2216 866
3053 854
1989 663
1549 752
2588 929
2694 946
1212 876
2458 690
2450 750
2249 766
2933 901
2090 979
2258 840
1229 547
2619 892
1923 809
1848 781
1756 789
2314 842
2365 979
642 330
2096 909
1185 715
2329 982
806 330
2726 1000
2092 834
1104 641
1093 407
1345 885
2456 985
2053 666
2602 663
671 330
1652 955
953 466
3416 957
2061 832
2215 967
1879 952
2443 957
1425 650
1208 793
1074 413
1966 735
1053 542
2218 927
2468 918
3410 770
1821 758
1406 633
1247 758
2787 892
1543 975
1915 960
1332 667
2086 697
679 330
1432 864
1177 388
1821 891
3578 979
2102 823
2765 988
1909 929
828 330
1357 550
1606 922
1092 445
2158 977
1276 735
2755 960
1974 797
2035 819
827 404
1381 751
1558 997
2309 890
2884 913
776 330
967 430
2015 893
2763 665
1718 811
2160 634
2117 740
2050 833
2827 999
1543 549
3016 766
816 443
2040 938
1619 920
2611 764
1988 753
2505 965
1284 755
1846 768
1788 665
1816 923
2374 946
1623 814
2124 941
1088 414
3092 925
2280 877
805 330
1236 642
1758 562
2609 878
1430 344
2599 732
1938 648
1034 395
993 349
2317 818
1460 941
1292 415
2072 807
1744 749
1060 614
1785 415
2161 864
1252 485
904 339
2023 890
839 369
700 364
897 359
2607 808
1977 804
2187 977
1186 705
1243 344
1353 817
1818 628
2669 783
1008 601
1757 638
1738 781
2465 947
1352 883
1353 754
1581 670
1010 534
1134 383
2050 750
2336 910
2796 652
2144 944
1721 626
1900 532
1407 564
1320 622
1302 392
3052 979
868 330
2644 728
730 330
1763 555
2116 659
1972 912
1872 781
741 330
1833 882
1496 969
1815 766
1877 464
2058 883
1329 608
1980 562
1046 541
2032 665
1538 600
1115 442
1817 721
1751 601
2503 759
1730 862
2448 899
1670 663
1543 847
632 330
1953 560
2168 953
2706 909
538 330
1826 961
1767 572
1912 743
1872 917
2378 892
2388 919
1417 534
760 339
1756 784
1877 563
3049 934
2064 977
1809 754
1221 432
2095 759
2267 778
2314 957
1061 590
1735 811
1071 507
2167 923
939 469
2427 969
2047 677
2861 932
1550 659
1286 816
1849 772
3075 929
2093 957
1677 477
2122 927
2523 992
1388 617
1508 803
2358 886
833 330
1865 915
2387 832
1804 532
1695 706
1335 577
2471 924
848 330
1767 639
1281 510
2336 608
660 330
2008 923
1093 446
1573 892
1577 654
1527 860
854 330
2528 600
1832 917
1542 619
2213 825
1581 762
1805 654
1343 967
2399 967
751 352
2766 900
1871 850
721 330
2118 758
1271 430
2096 872
1846 879
494 330
2352 915
1752 893
1977 814
1952 863
725 383
2657 803
1084 681
3016 968
1386 790
2782 934
2071 908
2263 919
1427 837
636 330
2232 909
2682 912
1867 764
1139 415
1649 527
1947 918
2139 938
1559 814
1630 731
1445 833
1847 652
2123 765
1593 686
1200 400
1823 970
1130 507
2644 760
854 330
1090 443
813 330
2528 906
1597 595
873 493
2029 885
1391 851
2818 957
1391 937
2079 921
2072 666
2446 724
1605 846
1585 665
1294 887
1406 817
937 331
1213 819
1312 330
2510 983
3476 925
1809 973
2326 940
1899 731
1355 421
2529 985
943 412
1500 907
534 330
2323 854
1818 925
1756 976
1880 902
2404 834
1355 432
3612 909
2422 946
1352 493
1461 977
2438 866
2238 837
1629 798
3539 870
598 330
2611 764
1748 560
2563 847
1696 831
1852 837
808 369
2502 642
3065 847
1623 909
2663 614
1512 787
1365 801
2176 938
2668 789
1291 491
2620 780
1719 836
754 381
1650 666
1043 557
1743 956
1346 639
1104 609
987 348
1432 637
1621 663
3321 968
1881 637
824 463
1994 957
967 330
1262 455
2299 688
1988 923
1039 477
1801 735
1251 388
986 512
1106 615
2390 922
1996 963
1402 762
1718 796
2409 796
2207 910
2507 960
1589 568
1652 522
3739 941
831 330
1864 790
895 330
976 560
2126 666
1265 863
2022 640
2625 800
1212 607
1694 658
2548 967
1127 533
2320 925
1662 859
3618 890
1366 530
1790 768
2619 622
1950 796
2831 872
3273 941
2252 663
1577 908
1525 738
2237 761
1744 865
2088 569
973 488
2533 910
2631 651
2520 997
2948 990
1995 960
1119 474
2879 970
1129 565
1241 807
2457 826
3315 944
2525 950
2989 878
1517 622
2706 941
1080 746
2140 638
1557 482
1270 937
2035 662
1348 755
1132 799
1970 960
2814 834
2171 959
655 330
1506 793
1856 727
620 330
1596 864
2018 938
1495 550
2722 906
1887 836
1936 893
922 397
2523 667
1111 330
2214 906
1504 741
1547 464
2193 959
2095 564
1250 628
1216 817
1285 443
2648 863
1981 640
1845 642
1480 777
2081 393
1368 674
3312 954
603 330
1869 947
1182 463
2319 938
1849 836
3226 808
2044 796
1137 708
1677 832
2200 872
2998 860
979 358
1846 833
2312 967
2535 932
2246 831
1854 996
1791 825
987 330
276 257
1315 423
545 330
852 415
1154 330
2010 752
755 368
1458 678
1762 879
1026 521
1579 762
1791 938
2114 910
1919 765
1012 440
2253 879
1555 758
2000 617
1804 859
1100 517
1764 784
1053 468
1268 330
1656 608
1004 392
2120 806
452 330
1334 864
876 340
1494 924
1351 537
2267 960
963 371
2068 798
1811 834
2035 976
1521 694
1444 834
1780 807
1219 629
2296 908
1983 676
961 397
1943 741
1666 959
1672 543
1197 575
1327 850
1922 831
834 330
1153 402
2368 418
1782 629
2052 968
3265 890
1767 869
1953 924
1675 850
1678 929
2272 753
1594 876
1060 330
2247 719
2184 857
1405 446
1519 987
1924 998
3563 941
1069 364
1905 925
2659 916
2116 772
1116 566
1120 619
1532 516
1984 910
3569 978
2530 784
1325 330
1954 915
1194 381
1532 968
786 330
1390 637
707 330
1538 817
1945 779
1070 485
1724 417
2387 797
1713 707
1700 921
2743 824
1686 784
1613 721
1358 884
3343 967
1076 331
2313 786
1647 607
1649 976
1971 729
1560 708
1538 606
1500 917
2133 967
2191 729
1309 893
1852 772
1882 952
1587 991
708 330
1303 902
1517 732
1605 676
1480 467
2191 990
952 330
2190 834
1388 388
1778 675
1133 330
1998 922
2136 784
1009 634
2100 847
2086 947
1545 506
2567 969
1875 818
2650 834
2072 900
2284 483
2602 957
1747 851
1619 825
2460 783
2128 990
1917 962
1592 963
1186 376
1914 956
1667 488
2124 665
1301 662
952 356
1218 513
3343 997
1570 600
1422 691
2283 899
1478 596
2190 762
1925 837
515 330
1337 415
1787 596
2125 885
2404 663
2118 851
2373 684
1879 772
1208 513
1941 791
2667 909
1812 571
1783 748
1739 859
1892 880
1375 354
2497 884
1305 973
2073 818
1963 850
1819 733
1090 697
664 330
739 365
1175 418
1212 521
2962 927
1797 460
1676 376
2805 870
1251 361
1071 629
1326 697
1486 562
1825 764
2121 847
2207 847
1866 761
1412 527
1256 618
1472 463
1575 495
2072 896
1813 832
1296 569
1555 774
1689 714
1701 421
2047 832
758 330
1576 796
1399 541
1724 751
1702 676
1352 826
2180 818
1001 537
2039 748
1287 500
2625 893
1836 983
3198 963
1473 885
2242 796
1338 671
1434 789
793 330
2217 640
1584 628
1379 789
2107 638
2016 707
1620 799
1955 649
1323 533
2631 922
1150 585
1542 979
1882 997
1572 916
1136 635
2230 860
2205 828
1047 657
644 330
1638 701
1989 680
1892 850
1888 858
1365 402
749 355
2392 762
1102 766
2268 840
2125 916
2277 648
2145 880
3156 994
1241 376
2344 877
1636 996
1735 768
433 330
1707 882
1541 622
3219 997
1739 721
1472 364
2606 950
1430 464
1883 629
2953 999
1633 413
2372 757
1803 781
737 330
2394 769
1976 727
888 330
2352 901
1518 453
1548 635
1121 391
1480 635
1462 428
2202 850
961 497
2240 906
1665 678
1472 807
1454 917
1402 860
1266 920
2830 976
2306 789
597 330
2240 863
1808 916
1980 888
1386 506
721 330
1129 330
2779 851
3157 999
1837 943
1897 483
1304 722
1089 330
2350 831
923 506
2432 896
2105 892
1508 727
2821 796
2079 837
1306 549
1792 870
1275 796
1630 378
1752 860
1589 722
1588 954
2784 927
1518 617
869 463
2790 967
932 523
2068 664
1695 360
868 330
2496 876
427 330
2109 817
2591 982
2225 920
2408 968
1832 933
1718 727
1656 635
2721 858
2787 876
1264 837
2599 944
1894 633
1844 758
1756 622
1150 533
1344 513
1164 751
3482 999
1798 872
1920 942
1995 817
1462 478
1666 879
1837 811
836 331
2532 529
1687 463
718 330
2046 795
1388 733
1601 879
1875 955
1637 577
2475 899
2317 938
2189 868
1248 666
1478 685
1654 781
2382 512
1048 537
1728 639
2430 872
1949 922
1627 893
1621 619
1261 888
1778 868
1986 902
1219 437
1867 990
2560 865
2444 879
1949 553
2081 796
1727 678
1102 658
3041 963
1876 680
1519 817
2483 924
1530 503
2641 800
2613 896
1429 874
2665 743
2564 870
1918 891
794 330
2684 892
1966 811
1766 615
2790 808
2038 946
1788 722
1346 530
1123 581
3584 956
1020 526
2325 872
1767 839
2156 827
925 505
2311 766
1744 817
1323 762
885 330
481 330
1169 434
2625 843
2984 982
2052 997
1036 533
2200 859
1311 641
2023 758
1449 884
506 330
2889 932
836 330
971 506
1608 916
780 330
886 330
2273 721
1931 837
862 330
703 330
1398 611
2145 980
2065 983
1482 762
1251 700
1245 534
2099 859
1567 596
886 379
1668 483
1734 503
1605 833
2088 979
2414 886
1404 463
1247 784
2356 925
2111 969
3041 934
2406 934
1128 681
1461 859
1505 662
1163 473
1963 840
2095 925
1903 929
2370 680
1709 335
1492 633
1850 650
788 330
1166 552
2072 992
1363 519
2198 832
2167 804
1439 552
3000 997
1423 983
1869 990
1929 934
1811 879
1501 507
1852 807
1185 543
2529 791
1858 681
3926 927
1654 597
2223 796
2372 701
3013 832
2595 597
1442 657
728 366
1974 729
1851 863
2351 915
2860 968
2514 978
1401 850
1488 467
1442 570
1181 571
2239 932
813 330
2686 854
1715 811
1320 596
825 330
2041 881
2448 881
1782 680
1677 755
995 572
1588 890
1532 758
1416 633
2850 800
1498 922
2410 984
1354 845
1179 619
2192 784
1438 512
3340 885
1766 649
2438 684
1592 569
1727 608
2459 757
1802 735
2369 916
1865 997
1286 530
2432 892
1509 602
2067 859
1464 611
2687 824
1745 753
1219 625
1368 811
1583 527
1696 863
2196 861
1133 738
2878 924
2096 475
1846 572
2025 859
814 368
2065 918
1584 976
2232 800
2385 932
2219 743
3215 928
2035 638
2646 870
847 449
1752 924
2488 990
2248 865
1570 489
1181 577
1688 808
1044 410
2725 917
794 330
2464 800
1528 716
1665 693
1435 579
1291 460
797 372
1133 708
1695 902
1904 932
1430 425
1458 627
2249 800
1933 845
2381 781
2917 857
1671 754
2130 912
2405 681
2331 882
815 385
1062 497
2719 758
1652 943
2163 732
2477 758
1766 760
1360 836
1479 952
1356 762
1956 503
1191 758
1065 354
1732 649
927 331
2408 751
3503 990
1789 761
1591 596
1523 629
2705 792
764 331
1780 523
2529 635
1852 790
3201 991
659 330
1700 857
1159 450
888 415
1273 706
1937 719
1810 596
1265 819
1819 887
2291 992
1140 349
1979 999
2589 925
1104 538
1365 550
1844 832
2105 938
2155 684
1191 513
2519 828
535 330
1813 832
1490 346
2216 969
1206 792
2123 925
2354 850
2411 892
2151 925
2546 852
2236 824
1011 653
2007 841
1852 730
1380 653
1957 759
2448 800
638 330
956 405
719 330
831 330
1680 722
1265 888
1581 615
477 330
1964 805
1315 896
1210 562
1856 772
2195 665
688 356
1579 770
826 330
2215 957
1505 859
2108 925
1736 850
3254 925
1562 713
1565 489
2078 925
2158 872
2825 846
1211 859
2339 933
2417 944
2395 991
585 330
1705 954
2669 927
1545 368
1514 445
1644 552
2717 758
1697 437
2051 876
1982 993
1883 973
2232 807
1469 885
1591 597
1351 657
1759 401
2520 977
1728 883
1185 428
1774 998
1710 691
1597 589
1508 622
1967 484
1407 888
1327 550
2045 946
3125 965
1489 765
1170 834
1465 397
1307 622
2090 781
1134 330
2757 986
1829 467
3343 929
1253 917
707 330
2727 915
1848 918
1790 888
1797 709
2052 846
1832 854
1061 478
1670 686
968 383
1583 820
2587 940
1839 608
1767 764
1686 697
2502 878
2029 910
1940 956
1679 701
2957 928
1247 395
1067 503
2327 885
1766 881
1254 722
3655 917
1900 561
1054 330
1436 499
1996 633
2086 685
2026 833
2064 789
1802 580
2121 928
1514 627
2160 751
2154 938
1225 344
1616 806
3000 871
1357 748
1058 415
1909 915
1147 491
2558 533
1408 850
805 358
895 330
1854 867
1961 918
2453 764
2531 685
1697 762
2745 766
1343 800
2098 599
2147 679
996 571
2816 991
2357 732
2432 512
1551 414
613 330
1832 805
1413 626
973 437
1021 404
1711 626
1982 890
1655 893
1693 493
1261 534
1801 921
3272 888
2307 664
1381 434
1245 354
2185 891
1584 445
1309 364
2174 484
1653 697
1901 597
1474 406
2525 857
1317 747
2429 924
1054 388
3148 965
1470 998
1996 983
2694 791
1594 681
3732 957
1597 485
2515 654
1637 658
1759 874
2933 910
2170 811
1923 475
2341 892
1401 894
1966 762
946 385
1537 559
1221 507
2434 957
789 330
970 331
1181 440
1811 772
3087 946
1499 893
1323 564
1914 732
2057 977
998 571
1327 681
523 330
2574 917
1992 673
1684 807
1262 505
1148 759
2259 678
1574 811
938 385
2023 752
1515 635
923 335
1529 679
957 356
1173 371
2297 484
1818 847
1884 827
1203 404
2527 978
1680 940
2439 795
1108 676
1889 620
2199 983
1833 796
631 330
1348 468
657 330
1343 755
2514 757
1808 545
1490 485
2217 946
1156 694
2901 863
1324 578
1033 470
581 330
2824 1000
547 330
2332 983
3014 901
1956 739
1233 796
2040 663
1805 811
1652 739
2287 484
927 358
1913 750
2124 864
2652 900
1638 600
1245 521
2523 912
1530 577
2777 834
1028 505
3256 899
1043 564
2638 986
2952 794
2780 876
1009 391
2219 912
3096 927
664 330
1251 550
1695 892
2552 957
545 330
1385 953
1758 774
1827 626
1072 477
1228 331
2173 918
690 330
994 397
2260 699
2672 906
1164 495
2748 757
945 330
2134 803
2380 694
1737 759
2564 837
1776 628
1468 330
2117 934
3626 979
847 330
1222 430
530 330
1750 784
1006 449
1699 622
2570 965
810 330
1980 846
2071 798
1431 641
1881 792
767 330
1576 967
1891 716
802 330
2460 990
1938 901
1084 507
578 330
823 388
2765 925
835 414
2255 929
1463 571
1230 607
1497 463
1418 498
2647 750
1491 882
1435 533
1890 932
2336 932
2282 996
1515 845
1453 839
1114 635
1674 541
1544 896
675 330
2516 754
1849 581
1825 842
1849 852
1141 560
2508 662
1433 902
1818 747
2929 979
2324 934
1504 932
1617 680
1814 790
1394 729
1341 330
1946 953
2503 684
1625 641
2915 969
1779 825
2098 754
1390 887
1123 385
1423 959
3221 950
1974 932
2030 876
1519 752
2885 925
2740 878
1666 862
1299 572
1632 538
2491 837
883 369
1662 833
1465 570
1057 371
1984 992
2249 758
2546 947
1671 566
2157 994
1345 517
1137 330
1600 616
2790 938
1998 901
2020 918
1155 440
867 368
1377 887
1410 585
1240 477
1462 633
2245 818
2662 916
1163 633
1951 915
988 612
1130 436
868 404
2256 766
1599 784
580 330
2099 909
1468 697
3669 980
492 330
1264 760
2840 837
1114 336
2548 988
1759 820
1781 703
1036 493
1768 751
1718 893
898 330
2787 863
1654 761
1417 516
1769 756
1858 828
2174 847
2493 862
2835 927
1426 991
2498 770
2389 992
1630 719
1628 642
2645 998
1371 837
2121 953
1766 488
2051 484
1112 418
2235 791
2137 728
1223 891
1504 789
2248 791
2148 512
2388 789
2566 762
1812 727
1723 645
1720 628
1512 586
1591 688
853 409
3028 979
1956 724
2776 879
1108 385
2274 994
1556 330
901 460
2094 854
1407 680
2749 996
1597 631
2055 772
2320 791
1171 549
1877 983
2266 863
846 453
2429 972
1512 330
1289 582
968 447
2002 910
1170 346
1962 836
1028 633
1376 730
2392 796
2544 890
1505 649
2988 984
1303 697
3020 944
1654 803
1609 836
1566 816
1104 330
2255 925
2114 941
915 330
1298 748
2599 834
1265 772
1670 388
966 513
691 330
1593 991
1247 381
2026 984
2429 854
3012 927
2013 805
3175 948
1847 614
1253 892
1733 631
1378 625
1178 573
2041 701
1706 781
1791 688
1510 722
1272 330
1152 485
1406 922
1990 925
1420 561
2263 802
920 356
1954 809
1028 432
2006 530
1026 330
1873 498
1976 864
1432 818
1590 633
1337 943
1500 872
1665 947
2095 639
2051 842
1278 520
2590 954
1293 637
3111 912
1141 388
1993 891
3090 917
2201 593
1242 523
2498 967
3001 863
1024 346
1380 900
1510 964
1421 916
750 330
869 339
801 330
1665 760
2684 733
2541 863
826 330
2013 762
1899 962
1977 942
2038 718
1292 637
1887 847
1759 962
1501 397
2033 724
2744 965
2815 890
1661 495
1133 549
3039 932
2397 953
967 386
1109 577
2465 886
1308 515
1586 993
1203 626
1516 584
1130 562
2334 730
3039 965
1993 971
1806 801
2426 735
794 330
2778 886
1377 628
807 337
2900 778
1095 523
2963 979
2271 772
2230 644
1205 482
1745 766
604 330
1298 398
1538 891
1371 991
2580 917
896 331
1082 330
2110 872
1833 892
1070 569
2418 847
1063 406
1617 872
1563 991
988 393
1687 723
1691 772
1514 748
798 330
2731 916
1670 762
1304 393
370 330
1241 553
2100 970
1428 636
1476 635
2760 761
2260 863
1770 793
3080 965
1161 597
2459 663
2152 872
2215 892
1823 968
2066 750
1346 463
2064 962
1555 908
1857 880
1882 681
2264 879
1481 916
1546 804
1558 901
2410 841
1558 538
1973 483
1522 530
715 330
2334 750
1824 969
1402 918
1306 759
1235 364
1854 649
1754 460
1423 819
811 330
2188 808
1806 640
1884 814
1709 872
1583 817
1859 571
2041 677
1643 395
2146 954
1471 836
3046 999
2619 997
1259 440
2409 910
1641 777
1296 751
1715 879
1277 397
1354 614
808 330
1864 833
2336 752
1815 489
3164 938
1531 700
1517 445
1502 925
1207 738
1002 564
1507 825
1296 758
1217 436
2779 512
2084 758
3347 733
2932 886
1914 732
1593 929
2430 881
1131 330
2006 758
927 330
892 331
2249 950
1705 735
1563 581
1721 891
2027 972
2324 912
2024 757
2018 571
1343 508
1245 837
1601 840
2456 908
1424 881
1944 942
1393 803
1144 764
2274 789
1443 684
1653 820
3267 946
1027 330
1914 633
1174 447
2132 882
1531 921
1490 496
2548 892
1480 907
2228 789
2648 983
1327 500
1978 837
1598 482
1180 750
2900 900
759 330
1100 431
1468 965
1809 650
2083 811
3046 800
1979 575
2332 885
2718 780
2123 957
1625 611
2280 857
2080 701
1715 953
948 495
1199 784
1798 842
2345 549
1641 363
1594 817
1883 631
945 466
2246 832
1312 840
2681 925
1863 673
2465 762
1144 607
2359 997
1412 817
2108 680
1396 811
1799 803
2264 837
1432 499
1833 512
2145 919
1933 863
438 330
2115 890
1839 622
1993 572
1774 478
562 330
1169 395
2290 735
823 330
1995 857
2766 994
2236 759
1493 583
2326 818
2336 882
2002 713
1804 864
1676 963
1503 389
1562 716
1394 516
1832 797
2805 927
1322 659
946 429
2282 998
2811 807
1810 659
2420 969
745 330
561 330
1472 833
1394 662
1032 330
709 330
1175 330
1158 558
3349 867
1778 842
1459 789
1924 805
1166 447
2020 876
1034 635
1692 631
3231 983
1514 663
1804 667
1158 617
2285 881
2324 795
2427 976
1621 652
1610 837
2331 751
1200 566
2078 751
2442 798
2798 797
1402 932
2097 912
1928 718
1468 811
2028 654
3026 870
3251 900
1791 715
1112 496
1614 899
1837 769
2159 969
3038 863
1421 571
2029 923
1939 881
1942 673
1489 894
3314 888
778 330
1321 491
1641 977
477 330
1175 498
670 330
1899 647
1064 335
1025 372
1370 969
2353 828
1704 738
1631 796
1805 840
1192 349
2095 814
1868 784
1280 485
1343 507
1502 477
849 330
1163 635
1896 791
1624 475
1842 947
2329 842
3003 971
1997 752
2289 969
1282 687
2233 706
1972 943
1118 678
3124 772
1350 393
1232 568
1569 862
1581 765
3331 851
1324 806
3054 994
1520 538
1877 629
2154 923
1998 685
1099 566
1180 330
1531 470
2237 907
2206 764
1418 952
1383 781
1207 442
2244 990
1714 713
2390 719
1691 797
1749 890
1220 360
1284 364
1521 488
3224 938
883 491
1676 684
1306 833
829 383
2136 751
2432 823
2042 866
1520 550
1257 858
647 330
1689 376
1125 414
1888 874
1447 882
1385 450
1379 969
1720 671
1789 649
2124 834
1995 876
1427 439
2579 733
1947 467
996 412
1622 746
2112 902
1110 416
2488 969
1323 495
1360 930
2782 929
1577 607
2275 918
1188 753
1981 922
2620 925
2390 991
1570 983
1214 685
1121 330
2429 648
2192 760
1589 611
1257 330
2953 927
859 410
1382 477
1101 666
1202 516
1664 762
3071 998
1406 787
1874 915
4285 991
1577 659
1823 997
1678 622
1820 969
2387 874
1283 516
2545 927
1415 898
2333 626
2386 983
2848 924
1713 635
1524 890
1851 772
1889 706
1737 918
1217 356
1829 832
2152 983
1620 738
2755 746
2522 942
2075 956
2054 909
2504 781
1812 604
1509 758
1314 389
1245 467
1686 383
2582 892
1847 859
1727 797
1149 751
2572 811
1888 631
1363 932
2273 957
2630 732
1604 772
2176 999
2986 916
1838 811
2741 663
1638 922
2045 988
2047 899
1029 493
1904 772
1770 938
1969 892
1342 777
1929 934
843 330
1637 888
1480 440
2106 635
2206 715
1183 752
1496 992
1443 862
2381 970
970 537
2021 818
1783 885
1722 738
1671 434
1717 643
1768 758
866 352
2128 969
1788 811
1768 626
710 330
1667 685
2306 885
1776 908
2722 990
1870 915
1989 975
2336 892
1879 841
1196 421
1382 909
1169 568
1266 330
2213 970
604 330
1477 577
1800 843
1999 888
2384 959
1334 397
1781 802
1819 872
1222 336
3091 694
3123 922
1471 477
1236 837
1376 463
2757 970
609 330
1697 944
2228 876
727 351
1210 803
1774 738
798 410
1668 891
2665 797
1240 354
2244 950
1092 605
1635 819
1933 512
2149 943
1952 746
3126 836
1991 806
2771 772
2152 900
1813 634
3103 876
1660 777
1507 543
2006 774
994 491
2320 908
2075 908
835 376
1023 330
1297 437
2280 927
913 467
2112 892
1352 772
2489 587
1193 617
1485 628
1709 993
1575 595
1884 757
1571 482
830 405
1391 956
2119 832
1502 735
1144 569
1979 622
1696 639
3526 986
1370 639
2083 933
1030 607
1426 598
1090 627
1198 414
862 497
937 528
764 330
3205 916
1869 770
1572 600
1624 977
2205 973
1911 758
1275 569
3079 831
1543 389
2272 977
2675 947
1463 729
2672 647
1831 654
1704 626
1741 988
1464 475
966 330
1824 919
1593 872
828 330
2143 944
1350 891
1988 862
1512 947
1443 634
2340 758
2007 885
1468 611
2330 922
2036 868
3014 979
1308 515
2267 772
2498 728
2149 808
2425 606
2682 827
1108 419
770 330
2765 814
1082 624
1640 713
3566 916
2052 811
2487 901
2237 839
1963 563
1446 793
2830 967
1673 569
1584 572
1472 423
806 806
1939 617
904 552
1732 909
1810 793
1975 812
1192 469
1305 784
955 505
2378 916
2224 992
1059 666
1033 330
2036 988
1806 581
832 330
1318 657
1086 434
1934 877
1290 762
1774 969
1770 732
1635 589
1444 837
817 330
2059 973
1420 385
1951 883
1942 852
2248 832
2172 809
2117 893
1762 834
2083 733
1650 623
1690 623
2041 963
1373 537
1762 803
1889 797
1910 940
888 428
3131 956
1659 946
2478 811
2257 531
3649 878
2103 847
1571 512
2222 827
1167 602
2310 997
1673 836
2273 649
1213 340
1419 510
733 330
1828 597
3518 780
1225 837
2691 879
2263 979
1200 519
1971 891
2019 663
1831 899
2736 863
1312 573
760 330
1638 846
1314 836
1031 523
1404 797
1039 463
1632 715
1647 865
692 330
1787 859
2443 701
1899 668
963 590
3483 946
870 390
1284 617
1601 688
1456 918
2071 894
2211 803
1346 369
1008 412
1756 796
657 330
1453 925
2656 793
532 330
616 330
1975 532
2613 831
1611 923
2053 887
1718 756
1706 537
2616 908
724 330
2835 870
3358 950
1370 834
1925 783
1649 697
1307 568
3133 837
896 388
590 330
1951 863
2238 900
1297 519
2483 762
1963 925
907 379
713 330
2362 673
1662 359
1414 993
973 513
1405 932
2091 915
888 330
2664 859
1864 795
1801 909
1690 589
2361 909
2133 648
1230 792
2586 833
1727 957
1901 572
1673 547
1281 572
2248 633
2158 673
1979 841
1936 807
2719 789
1356 829
952 414
847 356
2564 968
669 330
952 517
970 490
3489 898
1233 520
1358 918
957 470
1242 879
1203 452
1795 733
855 330
2161 840
2512 663
2885 973
1360 690
2097 850
1565 526
1415 811
1788 828
1445 789
721 330
2155 946
1794 637
2606 921
2564 728
1492 802
1094 402
1326 942
1159 564
1119 388
1779 918
1384 922
1537 586
2016 777
2275 637
753 330
1396 578
1206 803
1534 436
1487 952
1435 898
1101 568
1582 520
1549 532
1336 568
1413 610
730 330
1778 789
2350 619
2283 791
2437 824
1512 791
1095 330
599 330
2498 993
2208 982
2022 718
2876 751
510 330
869 331
1864 759
1009 429
1935 577
1473 946
2091 990
1726 478
2362 676
1613 463
2909 968
1448 588
1867 834
1443 611
1235 899
1232 758
2515 837
2074 688
1903 925
2107 677
1789 635
1591 930
3314 957
2416 880
975 330
2600 890
2156 628
1658 796
1679 679
1523 847
2389 876
1915 842
985 455
1631 865
1232 618
2270 833
1269 814
3765 969
1874 758
1652 803
1985 837
2161 870
2796 871
1832 908
839 351
1610 823
1387 676
1965 996
1812 854
1601 586
1400 793
1481 642
2492 932
1510 597
602 330
1391 796
2589 950
919 330
1504 446
1989 691
1615 550
1309 680
3155 999
1145 526
1807 697
1037 397
2767 901
1546 540
1165 628
1163 517
868 330
2157 990
2571 791
2368 721
951 499
582 330
1651 860
1026 330
2067 865
1277 713
1819 790
2189 885
1314 552
1301 648
1915 826
1468 874
1845 648
1489 430
1973 673
2306 867
650 330
977 588
2300 817
1164 358
2134 800
2661 545
1836 560
1687 840
1752 890
2458 906
952 562
1014 577
1380 523
1725 833
1322 414
2291 772
1970 721
2323 955
1023 392
1420 910
3015 979
1879 940
1232 490
1353 723
3124 963
1852 790
1232 588
1231 697
1175 330
1679 942
1455 612
2964 863
1641 716
1965 867
1566 362
1579 607
1211 741
1179 641
1716 463
2118 952
2157 859
3422 919
1460 619
1773 715
2101 800
1402 864
1612 798
927 532
2329 885
1944 977
1852 638
1797 727
3449 834
1696 401
1065 516
1231 385
1819 649
912 388
2954 927
1022 540
3109 837
1338 876
1755 915
1030 330
1159 510
2013 925
2018 971
1048 553
1843 964
900 564
1984 803
1445 865
2634 938
1637 924
827 330
1259 393
1643 976
2514 854
1643 604
1062 636
2243 983
1552 477
1523 809
1677 824
1074 389
981 505
2925 990
1226 537
1193 634
2040 491
1535 874
1533 731
2412 942
2083 794
1010 398
1712 600
1576 340
1430 463
2136 841
1962 700
2854 997
1721 688
2384 732
2041 694
1855 847
1581 666
2273 772
1117 570
2249 783
2596 834
888 330
1150 633
504 330
2180 957
1998 718
2183 538
2455 808
1948 977
2497 916
780 354
1882 828
1338 532
892 465
2366 983
1450 921
1688 680
1726 828
1400 406
1672 881
2476 950
1689 701
3522 979
1396 922
2943 863
1872 938
1588 580
1119 463
2280 892
1511 881
1631 872
2351 943
2201 618
861 485
613 330
2059 867
2166 978
1674 752
916 330
2022 789
2022 942
2330 909
1794 811
3151 743
1888 869
2400 899
1438 411
1739 637
1372 673
2420 858
1765 990
657 586
2807 484
736 330
643 330
1758 703
3193 997
1569 579
1288 550
1829 851
1311 837
1557 804
2027 927
1459 626
936 369
1639 761
1654 932
2734 968
1878 803
1410 534
2059 697
1952 811
1180 485
852 431
2380 860
1405 474
1038 431
2506 899
1037 428
2021 841
1895 642
2457 789
1821 847
1646 645
2089 806
962 383
1521 592
2196 663
1542 701
2081 919
2809 778
2594 837
1111 726
2319 808
924 469
1806 921
2130 941
1564 700
1505 637
1448 606
2475 865
1165 833
1335 817
2546 997
1873 879
2470 976
1669 807
756 330
1824 756
1556 947
1573 860
1769 463
1949 498
2197 950
1684 917
2428 916
2243 762
3078 940
1409 658
849 330
2233 783
1585 818
1095 384
1616 796
2142 783
1667 847
2676 733
768 330
1084 347
1484 604
1350 563
2635 733
1971 924
2183 916
2537 688
1401 806
2377 762
3009 762
1205 557
2296 941
1686 722
1988 758
1962 924
1241 463
2394 938
2629 812
590 330
1785 663
1301 662
1493 534
1426 568
1460 673
1779 955
893 334
1599 703
1320 713
1857 823
2527 790
1582 896
3021 947
1941 863
1217 384
3738 967
1998 940
1495 513
1806 991
2700 950
2061 972
1443 837
2276 872
858 330
1198 583
2917 969
1659 790
1974 796
2190 648
2417 868
1649 909
1271 607
720 330
1318 330
1135 617
1585 467
2375 999
1049 393
1615 796
1256 609
1991 708
2330 721
804 330
1195 549
1054 489
1250 635
2717 834
2678 688
1970 817
1635 799
2972 942
1377 572
1946 688
2953 999
795 366
1157 367
1607 929
1985 955
1162 368
2205 863
1949 753
2014 837
1395 564
1018 379
1797 532
1407 344
1240 458
1881 752
2215 859
655 330
1412 389
1532 741
552 330
1179 460
2707 908
1905 699
2296 769
1891 973
1841 888
2102 982
1272 565
1722 932
2173 832
754 355
1022 597
1516 908
2142 640
2140 915
1924 927
1393 615
1561 738
1850 817
1820 992
1377 545
1687 839
1980 861
929 330
2877 922
1911 991
3251 797
2048 803
2382 688
2308 670
556 330
1512 812
1867 806
1627 663
1590 790
2208 608
1524 718
1711 818
2479 988
2607 923
2150 774
1606 419
2169 934
2406 616
2327 942
677 330
740 330
2593 988
2268 916
1447 819
1804 902
1535 839
1511 512
2308 956
3107 901
1755 828
1960 515
3102 837
2731 790
2520 968
747 330
2097 738
2262 968
2015 817
1921 633
1537 697
2412 807
2406 874
938 414
2718 806
3165 983
1921 608
1779 932
2727 976
2817 924
1552 530
623 330
1394 772
1237 330
2433 866
2108 915
1205 758
1579 606
995 377
2528 934
2144 701
2749 485
995 633
1337 440
876 338
2365 979
2018 929
1469 683
1441 381
2133 890
2319 886
1055 368
1604 639
3124 990
1188 541
2977 900
1385 959
1524 681
1091 496
1560 631
996 381
598 330
2069 909
1591 619
2662 879
1062 474
1393 577
1630 758
2432 823
2481 915
1707 887
1845 765
8 8
2410 836
2115 527
2947 786
2270 877
1985 477
1748 633
1226 346
1844 893
1615 809
2065 871
1390 701
1124 330
1516 850
1511 612
2588 760
3517 877
2106 796
1263 564
2394 902
1527 955
2220 644
1850 718
1276 752
1519 849
2287 834
1246 510
2042 718
1591 913
1428 569
2097 781
1806 789
1440 817
2015 879
2122 957
2481 783
3796 946
1244 533
1161 600
1272 755
1359 611
2526 934
1325 521
1014 467
1205 662
446 330
1459 585
652 330
2481 915
1691 481
671 330
2153 896
2565 963
1732 690
1659 940
1440 571
2009 727
1793 803
1148 796
1548 506
850 355
2235 941
1403 839
2596 982
1850 547
730 330
1213 446
2560 863
1578 753
2790 918
2562 772
1412 941
1418 575
1392 527
1107 482
988 537
2262 959
1496 814
1728 490
2018 753
1087 537
1657 619
2166 770
1766 731
2016 728
2400 932
1921 894
1428 762
1511 385
2959 925
2216 993
2969 863
2023 680
1450 600
1633 436
1900 942
1451 418
1683 748
3057 944
1265 541
1854 806
367 330
1818 881
2241 793
2319 783
2391 944
1986 679
1913 622
1460 817
1713 990
2994 900
2314 969
1828 969
3001 915
1480 973
1423 520
2102 879
2081 635
886 336
1213 491
1639 538
1960 993
2636 915
2733 908
2194 757
1992 932
2110 385
1259 654
809 457
2006 944
3773 979
1502 863
2251 891
1960 872
2356 854
1771 817
1311 428
1504 482
1633 842
2237 839
2060 962
1955 719
584 330
1414 857
2138 979
2596 718
1827 781
917 371
964 460
1408 569
1174 753
2880 916
1519 885
1745 996
2359 765
1339 693
1183 628
1403 593
1545 532
2614 927
830 338
930 330
2545 824
1146 566
1929 872
2135 957
1902 929
2522 796
1862 983
2038 677
862 464
1697 667
1455 463
1791 755
1975 892
2014 577
1694 414
3077 941
2668 849
2382 887
1279 670
2585 913
1069 425
1803 598
1824 900
728 330
2448 848
3160 953
2439 912
2656 832
1074 611
1105 434
1355 612
1737 770
1849 784
1978 907
1201 738
2478 648
1992 730
1818 713
1914 922
1752 549
2131 854
882 330
634 634
2264 890
2495 863
1139 453
1057 410
1560 542
2258 614
2572 886
2439 553
2208 736
875 339
1709 960
2095 923
1758 955
1421 823
2971 783
1258 564
1248 765
1884 977
2299 850
1636 489
1955 872
971 330
1055 622
1218 559
1658 976
2251 651
2435 894
1998 872
516 330
2433 834
1198 647
1007 330
2460 841
672 330
3130 901
1490 932
1053 434
945 330
1908 503
2335 666
2150 796
1737 864
836 330
1253 678
1999 964
2657 837
2217 915
1076 330
878 427
1622 803
1243 627
1515 997
1880 597
1047 562
2374 976
1954 589
562 330
1954 644
3711 991
1116 485
1818 862
1234 634
2553 969
764 330
1527 706
1250 434
1837 735
1717 840
1469 596
1231 472
1849 934
2051 854
1870 864
1796 639
1405 612
1679 629
2285 648
2324 715
1719 482
1786 784
1857 850
2171 855
1622 614
1105 513
1843 711
1553 600
3105 900
833 348
1300 942
2680 837
1649 996
966 378
2616 953
2406 772
2167 929
1519 482
3171 956
1821 612
2055 976
1718 811
1576 955
1979 801
1263 455
1938 803
3173 957
2463 774
2035 796
1501 833
708 330
2562 952
1155 572
1703 520
1470 531
1335 637
1437 614
1633 531
535 330
1053 526
1504 921
1318 662
1868 913
1620 700
1018 373
1268 641
1910 918
2363 910
1435 667
1748 455
1721 801
1251 857
900 360
1860 921
1558 635
2165 928
2266 783
732 330
2415 947
2279 842
2702 545
1743 803
1313 512
1354 758
1721 617
2033 635
1693 797
1442 969
2356 942
1656 888
931 381
1162 540
2234 859
2668 485
1773 421
849 491
1465 869
1660 735
2179 981
1257 415
1909 639
2042 940
1732 714
552 330
1204 566
1745 516
1493 381
1866 809
749 373
1632 453
1598 443
1784 502
646 330
1427 611
2930 906
1504 701
1834 842
1023 330
1944 1000
2603 837
709 330
1463 671
1174 362
1388 634
1289 819
1534 550
1758 930
1213 639
1012 421
2746 921
1423 729
826 384
1899 791
2719 796
1405 997
1667 884
1259 577
1628 572
724 330
1291 828
1370 631
2293 893
1554 890
1472 711
2786 774
1571 726
2697 985
1044 711
1971 834
1754 973
2542 865
1060 406
1754 727
2520 922
1519 647
1464 577
2253 991
1851 753
1663 637
2019 604
2075 991
1738 879
1424 750
1818 950
1735 857
1216 542
1237 597
2413 827
1791 988
1035 532
1622 804
1854 947
1587 796
2638 736
632 330
1745 612
1956 626
591 591
1935 892
1563 916
2179 718
1622 562
2315 930
2055 977
2037 969
2638 946
1249 532
843 391
1201 624
1401 628
1581 882
1122 628
1026 495
3146 959
1649 817
2939 872
1715 964
1101 648
2189 944
3042 982
1444 941
1053 437
1575 629
1681 727
1485 729
1496 510
1371 946
724 330
1493 571
954 330
2335 950
1417 946
2970 834
1255 388
1653 843
2359 874
1853 690
894 562
1121 343
3135 906
2002 597
1973 739
1639 657
2113 796
1935 727
757 368
1675 611
1323 913
1303 864
1792 675
2264 834
2608 906
2010 582
2533 976
2977 828
2569 789
1731 820
613 330
1100 723
713 379
2107 898
1945 923
2274 758
1931 626
947 407
2027 790
1306 864
2014 797
1438 550
1625 666
1104 697
2137 847
902 330
1089 571
1328 348
777 350
3139 957
1690 946
676 338
2501 894
1563 814
2279 754
1093 397
2147 824
1703 628
1528 918
2977 973
1979 925
1900 750
1147 530
1874 796
1414 849
2344 908
3188 969
2200 934
1895 803
1685 591
1592 955
977 597
2119 993
2613 754
1989 727
1581 463
1295 502
1278 643
1965 863
2602 876
1014 629
1214 765
2245 512
1337 772
2541 908
2359 887
2558 863
2493 957
1632 942
2318 892
1787 841
536 330
2852 925
929 393
2185 890
2212 818
1112 569
1906 658
952 330
1694 900
2365 996
2016 732
2735 922
2131 863
1968 831
800 416
878 330
3060 965
1615 585
1029 467
1944 586
1798 834
1127 445
787 330
709 330
3641 795
1563 420
1062 330
1055 397
1558 826
1991 818
1844 748
1861 999
2721 921
1610 354
2207 918
921 330
1420 697
1195 685
1349 346
1386 991
1401 565
1578 955
1717 880
1900 977
1362 836
1090 549
2614 762
1741 839
2324 955
1097 581
954 445
1487 635
3000 969
1403 437
2028 912
2669 851
2446 797
480 330
1831 920
1878 912
1718 921
1846 790
1014 354
2301 891
1702 739
2177 750
1748 713
2339 752
1141 411
1698 635
1388 694
2462 899
1462 433
1483 784
1367 932
1790 658
1327 680
1571 915
1359 792
1844 837
1389 946
1675 372
1178 385
1591 580
3068 854
1093 619
2289 834
2766 836
1645 595
1754 666
1753 930
1551 768
2285 924
2509 818
1866 772
1977 818
1354 924
2441 850
2008 983
2352 818
1937 969
1338 723
1567 790
1850 765
764 371
1997 934
2403 679
1275 676
913 330
1759 802
1442 545
1600 836
2513 994
2162 728
2439 751
1718 445
1536 940
2642 983
1242 673
1746 756
1639 973
2451 981
2115 569
1472 770
1243 709
1634 946
1906 483
1858 851
1850 818
1309 528
2516 956
1346 913
497 330
2069 697
2466 759
1354 923
2345 913
2219 851
2108 512
2370 848
1088 390
1361 470
2211 764
2590 684
1583 917
896 505
2075 828
2779 803
1553 947
1510 513
1466 772
2022 915
809 330
1929 764
3667 957
917 917
1580 636
802 330
1660 681
797 330
1496 623
1191 463
1865 790
2547 585
661 330
1693 718
2293 959
2852 888
1709 952
1868 729
1179 662
1624 916
1837 858
1493 721
2027 880
1565 850
1656 477
1364 406
1899 622
1262 666
1290 602
1381 397
1204 569
1704 855
2147 750
979 330
1346 684
1938 701
2059 735
2275 832
794 330
1164 442
1629 532
1708 881
3159 766
1197 356
1868 828
2259 828
2148 846
1020 356
2042 688
1316 751
2441 751
2053 894
973 455
2108 934
1958 680
664 330
1081 641
1942 997
1707 955
1315 515
1644 750
2064 741
1489 472
1758 677
1772 839
2380 969
2055 809
3023 797
2456 857
972 432
1834 863
902 569
1451 784
1368 534
2024 892
2193 915
2934 859
1287 495
2253 690
2497 857
1506 863
3525 957
2359 793
1772 666
2031 807
2073 955
2532 930
3174 909
969 607
1576 555
1142 460
1068 617
3173 798
1836 908
1177 516
2242 774
2772 747
1394 837
1960 837
1467 500
1352 558
2556 986
1293 437
2558 670
2941 916
862 330
2481 751
1401 610
1221 330
2583 818
1489 657
1159 330
1437 533
1010 358
1947 700
551 330
2100 833
1862 491
1666 752
2011 814
1981 967
1098 490
1366 592
832 493
2426 890
1408 540
1956 970
1562 755
2526 784
2132 490
1181 607
2776 827
1503 969
1983 599
2534 733
1475 880
947 330
1495 927
2443 981
2225 732
2243 956
630 330
948 384
1099 347
1146 412
1770 617
1932 793
3686 994
1739 811
1759 648
1685 908
849 421
1914 774
1476 536
1941 947
1620 956
1140 495
2463 923
1329 697
1579 595
2373 863
1423 808
1687 615
1761 927
1116 643
1827 649
2222 863
1721 694
2183 690
1050 330
1504 417
962 445
1873 814
787 330
2789 976
2388 750
1648 738
1150 566
1780 818
1175 413
2350 752
1967 968
1231 354
1550 718
961 526
1460 392
2434 946
1173 407
2425 866
1274 820
1761 803
2414 982
1141 460
2421 796
980 618
889 359
2866 804
2845 967
1228 609
2012 853
1273 505
2148 918
881 418
1112 330
840 398
978 330
1499 430
1645 796
1633 925
1141 572
2096 887
1444 601
1662 953
2657 983
936 330
1495 593
2442 928
1905 784
2576 784
1259 395
1499 363
1059 449
1379 516
2510 758
2847 916
1804 562
1130 392
1227 540
3748 900
1767 814
1229 463
1126 414
1140 360
2116 868
2017 811
1621 854
364 330
1559 538
1486 796
2327 928
2347 718
1216 584
855 330
1127 762
2383 798
2551 831
897 517
2216 719
1279 752
813 376
1629 851
2044 952
1542 874
2254 956
1918 663
1585 818
3115 917
1840 721
2354 796
1477 732
1896 837
1933 888
1262 635
1810 727
525 330
2306 983
563 330
1597 930
1971 638
1765 714
2062 631
1163 466
1797 803
2354 876
2389 916
1098 493
1872 715
987 612
3180 957
1851 854
2449 728
1766 952
1021 383
1363 385
1028 367
2135 929
2346 885
2319 886
1418 549
1017 427
1537 890
1756 920
1652 680
2383 879
1255 470
2089 718
2894 922
2125 999
1634 863
1510 354
1802 908
1285 478
1890 617
1675 703
1891 991
1067 562
2250 648
1576 667
1830 979
1994 811
1821 811
1528 677
2391 925
2168 834
2744 985
636 330
2236 663
992 368
2435 925
2168 901
1769 777
1928 946
1139 415
1832 506
1189 439
1851 685
3055 965
1425 715
1369 819
1591 417
1748 561
1001 500
1923 538
1053 467
1535 819
660 330
1183 330
1567 491
717 330
1301 414
1070 643
1037 535
2287 784
1863 866
2479 909
2274 784
1967 582
2632 982
1767 685
1255 441
1950 827
1975 577
1572 812
2384 969
1428 458
1267 525
2532 757
1051 330
2412 900
2047 969
1225 405
1044 330
2864 878
1652 485
1177 603
1413 533
1620 637
2040 863
1684 697
2237 739
1518 697
1688 607
1747 626
2003 681
1789 385
1236 522
1331 741
2572 834
890 330
1102 368
1463 623
873 429
1399 735
906 334
641 330
802 330
1883 863
1994 859
1590 758
2154 637
3198 863
1364 573
1971 900
3456 980
1889 790
1816 844
1419 488
1407 826
1668 892
1833 564
2870 863
1259 796
2773 932
1333 647
1670 397
1860 827
1656 983
1896 865
1078 662
1722 894
571 330
1545 562
2690 944
1878 896
1356 963
1844 852
1570 397
2103 910
2014 868
2619 866
1637 700
2821 789
1458 927
1870 597
2378 851
2247 684
1467 579
1149 331
2294 847
1302 839
1789 743
1533 723
1746 658
1871 929
764 391
2569 758
1664 940
1314 828
2381 840
712 330
2202 833
1480 996
1224 330
849 330
1586 770
1396 577
1793 694
1117 477
2338 854
1734 834
1277 507
1196 816
1316 808
947 495
1669 872
1647 739
2303 733
1526 565
1975 715
1011 569
1895 957
1813 758
1060 335
1237 697
1824 747
2717 952
1752 691
2109 954
1918 657
1732 837
1915 746
1917 762
1869 789
2010 1000
2164 706
1939 817
1308 477
1512 641
1149 538
1768 765
1332 654
829 330
1327 729
1090 330
969 555
2013 453
2887 572
3253 870
2973 997
2130 906
1740 571
1392 537
1317 541
2800 912
1602 916
1748 811
2831 977
822 447
1365 806
2900 888
1958 862
1383 377
1391 753
1302 842
2065 784
2879 599
2278 806
1846 588
801 330
2209 947
1516 587
2498 872
1152 330
978 330
1471 961
2361 941
1126 723
4164 917
1346 764
2741 877
1636 809
1335 679
1209 617
2329 680
1888 642
653 330
1577 708
1088 330
1793 793
1431 626
2181 938
1186 568
1545 605
2392 512
1386 946
1855 925
1861 891
974 356
2875 999
1801 667
2179 929
1392 888
2212 631
3246 871
1830 871
828 354
2078 825
1885 597
2213 922
2499 997
1057 455
1610 542
1474 817
2761 882
2140 957
1365 790
1606 636
852 330
2305 733
2918 732
2830 956
1699 571
928 455
1413 604
1752 896
2044 634
1121 463
2026 718
1364 436
1963 917
2122 900
2653 894
2121 921
1127 330
1279 779
1376 467
1944 697
1593 549
1151 445
1772 850
1936 484
1424 843
1546 924
1547 472
1440 363
1199 588
1700 723
1768 888
2968 946
2038 601
638 330
1615 869
2068 629
1760 797
958 330
956 386
522 330
1655 571
1727 679
2048 599
853 432
2956 927
1341 385
1676 894
914 485
2529 984
1050 647
1402 645
2154 881
2112 892
632 330
1168 495
1891 769
3156 876
2946 915
1354 531
2022 731
1354 694
1399 992
1656 746
1540 756
1620 520
1635 681
1704 969
1974 969
1684 650
1643 727
2473 894
1489 385
2813 863
2236 925
894 463
2137 990
2385 593
1543 617
2787 713
2629 890
1504 765
2214 970
526 330
1873 832
764 348
3065 965
2779 953
1585 968
2353 837
1692 635
1485 772
1144 626
2356 796
1436 503
1391 997
1639 978
905 557
2058 876
2062 970
1225 892
2916 979
1324 790
1546 768
1111 568
915 375
1565 572
2179 941
1060 627
613 330
918 491
2780 732
2032 834
2206 814
1775 918
2901 932
2338 874
1560 781
1451 834
1076 379
2369 898
1951 774
2490 732
1675 703
895 377
1062 371
1861 761
2267 728
2316 900
2891 976
2237 983
1719 515
1425 962
3527 982
1859 777
1217 768
2384 811
1550 683
1478 602
1068 383
958 617
1436 679
1617 635
1437 990
1779 921
2650 985
2419 916
2366 754
1214 507
2018 786
2315 970
1630 512
1609 781
2264 965
1348 772
2375 859
1529 645
1108 344
1976 916
2217 965
1835 832
1612 819
3375 953
1275 493
1201 569
1222 397
1801 595
1462 701
852 330
2009 840
2601 781
1437 406
2518 924
1450 595
965 351
2038 991
1706 622
789 330
1841 491
1597 564
1008 460
1199 784
2364 922
2507 651
960 330
2877 837
1338 924
2457 747
1855 840
1711 764
1856 569
1092 383
1677 803
1861 654
1186 685
1995 597
1713 589
1273 453
1225 739
2690 760
3251 944
1846 862
1625 693
1975 733
1308 542
1108 478
1833 628
1682 727
1284 550
1210 789
1514 478
1239 604
1671 784
1922 728
1553 477
1863 758
1110 401
2433 879
2567 757
2284 999
2112 872
2213 924
1856 484
1056 513
2300 626
1978 943
2515 988
949 512
2338 793
1315 482
1548 490
2438 789
938 477
1156 517
1034 330
693 330
1066 470
2456 955
717 330
3234 948
1746 464
2272 975
2419 934
1447 633
1616 789
1888 990
1467 741
1821 902
1418 446
793 330
2001 790
2199 969
1391 965
2933 648
1751 676
1682 658
2198 617
2807 953
2365 733
2789 827
1420 650
2325 814
3404 778
1738 798
1865 927
1921 976
1286 577
1586 941
2048 828
2560 789
2921 908
721 330
2741 941
1420 893
1425 475
2307 811
1485 649
2691 872
1239 464
1515 899
2419 728
2380 780
1247 796
1242 757
1678 617
876 481
1370 805
1964 901
2052 900
1421 475
1674 947
1309 477
1586 634
1481 797
2130 953
2764 916
2337 859
1516 789
807 421
2196 818
1956 998
1228 477
1992 901
2119 971
2934 762
1206 393
1477 943
2182 706
2631 751
1452 790
2115 629
1587 758
1032 573
946 547
2081 892
1425 564
1464 418
1478 653
3364 957
1949 947
1499 629
1513 423
2273 866
1494 673
2635 941
982 617
1150 497
1339 700
1438 595
2247 626
1929 762
1336 601
2209 846
1161 747
1289 330
1164 391
2036 732
1608 765
1606 904
3354 999
2096 872
1338 451
1520 900
2957 928
1048 639
1853 475
2194 814
1556 538
1807 685
1750 721
1558 397
2927 994
2381 883
2289 827
1797 843
2160 916
872 330
1674 747
3659 929
2440 863
2546 857
1773 915
1878 851
1583 668
2100 899
2494 780
1624 622
1469 908
1435 932
1726 800
2320 955
1834 832
2273 992
958 330
1885 908
2103 818
2510 909
1785 709
1955 581
872 330
1876 924
527 330
1415 463
2756 863
1053 472
1662 681
1952 626
2346 740
2160 803
1496 453
1877 391
1133 768
1857 950
1153 455
3204 863
970 431
1915 954
990 330
1379 909
2065 901
1042 532
1694 483
1981 946
2171 900
1420 918
2231 694
1471 804
2844 980
3051 871
550 330
2697 834
704 330
2059 992
1063 470
1038 415
1550 932
1621 652
1645 925
1721 802
1874 789
1925 803
1342 915
2815 954
864 330
1327 735
2236 915
1324 789
1162 392
1742 896
3499 965
1668 749
1625 354
711 330
2428 784
3071 979
1944 758
2172 684
1147 330
2458 781
2542 906
2268 793
1639 680
1355 425
1933 941
2281 728
2744 727
1445 562
742 330
1719 401
1530 631
1540 354
1043 642
1364 531
1441 639
2018 758
2268 801
2016 979
1939 635
1112 360
1081 457
1629 909
1839 485
2539 904
1480 414
2261 925
2044 663
1024 330
1988 867
1497 475
1659 938
2611 840
819 330
2306 811
1602 716
1481 690
1067 657
1020 541
824 330
1127 463
2717 999
1537 747
520 330
2314 932
2406 964
2814 886
2440 857
883 381
1567 706
2227 778
1322 627
3040 969
1120 393
1282 368
668 330
1637 834
1256 445
1719 697
2802 984
1039 388
2604 770
1574 482
1835 811
2681 894
1825 832
1597 665
1957 764
1724 877
1864 633
1968 947
2570 866
2480 899
2459 841
1957 791
1524 477
1658 685
2230 923
3007 954
1546 562
2175 541
1696 769
649 330
1432 477
2647 967
1553 560
2460 852
2697 917
1383 774
1906 735
1316 820
1030 437
1421 566
3000 916
1868 654
1582 389
2650 854
3153 999
2061 885
1471 658
1913 925
2064 754
2480 778
2014 907
1179 628
2763 900
2818 944
1461 779
2255 912
1323 390
1042 445
1349 611
1576 747
1323 564
1061 365
1595 418
1222 727
1973 993
624 330
2251 942
1318 790
2370 910
1459 701
2660 664
1155 817
1996 436
827 485
1084 392
1423 561
2037 718
2273 825
1535 997
793 330
1936 952
1721 938
2150 529
2097 938
1820 764
1927 990
443 330
1140 565
1507 757
1754 663
2300 602
2204 877
1051 397
957 430
2128 863
2684 957
2869 908
415 330
2000 919
2002 892
1648 685
1738 811
1659 676
895 331
3266 908
1837 614
1491 925
1522 410
1431 330
2089 968
952 414
2091 701
996 413
2081 976
2766 789
2112 670
1139 423
1228 538
1645 896
1021 453
1918 735
2087 912
3566 863
2777 684
2400 780
2021 934
1154 364
1186 751
1390 619
2291 877
1821 697
1343 642
1521 400
1171 530
586 330
1908 908
1902 668
2251 758
1330 796
1844 498
1679 942
2375 863
3649 979
1043 468
1595 852
697 330
1025 565
1259 757
2035 868
1689 791
2209 975
1235 611
1633 517
2416 965
2036 624
1390 668
1502 834
1123 685
982 392
1412 837
2044 694
2123 818
1378 941
1944 892
1041 353
1025 414
1517 993
1168 467
1530 687
3083 991
1494 588
2526 917
2503 680
1735 569
2522 954
2578 893
781 330
1383 733
3154 991
852 358
1207 500
1732 786
869 460
1654 617
2105 482
1026 451
2236 924
1216 793
800 330
2168 952
2585 986
1196 528
3179 878
1340 600
513 330
771 398
1424 866
1786 516
2259 857
2171 863
1087 330
1337 894
1633 758
2174 959
2602 729
2941 969
1081 686
1858 657
1773 792
1395 993
1126 330
2026 999
1941 680
2601 928
2625 600
736 330
1772 892
1717 708
2585 796
1676 790
1075 445
2404 909
1920 924
1310 634
1679 759
1720 798
863 330
2707 965
1516 495
2534 877
2101 900
1051 706
1079 647
948 331
2805 963
1205 452
2436 683
2664 898
1029 330
1342 932
786 393
1177 423
2330 834
1373 884
2156 941
786 360
959 597
2156 891
1573 654
2251 762
2233 957
382 330
1776 942
1879 754
1470 784
1613 635
2087 947
1634 831
1369 697
2005 633
2171 761
1914 992
1181 564
2263 592
970 409
1955 915
885 330
1863 654
1690 550
1846 849
811 330
2250 803
2116 832
2129 840
3384 766
1996 988
1620 496
1915 858
1482 611
1204 673
2004 947
1697 597
2236 851
2741 837
2046 882
1099 482
2288 728
1174 647
2820 996
2296 676
1723 862
1648 723
1961 891
2721 863
2708 688
1388 959
2016 967
2449 602
2469 844
1215 611
4370 870
1520 606
1561 550
1353 381
1583 862
1705 538
2173 842
638 330
1681 602
2042 626
1319 505
1927 649
1879 932
2199 562
1486 814
1334 711
2222 671
2607 778
1519 397
2165 488
1274 922
1332 629
1574 991
2404 765
899 392
1049 674
791 330
1109 330
2555 805
2125 827
939 407
2884 925
2273 950
2645 957
1762 831
801 330
2455 957
3518 969
1678 658
1435 605
2495 915
2217 803
1639 648
1684 587
1138 568
1803 833
1493 617
1591 789
1834 531
2181 950
1910 883
771 330
1409 566
1962 751
1234 731
2100 906
2181 857
1317 836
1876 968
1364 402
1307 663
1604 483
2932 759
2355 836
1936 901
1230 837
956 332
1872 880
2736 837
1365 657
869 495
1674 797
978 368
1483 469
1140 467
3271 965
2907 750
1197 437
1141 362
1999 908
1760 747
1703 697
1346 555
907 330
1652 569
1556 900
1486 666
1667 360
1230 455
1052 658
1886 541
2209 982
1821 638
3443 871
1925 941
1898 940
1727 874
1411 605
1311 681
1530 355
1858 870
1472 786
1291 569
2787 831
1276 569
1556 944
1217 420
1132 416
973 437
1809 947
1420 564
887 478
1953 650
1056 330
876 397
1410 834
2652 750
2442 916
2314 892
1972 922
1177 635
1740 806
1800 977
1223 470
856 330
2194 963
3255 846
2235 990
1453 849
1204 401
2810 991
1473 885
2815 718
2551 651
2805 751
1702 637
843 330
1419 562
1265 611
1058 456
1842 963
1078 604
562 330
1358 431
1850 496
2305 853
2011 882
501 330
1308 766
1828 807
2169 680
525 330
2311 850
2136 998
1333 758
491 330
1829 973
3261 946
2165 840
966 507
1695 924
1816 885
1581 693
1806 887
2430 808
2657 932
1960 663
1400 694
1963 568
977 337
2053 812
2354 793
1736 758
1356 996
2416 754
1270 430
2053 631
1100 482
2020 922
1309 600
3172 916
2453 919
1834 901
1912 946
1691 970
1996 852
1196 575
2153 961
1836 953
1569 666
3236 901
2355 948
1371 569
1875 569
1347 850
1588 803
2330 970
2157 909
646 330
2152 959
1820 642
1748 765
1096 330
1628 817
2277 676
1794 908
2413 732
2882 985
2348 418
1765 863
1863 924
1180 391
1182 330
1294 892
1167 562
1217 447
2803 878
1668 638
2642 922
1966 906
1130 697
614 330
809 383
507 330
1543 610
2046 932
2780 890
2160 876
1393 477
1705 834
1753 722
2389 582
1686 837
2791 688
1225 564
1218 491
887 354
2114 671
2281 837
1118 521
646 330
2494 778
2446 750
2252 953
2051 916
1808 505
1163 330
1570 684
1882 927
1900 677
2288 814
2110 685
1633 482
2688 876
1217 527
1313 727
534 330
888 549
1788 930
1950 929
1297 732
2495 824
1196 434
1570 478
1538 929
1555 637
917 330
1553 730
2330 982
2063 715
2130 900
1353 764
1384 768
1052 411
2867 979
1552 954
1906 608
570 330
1623 667
954 394
2315 857
2389 795
670 330
2821 756
1125 478
2788 863
2607 832
1097 362
2262 994
2098 888
1575 915
1873 635
2146 955
844 437
1588 920
1896 957
2147 977
549 330
2582 859
1332 837
1529 955
1170 555
1879 786
1629 793
1201 633
892 406
1493 772
3309 988
1144 552
1094 330
2561 863
1769 803
1387 715
523 330
1760 837
1950 777
1729 814
1855 996
1639 942
1037 465
1831 586
1721 910
1022 436
1238 436
2208 996
1115 354
1817 828
1091 706
2492 956
2107 925
1356 516
1716 779
1362 859
2364 848
2572 827
3622 994
696 330
1680 582
2312 912
2540 684
2546 807
1215 455
1086 597
1918 882
1423 358
3123 992
2666 976
2757 752
2278 886
3373 946
1477 679
1732 723
1110 639
1582 725
2189 700
2116 751
1738 859
2206 927
2012 811
1559 648
2623 925
2311 834
2612 786
2255 626
1345 899
1159 534
2566 976
2678 944
2183 770
1256 879
1811 716
990 330
1454 987
2202 994
2304 957
2275 983
2954 981
2240 888
1378 731
2929 878
2414 863
1353 628
2872 910
2160 832
1623 832
2338 857
1298 467
1086 330
2022 584
2070 593
1119 463
1244 811
1274 648
1792 690
920 330
1559 510
1461 498
1728 852
1829 851
1538 846
1928 792
2912 986
2141 846
1942 751
1785 854
1389 798
2896 946
1398 993
1900 496
2150 941
1745 541
1872 787
1779 817
1949 611
1129 566
1631 850
1983 751
1679 853
611 330
2185 916
2902 994
2021 800
1117 521
1803 534
1912 649
1205 463
1239 759
1720 524
1190 623
2110 892
1522 530
1297 952
1451 956
1731 850
1576 354
1310 366
702 330
1882 876
1717 703
1163 331
2273 872
957 348
627 330
2501 917
1761 990
2089 899
1361 908
1300 952
1659 453
2604 991
2807 800
1610 527
1684 727
1916 564
878 516
1376 923
1300 577
1545 752
1200 641
1734 814
1247 386
1345 916
1160 512
2452 666
1244 430
1868 786
1902 908
1183 495
1263 605
2225 863
2488 996
2458 909
1376 595
1728 803
2305 797
2400 916
1809 608
1593 360
1854 804
1430 428
2603 982
1459 781
1202 863
2107 735
2061 846
1918 867
1686 588
1353 772
2046 711
2078 925
1368 386
545 330
1405 588
1733 837
2509 766
2328 833
1546 824
1068 330
1230 593
2360 927
1885 940
1092 639
2040 758
1056 640
2179 940
1580 571
2285 990
1687 602
2179 990
2377 938
1374 752
1588 723
1716 719
1300 550
1982 791
1133 381
875 416
2559 938
2983 750
2111 807
991 611
792 330
1802 676
976 330
2771 979
2137 872
1387 453
3917 916
1501 758
2170 768
1175 516
2226 786
735 330
1833 938
1576 784
2146 1000
1165 463
1677 872
1357 857
1714 388
989 449
2028 876
2721 837
2862 833
2212 637
888 330
1159 427
2030 740
2231 972
1513 455
1918 991
1411 804
2065 924
926 421
2143 772
1616 820
698 330
1549 981
1956 701
1399 834
1709 798
1700 817
1248 485
1145 445
2218 718
1502 668
1142 467
524 330
3189 851
607 330
1706 741
1214 463
1590 968
1374 932
1190 420
2698 953
2615 866
1434 627
2959 854
1258 884
2278 925
1699 677
1330 537
1877 832
1042 537
1987 872
2730 807
1866 986
2527 932
1994 868
616 330
956 562
2832 831
1655 673
1081 601
1821 978
2012 970
2050 871
1536 775
1060 468
1047 605
3169 922
3108 918
1338 622
3679 948
2003 792
1373 568
838 502
1505 729
2146 918
2632 899
1515 722
1547 793
2021 834
712 330
2379 837
1632 482
1653 389
1853 765
2418 721
1581 654
1960 918
2310 752
480 330
1874 809
2772 794
2684 940
1850 585
1536 869
2752 961
1107 331
1390 650
1808 859
1774 992
1435 616
2128 930
1137 420
885 368
1804 943
2307 993
2475 863
1855 772
1931 825
1598 883
603 330
1303 330
2993 946
2147 694
1394 603
1109 729
2618 791
1338 868
835 330
2272 883
1741 769
1187 391
930 330
1124 485
2836 906
2307 736
2217 817
1192 628
2157 859
2895 976
1449 851
1857 906
1388 467
2305 747
1328 992
2092 797
1428 731
1723 635
2644 896
1826 977
830 371
1882 841
2945 917
711 330
967 460
2226 814
933 386
1942 617
1047 482
1294 952
1263 748
1256 475
2903 997
1663 869
635 330
1645 750
1817 592
1866 675
1835 571
1010 388
1404 485
1773 990
1433 755
1837 754
516 330
1215 531
1530 938
1331 434
1401 921
1143 617
2033 724
2798 941
1308 491
1408 581
2229 836
1295 837
1158 806
1877 924
1338 924
2723 957
1149 716
2192 633
1184 569
1639 718
1761 957
1918 960
1298 839
3116 927
2214 847
1351 414
988 330
1200 802
1874 790
1855 506
896 463
1346 533
2298 853
2277 840
2532 680
1719 884
962 330
2225 834
1969 854
3436 999
1427 568
1357 526
695 356
1670 523
1936 952
1380 917
1994 824
995 443
1126 585
1585 726
954 340
2824 807
2803 648
1784 777
865 368
2253 797
1995 954
1974 885
1338 566
2338 789
1861 635
2052 851
2937 982
1990 581
1676 723
2187 964
863 330
1649 988
1999 676
2287 796
2509 857
2240 963
2844 804
1360 560
1571 890
2049 890
2666 902
2626 786
2740 948
3115 999
2603 754
835 470
1810 992
1800 842
2514 988
2252 796
2862 950
2078 922
1822 811
665 330
2575 750
1553 844
2210 702
2366 918
3263 953
1064 423
3431 998
2632 908
1888 575
1782 522
3157 997
2690 817
1877 761
1690 969
2187 957
1399 491
952 482
2019 758
2376 769
1737 676
739 359
1946 988
2752 604
1966 904
2095 620
1520 971
1833 803
2677 824
2090 678
2471 892
1982 866
1379 658
941 391
1216 530
1028 393
1320 762
2641 664
1306 976
2280 904
1643 996
2923 881
1085 330
796 369
1944 863
1518 708
1735 634
2701 924
2007 758
1432 635
2422 929
1068 507
1811 861
1036 354
2050 602
1404 521
1575 466
1648 823
1762 478
1416 694
1010 531
2128 996
1501 685
1197 808
1254 500
1184 819
2159 817
1919 888
1550 627
923 358
1872 917
2133 874
2242 892
1823 970
1264 837
2011 793
1490 510
1756 738
2400 863
1265 635
1317 678
1657 912
1526 955
1817 571
1613 631
1660 507
1691 589
1652 956
2556 750
1187 796
1441 772
1436 550
1570 612
825 330
1733 580
1807 385
1552 490
1650 600
1635 663
1857 770
2732 863
2668 954
1133 510
1615 735
1422 529
1356 829
1638 920
2400 859
2931 795
1501 477
2903 677
1783 957
1298 516
2208 803
1535 466
1974 861
1293 697
3110 871
471 330
1580 770
1117 513
1976 961
1274 572
1341 356
2556 953
1586 568
1865 752
1522 663
1008 465
1591 730
783 330
3151 969
2393 818
1872 892
1624 550
2101 697
2230 732
1977 938
1099 405
805 330
581 330
2253 716
3153 859
1354 843
1998 923
2291 566
2847 957
2381 750
1317 577
2238 988
1680 582
1869 862
1342 879
2014 818
1874 940
1894 930
2247 799
2693 976
1800 750
1937 796
1793 890
1359 365
1928 604
2118 992
1953 762
2477 944
906 453
914 474
1963 750
2813 909
1501 535
1316 793
1309 670
2382 892
1122 332
1716 637
1343 526
1456 673
1957 687
1367 542
1114 330
1465 811
1128 607
1523 442
1595 774
1659 673
2201 833
616 330
1577 857
2441 789
2484 817
2494 853
2118 746
2620 870
1511 608
1773 847
1036 627
1053 628
1364 477
544 330
1572 891
2084 890
2807 999
1633 723
882 381
2542 975
1188 330
1205 600
1929 839
2291 495
1201 373
2764 991
1348 530
1626 803
1300 587
2220 947
782 394
1366 628
1373 651
1359 642
2046 877
466 330
1634 996
1317 722
1464 814
1803 513
1354 612
1104 397
2277 806
1501 723
2100 920
1433 722
2216 912
1060 390
2743 834
2997 834
1841 709
2217 992
2565 977
2363 991
1629 458
1877 907
747 330
1361 600
2761 804
2164 916
1391 436
1178 619
2076 718
2060 769
1872 848
2044 564
858 478
1303 568
811 349
1526 527
3084 764
1415 482
1876 635
1478 626
1820 803
2169 783
1617 801
1749 786
1995 896
1814 855
1273 384
1757 506
995 330
1618 711
2233 969
2676 791
389 330
1383 859
2584 697
1039 496
1884 803
2738 887
882 330
2439 997
1675 571
3138 997
899 393
1913 569
1901 817
2103 789
1103 549
1260 467
2245 860
2448 685
906 330
974 330
2200 1000
2122 794
1543 784
2358 998
1432 666
2204 834
1454 833
1819 896
2596 806
1226 512
2191 677
1966 418
1948 789
2232 979
1092 676
1857 715
642 330
1296 602
3418 959
1708 711
1953 793
2641 982
1445 950
954 602
1546 820
2217 820
2071 892
2028 952
945 335
2447 876
698 330
3796 938
1595 825
2317 922
1176 449
2087 920
1467 841
864 330
2110 916
2280 648
2562 872
1304 595
2066 976
1451 679
718 330
2072 874
2273 663
2482 804
2055 957
2686 912
534 330
931 537
2278 674
2115 943
1426 869
3293 795
1657 568
1742 572
979 330
1536 601
1727 693
472 330
1879 666
2469 864
1665 397
928 463
1667 768
2226 924
2528 728
2123 923
1292 419
2216 751
893 430
2162 831
2803 842
1923 811
1569 908
2076 956
2572 999
2174 828
1287 577
2803 932
1496 900
2048 762
595 330
1981 887
2357 637
3576 934
1363 491
1246 562
1452 560
2713 991
2105 550
1950 772
1284 896
2030 733
1776 597
2290 892
1696 797
1420 531
1592 975
764 330
2167 968
1717 819
888 478
2706 721
2182 971
2232 817
1738 663
2598 891
2122 383
1950 839
1446 837
1527 600
2423 900
1019 617
1388 366
2477 877
1240 657
1809 859
1067 330
1014 330
787 330
2255 991
1234 405
2457 754
2496 927
1871 803
1459 789
1720 888
2599 946
1631 823
1648 582
1271 572
3204 721
1705 482
1724 751
1401 817
2138 871
1722 764
1862 711
718 330
1122 336
745 330
2309 997
1863 990
2568 994
2884 985
2364 828
2045 837
2540 965
1779 955
3847 999
1748 768
1209 467
1893 946
1963 825
1313 700
2172 957
611 330
1322 497
1086 428
2265 968
1877 825
726 330
820 330
1337 617
1992 581
2374 879
1301 497
2137 950
1385 758
1725 789
1253 330
2220 967
1320 789
1383 521
1113 650
2970 896
576 330
950 478
2955 927
532 330
1364 932
1406 685
1335 368
917 360
987 331
1235 463
857 383
1706 796
1215 633
1201 330
2817 963
1615 714
1791 832
1117 368
3056 890
1218 415
2964 927
1427 814
2208 943
2642 929
892 330
1848 869
1987 606
1295 564
1597 477
1731 529
1405 796
2828 946
2378 817
2252 668
1875 801
1535 890
2362 578
1332 923
2123 983
718 330
1559 774
707 330
1224 839
1509 590
2046 929
1136 601
2299 823
1289 482
1678 802
1167 834
1589 395
887 429
1916 823
1577 633
1537 617
1013 330
1655 976
1506 617
1467 754
1933 650
1582 593
1645 376
2708 981
1053 503
757 336
1749 847
1372 888
1826 683
2531 834
1211 572
1573 595
1696 580
1007 368
1961 592
791 330
1715 611
2337 938
1337 482
2154 832
1067 429
1877 946
1755 663
1402 738
618 330
3146 863
1099 575
1630 699
2164 922
3309 871
2199 990
1169 358
605 330
2682 991
1907 593
934 398
910 430
1798 512
1033 506
1653 969
3339 857
802 331
2061 913
1663 758
1744 697
1730 601
1823 654
1085 335
1983 876
873 330
1856 628
1233 489
912 330
1914 768
1971 1000
1478 942
2365 666
1621 600
698 340
611 330
1676 376
2411 948
2445 988
1257 344
2576 890
1408 534
1642 919
1179 358
1835 806
1635 983
1778 754
3377 801
2342 937
1130 464
1633 583
1761 851
1781 545
1352 569
2133 912
1781 615
2207 947
2207 990
1291 353
1776 921
2012 670
2490 919
1724 837
2020 645
1878 478
2512 809
2330 748
1102 347
2111 997
2352 714
1631 637
1547 612
1603 601
1117 611
1427 703
823 404
1572 690
2372 985
1316 388
2440 681
2175 790
2376 965
2746 848
1288 686
1116 401
2075 757
1373 624
982 445
1828 608
2721 778
1747 849
2443 932
1762 814
1416 812
2737 837
1395 937
1876 752
1440 852
2162 561
2225 859
1916 807
2039 872
1576 890
1394 562
1591 675
2091 924
1472 453
1003 601
451 330
2128 954
1748 833
2025 515
1042 572
1910 789
1325 513
1431 402
2363 825
1740 969
1358 402
1993 950
1986 529
2552 900
1543 697
1054 356
2536 899
1541 564
2233 874
900 381
2717 732
2545 849
1979 736
2021 608
1774 648
1578 658
1924 959
2407 863
2144 991
1556 972
2691 968
2241 858
1369 708
2067 913
1741 862
1501 910
1572 612
2261 768
1629 836
584 330
420 330
808 330
1555 649
1203 414
1987 795
1313 635
1263 566
2941 901
1497 996
2021 793
1617 755
1542 991
1296 700
1342 330
1439 635
2220 909
1662 859
2099 826
2045 862
1280 418
2953 938
1828 521
1829 768
2494 906
1839 680
1973 814
1175 607
2337 967
2918 922
1939 841
901 330
994 595
1681 834
1436 947
1762 665
2103 832
1521 537
2437 868
1199 762
2517 876
1423 635
1593 575
1818 645
781 781
1306 571
1888 723
1681 879
1356 924
3034 790
1805 596
1282 637
1857 792
2154 762
845 330
2511 834
2266 515
1363 505
3301 879
2141 982
2418 964
979 356
2195 757
2429 887
1911 908
1369 616
2532 651
2688 870
1656 796
1440 647
1106 397
1949 624
1744 991
1023 531
1894 800
1204 383
1590 753
1249 478
1578 376
1754 765
839 397
2467 993
1320 619
2020 755
2441 984
1050 529
2584 831
1035 413
1979 796
1741 834
1270 475
2292 798
1122 649
1756 786
2173 933
2093 910
1211 859
1736 871
2208 883
1866 635
1718 947
2118 790
955 451
1642 491
1473 413
1873 846
1747 666
1994 834
2868 866
626 330
2157 800
2175 758
2728 834
1514 360
1716 666
978 575
1069 478
1267 467
1049 522
2254 842
1472 715
2081 523
2032 751
1258 482
2507 980
1710 910
1818 775
1106 697
1637 715
1480 569
1927 892
874 340
1486 849
636 330
1082 384
2150 915
1592 700
858 419
1355 549
1785 697
2448 954
1370 443
1251 597
1449 590
1467 806
588 330
1455 330
1449 814
1702 991
1549 540
1860 955
2101 445
2501 928
1511 814
1877 990
1602 800
1657 805
2931 909
2787 837
2343 736
1624 803
1960 858
2712 765
1172 735
1244 383
1502 475
2959 854
1803 649
2228 779
489 330
1735 483
752 330
1870 848
1820 793
1534 647
1588 797
1490 425
1877 960
806 330
1601 442
1660 697
1744 792
2086 592
1992 806
2754 870
2132 969
1128 404
1786 846
1791 896
1505 708
2116 872
1548 414
2061 713
520 330
3291 834
2085 837
1991 888
2147 722
2065 946
1978 582
873 372
2580 879
1391 990
1306 899
2496 883
1145 529
1597 933
1253 434
3323 956
580 330
2029 715
2424 941
2877 934
1072 602
2061 863
2124 955
1697 654
2671 999
1223 364
900 430
1839 996
2200 690
1884 912
2033 749
1963 701
2079 827
1762 502
1481 666
1876 752
1158 562
2418 968
1024 402
2768 754
1423 831
1640 543
1898 561
1516 636
1605 671
1251 385
2844 718
3261 968
618 330
2028 973
2431 892
1460 929
1879 907
2403 791
1365 837
2098 633
1779 860
1326 469
2087 900
694 356
1130 404
567 330
1201 503
2063 818
2324 566
1060 488
874 330
1620 730
1005 415
1240 420
1433 933
1699 765
2275 388
1420 697
2495 820
1081 674
2015 676
2069 916
2116 829
2492 904
1899 808
1039 597
1010 368
1345 397
1475 580
1826 922
1298 700
1689 803
1996 762
2198 730
1385 907
802 330
2246 994
1673 762
2310 979
3052 794
816 330
1909 709
1480 864
782 330
1800 790
2440 957
1714 910
2371 694
1306 569
1257 473
1512 762
1140 623
2161 937
1134 356
1709 633
987 453
839 437
1769 610
2293 819
2454 968
1663 531
1721 747
990 334
1901 998
1443 764
2525 699
2501 957
1825 811
2050 750
1647 722
2755 998
751 371
2028 762
2799 728
1758 868
2699 876
2085 827
2452 902
1266 481
904 571
2068 933
1313 571
2405 842
2280 867
2650 721
2247 902
1385 635
2397 762
1979 749
1791 932
935 482
1529 609
1566 775
3366 994
813 330
1321 811
3057 977
1255 697
2598 648
3374 780
919 330
1799 748
1913 940
1989 772
2453 780
2145 845
2767 780
1464 534
789 360
2652 971
1796 783
1988 909
1535 516
1016 463
1314 982
2025 837
2199 969
1952 979
2343 784
2526 879
1940 851
1552 900
2329 998
1779 703
1409 925
2824 819
869 430
1040 384
3049 762
2012 828
1963 762
621 330
1598 891
637 330
2924 888
2832 999
1566 629
1425 635
1556 663
1785 515
1505 789
2941 894
692 331
1111 495
1172 445
2862 925
1437 723
1536 818
1750 820
1059 354
2129 932
1018 398
1477 885
1906 701
1783 990
1751 561
1590 445
1230 423
836 330
1860 784
2729 932
872 482
2941 957
2802 863
2975 876
3353 908
2559 978
1805 537
1940 868
1740 802
1672 819
1056 449
2842 953
2085 874
1841 577
1458 496
680 330
1755 545
2524 952
1178 727
1965 971
1375 568
1916 870
2044 786
2020 901
1788 908
2286 847
1786 765
1661 700
2477 868
1182 687
1793 968
1581 686
1276 463
2155 925
2165 892
1247 393
951 330
2368 842
2191 901
2139 904
2267 877
1369 900
1923 789
1385 483
1849 924
1018 330
2518 633
1300 642
1774 977
3475 991
1000 330
2223 608
2240 942
2023 864
1883 899
1812 812
2381 855
1020 612
1927 972
1476 730
2268 987
1832 732
2596 909
1413 883
2293 990
1691 975
1334 666
1328 666
2457 950
2927 1000
1229 806
2999 927
1576 478
1748 680
2085 983
1832 614
1355 922
2519 834
2311 853
1822 857
1637 923
2281 959
1236 533
1231 866
2040 804
1967 666
1725 562
1520 383
1659 735
1957 691
1940 626
906 330
1663 540
2120 922
1717 874
1218 389
2044 871
2206 942
2028 764
2454 836
1522 885
3278 878
1489 622
1285 618
910 537
1710 361
2812 878
2202 947
1045 496
1858 680
639 330
1834 602
1169 666
2145 650
1631 957
2192 922
795 330
1240 353
1846 697
725 330
1968 587
910 562
2241 857
1900 927
1977 775
1741 663
2090 957
683 330
2638 1000
2163 803
1202 330
1978 915
1281 615
2213 975
1361 600
2184 783
1318 612
749 330
1536 803
2727 997
1724 829
1582 453
1866 907
1524 516
2851 997
1204 566
1762 392
1820 918
2117 572
2367 721
2837 850
2610 963
1546 530
1257 924
1582 562
1665 996
1853 942
1451 633
1875 983
1326 662
1857 597
2077 814
2144 916
1471 363
1539 465
410 330
1015 388
