3326 948
1492 617
1802 804
1084 739
1288 671
1460 459
1287 687
1298 633
1576 849
1833 956
1996 940
1270 564
3174 943
1627 812
2302 567
1650 683
3526 927
2306 914
1807 753
497 312
2246 790
1201 721
1865 855
1559 811
2088 974
799 312
1549 759
2680 926
1001 348
2463 955
1981 782
1678 839
2080 984
1575 925
1619 864
2000 890
1481 643
1434 391
1671 572
1108 389
1598 500
1814 633
1580 651
1683 901
1268 520
1459 827
1344 858
951 332
923 548
1298 612
1834 677
2960 902
1422 659
2131 835
2546 956
2383 866
1542 457
3061 993
1277 827
2372 982
3044 882
1204 508
1910 841
2635 821
1082 533
2256 614
2043 594
1300 485
1512 864
1694 943
1848 707
2840 875
931 379
2235 889
2214 649
1672 471
1046 492
1726 652
1275 739
2355 806
1655 690
2868 757
3415 913
2210 798
1975 871
2246 781
1567 842
1823 982
2780 871
1555 847
2282 796
1245 684
1982 913
2200 988
1709 710
2447 889
1650 918
1350 653
1942 621
1556 611
1125 772
1461 509
2733 691
1099 496
1919 611
1793 806
1996 855
1777 707
554 312
1706 762
2201 772
1358 820
2582 679
2427 913
1345 483
1873 832
2231 882
1700 923
1985 798
826 346
2765 851
1681 849
1491 709
1265 677
1545 735
1829 888
1653 757
1379 827
1291 417
1793 949
955 548
757 312
2506 975
1639 758
2633 978
2459 812
1892 957
1225 628
2301 957
1927 864
1255 438
1114 406
1557 947
1057 354
1580 967
2421 705
700 312
2538 847
1790 656
2033 881
2094 798
1329 643
1206 675
1737 400
1262 556
2956 909
1710 864
1912 851
1254 475
2034 987
1818 957
2395 802
1950 876
1659 762
588 312
2172 630
2618 961
1161 513
1702 978
2823 921
742 355
1143 731
674 312
1719 736
1738 705
1904 790
1492 827
1614 850
2624 840
1277 485
1709 804
1913 709
2966 961
1206 605
2125 855
1447 710
1303 887
1983 944
1201 323
1536 640
1719 742
1806 561
886 312
1582 970
1851 736
2489 910
1238 385
862 312
1346 658
2970 940
1319 707
1773 450
2757 981
1582 579
1844 828
570 312
3115 975
1582 978
1848 825
1402 516
2771 984
1515 745
1482 822
1051 484
669 342
1844 818
1475 553
2201 744
2000 895
1459 581
1998 907
925 377
834 312
1587 999
743 312
968 451
1441 647
1580 622
2175 854
1416 634
979 360
2280 821
1613 487
2261 690
1207 542
1694 490
1822 830
1488 981
2301 933
1258 693
1516 693
1982 734
1955 782
3276 907
1830 811
1547 812
1850 795
3719 840
1311 915
1547 513
1795 887
1561 624
2353 879
1395 605
1358 581
1278 492
2854 851
1332 532
1403 547
1507 798
1876 919
1311 957
3192 969
2433 771
1436 884
1878 791
881 446
1809 866
1787 901
1231 342
2028 774
2522 961
392 312
2130 987
3251 791
2328 619
2774 989
2411 801
2124 991
2264 777
1928 666
2984 952
2258 878
1801 804
2292 648
2198 781
1573 767
1703 820
1737 710
2224 984
1333 634
1667 745
707 312
2275 821
1406 816
1960 782
1288 667
1598 428
2325 949
1071 343
2245 942
2125 786
877 505
1045 375
1517 942
1849 909
1467 951
2785 952
2091 560
3174 933
2340 812
2445 809
1893 789
1550 753
941 372
2363 883
1745 666
2465 784
1402 458
1661 683
2401 730
779 312
2440 922
1188 504
1737 659
1501 942
1984 579
1427 553
1574 564
1784 786
2538 896
1710 707
2425 832
2612 830
1941 710
1571 699
1615 970
2213 908
1240 465
1686 782
2325 876
1542 617
1163 512
1081 711
2988 629
912 488
2072 792
2632 849
1855 642
1292 957
564 312
1738 882
1813 870
1470 513
2390 968
1806 782
1754 798
1299 509
1682 854
1692 528
1404 637
967 360
1289 645
2706 707
1554 658
2054 954
3027 956
2005 730
1689 743
1095 582
1120 611
759 312
1278 358
3047 902
2558 729
3250 787
1176 580
2371 915
707 312
1444 403
1441 809
1706 991
2121 881
1146 542
1210 475
2162 869
2117 978
2945 889
1058 550
2720 810
1993 851
2538 979
1200 312
1469 692
1310 474
1405 745
1569 741
1475 896
2037 742
898 528
1820 742
1773 878
1796 889
2220 807
865 312
1595 687
2008 854
2170 742
2241 895
2908 913
2315 437
1351 643
1109 710
1536 529
1654 771
618 312
1833 791
1773 948
2037 687
1283 746
2027 933
2323 946
1668 859
1795 782
1467 373
1604 711
1396 672
1329 931
2563 791
1909 638
1635 685
755 312
1897 919
846 591
1459 638
2189 619
975 423
526 312
1534 719
1613 705
2059 961
1807 866
1782 623
2804 876
1672 749
1589 628
3254 942
1036 312
1998 730
1922 671
2787 923
687 312
1179 459
2735 970
1574 970
2216 773
1718 893
785 312
2096 733
2131 635
470 312
870 492
3154 908
2190 951
1327 416
1129 438
1473 526
665 312
1157 782
2099 914
1888 725
1227 532
2077 744
2442 922
1689 734
1349 880
2069 827
877 312
2103 889
1384 690
2063 947
2847 980
2697 981
1438 816
745 358
1486 406
2522 777
1679 719
2274 777
2472 744
2108 698
682 312
1810 948
2392 903
2207 690
749 316
1857 942
1551 742
1282 410
2358 628
3273 948
2162 974
1768 419
1517 600
2050 855
2198 558
1015 389
1803 914
1729 530
1338 684
2876 912
1623 891
1150 667
1271 467
3640 912
3164 801
2225 890
1130 656
1894 906
1521 782
1708 876
1329 442
2374 878
1203 839
1110 534
1788 749
3037 912
1466 917
1513 603
2576 506
1772 951
1259 857
1848 870
1667 961
1572 888
2380 697
2806 908
2478 921
2487 981
2773 890
1363 455
2415 926
1048 531
2219 833
1848 991
919 373
1972 848
2416 691
1958 582
680 312
1904 878
2345 786
2991 978
1487 666
1597 515
1418 511
1913 690
1626 691
1520 457
1472 710
2585 871
2348 786
1584 787
2479 989
1893 672
1214 372
1266 612
1410 757
1498 479
2159 927
2257 656
1460 588
2888 979
1997 890
2011 902
1453 499
1630 639
1106 718
1571 643
1410 847
1122 461
2085 788
2275 948
1937 720
1330 812
1684 625
1436 632
953 346
1165 361
1745 731
2414 876
1494 530
2412 993
3085 955
1396 652
1441 668
2761 918
2300 739
3091 684
1310 802
1568 868
856 312
2859 978
1073 471
1899 405
581 312
1052 391
2595 856
1027 373
1423 737
1468 614
2850 741
949 480
799 312
1334 831
3132 955
1055 694
712 312
1381 524
1420 526
1494 629
1958 638
2832 830
1400 742
2053 532
1235 377
1660 488
1632 516
2272 908
2024 937
1059 500
559 312
1013 312
1209 441
2041 806
1908 638
2512 963
2061 840
1071 692
1423 903
1754 883
1160 690
871 405
1986 866
3676 927
1395 828
1295 697
1704 897
1327 517
1461 459
1512 403
2497 921
1990 656
2539 897
2045 947
981 312
1580 677
1852 766
2182 947
1528 942
1282 663
1723 857
571 312
1612 660
2564 998
1192 479
1332 469
2418 944
646 312
1391 924
1456 632
1612 561
1930 731
1784 813
1306 730
1807 813
1284 480
1524 633
1471 747
2283 997
1288 842
336 312
2184 923
1384 471
688 312
2083 628
810 338
766 312
3110 921
3209 949
1881 798
1801 527
1279 666
763 410
1217 730
1819 976
1957 976
1360 547
1969 873
2016 980
1968 716
1150 697
2103 650
1032 405
2207 739
2348 820
1285 899
1372 705
2004 973
839 475
1332 952
1007 459
1333 730
693 312
500 312
852 516
847 500
2558 989
643 312
1330 730
1877 632
1771 931
1361 773
1739 898
1276 486
1226 478
1904 619
1836 451
993 374
2012 795
2054 898
1826 917
1380 958
3365 975
1326 563
1979 673
2378 710
1192 370
2086 894
1693 842
3277 993
702 312
1844 871
1736 724
3134 937
786 388
1648 687
1405 923
3959 943
1709 804
813 411
977 653
3032 980
2367 806
3353 782
2131 949
2314 757
1152 696
1846 569
1386 372
1227 802
1570 517
2218 963
1667 492
1770 825
1741 912
3220 903
478 312
2487 890
2052 643
994 312
1545 731
1808 798
1396 695
1824 827
2333 691
1149 820
2275 943
1887 660
1301 548
1602 818
1280 849
1508 866
1784 752
893 327
2387 747
1624 560
2175 736
1547 760
2680 757
1224 533
1112 604
1207 343
3497 984
1379 762
2845 943
2167 683
1469 917
1843 894
1124 725
2017 866
1665 719
1983 820
2773 954
1116 312
1317 666
1582 897
1558 683
908 373
1577 580
1975 666
1152 649
1977 827
2589 949
2689 992
635 312
2048 909
1773 798
1053 462
3322 911
2333 958
2349 811
1948 947
1805 719
1159 642
1493 602
1416 493
2603 851
691 312
1874 667
1777 818
2020 890
1154 684
1266 442
977 422
1725 880
958 312
2579 953
1421 529
2734 719
2961 910
2879 945
1579 469
1339 917
2137 493
3385 871
2202 945
1046 400
1598 919
1935 749
1032 582
811 391
2693 980
1750 730
1769 738
1323 509
2876 965
1190 656
1812 914
1064 358
1235 656
1819 944
1790 830
1425 963
1468 642
1057 406
1524 963
959 481
2441 644
1038 400
2146 977
2533 761
3041 970
1318 738
3446 773
1871 993
2378 954
854 346
2920 978
1551 982
2302 930
680 312
736 338
794 312
1869 891
1381 470
2443 949
1055 622
2369 949
979 485
1564 580
1822 829
1193 465
1117 687
1561 669
1301 639
2273 469
2239 913
1194 484
1499 624
1317 689
1376 935
2116 855
2561 993
1749 786
826 312
1983 869
2114 942
2115 790
1651 827
1578 710
2504 875
855 320
1441 829
1561 883
1659 667
1478 730
2066 981
1345 777
1793 848
1996 820
3142 979
2628 849
2200 710
3623 949
3687 984
841 312
2453 752
1038 425
2215 969
1418 475
1749 785
877 312
1118 730
2704 819
2623 954
3422 827
1046 360
2256 813
1014 347
1432 807
1377 417
1964 773
1356 821
1600 858
1999 912
1088 459
1101 351
1018 584
1601 889
1245 638
2959 944
1957 687
1861 926
1836 658
1446 666
1562 643
2728 937
1564 753
1477 718
901 336
1900 849
1137 697
2651 984
1099 423
788 312
2255 871
2226 812
1306 716
2051 957
2271 956
1679 524
2711 872
2123 725
1519 641
1911 854
1153 721
3197 942
3330 927
1935 883
1725 727
1325 493
1920 975
2479 847
2440 826
1935 978
1315 637
625 312
1910 800
1715 462
2046 666
1540 574
1602 944
1312 555
1600 666
1460 632
879 350
1606 896
1154 707
1589 643
1642 584
1253 745
1108 696
1774 839
1176 694
2373 890
1069 312
2100 988
1589 820
1115 611
550 312
1937 501
3720 957
1994 952
1785 788
2070 753
2066 749
2085 893
1018 312
1605 848
2062 972
944 382
1419 619
2149 699
2319 890
1243 873
1438 668
2557 832
1574 731
1769 897
2464 824
2008 579
2529 854
1926 906
1588 757
2161 925
504 312
2167 873
2069 891
2238 796
1982 735
1968 880
2208 690
2076 600
3865 879
2756 934
1236 370
2099 822
875 563
420 312
441 312
2783 889
2413 831
1693 869
2811 978
2229 871
1895 688
2746 973
1131 634
1417 947
2050 895
1393 926
1270 422
2097 658
2407 922
469 312
1287 553
1403 725
877 312
467 312
3112 978
1877 722
1627 563
773 312
2088 977
744 312
2018 693
1358 705
1370 434
946 558
1179 346
657 312
2808 965
1558 742
761 312
2234 737
2001 954
1661 809
739 372
2340 997
1745 923
2581 651
1349 818
1455 758
1797 941
1475 671
2731 909
1123 642
1482 782
1866 647
1220 659
1685 730
3082 876
649 312
2257 940
1734 811
1753 643
1021 517
3249 897
2723 812
1716 432
1923 832
3214 970
1833 870
1432 618
2477 734
1279 451
1290 842
562 312
1487 991
873 360
1414 695
838 435
1925 872
1678 939
1148 417
944 312
869 456
1330 666
3568 897
2050 751
2046 733
2020 883
1828 773
1724 572
3240 993
1496 818
1599 488
429 312
1660 725
1604 693
1624 921
2305 871
1676 795
769 390
1670 469
1664 944
2323 812
1691 895
2528 814
1927 957
1028 658
1033 518
2448 979
788 440
1326 924
2206 978
2107 893
1662 775
1913 862
938 378
1518 839
1611 446
1965 423
1952 821
996 420
512 312
561 312
1348 813
1831 720
1231 639
1790 782
988 489
1997 737
1394 791
1639 690
1766 870
2108 776
939 500
1038 553
958 312
2509 813
1771 777
1824 589
1451 658
2067 871
1479 666
1886 646
1447 847
918 918
2237 918
2121 913
1780 980
2970 693
1537 596
2632 892
630 312
2385 913
2043 731
2214 798
826 312
807 312
2327 944
917 382
1779 832
1963 734
2587 866
2361 782
2218 986
1920 827
1650 745
2201 752
1290 444
1573 619
1395 580
831 312
1205 727
2213 777
1968 753
1124 791
1199 749
1569 694
2128 977
2043 997
1400 926
1260 478
1818 563
1386 779
2052 723
1195 465
388 312
2211 744
1763 736
1332 893
1303 479
983 572
2176 897
1486 731
908 348
1673 580
1986 849
1987 939
1834 846
1726 635
2025 489
2301 731
2528 888
1310 963
2699 993
2222 908
1914 604
1686 666
2227 782
755 312
1540 789
1453 531
1812 957
1965 890
1944 751
1288 407
1703 759
1531 976
1743 827
3252 975
2982 992
1031 629
1440 532
2229 683
1731 813
1919 974
1847 634
1456 868
2339 922
1582 543
1682 802
1162 408
1372 952
1984 884
2166 820
1550 505
1859 812
1302 386
1194 814
1791 628
2014 866
1890 894
762 312
3040 824
1708 856
2326 997
1487 947
1786 628
894 312
2075 735
1459 944
826 312
1333 402
1022 508
1551 421
1688 908
1982 798
693 312
2505 707
1290 421
2262 827
1936 883
3303 978
1778 981
1231 331
2074 914
2441 907
1990 621
639 312
2207 926
1340 526
2118 801
1103 595
1895 441
1425 917
1239 757
1169 604
1835 542
1125 709
2887 879
2446 773
1247 542
1610 560
1953 807
1272 505
3419 926
1606 396
1148 619
2415 997
2537 895
1093 457
2469 875
2057 1000
2403 866
1824 923
2741 942
2574 757
2889 948
1814 831
2455 694
2652 882
2363 984
2077 775
950 552
1377 667
1713 428
2567 628
2582 759
2832 873
2238 820
1951 908
1854 876
1215 749
2429 891
1744 941
1325 533
3522 956
1728 745
1657 791
1802 882
1388 511
3463 921
1209 873
1055 469
2369 679
1838 699
1599 739
2185 629
1258 711
1312 494
2090 852
958 425
2348 789
1576 500
2174 989
1350 534
1295 843
1019 312
2126 905
1601 521
1782 957
2754 894
1329 464
1404 432
1461 901
1096 749
1306 572
2369 723
1216 688
1067 697
1427 606
1560 730
2035 992
2472 944
2073 935
1028 331
2690 922
2145 875
2509 947
1630 767
895 312
1377 526
1285 949
1633 675
2091 753
1938 967
1529 499
1931 831
2426 749
1453 632
1868 910
1884 620
2126 889
2712 898
1462 937
1745 653
1959 888
2489 802
677 312
1211 312
1049 487
1979 831
1027 584
1727 822
1914 831
1970 666
2240 801
2324 844
2196 946
2840 980
1483 816
1140 405
1491 873
2251 905
1816 502
1501 566
1829 968
2246 547
1828 532
1557 688
1741 991
1206 730
2492 869
2289 674
2771 967
2063 921
1909 651
2526 801
2158 833
425 312
991 460
2240 941
2173 862
2224 560
2915 689
1366 812
2467 848
2421 824
2324 840
2243 925
2106 798
1803 594
2401 968
2597 869
1505 901
1903 849
1682 643
1359 505
1458 727
1326 550
1236 501
2423 864
1663 804
1646 782
2145 526
1829 647
2309 759
2631 982
1447 918
2149 777
2354 940
1506 707
3001 955
2060 891
434 312
2469 774
1196 883
1870 574
2101 619
1806 648
645 312
2859 569
1808 804
2112 689
1521 543
1945 824
2617 907
2771 954
2030 742
1498 685
729 312
1359 981
1593 923
2647 889
1743 542
2012 725
1136 361
1359 493
2456 924
1126 643
926 355
2678 729
1956 883
1245 439
1255 556
643 312
1620 945
1927 520
654 312
1578 572
1151 520
1432 555
1722 738
1601 869
887 397
1633 666
2092 954
1252 476
1347 839
1951 692
1273 408
3109 912
1649 709
1793 758
2502 901
2824 956
1719 880
2785 957
1254 438
1422 683
1768 581
2070 965
2454 814
952 470
927 312
1685 668
1074 456
1880 779
1622 651
1591 617
1955 480
904 312
1494 891
1084 385
681 312
3154 848
1777 807
973 312
1696 830
1119 595
2501 942
1146 730
1724 716
1756 640
1916 720
1414 527
1288 385
1320 685
2090 915
2165 944
1718 547
1359 611
1298 612
1715 719
1080 622
1260 480
2309 752
2015 848
1328 811
1222 893
2435 644
1565 893
1564 866
1233 532
1545 876
990 470
1617 643
2325 888
2265 862
2899 997
4008 791
2304 773
2233 925
790 338
1577 635
1824 793
1436 403
3032 889
1270 452
1374 509
1042 452
1007 616
1259 733
1291 573
3060 948
2390 975
1703 787
1526 642
2118 690
1304 757
1401 840
1333 496
2003 889
2182 574
2223 782
935 389
2011 668
1683 968
1360 479
1829 927
1686 484
1617 806
1236 727
1699 775
2211 897
2502 911
1712 827
1724 772
1759 818
2180 666
980 377
1535 871
1154 532
1604 898
2016 764
2255 707
1572 975
1189 542
1913 842
1891 515
1266 548
1471 667
957 430
2221 739
2966 868
1650 742
1310 643
1605 540
3011 943
3261 956
1693 889
1517 470
1975 782
1670 583
2074 666
1580 846
3170 911
822 312
1783 899
2438 847
1128 378
1895 582
3610 873
2449 985
2244 888
1284 666
2101 908
2376 975
2376 952
2685 912
1535 538
1985 857
2134 939
2957 802
2889 782
1496 842
2107 981
3071 691
2010 896
633 312
1526 457
1880 640
1803 628
1933 648
1939 892
2431 744
2184 981
1789 674
2192 871
1464 608
1742 687
1190 706
1562 908
1892 506
2146 919
2321 739
2187 802
1472 869
1130 326
1048 456
1922 901
1317 958
1297 580
1786 561
1578 715
1666 718
426 312
1881 981
2069 802
1181 492
1231 666
2215 792
1329 881
1231 909
1498 935
1649 667
2191 870
1501 643
2224 802
1431 913
844 363
3149 807
1159 546
3032 904
1697 813
1386 779
1154 468
2362 651
1985 851
1491 901
2255 854
2328 913
2580 747
1877 898
2623 963
1554 489
1887 705
2195 730
1365 789
2267 975
1457 730
1352 956
961 312
2558 964
1810 638
1581 710
1034 372
1734 705
1513 643
1012 542
1835 970
2942 943
1750 745
2082 674
806 492
2700 993
1617 746
1098 581
1908 884
1924 830
2687 751
768 396
1695 564
1614 944
1004 385
2034 980
1190 624
2436 680
967 494
1641 818
2682 819
1101 633
1739 669
1681 807
1656 893
685 372
2271 896
2079 965
1416 583
1483 633
1818 917
1268 843
1564 915
1425 509
1775 735
1206 685
1461 679
1279 396
3075 784
1412 456
1871 753
1104 708
1641 629
1882 908
1465 427
1035 461
2201 884
1090 553
1776 390
1528 762
2105 640
2323 852
1511 982
1823 745
2373 887
1529 612
861 312
1102 542
1274 840
1930 465
1835 813
1180 524
1259 638
1254 804
2027 850
2272 844
2421 978
488 312
1124 471
1791 948
1206 629
1430 942
2774 914
1631 642
1224 617
2332 954
1721 917
1784 832
2118 736
1115 480
1997 952
1980 690
1391 635
1004 348
1658 778
2626 980
2107 980
1990 588
1333 745
1958 716
2671 869
2002 863
1684 484
3522 812
1467 478
2212 668
1322 332
1330 702
1645 707
1937 914
1858 957
820 312
1987 820
2590 786
1030 509
2164 957
1736 724
1496 788
1813 564
1058 443
1475 553
1076 628
2623 973
1217 370
1181 342
2174 922
1701 923
1422 416
1464 688
1220 518
2371 985
1618 774
2147 839
1923 378
569 312
2037 949
1916 965
1474 655
2149 871
1775 540
2203 862
2268 855
1812 918
2112 810
1714 893
1206 409
890 327
1519 697
2200 974
1368 800
2633 866
1937 943
2191 821
2977 897
1860 930
1752 532
1884 893
2269 812
1806 655
1137 735
1965 819
688 312
1651 779
647 312
1620 906
1128 499
2850 835
699 312
3218 821
2016 696
2930 782
1153 429
1055 581
2226 441
1301 451
596 312
944 640
2150 735
1886 822
1853 761
2390 732
2736 729
1891 910
2362 742
1063 608
1590 791
1187 534
1688 875
2514 873
2785 674
1790 632
1757 749
2438 764
1827 643
837 441
2332 935
1808 697
2506 683
2014 840
1891 797
1238 373
1822 798
1237 360
2741 869
3926 925
1347 818
1533 716
2352 903
1879 515
1243 732
2011 849
1174 489
1531 815
1966 981
2302 666
1374 518
1928 710
2909 957
1658 733
1846 793
3127 970
2275 982
893 373
1581 737
2978 709
1056 743
2520 777
1824 782
1288 710
1772 867
666 312
1909 816
1832 972
2453 901
1331 638
2717 777
1333 512
2273 651
2839 911
1496 602
1585 531
1748 944
2016 839
2058 882
873 312
2405 947
3070 956
1264 481
1868 656
907 326
1735 982
1195 792
2229 630
2525 832
1453 458
1165 458
1289 611
2622 986
1220 475
1784 824
1352 561
2415 993
1707 943
2175 723
1674 724
1697 742
3699 989
1707 915
2580 916
1511 563
2491 857
2001 883
2554 855
1293 421
1645 582
1686 903
1370 738
2040 863
1144 430
1887 878
1888 619
2029 751
1537 721
1588 681
2515 908
1351 715
2064 735
1750 979
1060 638
1384 876
1539 416
2377 876
1470 827
1702 949
2752 981
644 423
1274 862
1249 469
1379 841
1332 518
1026 623
2521 809
1817 942
1560 688
2288 975
1502 489
2045 611
2598 898
456 312
1530 629
2160 619
1602 730
1336 469
1584 400
1219 485
610 312
2777 947
2246 672
1241 602
853 379
1247 775
1916 963
1372 718
1371 446
1908 849
1326 432
1333 511
1436 759
1531 671
3087 989
1618 608
1737 603
2028 719
1850 681
1593 630
1441 612
1254 719
1715 774
1610 806
1438 895
2413 757
1719 441
2553 744
1669 477
1985 685
2158 944
1387 555
2779 915
2203 953
1960 692
894 474
2393 1000
1999 899
1295 912
2899 851
2321 752
2773 791
1132 558
1913 899
1994 633
1475 542
2329 848
2770 913
1878 899
1529 721
1754 647
2018 915
2335 745
1958 661
2494 897
1944 822
2310 970
978 396
2026 978
2009 511
1861 777
2468 901
640 312
812 351
1405 500
1805 801
1820 774
2702 866
3164 948
1723 901
1604 849
1181 534
2171 680
2413 830
1789 535
1848 840
1076 685
1261 501
1969 801
2411 773
2039 902
2357 970
1637 589
785 381
1512 901
993 446
2324 809
610 312
3096 927
2158 873
1172 351
1077 405
668 312
1437 681
1297 761
1864 739
2616 671
1568 451
2185 846
2516 731
1403 774
3465 897
1755 848
1829 514
1230 409
1671 970
2637 801
1333 582
1879 818
1943 883
2281 875
1821 916
1247 378
2123 658
1839 621
1586 423
1489 591
697 312
2346 813
1401 520
1931 952
2056 914
2568 736
1736 997
1591 903
3547 914
1765 830
1462 948
2550 997
758 351
427 312
1961 847
1372 868
2124 898
1979 1000
1583 405
1762 514
3007 907
1153 818
3831 927
942 438
2502 619
1960 896
1336 914
1485 897
2995 819
2208 833
625 312
1374 542
1891 859
2509 981
1772 942
2284 820
2073 643
1516 629
1812 921
1693 706
2022 735
1572 677
2380 945
1381 628
1685 828
1717 902
1706 690
957 484
1566 731
1707 660
696 348
2044 731
1149 605
3096 792
2210 951
1746 524
2176 515
1548 970
1810 840
1074 511
1306 502
1057 422
1043 489
2762 892
1527 643
1575 441
1535 749
1687 583
1628 694
1457 465
1622 897
1762 806
1352 467
1468 656
2147 683
1803 690
911 312
2242 918
1637 529
1883 635
1216 631
970 430
865 348
1113 312
2249 897
2663 792
2107 927
2219 478
2659 824
2430 927
2073 669
2109 736
3497 879
1032 373
1277 458
1414 507
1678 857
879 480
2458 764
1407 532
1904 675
2347 889
1405 619
2285 757
2139 777
3634 965
1697 677
2269 914
1345 312
1264 435
978 582
932 312
2335 693
1442 642
1939 894
2351 893
1388 666
1015 491
976 363
1394 677
1954 812
1206 348
3206 875
484 312
1860 859
1061 532
1185 373
976 495
1713 869
2385 596
2078 753
1871 469
2359 739
1392 846
1197 619
1163 793
2106 984
1425 717
1190 386
2481 727
1486 907
1890 818
1169 417
1754 733
1212 340
2024 736
3041 851
1919 828
2072 967
1952 984
1071 710
1278 501
1874 806
1299 388
1456 688
1748 642
2068 976
1405 617
1785 913
1465 584
1555 981
1041 595
1837 965
2454 956
1909 711
2071 943
1182 582
1891 791
2467 913
2184 946
872 347
497 312
2139 957
3008 811
1228 322
1410 944
1116 479
1066 508
1854 804
2445 873
1974 620
1159 757
1176 820
977 589
2507 949
1871 875
1988 710
1167 502
1437 882
864 438
2050 973
973 312
1444 883
1523 789
1492 467
2078 820
1622 998
1674 633
1125 507
1820 891
2560 734
1638 694
1567 753
1904 818
2529 855
1625 382
2137 687
2241 993
1821 572
1849 628
1956 880
974 355
2181 897
2194 697
1511 513
2096 753
2637 991
1788 853
1219 683
1488 708
1920 849
2318 697
1886 875
1132 513
1326 666
1411 759
1508 745
2237 656
2140 855
1249 667
987 628
2103 948
3059 896
2636 957
1895 731
1279 542
3010 908
2053 914
2429 816
1082 432
2284 1000
2943 742
1573 815
2165 795
1040 589
2051 777
1077 667
1986 882
1202 477
1974 693
1289 451
1123 635
1221 614
2444 795
1740 822
1651 563
2979 947
1279 580
2019 948
3788 944
1675 628
1328 513
732 312
2287 915
1186 492
1249 478
3350 942
1512 663
2210 965
3656 981
2411 759
2229 901
1319 409
1704 881
2107 656
2382 980
1886 614
2192 749
2213 905
1805 495
2463 782
1730 739
1708 524
768 312
2644 896
1532 643
1455 820
2401 801
1127 379
1567 681
2209 758
2298 648
2970 915
3044 898
1771 827
1227 896
1200 454
1549 604
1725 632
1249 478
2351 692
1809 795
1590 730
2537 673
2518 828
1840 616
906 403
2489 940
2237 691
1676 868
2553 876
1549 502
2402 993
2403 843
1917 739
1018 441
1974 988
909 312
1903 501
1565 847
1567 457
2545 862
2400 883
556 312
2203 888
1095 509
524 312
2661 970
2987 801
807 348
1385 485
1732 730
1169 372
1492 617
1859 827
1831 659
987 422
1658 691
1597 919
1599 948
2098 880
2350 668
2022 745
1257 611
2252 926
1872 747
3177 927
607 312
1115 462
1991 723
1350 919
3144 812
2820 914
2212 968
1191 688
1245 696
1142 531
1361 548
1542 574
1736 612
1815 853
1670 687
2596 947
1370 782
1041 342
1502 899
1757 947
1373 811
671 312
1110 667
3035 883
1614 944
1912 997
1294 658
2474 913
1810 882
1132 342
960 312
1721 898
1787 508
777 312
1078 558
731 312
545 312
825 389
1372 470
1520 747
3559 927
1775 666
700 312
1890 469
2367 731
992 492
2699 907
1581 998
1599 764
1043 427
1599 795
2052 908
1460 677
1910 786
793 374
1688 572
2490 690
2922 912
1916 563
475 312
2269 974
2687 718
2129 720
735 312
2699 981
2043 921
1967 942
1758 560
2247 824
882 320
3010 842
1730 942
1276 402
579 312
1509 467
1781 944
1700 897
1234 463
1586 542
1632 730
2187 828
1438 594
1256 617
1628 533
2753 908
1727 742
1874 891
2201 651
2059 898
939 477
1588 655
1828 921
1526 746
1221 688
2634 844
1208 642
1919 569
1121 341
2409 876
2204 883
2087 911
2407 913
395 312
2094 899
1742 745
1269 688
1275 724
1103 683
1740 563
1596 450
2420 719
1283 502
1969 897
1562 400
1356 822
1185 650
2047 993
1681 961
3136 883
1553 798
2228 902
2610 842
904 312
1100 531
1644 449
1311 478
2059 975
2474 926
1915 475
1634 981
1090 432
2589 851
1120 442
1548 945
1717 816
1783 746
3046 982
1768 583
1771 635
2981 944
1303 459
650 312
1375 529
1810 839
1141 639
1525 875
1536 574
1125 772
1968 935
1244 507
2121 827
1358 458
1339 647
996 312
1516 432
1063 378
1380 789
3161 956
1294 532
708 312
1288 725
1043 656
2261 537
1659 809
2998 830
1245 719
1739 563
956 327
1529 710
1590 631
1586 622
1434 604
1025 470
791 341
1683 853
1154 504
1943 490
1710 442
1911 943
2961 969
1189 502
1816 802
2176 947
1909 452
1789 876
1341 449
1905 871
1780 951
1468 658
2511 849
2264 947
956 472
2346 752
2057 735
590 312
2092 826
2011 739
1399 715
2055 896
2613 810
1660 509
2201 866
1876 742
2158 581
1520 459
1909 584
1496 683
1858 623
1941 563
2208 777
906 420
1534 385
667 312
1835 642
2567 757
2514 824
1627 549
736 312
793 340
2248 771
1265 323
1736 459
3333 963
2084 910
2031 771
2923 831
1442 742
3147 955
1672 472
1222 739
1686 599
2555 965
2067 933
2251 965
974 432
1993 757
2576 965
470 312
2643 835
1484 478
1437 798
2230 564
2903 927
2014 727
1446 694
2439 882
2255 835
827 371
1823 643
1676 518
1666 890
1690 660
1175 629
886 455
1439 671
1303 656
2128 968
2093 893
1538 797
3071 935
1251 500
884 312
2429 918
1154 840
1993 914
1340 452
2094 855
2125 869
1287 628
1371 442
1226 542
1739 926
1570 581
1873 731
1802 809
2450 882
2681 955
1517 888
1456 658
1788 647
1630 910
1962 729
1442 707
2346 852
1130 602
861 413
731 312
1105 312
1778 949
1878 897
2846 673
1061 493
1142 658
2354 912
931 312
1075 558
1170 446
2362 629
2604 875
1308 706
1442 866
2887 884
882 436
1770 869
1203 757
2092 849
1186 410
2444 795
1852 831
994 375
3238 979
1787 827
1612 558
2480 913
1359 357
2325 933
1366 999
2190 897
2402 801
2757 810
1532 745
2165 902
1485 731
1792 740
1714 666
1701 847
2011 844
1935 933
2270 876
1531 492
1348 470
1712 647
1419 623
2072 628
1799 947
1791 880
1838 647
1839 480
2538 822
1407 689
1684 520
1151 480
2109 842
947 312
1918 819
1189 511
1182 776
1252 385
907 335
2349 915
1879 951
1179 572
1481 927
1515 798
1807 752
2343 890
2242 913
1433 902
1601 779
869 312
2036 710
1030 584
2609 847
1552 620
1871 757
1436 385
1443 458
1184 432
2026 825
2333 870
3349 989
1321 867
1222 578
963 350
2138 781
1432 800
1445 964
3071 952
2059 973
901 457
1991 657
2197 832
1489 841
1542 694
2628 795
2134 896
1223 563
2657 937
891 339
2624 851
2470 572
1877 656
2160 774
1988 897
2393 734
1324 696
2205 754
1349 679
3157 956
1181 387
2106 742
1765 776
2024 600
2091 849
1628 634
2070 978
1751 629
1450 727
2095 839
780 456
1723 590
1290 891
2025 943
829 410
1728 629
2940 873
367 270
2260 625
2758 986
1797 697
1947 852
2126 859
1790 633
1737 564
860 417
1046 427
2226 692
1499 854
3056 944
1423 544
1325 773
2398 883
2454 777
1791 898
2215 868
3174 975
2219 674
1495 650
1286 849
887 540
2112 617
2485 746
1570 761
2357 914
1092 341
1380 937
1400 792
1614 730
1603 654
2455 875
977 348
2056 908
957 507
1559 864
876 464
2251 950
2106 450
2384 939
1504 691
1001 656
2012 758
2158 812
2673 789
1221 432
1780 746
2722 961
2348 822
1191 563
1170 467
1791 802
1113 658
1375 658
1619 719
1499 849
2227 806
2541 827
2430 873
1389 811
521 312
2209 939
1993 643
958 312
917 337
2568 830
2677 827
1326 387
2073 642
1321 457
2681 901
1590 918
2255 680
1476 727
2020 913
1726 707
2007 782
2667 812
3082 835
1983 949
3053 955
1076 708
2199 933
2401 782
653 312
1774 737
2138 904
2307 520
1280 867
2126 707
1359 513
2194 891
580 312
2523 795
1755 520
1959 842
2105 488
2389 757
1408 921
1558 937
1688 658
1712 818
2126 998
1426 555
1493 619
1749 895
1436 970
515 312
1511 699
1162 774
1216 489
2217 848
471 312
1598 822
1378 470
2130 736
2213 926
579 312
1238 617
2062 857
1626 930
1757 611
1226 502
1896 777
1396 749
1140 563
2476 857
2292 788
857 417
1274 919
1590 640
1938 955
1786 772
718 312
1604 548
1916 863
1572 958
960 427
1464 635
1341 638
1521 666
1050 553
1988 651
2243 953
1599 996
1550 637
2308 855
1183 706
2686 876
1381 619
1413 368
1753 901
1827 711
2620 922
1557 441
727 312
2437 979
989 312
1529 619
521 312
1825 996
454 312
1263 563
1086 372
1095 683
1818 518
735 381
2475 729
1209 656
2249 948
1897 824
1743 618
1951 898
2609 906
2382 548
1658 617
3276 935
1581 828
2596 693
843 312
1620 734
2258 723
1263 496
1750 764
1469 592
1177 747
1810 954
1210 540
2300 902
1007 353
2387 889
1601 721
2437 863
1528 759
937 355
1630 567
1444 633
1714 605
1745 813
925 373
1157 484
2442 889
2207 553
1238 458
1461 650
1531 400
1550 534
1436 818
2137 619
2660 729
2255 797
1000 417
2859 888
796 312
1486 752
1708 707
1307 952
1486 643
1689 515
1545 730
3483 981
1297 901
1998 684
2120 869
2106 969
584 312
2166 866
809 351
3206 907
1493 603
2781 694
1925 830
1551 708
999 434
2839 890
2057 807
679 312
1130 592
794 312
3180 744
1942 939
821 312
837 312
2519 963
1970 945
2460 697
1610 487
2554 744
1557 776
1315 798
1855 654
3242 988
1784 495
2684 942
929 358
682 312
2349 839
1201 457
1533 751
2635 997
1516 617
1645 675
1020 572
2705 925
1548 693
2602 854
1938 742
1158 786
915 370
1405 582
2742 658
2166 812
1644 847
1364 968
3315 965
2211 683
1665 649
1409 549
2373 898
3041 951
1364 617
1984 859
1967 996
1640 905
931 479
1814 884
716 312
2664 979
1445 681
2400 949
2462 890
559 312
2217 807
1183 666
1728 906
2050 828
551 312
1464 827
1602 451
1329 629
1868 943
997 727
2414 791
2385 777
1343 516
1788 795
2685 897
1701 729
1526 531
2584 693
1229 553
2694 956
1058 452
2680 956
1166 480
562 312
1546 532
1713 634
1326 518
1224 379
1238 580
694 312
1160 458
1295 883
2108 694
1990 736
2126 913
1921 635
1657 793
2315 905
1869 840
2160 934
1738 928
1433 657
2033 919
2383 975
1491 548
1513 591
2374 849
1641 974
2333 643
563 312
2684 777
510 312
991 400
1935 798
2759 868
1969 839
2452 871
1938 666
1784 563
1620 754
2009 893
2002 616
2807 782
2098 927
1388 532
1727 919
1341 954
2098 812
1322 841
858 341
3203 871
1338 864
1643 368
1792 822
2020 660
1026 465
2119 564
894 331
2095 581
3024 782
922 405
2988 944
1802 813
1243 719
2677 945
2262 888
1658 963
589 312
2148 750
2318 884
1076 312
3145 993
619 312
1545 896
1325 851
1760 944
863 516
1304 449
662 312
1515 752
1932 490
1651 505
1253 764
1740 942
2877 806
2276 939
1440 677
2042 777
1628 715
1951 753
1265 717
1442 635
1241 578
1997 941
2287 898
2372 921
1698 730
1677 777
1139 388
1794 968
3528 922
1759 813
1231 656
1946 619
3470 957
2084 810
1348 882
1523 532
2464 839
2042 950
2244 956
1309 666
1988 515
1579 846
2260 710
2486 855
1603 767
3150 927
1999 643
1357 657
1387 847
2837 909
743 312
1749 671
1147 666
2692 974
2068 801
1396 919
1479 706
2217 827
1581 480
723 312
943 405
1663 364
2298 975
1271 312
2537 693
1934 999
704 312
3026 923
3207 965
3137 723
2366 915
1185 381
1987 488
1726 797
2374 923
2464 981
2053 899
1340 603
2013 856
2203 956
2051 531
2443 903
2768 978
2561 839
2202 948
1646 558
2540 916
2636 913
1260 666
1687 679
1325 798
1680 731
1928 757
2442 621
1566 658
2141 963
2636 986
1508 937
734 312
2143 658
2156 645
1571 917
941 501
1928 948
1480 859
2862 798
1779 470
1582 737
2447 947
1689 660
1851 949
1047 552
2164 647
626 312
1642 580
1104 405
2947 975
1949 709
1670 610
880 496
1505 919
1994 896
1058 422
1185 582
1147 632
2095 873
2378 942
1912 979
1795 951
1869 873
1127 382
2400 730
876 312
1040 357
2008 847
2643 940
740 312
2939 950
1883 629
545 312
545 312
2387 711
2813 909
1904 493
3754 873
1776 760
895 440
1547 477
1423 599
2097 790
1659 831
2300 944
1191 827
2184 798
1374 759
1554 679
1899 923
2232 791
1130 379
3066 821
2367 926
2986 943
1219 502
2684 923
2955 974
1653 963
2970 957
2965 790
2220 882
1860 922
1941 531
1353 688
1757 754
1188 541
1546 459
1646 868
1698 757
1742 877
2621 989
1360 628
1902 651
2713 820
1399 563
1741 632
2528 907
1951 553
2260 927
505 312
3652 871
1523 756
2292 902
2330 951
1748 520
1937 742
2808 758
569 312
2609 903
1640 629
1736 623
1530 589
1390 663
2268 934
2047 503
1864 656
2224 950
1239 689
1581 590
1395 563
1938 707
994 467
1134 481
1247 632
1785 446
1833 719
712 312
1794 690
1219 451
2160 942
1784 484
1121 617
1188 482
2480 827
1109 580
1562 500
1392 792
983 312
1159 617
1831 547
2040 503
1229 753
1111 550
2003 766
1985 922
1945 827
910 549
1324 385
1400 508
1980 602
2052 788
573 312
1449 368
2511 920
436 312
1278 784
2262 692
830 312
2478 757
910 477
1690 720
1671 350
1683 846
2343 970
2734 683
2004 647
2322 821
392 312
1868 672
1037 365
938 391
1517 566
1722 816
487 312
967 512
2795 942
1207 737
1669 791
1738 658
1841 827
1789 757
1430 745
2692 970
2760 942
794 312
2592 873
1306 864
1858 660
1342 357
1092 619
1535 421
1120 312
2190 747
1678 574
2885 956
1271 546
546 312
1705 787
2268 981
2367 892
1483 618
1876 963
1072 405
1187 818
725 312
1621 502
2098 660
3140 879
2510 932
1205 458
1711 677
1551 711
1250 804
2014 671
758 312
1315 806
1483 633
1564 629
1140 370
2928 988
3283 820
1308 628
1689 642
1408 958
2216 761
1002 471
2043 922
2235 942
2066 873
1652 742
924 312
2175 656
657 312
964 444
678 312
523 312
1220 515
1116 513
1778 451
1547 847
1604 520
847 312
1831 937
2790 949
2087 965
1219 464
1721 716
2385 949
1535 635
1500 469
933 381
2349 658
1808 800
1488 514
3672 911
823 312
1093 348
1423 720
932 512
2576 802
1396 569
1447 729
2289 907
1839 853
1355 582
1809 776
556 312
1951 931
1492 957
744 377
2550 729
2015 788
2538 731
1987 762
2813 942
1385 487
1236 312
2047 848
713 312
600 312
1643 617
1955 931
1463 772
1203 759
3182 902
2501 688
2746 857
1503 547
1234 708
1989 843
2059 969
2128 916
2573 981
879 371
1503 691
1783 657
2250 744
2206 907
2150 889
2659 814
1146 534
1826 723
1043 589
590 312
1462 827
1613 735
1834 934
1549 991
1562 617
1832 1000
876 531
1374 683
1843 883
1721 937
1677 666
969 540
2217 699
1611 707
1507 652
1964 866
1315 951
779 446
1559 710
547 312
1628 735
2120 667
1637 757
2329 809
1321 921
2086 742
1695 798
943 312
2929 835
1398 806
1545 943
1956 855
1059 658
1956 940
1629 707
2003 730
1683 908
1982 914
1937 930
1673 619
889 312
1368 757
1791 507
1244 487
1413 509
1297 688
2068 493
1414 667
748 312
2156 863
1440 524
986 370
1320 666
2214 997
1066 622
1037 312
1213 628
744 312
4294 927
1144 685
1984 871
1487 822
2507 916
1211 486
1455 489
1280 611
998 628
1539 364
2204 727
1515 917
2044 912
920 353
2407 937
2293 993
1611 913
1380 574
1984 937
2154 988
1071 747
1886 685
2860 975
2470 779
1481 747
1541 719
1470 659
2053 677
1898 866
1815 818
2553 914
1149 389
798 415
1255 501
2722 883
2276 883
2714 773
2137 957
1904 831
2541 991
1425 532
2619 855
1453 513
2592 947
2306 993
1725 991
2163 827
1534 850
2060 949
1736 736
1185 730
1396 415
1610 604
1035 423
1484 806
1693 531
1657 737
2210 912
2087 624
2006 561
1836 795
3066 830
1359 688
3140 944
1884 778
2011 669
2829 981
1641 640
2133 829
1754 912
1037 471
2498 939
3315 993
2165 859
1892 841
2015 889
1509 458
1139 507
1108 435
1772 556
2762 991
1235 747
1412 850
1576 965
2317 779
1800 501
2454 937
2557 963
2407 996
749 312
1480 739
2471 944
1211 648
1648 829
1434 749
1868 745
1560 789
862 496
1993 884
1689 859
1532 829
2065 827
2427 777
835 835
2179 744
1368 749
2225 948
3109 991
2114 795
2058 582
1549 490
2177 851
1641 567
1115 691
1304 761
1759 697
1982 761
2709 802
2438 970
2290 947
2525 883
3243 946
2558 798
2423 814
1384 692
2017 798
1541 818
2401 786
1383 970
1944 857
905 400
1530 651
2241 786
917 488
1096 312
1474 581
1413 605
1649 730
1732 801
1736 864
1673 569
908 460
2560 816
1845 637
1249 589
1784 889
1216 558
1694 997
2172 494
1314 638
1988 882
1969 866
1306 628
1845 677
885 312
1691 896
2092 947
1353 572
2744 902
1740 795
2779 871
1813 816
1600 452
2650 979
2549 922
2188 875
1705 759
1250 687
1309 696
1025 611
1298 737
1750 963
3563 991
2890 954
1949 649
1262 919
1543 883
1354 357
1876 887
1910 882
1351 628
1751 804
1767 889
1751 671
1665 590
2500 719
3519 970
1720 656
2112 876
2389 871
2248 798
1761 964
875 544
1641 541
2459 890
1551 492
1677 806
1272 720
1628 403
2932 693
2081 812
2238 711
877 312
930 485
1722 997
1610 403
2005 908
1587 680
1898 997
2409 969
837 320
2390 908
2148 972
1172 312
1907 949
1573 388
2651 866
1595 501
1620 696
1076 517
1635 739
1345 434
2220 692
1221 373
1223 421
836 312
1511 859
1131 438
1176 312
1335 771
1455 827
1653 812
1485 632
1298 919
1692 629
1470 899
1876 914
727 312
1602 667
1242 400
1857 923
2308 942
2826 848
2633 810
995 377
2347 875
2042 680
1231 791
1055 475
1620 923
1327 516
2484 882
1140 480
1877 844
2280 824
2321 515
1380 994
1278 802
1540 692
3050 942
1998 963
2492 732
1698 572
981 483
3009 856
1944 441
1868 829
1296 643
1920 652
1950 635
2694 871
2109 821
1436 651
972 312
1799 642
911 346
1617 553
1903 948
2872 786
1065 353
3320 920
2350 975
2007 818
1290 666
2098 495
2978 967
1696 812
2217 903
1938 648
1815 889
1704 531
2185 946
2326 1000
2231 828
2670 996
2573 981
1157 440
1267 532
651 312
1776 957
1448 889
2434 965
1352 617
1888 487
2567 889
1034 440
3169 933
2139 889
2348 818
1485 931
1538 647
2097 492
1706 492
1147 544
1783 694
1867 656
2339 890
1509 847
1516 782
1742 685
1994 782
1554 709
2053 839
2856 742
1136 688
1527 553
2254 981
1283 681
2235 830
1153 456
960 312
601 312
684 312
1227 418
2438 666
1331 706
1632 547
2683 693
2527 898
990 423
1875 947
2782 986
2657 910
1315 697
2293 911
1991 897
3043 831
2188 826
2081 773
1771 904
1942 690
2503 947
2043 709
1677 677
2424 970
1808 940
2629 944
2015 830
1115 480
1852 898
935 489
2566 742
2035 727
954 317
4361 921
1381 407
1925 919
1881 912
2090 677
1693 847
1322 761
2065 925
2016 899
1850 677
1760 904
2384 648
785 371
1538 752
1642 828
2388 547
1436 877
1531 530
1632 652
1282 444
1348 550
1259 804
1883 790
1786 739
2308 875
1281 564
2460 939
2083 914
1564 502
1979 925
2431 954
1554 733
3088 965
1668 632
1911 537
2096 711
1297 643
1498 621
3463 961
1411 452
1512 753
1842 635
1350 443
2051 913
1182 623
2712 991
1698 854
1477 756
1796 731
2646 943
1718 739
780 312
2044 876
1498 979
794 480
2271 984
1020 416
4167 948
2833 975
1684 936
1487 778
1172 526
1940 940
2551 953
1617 991
1494 469
3149 989
2262 563
969 628
1318 382
1719 863
2150 936
1690 719
2470 912
1264 942
1784 658
1434 666
2677 782
1033 520
1605 757
1381 552
1880 883
1632 956
1934 591
2022 830
1645 685
3369 750
2546 802
1967 807
3093 914
1805 896
1683 582
1221 435
788 372
2632 801
1917 581
2489 910
1913 896
1813 871
2091 908
2337 868
1928 827
1746 520
2029 757
1703 970
2459 911
3088 883
1865 801
2651 949
1985 884
2012 974
2427 904
994 456
1771 793
2112 813
1323 629
1540 649
1449 492
901 531
1717 914
1887 541
1257 432
2059 889
1598 827
2379 777
2458 921
918 385
1805 478
2605 871
2671 757
777 444
1539 566
1613 735
1363 451
1586 730
2501 988
1888 928
1996 856
1574 923
1353 965
2606 804
1865 695
2035 771
1618 658
368 312
1708 599
1776 690
1209 547
1126 457
1687 883
2500 825
2244 801
1188 730
914 336
1663 719
1873 579
3091 824
1928 827
1856 638
1955 619
1114 456
1402 509
1681 936
1005 451
2076 884
1398 441
2018 924
2042 941
1546 606
834 358
2597 812
1202 549
1998 516
3034 945
1479 958
2626 925
1523 859
1613 792
1770 777
1962 833
1934 612
1208 531
2715 791
1941 520
1983 948
1456 544
1381 942
2163 944
1310 508
1374 902
1535 709
2106 965
1703 617
1095 741
1829 883
1788 842
2442 643
1845 459
1577 458
1791 700
622 312
1192 564
805 403
1371 547
1418 312
1824 796
1244 792
2243 984
2635 746
828 501
1491 520
2253 866
4150 948
1527 685
1226 417
1433 342
1194 572
2134 933
2765 975
2600 955
1950 942
1117 459
2236 809
2404 997
1913 804
1224 457
2502 764
1775 459
1889 925
1619 688
2310 876
2365 975
778 312
1652 544
1914 997
1303 782
2236 688
1750 683
2076 991
2081 560
1921 804
1953 640
1341 679
1675 856
977 312
1536 355
1269 451
1995 917
1599 408
1547 923
2397 757
1307 842
1600 547
1342 683
2603 928
2568 719
1586 737
1458 978
502 312
1804 985
1363 847
1321 772
2155 847
2072 777
2121 942
2694 788
1710 972
2016 884
762 312
1963 735
2744 822
1798 997
2078 851
956 353
2748 852
2915 922
1250 616
2876 947
1689 782
1569 437
1906 556
1920 372
2367 910
3784 992
1291 582
2790 937
1183 666
1174 350
2134 749
1760 497
1488 649
1713 917
1899 828
1825 775
1626 773
714 355
1771 912
577 312
1466 895
2508 650
2229 913
2088 754
2439 941
2972 927
390 312
1211 348
2292 679
2394 965
2287 707
1855 906
3085 821
1415 435
2508 813
1835 666
1806 611
1092 667
2065 677
1053 717
1248 417
1362 710
1015 659
2059 927
2329 871
1853 762
1946 896
2461 679
959 632
1324 605
1399 751
1043 382
1158 693
2582 965
2111 751
1312 502
1332 724
1646 914
3013 963
1600 782
707 374
1248 902
1718 860
2591 643
2192 734
2527 806
1534 958
1783 925
1577 862
1402 456
1639 782
1170 696
2400 820
2316 830
849 481
1999 798
1892 526
1987 942
1483 814
1879 825
1553 612
2237 788
2943 888
1595 939
2042 968
2727 782
1328 332
3128 978
862 312
1450 772
1643 758
1180 438
2052 732
1694 827
2121 790
1822 731
1357 331
1224 658
1789 889
818 372
1743 494
1133 440
1758 544
1898 890
2054 913
2293 982
953 351
578 312
1610 572
2665 851
1856 882
2314 833
2888 993
1886 730
1295 908
1261 798
2445 909
1895 725
2967 849
1135 451
1961 1000
2454 869
2124 919
2570 758
1991 942
1671 963
1823 723
2270 859
1311 409
2092 949
2189 493
523 312
1522 481
2022 674
1438 666
2076 922
1072 382
1927 715
904 312
2652 921
2811 947
1762 740
1598 733
1346 647
1542 610
1582 812
1127 813
1979 968
2101 801
1658 891
945 489
2536 742
2098 902
2535 746
2553 943
1487 816
2599 1000
2942 926
817 312
1979 617
1975 553
739 423
2470 967
2389 798
1594 532
1355 563
2168 954
922 398
1799 943
1984 790
2367 798
1483 688
1332 711
1787 647
2437 814
2214 804
1111 507
1739 720
1549 896
1077 388
2966 691
1162 405
1936 761
2126 978
2621 876
2733 910
814 355
1162 355
2315 515
1935 905
901 440
1255 538
2908 827
1647 958
1497 747
1690 887
2623 913
1001 378
2260 795
1754 908
2795 901
1912 981
600 312
2396 790
643 312
1663 685
1928 684
1450 515
1509 771
2623 913
2102 945
1725 756
1049 471
2569 988
1926 820
739 312
2243 800
2494 876
470 312
3080 784
2744 919
1790 643
3214 790
2330 848
1100 618
2563 889
1636 509
2760 876
1834 781
1303 459
1709 677
1280 434
2325 912
1704 752
1608 786
1726 511
1281 569
3279 957
2007 822
2769 933
1596 771
1599 558
2274 947
2122 908
771 312
2163 567
1436 582
1540 788
1671 842
2196 675
960 516
3099 927
1602 757
2666 956
944 532
1661 789
1115 739
1141 581
1632 690
784 396
1145 705
2623 596
1405 622
1467 814
2283 419
2198 907
3004 901
1330 742
2598 792
1851 866
1151 400
1631 677
1404 382
1870 871
1406 875
1747 739
1784 852
1564 735
1053 312
2582 816
1441 531
1678 706
1372 619
1441 526
2031 884
2080 679
1287 550
1071 385
2208 916
1135 332
1611 843
1813 829
2192 989
1816 926
1771 698
3494 907
2362 943
2012 789
1999 883
1245 405
1715 742
878 456
1154 643
1398 643
1316 323
1117 435
1497 851
743 312
1010 533
2445 604
1783 813
2534 922
2047 802
2448 899
1418 409
547 312
689 312
1400 757
2138 937
1079 408
2163 572
1396 798
2012 643
2313 804
2249 827
1958 979
735 406
3117 827
734 312
2437 863
1154 637
1432 830
505 312
1073 752
1209 717
1976 965
1590 1000
2651 969
2406 630
2181 619
1677 877
3537 911
2028 919
2905 957
2251 733
550 312
2038 818
2377 729
2316 967
1463 581
2446 984
1705 862
1126 638
2021 707
2024 852
1180 859
1770 820
2087 851
2278 975
1292 667
1100 468
1788 942
1856 963
1853 868
1957 873
1582 922
1149 370
2455 855
1354 569
2118 928
1904 919
1623 669
1970 667
1407 544
1035 312
2128 651
1120 312
734 312
1199 875
2420 782
1816 977
994 493
2111 816
1794 692
2813 922
1417 859
2242 827
2055 951
2880 925
2158 918
941 427
3184 863
2798 792
2076 731
1595 332
1654 882
1803 859
1499 775
1858 732
2223 561
1467 889
2727 691
1987 903
3073 965
1096 666
1685 848
2899 889
1375 512
1987 892
1353 391
1331 735
1152 641
938 312
3113 993
1098 323
2528 939
1722 497
2113 939
1853 916
2045 891
1995 873
835 312
2626 777
1734 400
2269 955
2868 970
1062 443
1794 949
2680 819
1085 366
1249 659
2136 879
2260 788
2148 868
1425 581
2035 912
3389 956
1495 974
1169 605
1372 666
1590 775
1993 842
2403 830
2092 927
2012 923
1979 948
1646 583
1931 848
1338 807
1786 915
2909 965
2024 907
3204 876
2327 731
2562 902
2419 944
1364 547
2357 974
1083 544
1405 603
1923 816
1910 816
2438 901
2262 915
1174 688
1947 738
2060 991
2204 690
927 423
2404 857
2063 503
1635 721
2561 967
1418 856
2273 888
1689 665
1893 782
832 405
1149 400
1911 956
1647 814
1387 454
1217 643
2676 773
1216 446
1345 471
610 312
1941 894
1413 759
1992 707
1434 569
2774 897
1591 710
3047 944
3114 833
567 312
1211 312
1869 747
947 578
1391 641
1135 624
1037 408
880 388
1985 927
1573 666
1367 632
1782 689
2709 981
2229 998
1999 580
921 517
1105 666
1812 605
1135 543
2329 997
2242 832
1392 331
1963 643
2083 944
1906 572
2450 937
1066 512
1365 967
1733 868
2841 955
2244 889
1785 589
1924 732
1526 945
1652 999
2464 949
2205 862
2395 752
1476 963
1812 919
2646 896
1184 818
1381 733
1189 599
1087 312
2437 759
1383 902
2633 939
2838 932
2146 628
802 406
2750 985
972 312
882 320
1357 735
1443 818
989 642
2937 984
1319 603
2845 961
1718 798
1415 965
1681 500
1270 553
735 312
3391 984
2441 633
1934 949
2125 927
2113 901
889 357
1497 684
1754 630
1859 832
1587 407
2516 847
2040 1000
2710 956
2667 984
1912 642
2009 762
1706 820
1839 656
3119 956
2881 914
1877 931
1560 843
2183 718
1395 388
2083 729
933 606
1600 739
1477 623
768 312
2115 839
1720 828
987 422
1618 893
1461 640
1355 798
2839 955
1488 964
2026 827
1721 641
1845 677
1164 332
1997 843
862 442
1564 878
1464 804
2236 902
2403 901
1914 857
1873 693
2626 826
1636 883
946 460
1143 709
1795 742
2185 729
2347 862
2819 928
1071 462
653 312
1048 467
1502 934
2012 892
1724 946
697 312
2005 967
636 312
2753 975
1160 312
652 312
618 312
1063 385
1576 403
1288 811
2223 893
1078 666
902 558
1366 547
1541 711
1340 798
1647 647
1681 786
2117 687
2673 944
3766 948
874 312
3328 927
491 312
1397 388
1672 777
2290 963
2764 913
1354 825
1620 761
1963 894
1656 628
2709 903
1632 432
2918 944
2633 851
1216 739
2503 909
2005 904
716 312
1516 353
2062 913
1774 872
2006 902
2240 926
1411 942
3309 941
2540 777
1674 688
2257 907
1538 717
2763 902
3143 833
2932 773
1697 697
1937 866
1320 921
2212 667
1661 677
1172 478
1219 898
931 464
1137 701
1450 515
1726 822
2652 993
1562 710
1328 878
1294 632
1759 665
2284 997
1485 580
1083 470
1100 312
1486 809
1163 693
2622 932
2102 727
1238 507
1367 584
2439 880
1594 719
1331 512
2806 553
754 312
1585 786
1579 925
2951 849
1843 697
884 378
2072 931
1734 666
2568 969
801 312
1839 949
1153 739
1580 716
699 312
2761 978
2143 979
2840 914
1918 986
2143 821
2102 668
2354 782
1925 560
1658 635
1202 643
2246 725
1679 739
762 312
1757 806
827 405
1813 582
2294 978
2869 947
1917 778
1602 812
2477 933
1950 893
2259 947
1305 417
1630 385
2007 696
1510 640
2276 943
1984 673
515 312
980 312
1487 515
1980 969
2072 978
2178 816
2411 961
1124 385
1662 922
1985 888
2014 928
1332 459
821 435
1652 619
1906 820
1648 901
1027 348
1798 669
1261 441
968 374
2568 649
1620 736
523 312
1458 423
1458 501
510 312
1562 855
1012 422
1804 709
851 438
939 312
2104 855
2750 991
1701 528
3238 981
2037 866
1098 655
2066 643
1199 638
2433 807
1907 629
3190 777
1936 866
1750 819
2615 784
3320 922
2218 749
2005 888
2197 674
1990 842
1294 379
1370 752
716 312
2481 902
2236 968
746 312
1884 963
1458 666
1443 753
2025 650
1901 923
808 346
1265 579
878 382
2233 942
1563 672
1017 375
2406 956
1175 375
2137 832
2262 629
1533 968
680 312
2547 777
1317 782
1370 782
1623 532
1594 681
1507 501
2054 827
2260 908
1697 658
1666 758
1901 822
515 312
1003 312
512 312
1785 535
2133 963
1986 922
1583 500
2199 998
372 312
1605 690
1324 898
1687 644
1623 709
2390 875
1583 745
1715 921
1257 505
1372 608
1972 948
1239 312
1505 592
619 312
1560 884
1383 561
1839 441
1467 638
2280 936
2136 902
1230 462
1035 312
1327 905
2080 970
1156 370
1619 829
1243 469
2001 907
1683 771
1396 730
1644 553
1302 759
2802 922
2098 775
1655 681
781 312
2797 908
1667 790
970 358
1243 385
1711 635
1337 772
1813 802
742 312
1960 895
2556 954
1408 443
1953 997
1769 844
1007 542
1513 637
1319 612
1687 715
1247 312
1014 343
2914 984
3005 944
1475 588
1208 502
2597 901
2340 955
1196 451
652 316
2884 972
2120 866
1240 528
1608 725
1868 643
2089 812
1502 342
857 336
1647 701
1797 652
2077 835
1760 515
1570 949
2506 791
2152 730
1474 500
2686 961
1181 727
2603 876
1684 622
1932 786
560 312
1915 951
2740 831
1938 956
1548 515
983 487
1366 631
1559 341
1814 802
1982 692
2137 970
1785 764
1924 883
1464 720
3121 922
2060 891
1309 496
1951 857
2947 986
1424 481
1572 417
1657 702
2271 801
1719 711
798 364
1353 944
2496 876
1972 692
1241 341
1419 650
1944 957
2489 711
1687 897
2153 855
2394 651
599 312
1908 745
2008 634
862 312
2263 690
1393 715
2117 795
1875 855
1286 603
1791 789
730 386
1319 547
1120 408
2432 734
2596 965
1819 612
1987 782
1521 581
2380 871
1179 312
1771 658
2108 956
1282 935
1366 901
1442 348
2291 734
1176 705
2698 691
1356 883
1855 790
2231 831
3201 750
1930 651
1701 908
829 502
1538 632
2655 841
1087 418
2467 919
1273 549
2331 788
2508 889
2206 816
1070 672
1265 531
1297 782
1462 718
2912 880
1579 848
606 312
2650 820
3184 746
1320 481
1885 782
2021 654
779 312
1903 957
1482 811
1821 818
1684 883
2256 943
893 517
1370 979
2329 852
1263 812
380 312
2358 777
1806 806
1223 563
1142 482
2909 956
2382 935
1389 679
1301 739
2007 877
1659 610
1575 729
1671 895
1251 346
2302 965
2144 656
2853 945
2347 898
2916 897
1811 876
1534 742
1691 614
1623 965
1490 786
1170 418
1260 432
1830 881
2736 984
2322 997
1561 485
1489 842
2428 949
2268 918
2297 868
1103 548
832 355
2488 824
2870 820
2965 830
812 312
1153 667
1892 913
1635 514
2179 888
1846 563
1753 643
2102 777
1610 690
2482 831
1671 782
2602 809
2052 898
1114 462
1703 899
505 312
2220 976
2187 951
1469 782
1964 848
1390 561
2359 860
2557 762
2500 812
769 312
1080 312
820 312
2219 963
1455 842
1642 622
1807 731
1259 734
3467 986
910 454
1995 859
1823 745
1029 520
2066 515
3070 994
1606 735
1486 439
1571 749
1474 526
2018 957
2503 668
1085 489
2649 644
1824 480
3046 956
2606 744
1838 532
1332 816
1983 692
1557 695
1396 427
1678 746
1740 735
1054 475
1650 815
2979 979
2734 970
1670 980
1876 734
2060 936
2967 981
1632 949
1388 777
855 423
962 405
1127 553
1066 632
1998 976
1432 544
1653 786
1576 469
1093 616
1744 692
1828 802
1611 492
1396 758
712 312
925 464
1266 573
1626 710
1893 657
1678 465
1456 745
986 312
1436 828
1591 531
2008 922
2605 984
2237 802
1839 981
1829 798
1380 965
2014 822
1130 478
2259 894
1419 759
1092 553
1691 509
2431 744
2211 789
1686 792
1091 479
692 312
1405 883
2227 914
1099 312
1968 926
1938 827
1498 739
1976 752
1702 555
934 538
3817 981
2257 730
1286 691
2072 841
2303 979
1087 427
873 457
1693 822
2094 910
2163 942
1483 420
1493 666
2120 851
1135 549
987 451
2562 943
1995 691
2884 943
1070 642
2783 981
2060 693
1494 999
1651 740
1595 423
1804 926
2611 849
545 312
2002 904
2438 883
2021 868
915 435
1701 620
1342 563
1250 499
1278 942
661 312
2259 913
2231 855
1324 981
1782 851
1363 479
703 312
1528 866
1599 671
2685 830
1224 624
1215 555
1648 530
2255 809
1424 994
1941 975
1808 705
1256 635
1217 888
1926 856
999 312
2000 853
1161 501
919 476
1660 752
1807 629
1962 830
1477 870
1438 771
2677 948
935 408
1521 647
958 487
3269 691
2403 912
1700 658
1038 372
1661 629
1079 373
2079 925
1701 798
1740 666
1691 569
2838 927
1944 699
1375 547
1763 917
2463 991
1254 430
2329 515
2412 827
2114 811
2662 912
1482 581
1762 830
2072 493
2256 888
1847 806
857 395
1801 887
970 611
2343 926
1180 496
2203 877
1812 646
1975 735
1625 786
2001 719
1388 812
1341 516
1815 503
2256 792
2066 821
1814 710
2703 889
1529 547
2767 821
3254 782
825 338
1684 515
1457 786
2842 679
558 312
1289 743
1768 788
1632 840
2668 824
1052 643
733 312
1493 697
684 312
2362 993
1401 332
1543 941
2035 727
2549 911
1628 622
954 484
2320 798
1781 694
2633 863
1438 711
1669 786
2051 684
1577 828
1720 493
1568 469
2615 849
1617 752
1520 653
989 533
1522 727
2443 860
2145 711
953 385
1290 385
1274 552
2216 666
2059 896
1379 793
1823 888
1125 438
2344 729
2134 883
1133 683
2928 908
1287 699
1643 579
1791 677
2161 852
1391 479
1916 620
1630 788
2401 954
1922 926
2189 720
805 435
2741 884
2447 646
2880 956
2072 901
1484 547
967 464
2459 896
1225 752
1855 739
1863 744
1643 736
563 312
1281 681
1499 818
1895 883
1255 605
1578 654
1570 493
1936 827
2392 692
1563 450
1823 544
2077 692
1639 680
981 396
1896 974
2719 629
1126 746
1534 478
1956 516
2308 633
890 312
1351 544
1801 893
613 312
1233 438
1840 719
1845 685
1621 637
1400 581
2324 782
1311 340
1776 825
805 364
1756 784
990 620
1130 789
1771 749
2152 989
2284 978
1593 774
1568 978
1929 709
1336 873
1093 727
2057 940
1262 526
2606 812
1445 786
1986 511
1688 734
1757 884
1595 666
1298 857
1181 434
750 312
3458 989
1366 483
2186 866
1679 757
1931 915
1293 904
913 382
2352 947
1582 706
1144 312
2467 911
1270 667
1908 619
2937 957
1074 312
1313 501
1617 788
1670 967
2410 668
1509 928
2036 751
667 312
2786 734
1896 968
1572 611
1417 616
1916 629
1291 742
2160 893
1057 538
811 360
2083 914
2508 986
2463 1000
2117 692
936 312
1348 312
2612 826
2316 942
2904 863
929 343
1868 515
3238 998
2854 992
1832 963
2263 801
2784 798
2474 786
755 312
2470 967
1932 923
1618 727
1091 509
1284 970
1505 667
1975 696
1879 903
1741 451
1857 868
2279 812
1726 739
1691 435
1345 332
1954 883
1676 905
3179 984
1714 690
2047 715
1910 864
1534 875
1657 492
1190 532
2191 997
2204 887
2439 882
837 464
1234 798
2485 911
1632 640
1392 511
523 312
1759 979
1020 413
2418 792
1776 400
2526 948
859 312
436 312
2582 746
861 395
1152 370
844 312
1372 622
1175 759
1857 869
1882 646
1506 687
2083 914
1044 312
1051 421
1749 804
1419 719
1397 956
1446 675
1459 741
2671 972
2049 893
977 348
1340 572
2467 827
2777 777
1790 883
2097 912
2090 821
2311 757
1391 943
2188 933
1245 430
430 312
1944 891
1382 578
2574 941
2170 526
1958 658
2624 974
1534 467
2211 847
1915 891
2226 908
957 423
1284 454
1281 487
1958 806
2596 947
2037 936
1791 802
1799 897
2209 773
1607 935
1747 716
1562 798
2875 993
2107 925
2339 880
1969 863
1817 441
1677 595
1713 890
1738 690
2062 736
2028 969
1092 484
2311 997
1541 517
1681 827
1877 1000
1667 697
1309 389
2652 691
2557 827
3571 791
944 342
906 312
1394 637
1480 553
1327 400
2605 851
543 312
2392 901
2694 897
724 312
1644 480
1937 791
1104 492
1913 879
1512 699
1393 940
1484 694
2016 969
2206 942
1088 312
1827 948
1132 442
2914 723
1496 812
1712 628
1330 771
1802 942
2431 723
1740 816
865 312
2058 656
1189 804
2454 723
2497 777
1497 619
1199 385
1725 899
2917 956
1238 798
2010 690
2171 654
2042 970
3131 956
2708 969
1194 819
685 312
2284 991
1700 642
2009 897
1714 733
2007 537
2813 963
1034 510
1325 639
2209 566
492 492
1027 341
2167 855
1323 581
3020 844
1168 591
1406 668
1422 963
1108 628
1251 580
1514 341
1929 736
2208 779
2357 773
1161 312
2555 790
1819 423
1763 919
1974 581
1902 632
1413 553
2177 893
984 405
2915 926
1388 848
2705 692
1229 348
1545 804
1242 747
1630 774
2134 693
1949 830
2299 871
1907 956
1736 677
877 374
985 632
997 379
991 425
1764 666
1838 918
1655 902
2325 927
1496 478
1861 822
3481 979
1921 890
2109 931
829 312
2639 809
1399 629
2349 759
871 512
3121 855
1869 864
1846 759
1279 666
1827 619
1313 915
1914 883
1417 465
652 312
2153 999
1747 660
2097 913
2094 790
869 382
1392 761
1317 517
2332 851
2326 940
1932 761
2075 978
2102 625
2300 955
837 326
1392 611
1741 786
1136 524
1390 567
1697 821
1919 871
1678 862
1965 926
2045 843
1685 715
1456 824
1397 772
2035 978
1829 894
2358 883
2409 942
1670 842
2600 909
1797 943
1249 928
2003 537
1769 816
828 828
1565 789
1866 790
1357 360
1563 887
1914 879
1309 507
2453 911
1738 921
1990 907
1039 499
1328 640
1858 852
1145 530
2023 954
2203 985
1518 759
823 379
1450 617
2216 932
2960 830
2044 776
1256 708
2165 806
970 430
1055 691
2286 812
1855 804
2878 650
2254 911
2287 679
1790 785
2315 888
454 312
1431 737
2836 945
1785 917
1010 397
1649 602
1403 827
1024 622
1295 667
1154 455
1307 842
1999 927
2914 888
2437 963
3147 734
1554 643
1033 484
1838 839
2354 772
1712 752
928 312
941 342
1273 658
1515 509
2299 801
1602 757
613 312
1877 610
741 312
2341 902
1793 629
1704 480
2556 905
2081 997
2996 998
1287 631
1681 524
2646 997
2692 896
1704 666
1912 526
1574 895
2618 986
1566 747
1627 582
1164 591
2074 876
910 544
1761 800
1666 839
1963 856
784 355
2353 898
2293 653
1705 720
1638 759
2285 939
1845 729
723 312
1989 891
1098 496
1562 876
1833 493
684 312
1903 820
1647 743
1267 733
1441 986
1311 759
2704 773
1385 628
1561 553
2047 993
2688 986
2145 820
1771 997
702 312
1816 868
2292 902
1313 382
1073 421
1266 484
1761 939
593 443
2099 753
2103 862
1566 795
1115 647
1842 800
1344 350
1372 921
2083 925
2190 863
1548 542
2065 743
2555 734
2870 967
3801 857
2560 882
1296 438
1624 746
1437 563
1612 813
2267 742
2065 560
1491 541
1202 312
2028 489
3024 926
2564 729
1386 589
1960 998
2035 899
1810 841
1432 972
2750 981
1511 611
2056 856
1406 558
1036 400
1794 921
2199 730
1733 914
2481 919
715 312
2487 911
3181 963
2485 913
1083 430
1049 653
1255 839
868 514
2690 777
1695 718
1160 312
1833 758
430 312
1649 659
1889 791
2090 749
904 513
1649 980
868 397
1396 437
702 312
1385 640
1837 943
1472 643
1459 638
1979 952
3001 879
2119 889
1550 515
924 312
1698 752
1473 893
2592 910
2238 923
1878 1000
891 312
2596 786
1200 514
2779 915
1882 620
1581 639
2509 889
1747 432
1515 619
2413 810
2566 882
2270 679
2115 742
529 312
1652 782
1373 516
1824 831
1595 383
1183 456
1105 735
3656 812
1713 478
1433 893
2327 905
1580 829
1153 338
1259 389
2687 795
1233 681
2541 809
685 342
2108 734
1964 816
1582 759
1710 850
2003 915
1386 631
1994 827
1513 705
1439 532
2488 910
1283 592
2096 869
2689 798
1849 533
2196 723
1738 793
1621 737
1950 798
1987 735
487 312
924 312
1659 981
2168 988
1015 642
2130 896
1153 470
964 386
1523 659
1694 963
1440 638
1286 942
1674 658
861 502
1994 986
1184 666
2129 789
1352 515
1874 736
1575 876
2321 974
2029 739
1684 947
2387 875
1875 1000
2029 696
1355 925
1694 851
2033 459
1370 408
1645 936
1896 730
1130 312
902 443
3018 989
1407 716
632 312
653 312
1437 818
3006 975
861 491
978 484
926 312
1062 484
2007 907
1357 650
1573 368
1252 719
2674 832
990 348
624 312
1972 815
1711 921
1810 624
1070 531
1802 869
1136 786
815 536
1575 872
1663 547
2334 915
1232 897
1748 757
1793 735
3027 806
1877 619
1909 757
1301 477
2225 985
1842 616
1445 980
1376 536
2160 740
1122 500
2218 762
1597 535
1448 687
1721 893
2860 926
2059 746
1398 798
2683 917
1105 492
1491 903
2158 773
1427 842
2591 944
1553 828
1599 563
1687 690
993 389
3035 975
2543 948
1270 501
2377 869
2605 801
858 486
4230 988
1762 549
1416 724
1663 937
1810 711
1526 879
2540 879
1486 709
904 405
1466 707
1657 782
2393 801
1830 643
1552 696
1048 532
2384 954
1812 793
1769 655
1747 882
2911 921
2012 629
1948 736
1295 406
1691 792
1636 792
2374 790
1014 364
1708 484
1423 497
1530 947
1669 656
1206 652
1542 655
1285 535
1452 986
1208 716
1292 716
2577 925
2593 957
1226 711
867 408
2704 876
2784 947
2229 846
1626 656
2336 863
1848 809
2054 619
1899 709
2523 839
2387 826
1882 795
1723 614
1713 887
1989 942
1522 880
3354 746
1173 422
1841 993
3154 948
1789 947
1296 822
1824 516
2393 926
2123 798
1522 432
1575 715
1615 788
1422 567
1556 857
2397 578
1636 658
1113 485
1416 502
1266 792
2242 952
1152 690
1985 891
2033 656
1111 361
2273 650
1870 482
2020 574
1368 690
2119 798
988 632
1396 914
712 312
1652 922
956 560
1687 868
1727 948
1724 882
882 312
2040 878
1338 451
2575 820
1400 867
1309 493
1484 932
1330 732
2272 910
1935 643
2008 857
1278 702
2309 697
2204 970
1219 651
2153 786
2037 851
1260 505
2071 957
2247 786
557 312
1581 982
2065 902
1598 560
1107 747
1483 758
1961 894
986 632
1579 603
1237 364
1361 775
1780 802
1920 677
1570 635
678 317
1453 999
1344 532
2750 692
2044 533
1331 584
1721 727
2074 940
1987 857
1808 816
1089 702
2351 564
1038 312
2845 869
1162 710
1795 644
1679 666
1604 650
1635 987
2090 965
1536 517
953 513
1109 782
1729 677
1760 520
1974 908
1305 692
1008 442
2336 934
1443 677
1193 355
1798 751
1235 500
1582 707
1745 730
1082 396
1151 452
1453 388
1649 841
2064 684
1857 758
1277 658
1078 411
1041 348
1618 742
758 312
1812 937
2454 859
1805 532
959 372
2175 629
1739 896
1514 921
2772 945
2062 677
2001 882
1886 862
1358 458
1313 699
3040 820
2593 913
1741 702
2043 633
500 312
908 341
1623 547
1863 932
2681 910
1391 811
1048 370
2945 643
1871 644
1096 633
2258 981
1747 634
2314 945
1624 582
1192 357
1402 816
874 499
1566 732
1611 747
1465 558
1288 866
2038 913
1835 789
1037 435
1618 564
1580 797
1487 520
530 312
1907 979
1364 1000
1603 579
2387 788
1882 798
938 332
1892 690
1585 915
1826 690
2112 839
1732 801
1441 432
1050 691
2083 811
2429 991
2389 788
2910 980
2273 926
1529 378
1451 511
1726 563
1281 511
1839 612
1657 818
1681 884
1687 705
1709 757
2360 629
1550 572
2837 933
2035 759
1575 361
1220 746
1432 477
2076 955
1174 531
1938 933
1137 782
2255 944
1361 921
1550 830
1434 866
2029 912
1514 921
1688 786
1370 873
1383 684
1213 583
773 312
822 393
2871 882
2437 899
1252 582
1852 897
2512 925
812 452
1031 643
1554 643
2298 922
836 480
1514 912
2002 793
1805 542
1850 993
1409 635
2095 830
2744 977
1285 553
2755 975
1750 772
2578 955
1875 816
1244 574
1799 818
1617 629
967 346
2065 742
1522 696
2356 744
1084 430
1636 690
3777 832
1004 351
1601 656
2415 809
2468 921
1771 658
2117 719
1764 1000
2247 830
2167 716
3170 957
1467 638
2358 984
2171 908
2229 831
1755 951
1994 612
1291 574
1099 521
2583 978
461 312
1143 640
1692 739
2053 944
2224 851
984 572
2351 947
1213 496
2276 957
2680 777
1177 332
2857 871
1456 778
1358 667
929 470
2604 901
1932 993
1869 883
1446 801
1489 470
787 312
1560 666
1370 680
2977 851
1980 820
1749 849
1327 480
1018 456
2639 820
1106 332
1863 750
2200 873
695 312
1612 721
1302 917
2993 846
1431 485
1773 441
3488 921
814 360
1865 957
2589 855
2445 684
1803 754
1844 710
2693 912
1493 776
1703 614
2191 997
2890 942
2449 848
1061 435
2427 773
1614 917
1130 658
1433 643
1934 533
1858 660
2135 798
1451 757
1491 903
1579 947
1700 642
1619 669
2433 875
1327 679
1574 666
1818 986
2770 922
1406 635
1854 919
2011 866
664 335
1596 747
1626 947
2146 928
1243 526
2585 902
1201 688
1487 435
1693 757
968 542
1950 588
1338 909
2003 944
1943 489
771 312
1414 532
1293 827
2700 933
1874 675
2133 697
1327 667
3296 975
1929 675
1765 915
2200 840
1867 869
1093 556
1503 1000
2151 821
1437 731
2057 781
2523 760
2372 864
1543 667
2576 733
1885 1000
1291 437
1232 529
1771 981
1972 921
2190 978
1295 839
1813 677
2036 790
1081 500
2003 947
710 312
406 312
1757 873
1554 907
1823 654
3384 907
1613 781
2193 969
1617 685
2194 709
2629 979
2961 775
1808 635
1860 743
1523 961
1885 693
2249 974
1120 526
1224 617
988 351
2224 610
1369 762
1339 341
2948 893
1268 513
1249 451
1472 786
2687 911
1866 967
1065 536
2132 725
1152 338
1498 441
3023 802
840 388
1401 574
2709 896
1003 499
2003 820
1687 987
1623 633
1536 479
1587 909
2019 752
492 312
2233 907
767 312
1841 851
1634 632
2399 984
2702 902
1466 620
3891 956
1104 775
1096 782
1905 854
1422 649
1604 709
1889 746
1327 451
2137 956
1410 897
2222 968
2986 957
1233 563
1039 365
1974 782
1796 798
1806 921
1890 915
1653 672
2048 658
1323 675
1951 842
2207 751
2740 955
1690 666
1464 635
2137 940
873 312
1478 620
386 312
965 405
2327 877
834 312
1995 878
1226 556
2490 906
1073 544
1698 489
1376 798
916 563
2114 749
2711 973
2179 876
741 312
1933 428
1582 1000
1077 697
2125 981
1149 312
1683 949
1673 438
1763 839
2410 961
1852 711
2645 846
1643 757
1755 930
1827 439
1334 563
1394 648
1842 916
1582 814
4171 897
2994 782
1544 847
793 312
1601 616
1113 458
1347 812
2222 729
3138 942
1409 912
1949 956
2873 897
2546 827
1272 707
1768 659
2680 997
1472 581
2733 830
2170 651
1144 459
1871 813
2027 926
688 312
1978 761
2353 852
1915 563
2069 459
2842 935
2537 669
1294 642
1944 737
1732 882
1844 699
838 335
1432 344
2773 979
1372 926
1622 572
1694 590
2269 892
1485 882
1393 656
1516 614
2363 890
2430 961
2294 699
1578 964
1485 603
2442 802
1475 492
1163 717
1856 547
2839 996
625 312
2071 760
607 270
2567 991
1448 534
2395 795
1366 776
2226 892
1262 624
1738 526
2728 907
2173 973
1856 458
2757 890
1587 458
1668 737
1988 957
1487 610
1465 910
1566 524
2354 996
1101 355
1248 454
1416 749
1334 826
1281 523
1693 816
2131 809
2255 813
2085 991
1822 961
2115 844
1524 354
1562 758
2144 694
1196 619
1150 599
1222 563
1740 822
1158 831
2203 528
1633 842
1723 660
1459 640
1777 922
1395 690
1907 752
1100 425
1975 866
1088 584
2065 786
2547 792
2158 922
1442 688
2784 942
1138 312
1558 542
2384 915
1321 478
906 423
1537 600
2011 924
1431 409
2097 911
1053 397
937 312
1855 603
2268 798
1849 691
1835 825
1456 782
3153 871
2276 866
1409 456
2402 824
1780 501
1472 818
1885 646
1338 902
603 312
1452 580
2547 872
1228 478
1305 487
2553 919
2322 889
1029 377
1127 548
1778 782
1872 727
3338 982
1826 743
1935 595
926 391
2459 870
1294 427
2244 978
1606 443
689 312
1251 548
1325 730
1141 739
1302 451
792 351
2447 996
1066 396
1842 691
594 312
1117 446
728 393
2003 684
1779 896
1407 652
1889 894
1863 883
1177 389
2657 729
847 312
1725 902
2491 643
2971 961
2726 830
1859 1000
1778 842
1725 478
1412 677
1973 761
497 312
2354 868
2485 839
1193 342
1771 459
1730 608
1301 720
1979 869
703 312
1689 502
1244 388
2589 848
1835 827
1276 814
1018 432
1883 789
2394 790
2862 942
1185 509
2542 901
1227 694
1721 766
2167 740
523 312
1280 547
2062 979
2069 944
926 312
1105 540
3175 723
1266 477
2717 735
1342 435
1158 407
2270 913
1735 789
2760 723
2063 495
2018 869
2534 742
1300 508
880 471
2013 876
1236 594
3025 980
2135 942
1641 957
2723 907
1994 634
1389 446
2381 715
2414 949
1782 661
1895 782
1879 912
1116 595
1720 675
1996 729
1398 651
1807 752
1973 623
1981 733
2005 752
1412 993
1220 866
1333 816
824 408
1719 688
984 534
1657 711
988 362
1311 507
1551 757
1267 532
1319 753
1650 368
1933 751
2247 621
1233 454
1317 531
2267 852
1316 534
2452 967
1398 681
1251 353
1653 643
1743 827
3124 651
1502 879
2302 814
1853 999
1270 526
2634 619
1651 962
1051 492
1934 505
1734 680
1564 946
1504 693
1788 717
1939 860
1232 818
1824 690
1229 581
1210 811
2967 732
724 312
2345 890
1879 505
1216 388
1938 509
2879 939
1804 800
493 312
1940 921
1908 868
2056 612
1377 549
3928 956
1974 827
1289 396
1898 869
2303 795
2077 998
1800 501
1757 736
1715 760
2097 856
2184 753
1193 459
1678 839
1533 547
2023 753
1595 985
2427 918
571 312
1414 908
1555 717
1977 658
2176 897
1301 849
1638 858
2778 955
2308 788
2652 866
1156 382
1428 667
1998 722
925 405
1188 430
1859 419
1074 452
2147 896
2832 942
1364 690
2065 685
3713 980
1325 538
1598 963
2077 786
1106 400
1507 560
1973 908
1132 541
1244 705
725 312
2026 935
1062 430
2239 804
3350 953
2676 572
686 316
2361 993
1563 901
2155 720
2538 693
1653 701
2118 979
1153 707
2137 846
2188 949
2117 831
1647 818
1062 357
2657 903
1639 634
1810 859
1897 584
2355 599
2234 855
2027 915
1215 855
2060 742
1791 925
2201 619
1855 909
1772 830
1250 400
2370 997
1997 617
2092 841
2541 773
1269 734
1540 508
1273 312
2134 907
3134 801
2097 844
1341 685
1709 952
1284 659
3816 979
1401 471
1595 858
1071 451
1359 987
1706 622
1370 653
1687 707
1029 385
743 312
998 312
1623 589
2480 940
2633 630
1378 681
1242 745
2353 830
1803 752
1478 606
1659 669
1285 733
1230 760
2481 888
2375 993
906 558
3065 984
1438 595
2504 830
1719 820
858 350
1020 511
1904 815
2154 942
1664 926
2816 920
1709 897
764 338
2238 925
2775 961
2576 742
2284 1000
2293 924
1559 771
1611 730
1807 1000
1137 477
904 382
2858 964
2150 910
1556 723
2619 981
2568 847
808 452
1081 757
2383 643
3214 980
1496 944
1362 435
744 318
2190 856
1981 903
2170 949
2741 852
1717 1000
1536 688
1938 771
2113 802
2090 747
1561 640
1719 746
1542 581
711 397
2286 619
1455 775
1204 802
2000 822
1806 574
1280 531
2157 873
1548 735
851 484
3091 790
1931 982
2544 909
1634 923
1502 739
1142 635
974 427
1900 906
1049 425
2191 903
3635 957
1842 658
929 408
760 408
1963 876
1470 827
1768 497
2101 672
1866 505
2335 621
1061 658
1656 901
1329 942
1778 795
3337 982
1650 681
2601 943
925 312
1125 518
1716 733
2586 944
1338 671
516 312
1678 477
2111 902
1213 584
1467 564
1616 651
3149 970
1615 948
1751 553
1287 421
2468 947
1298 666
2476 989
2555 782
1197 730
1505 730
1850 660
1284 715
947 312
2394 844
1076 730
2409 798
2220 600
932 312
1087 563
2298 687
1959 981
1979 547
636 299
1945 1000
1698 480
1834 882
1850 924
2251 810
2122 944
1801 896
2349 946
3279 847
2017 909
3260 852
1959 859
2643 919
1060 312
1113 542
2186 955
1432 884
1909 584
2389 795
2561 736
1205 547
2426 679
1401 735
2074 722
903 312
1922 733
1418 701
1281 492
2536 961
2211 789
1839 631
2422 925
1224 485
1977 951
921 350
2772 969
502 312
2296 855
1145 655
1805 997
1936 687
1843 639
2090 859
1529 967
1659 653
2123 848
1386 710
1081 532
2546 965
2883 658
1853 782
1434 820
483 312
2690 902
1854 889
1203 564
3033 993
1665 789
1572 939
1551 839
1815 891
1790 892
993 563
1164 739
1320 690
2074 948
3077 944
1711 868
2027 902
3404 849
2077 917
1965 818
2498 643
616 312
2107 804
1839 921
1474 705
2498 814
3813 993
1948 956
2870 898
2210 735
617 312
1331 632
2219 981
1915 621
1113 666
1376 508
667 312
2287 997
918 371
1246 588
1613 897
740 312
2051 651
1831 947
2635 993
2360 707
665 312
1223 443
1781 875
1518 737
1284 685
2198 643
1243 485
1155 711
1190 312
1895 967
770 357
1032 542
2252 993
1753 584
1354 776
1346 542
1240 697
2227 683
1828 641
838 312
1186 814
2036 528
980 332
2478 855
1737 793
1392 745
2180 736
2491 907
1465 409
1773 943
1252 556
1968 558
1510 548
2132 918
1762 916
1919 750
2990 801
1403 851
2451 650
1953 942
1429 672
1024 405
1452 656
2101 852
1409 588
2557 851
2086 981
1401 849
1594 962
1888 894
2445 801
775 459
2073 677
491 312
1746 782
2108 923
2694 698
917 588
1713 705
1510 633
2092 982
1191 721
1682 828
3214 975
1605 694
1293 964
1689 854
1271 402
1381 532
1174 456
1179 617
1922 924
1355 478
2131 887
1301 965
1819 940
1646 650
1752 736
1229 382
1596 497
1888 997
1877 897
2067 940
2407 948
915 444
1833 921
2611 979
1159 709
693 381
891 405
2289 965
2365 963
1044 312
1990 988
1243 515
1758 776
1764 908
1322 348
2288 945
1743 668
2241 906
2476 793
1337 802
1618 963
1656 956
916 563
1908 926
1200 719
2865 752
1059 553
879 407
1377 818
2722 921
1903 842
1478 730
1818 923
1985 855
1049 656
2637 897
489 312
1268 782
3272 985
1652 777
1846 441
1458 595
946 460
1889 943
2104 710
1472 907
2388 871
2381 954
2069 849
1700 993
1247 669
1296 437
1763 919
1554 813
1692 745
3106 814
1568 647
1423 652
2140 957
1243 658
1253 727
1367 489
2002 937
1173 365
2141 719
2517 812
1225 370
1984 807
2066 801
1772 719
1092 759
1305 677
1462 509
2002 806
2614 744
1825 617
1566 417
2316 556
913 526
2168 945
2109 733
2217 912
2100 975
1127 512
1122 737
2230 564
1586 930
872 364
1520 441
1499 880
1690 553
1655 688
1749 730
1462 707
1152 592
1335 563
1688 733
1624 378
406 312
1777 560
1860 629
1507 727
1284 617
549 312
1026 407
1310 446
3120 856
2256 820
2653 830
1642 550
2597 801
1695 930
2248 771
2290 985
2543 910
1449 980
2669 913
1877 947
2026 957
2185 644
2599 947
1744 596
1261 847
3824 851
1461 535
2892 948
890 346
1452 617
1799 569
1451 629
1206 312
2576 978
1362 827
1820 732
2363 981
2218 674
1448 658
2122 915
2144 883
1431 628
2792 986
2213 773
1808 791
1432 733
1111 715
1245 391
870 534
1336 715
1282 640
1044 567
3142 981
2251 967
1488 717
1216 883
1524 690
2899 927
3142 897
1217 651
2383 963
1167 560
952 496
873 355
875 530
1612 643
1524 351
1746 642
3960 992
1821 782
1916 675
2025 757
1374 866
2264 733
2360 890
1658 802
1902 921
1531 666
1501 718
1188 872
1373 821
834 360
1595 813
1332 493
1310 843
1736 563
1408 820
1705 909
1725 782
2772 629
1986 997
2894 862
1542 656
1811 842
2711 826
1182 851
2599 736
3022 957
762 371
2150 826
1560 957
2064 688
1891 493
2021 943
1026 489
1023 373
2011 851
1904 619
1837 710
2957 941
1504 435
2407 896
1265 727
2110 899
2011 677
1268 584
2202 729
1906 669
2156 948
1989 957
829 312
1347 508
1872 699
3005 839
2181 600
1741 919
1557 567
896 563
2655 742
2183 849
1362 802
945 312
3438 923
2575 839
909 495
2366 944
1447 981
533 312
2351 957
1247 594
1321 569
2333 985
1482 592
1356 456
2735 752
1630 723
1201 531
1539 658
1594 859
2036 774
2106 904
2615 830
1376 822
1329 741
1386 688
1607 947
1899 857
1354 572
1623 818
1600 925
1703 667
1710 647
1599 524
1421 451
1762 463
2005 961
1283 745
1076 472
2853 903
1835 952
2810 680
1455 435
1208 683
1734 902
2600 904
1444 432
1412 658
2503 902
1493 897
1554 952
1397 897
2514 824
1661 667
2001 898
1103 342
704 317
1697 979
975 360
2100 975
1633 932
1095 584
2054 520
1517 925
1394 451
2764 901
3143 956
1031 478
2175 944
2167 839
1414 856
2259 683
2668 994
2293 893
1538 730
1577 949
2461 898
1000 312
1547 944
2323 720
2939 927
2329 908
1310 707
2169 619
2033 852
2273 771
2295 967
2135 1000
2065 515
1372 645
1220 496
944 395
2688 949
1314 727
2118 725
2208 596
1477 858
1915 759
1557 883
2277 736
1401 646
2249 791
1783 977
1325 564
2442 629
2605 897
2427 798
1032 484
3134 921
1355 616
3383 812
1980 970
1670 848
1964 868
2099 736
2157 735
1228 543
2844 894
2668 802
1479 745
1543 804
2603 798
1740 612
1876 826
1606 947
1869 634
2128 973
2095 786
1563 696
1991 782
978 312
2284 981
1339 705
2125 742
1768 733
1929 943
1226 481
1721 867
3389 889
2099 450
2596 773
1992 621
1442 840
1850 791
1110 312
2059 423
2739 915
1486 821
2190 735
2583 752
2203 877
1075 507
1181 312
1557 530
2362 617
1246 672
2504 991
2238 734
3458 978
1180 558
2210 897
2187 876
2326 572
1564 970
1438 709
2791 812
1524 666
1557 757
783 396
676 312
905 362
1042 457
1372 579
1353 759
1989 790
1682 862
1930 969
1833 940
2967 892
1477 603
2296 590
958 403
3464 927
1665 509
1083 423
2880 961
1723 898
1928 697
2180 917
1466 820
2141 903
2514 972
3409 927
2554 926
1668 831
2271 816
1609 666
2130 948
1998 819
1157 312
2712 921
1595 642
1884 710
2428 827
1767 790
3033 812
1581 775
2193 798
1735 617
2378 869
1791 792
1418 789
1604 812
2516 764
2650 870
1623 603
2036 844
864 465
2031 537
1747 696
2122 617
867 379
1561 802
1670 782
1369 462
1722 657
2882 915
2081 980
1870 965
733 348
1140 340
2157 937
1219 474
2437 883
2299 761
2798 880
1420 772
1784 690
1608 781
1679 875
1445 619
2480 815
1297 731
1722 520
2441 993
2147 639
1426 582
867 312
2226 974
869 312
1126 332
1998 934
1683 538
1352 628
2114 560
729 312
1945 844
1487 866
1474 655
2301 927
1673 742
2626 773
2039 789
1533 806
2425 980
2194 883
2871 898
1406 459
1557 847
1889 451
1875 689
1326 642
2127 842
2012 846
1836 855
1875 908
1629 736
1214 666
2387 911
2188 902
1311 978
1373 842
2095 736
1666 870
675 312
1581 572
1567 774
1297 348
2567 993
1881 667
1627 943
3046 689
2084 961
956 341
1158 312
2243 998
2095 830
699 312
2253 915
835 312
1631 430
1185 456
1322 518
780 358
1758 725
2405 730
2952 984
1146 591
2816 912
1927 744
1607 591
2181 771
2803 992
584 312
1971 921
2841 882
1658 531
1788 616
2750 965
1090 457
1539 651
1177 642
1087 390
2305 839
1465 745
1948 637
2157 921
979 430
2026 862
1533 816
953 312
975 451
3046 975
2179 1000
2793 979
2192 458
1159 355
1727 842
2780 844
3011 690
1026 372
2398 866
1171 516
1439 745
2582 884
905 437
2219 735
1653 524
1441 605
773 388
2020 801
1205 451
1980 629
1347 771
847 312
1997 947
2567 876
2781 982
2288 942
1464 622
2343 982
1046 460
1776 820
1843 891
2582 839
1208 538
1419 727
1748 385
1146 492
975 358
2516 965
2662 992
1906 694
709 395
1562 405
557 312
1002 451
1082 480
2236 793
1029 364
2710 801
1893 828
925 485
1693 673
1530 520
990 471
1945 629
1216 641
1895 911
2118 926
2064 998
1516 581
1074 514
1756 941
1890 879
1243 452
1715 520
2327 635
1549 563
1503 588
953 348
2307 851
1423 438
2018 515
1599 760
2054 581
1462 739
1141 814
1053 532
1397 923
928 484
1626 822
1575 667
1965 987
1850 647
1809 882
1815 790
1137 683
1508 776
2331 954
1106 494
2788 903
1372 705
2340 894
1225 386
2484 972
1898 876
2593 927
747 312
2256 951
691 312
1769 820
1425 720
1968 944
2107 813
2295 951
2300 944
1729 878
3058 955
1791 745
1303 857
1599 774
1693 742
2344 848
2174 854
1620 449
783 312
2060 621
1850 798
1001 452
2995 875
3561 734
2811 979
1774 842
2062 806
1907 643
1436 442
2054 981
2102 882
1983 880
1564 502
1288 759
1474 480
1893 913
1213 741
2167 946
2522 964
2838 830
3107 690
1933 798
1917 827
1817 901
2018 494
1051 416
1335 633
712 312
1712 870
2336 879
1905 925
1289 890
783 312
1049 377
3433 926
1312 476
1392 553
1243 776
2081 532
1583 739
1971 852
1387 452
1281 890
1502 594
1967 821
2413 908
1924 733
2550 892
1869 979
2072 782
1195 791
3554 830
1381 905
1976 851
1754 492
855 340
1706 802
1488 449
1405 558
1519 921
2795 897
1284 373
1937 736
1968 903
1894 962
1327 382
2576 973
2012 735
1474 675
1578 936
1824 917
1054 548
1044 405
1419 511
907 341
1608 692
832 312
2063 914
2122 675
1230 903
2408 986
1348 509
2475 893
1873 619
2186 744
1711 639
1493 904
928 463
1982 904
656 312
2614 897
1026 312
1072 659
1279 701
2719 790
1888 898
1308 312
1763 403
3449 957
1318 432
1343 730
881 395
1005 370
2313 883
1566 666
1000 351
1296 496
1572 461
1688 981
1986 813
1172 802
646 312
1111 441
1220 485
2926 955
626 312
2263 621
2531 868
1716 857
1728 747
1543 967
582 312
2713 871
2949 948
1584 772
1108 312
1524 640
2156 965
1844 743
2066 747
1296 793
747 338
739 312
1643 844
2018 824
1531 972
1889 656
1640 819
2868 908
1557 677
1227 518
1712 441
2455 875
601 312
1452 622
1621 668
2077 921
2044 533
1571 915
1621 680
1650 723
2715 994
1245 517
1052 492
2389 916
2399 897
1308 659
1791 673
1042 640
1328 612
1487 385
1845 669
2645 904
532 312
1387 547
2411 921
2031 818
1620 759
2065 792
3032 916
1308 472
1677 731
3541 993
1771 793
3662 989
2278 629
1766 901
1859 820
1944 647
2422 984
2380 957
1213 474
879 312
1432 612
1597 759
1745 581
1862 788
1269 901
1635 785
2736 979
2305 674
1133 405
2049 688
1102 584
1307 893
1012 589
1395 760
2700 986
1953 709
1000 425
1308 730
3178 862
2145 914
1259 656
2409 978
1508 695
1089 754
1905 896
1196 396
2133 720
1695 956
1597 942
1536 961
1145 614
1381 666
1149 405
1965 698
1563 760
1743 667
1781 773
750 415
2421 839
2424 824
1692 616
2040 629
3136 782
1959 887
443 312
734 366
3919 970
1348 595
3074 831
1662 868
1701 902
1014 701
1498 582
1633 469
1763 761
1464 997
1442 543
909 374
2251 844
2386 944
1100 663
1193 701
918 312
930 442
1808 820
1436 531
1123 469
596 312
1318 700
1277 963
3473 912
1859 690
1892 868
2799 926
1691 791
755 312
1943 777
2105 848
2210 822
2613 744
1911 733
1258 465
2013 942
2454 600
1719 752
1721 978
1265 501
1095 312
1170 385
1079 633
1801 420
2802 975
2267 905
2372 986
1978 490
1725 914
2146 947
1995 696
1803 628
2515 848
1905 942
1797 675
1475 709
2000 897
2569 870
3266 796
1964 677
2110 907
1753 806
2031 897
1823 639
1622 789
1579 946
2104 978
2356 866
1236 739
1749 563
2271 901
1932 628
1013 312
650 317
1947 935
1333 514
895 528
1751 942
1479 925
2294 981
2170 914
951 326
1718 869
1771 493
1639 963
1408 746
657 312
1022 442
1685 965
866 411
1824 842
1565 774
1171 757
1726 666
2102 782
2551 942
1494 776
1314 795
961 632
533 312
1383 735
1614 760
2111 912
1834 903
842 312
1450 604
2313 866
1077 717
2283 880
532 312
1885 707
2064 998
1147 374
2312 851
2271 589
1601 443
1112 405
1477 818
1455 652
2186 732
2286 935
2127 656
1824 828
917 312
935 532
725 312
566 312
1425 705
1907 619
992 500
1234 471
1325 459
3568 988
1788 515
857 340
2770 851
1354 754
1693 747
2125 620
1509 849
2625 690
3132 734
2206 954
1702 425
2861 948
2379 897
2266 849
2371 935
2521 993
2722 871
1437 658
2090 786
1968 809
1252 563
914 408
2596 651
839 342
1316 388
990 312
1885 777
1326 778
2256 651
2434 820
1958 742
2493 935
2285 880
2055 879
2372 967
2382 802
1008 346
2108 942
1575 725
1336 637
2105 930
1596 969
1329 812
2570 786
2062 785
2254 963
1717 619
713 312
1824 796
2072 878
1591 741
1810 590
1423 745
2900 689
1811 710
1638 766
1116 707
1718 876
2138 924
2235 968
2362 697
1453 581
1819 751
1333 642
1571 752
1425 606
2474 660
900 332
3121 925
2418 968
1079 388
765 378
4083 956
1515 775
2891 969
1133 759
1437 849
1224 902
790 312
2140 946
1361 896
1954 908
1677 730
1930 663
914 382
1384 475
2060 795
1854 914
1125 377
1131 444
2189 691
1223 406
1981 924
1206 574
2512 940
2270 782
1440 891
1768 579
2180 745
1933 666
1741 520
1162 574
942 509
2489 949
1038 427
813 387
1425 547
2130 908
1038 452
2061 812
1452 727
2695 948
2586 926
2042 880
2267 752
1864 862
1343 690
2461 725
1980 951
2404 954
2469 909
834 430
727 312
2790 978
1221 418
1769 923
1368 588
1455 764
955 341
749 312
1581 895
1089 555
1614 701
2642 956
1515 496
1741 612
1638 871
1443 640
2555 857
1453 751
2007 984
1549 564
1567 746
1155 592
1987 902
1906 660
1102 540
2256 677
1077 435
1884 997
2531 840
2115 801
1655 558
1297 354
2065 798
1042 475
1447 650
1295 475
3051 970
1401 643
3101 902
1025 696
1865 916
1885 816
1695 958
1624 963
581 312
1781 502
2030 974
1251 373
1851 1000
1384 915
1744 529
1897 811
2437 955
1015 383
1597 739
1473 804
3431 921
609 312
3307 890
2302 801
1534 735
1788 747
1822 914
2604 922
1521 564
2652 945
2507 788
2041 880
1457 965
2259 875
2213 848
661 312
1094 655
1483 629
2162 942
1250 518
744 408
2042 884
1222 541
2408 830
1330 804
1963 888
2197 954
2468 911
3034 986
1973 766
1561 603
3450 901
1851 750
1516 789
2312 897
1706 807
2079 884
1123 782
2273 629
1737 797
1501 532
3100 831
786 312
2269 926
1421 640
1920 688
2137 872
2380 978
2181 877
719 372
906 405
1240 592
897 312
1166 736
1638 505
3637 965
3160 921
1723 912
1718 963
1329 671
1862 584
1153 688
1951 922
1558 849
2158 579
1936 958
2727 882
2968 824
1248 658
1589 869
2774 978
1635 939
2538 812
2569 906
2208 819
1782 643
580 312
2149 925
2246 914
2593 656
1407 535
1278 386
1454 757
2460 815
1175 759
3348 856
1128 591
1639 849
1632 658
1270 710
1384 722
1985 968
2229 984
1533 786
2745 782
1304 875
1295 496
2443 840
1625 710
1138 332
2258 691
3152 997
2852 899
999 312
1253 736
2034 945
2959 970
1615 710
2028 940
1756 957
2113 914
420 312
1927 619
1183 410
2452 944
2393 855
1571 700
1585 584
3865 989
1832 851
942 379
2797 982
1554 484
1761 791
2424 752
998 354
2072 881
1974 716
1352 778
2369 969
2368 532
668 312
1406 880
2649 847
3631 871
2184 790
2145 773
1059 619
1852 760
1548 904
2794 957
2104 893
1716 727
1161 666
1707 807
1447 403
1405 887
1507 716
2304 910
1409 489
2154 640
1805 733
1070 355
2271 711
1741 965
1908 591
1914 629
1914 605
1063 312
2301 818
1631 514
1388 614
1979 868
2130 692
1469 648
1807 658
548 312
1745 408
1822 437
1086 774
1696 614
2049 650
1641 666
1219 312
2489 975
2225 908
1756 897
1006 312
1438 846
2631 862
2570 980
1029 642
1140 521
716 312
2673 898
1290 511
1395 846
1761 814
2014 707
2651 691
2036 863
2013 880
1987 719
895 407
1907 730
2251 899
2409 530
1716 940
2721 876
1084 481
2426 666
979 606
2337 827
1379 747
1866 673
3161 784
1679 589
3623 991
1969 715
1562 666
1289 391
1999 901
1901 899
2941 911
2450 899
1862 619
738 360
1316 456
1940 742
2832 942
1855 914
2052 591
2489 821
1295 672
1582 964
2034 619
1720 879
1816 635
2373 954
1624 754
1742 904
2382 942
2501 814
1621 720
2293 961
2083 978
1734 651
1220 735
1477 658
1618 963
1365 364
1748 764
2604 920
1213 438
1210 745
1354 493
1593 642
2252 928
2538 655
578 312
2127 951
1338 633
1883 811
1430 582
2160 824
2378 988
1967 606
1574 908
1506 584
1203 779
1206 666
1967 746
1295 717
2474 980
1370 497
1428 820
3454 782
2048 813
2304 821
571 312
1821 820
1890 806
2562 969
2192 733
1268 822
1992 854
1754 547
1978 790
2362 764
2159 812
1434 635
1443 589
3007 915
1089 382
1166 619
896 505
1467 742
2150 965
1924 954
2322 897
777 375
1101 478
2866 820
2207 956
1867 788
1459 709
2212 981
1506 451
2041 771
1394 694
1759 950
2296 745
1165 405
1708 812
1833 697
1008 638
1738 940
1969 828
2480 821
2327 773
1885 791
653 318
1367 563
2011 643
3366 926
2194 888
800 312
1716 515
2354 908
2602 969
2111 835
1500 509
2622 953
1453 656
2756 949
915 398
1476 479
2520 730
1712 772
941 475
2102 666
1494 701
1807 742
3018 873
1427 403
871 456
649 320
1732 469
1439 789
2046 909
1498 514
1794 423
1372 942
2684 993
2642 965
1691 619
2514 757
2124 996
2141 847
677 312
1958 742
2192 791
2188 802
2261 740
2145 969
2107 926
2201 939
1208 423
1580 846
2255 798
2656 991
2963 873
1363 566
1139 422
2296 679
1682 923
2183 866
664 312
2288 923
1305 737
831 509
1867 833
1907 902
1163 480
2294 795
1922 710
1543 479
705 312
2035 729
1608 752
1988 720
1461 594
1071 320
2978 830
2041 753
1110 312
1537 526
1311 958
679 312
3083 875
2187 866
1107 667
1096 544
2385 856
2221 656
1391 516
2887 957
1067 464
1430 849
2294 898
2060 821
1766 879
2122 936
1864 564
2181 628
1053 347
1014 312
789 446
1747 812
3427 910
1982 759
1842 883
1912 526
1498 711
2641 690
1867 535
1881 844
2015 574
2095 873
1920 926
1886 581
1385 731
1827 532
2045 827
1445 730
725 312
2596 572
1844 378
539 312
617 312
1239 813
2132 710
1144 677
1207 331
2002 923
2390 963
2133 651
1352 603
1051 500
3219 915
1539 563
2140 773
579 312
2243 692
2205 965
1920 898
2027 922
904 317
2073 520
1729 725
916 362
1232 531
2115 732
2221 642
1356 873
1521 757
3117 828
1934 761
1920 902
2539 956
813 422
1483 721
1777 630
1384 684
2425 830
2430 961
887 320
2496 920
1857 820
1488 464
936 312
2501 951
695 312
1547 451
1237 786
2135 470
2008 923
2346 894
1007 354
2584 944
1048 312
2183 777
2192 802
2621 897
1322 403
2481 753
1643 692
884 318
1219 761
1906 789
1102 411
1564 999
2317 666
818 322
716 312
3302 945
995 360
1999 772
1304 897
1593 940
2279 810
2198 999
1986 809
2278 801
2293 690
840 312
742 322
1524 711
2988 944
2005 963
1081 500
1422 739
972 441
1402 784
1243 788
2041 923
1811 827
535 535
1153 797
1124 663
1218 741
2018 569
575 312
2505 802
2043 858
2336 911
1062 459
1466 847
1098 711
2307 620
1505 687
1976 969
2228 883
1696 632
1581 761
1522 465
1442 533
2215 963
1873 927
1272 925
1899 547
2632 1000
1388 385
1173 707
2410 908
2378 806
2603 955
1636 691
3413 844
1318 730
1749 833
872 398
1625 680
2508 982
2620 904
1576 533
2282 658
1641 947
1680 532
1534 441
1683 896
1637 978
1445 761
1001 350
1013 315
1532 441
680 312
2055 852
1054 382
2567 919
1626 458
2280 978
2044 818
1941 720
842 382
2011 955
1253 483
1806 722
957 643
1908 567
2202 771
1826 709
689 360
2164 908
1035 341
1532 658
3185 991
1368 478
1293 921
2366 832
1371 697
2079 638
2649 922
1632 484
1448 658
2405 942
2346 835
1852 387
2212 998
1253 387
1535 706
2285 628
2681 937
1645 643
1733 660
1178 312
988 518
1403 760
2939 889
2078 997
1782 798
1082 517
2028 957
1765 490
1754 580
1366 754
874 406
2105 822
2103 949
1859 782
1765 868
907 372
2448 890
2336 893
2019 857
1209 797
1930 709
1833 889
2649 926
2477 953
1741 796
2054 944
1984 986
1478 816
1534 574
1483 658
2499 503
1521 658
1525 866
1591 733
2469 888
2168 782
1511 681
2093 671
1391 690
1799 782
2358 744
1659 633
565 312
2060 891
1235 427
2079 972
773 385
910 312
2019 806
1010 658
938 312
1949 910
1171 351
1645 972
1272 430
1249 510
1307 517
1537 999
1877 827
2171 956
2155 868
1216 547
1208 719
2007 903
883 375
2156 752
1050 422
1667 705
2297 802
938 558
1573 757
1796 749
2418 898
1009 457
1593 668
1254 789
1429 688
1975 617
1746 741
2070 908
1048 595
1731 786
2546 925
2776 925
1630 939
1849 530
3044 791
1613 923
1175 361
1730 688
1874 927
2403 801
3374 897
1989 970
1391 867
1950 530
1157 339
1432 578
2695 854
1444 720
2305 993
2337 888
830 312
2555 871
2685 869
2130 610
1521 854
2239 830
2708 911
672 312
2359 719
790 420
1473 851
1655 658
1510 312
2280 953
1026 538
1675 818
1645 839
741 312
1079 486
1185 532
1181 718
1366 517
1366 746
1891 633
2327 981
1515 937
2683 801
1766 591
2118 692
1998 784
2805 963
699 347
2300 777
2207 923
2094 852
1612 621
998 395
1548 687
1780 553
2430 832
1463 790
1953 934
1514 558
1176 747
2657 946
522 312
2526 777
2443 761
673 312
2500 863
3002 883
1996 775
1086 655
2028 801
1410 921
2326 802
1269 702
2871 981
1587 647
1425 822
1541 625
1596 697
1877 986
1002 332
1140 437
3175 943
1911 942
1646 927
1206 391
1554 822
2082 730
2636 629
1394 699
1436 632
1796 849
2951 982
1467 391
2186 951
2450 937
2656 951
954 500
2045 668
2335 876
2201 997
2572 993
2263 979
1854 795
717 312
496 312
1406 857
1285 389
1700 840
855 528
1658 802
936 459
883 347
2605 772
3394 908
2311 849
2185 621
1698 870
2267 629
2005 935
1614 705
3035 922
1246 425
1086 351
854 312
964 505
1997 666
1408 584
1483 677
2309 898
975 358
1681 567
664 312
1811 944
2249 882
752 436
1459 617
1918 741
2085 913
2248 658
2158 980
2881 970
1275 608
1132 629
2107 814
1125 501
1061 408
1709 882
1306 910
1308 435
1703 952
2733 975
1348 495
1899 950
2059 736
900 396
2867 866
918 320
1161 774
1950 740
1889 824
2366 935
2644 777
3168 1000
995 476
1970 798
1733 751
1360 547
1144 547
1313 877
2830 975
594 312
1679 851
1346 931
1872 901
842 446
1392 725
2008 827
2503 933
1507 707
2104 976
1413 564
2383 961
2417 901
1772 859
2224 968
1528 512
1383 707
1760 786
1758 581
1451 873
2864 822
2184 532
2195 982
1106 643
1791 918
1844 492
1999 902
1396 623
1549 921
1762 827
929 467
1335 582
2003 816
1333 514
503 312
1392 736
1891 675
1219 866
1779 934
1921 902
2343 921
2316 852
1392 657
3198 957
2352 798
794 480
1879 859
2669 984
802 372
1397 917
1853 893
1870 813
1384 418
1349 629
2656 757
1109 642
725 312
2465 731
1695 994
769 312
2013 842
999 666
1517 543
2309 866
2274 812
1450 749
1752 806
2589 684
2494 901
2273 697
2206 866
948 327
1389 868
2345 860
2541 952
2068 993
1036 701
1314 617
1065 531
1964 912
1144 671
1707 914
1302 897
853 312
2320 904
1211 578
1854 812
1207 312
1898 894
552 312
1576 761
2650 896
587 312
1686 772
1983 647
843 385
2336 989
488 312
2510 632
1728 459
2415 891
1237 671
723 315
704 312
1346 584
2511 734
1415 481
2500 968
1022 326
3461 922
2974 882
1260 544
1708 617
1286 943
1772 943
2251 801
1820 947
1833 643
2063 905
1869 786
1157 312
2146 884
1769 880
1247 711
2134 889
2066 833
1587 640
1415 488
1255 731
2641 921
1592 693
1010 464
2726 981
1130 677
1464 827
2942 916
1368 720
2704 855
3034 992
1462 425
2778 651
1218 715
2018 679
1996 986
2084 526
1737 690
2221 998
1686 786
976 629
1675 752
1383 850
2502 860
2012 913
1954 773
1708 458
1819 893
2535 750
1979 743
2855 949
2605 840
1317 454
2075 915
1713 711
2736 889
1396 632
1805 771
2407 742
1910 956
