2003 946
2821 917
1155 864
1677 864
2719 864
3069 889
2660 864
2660 864
2212 864
1779 864
2301 864
2513 991
1635 864
2037 864
1424 864
2364 864
1584 864
2690 864
3695 990
2663 899
2691 946
3157 864
2095 988
2972 923
1853 864
3232 937
2167 864
1787 864
2865 864
3071 971
2136 864
1812 923
2558 937
1957 918
2127 864
2472 884
1611 864
2212 864
1838 867
2574 864
1716 864
2849 951
2129 864
3298 864
2976 864
1679 864
1606 864
1962 864
2961 864
1680 864
2694 955
1482 864
2232 901
1315 864
2269 907
1358 864
2351 864
2433 864
2129 864
2951 964
1782 864
2529 864
2173 864
2341 864
1988 864
2304 864
1328 864
1951 864
2095 864
4305 926
1785 864
2262 864
3159 864
2540 878
1343 864
2923 988
2006 864
1463 864
3183 864
2190 864
2740 992
3259 864
1768 864
1735 864
2502 937
1801 864
2368 997
2564 864
3709 916
1650 864
3605 928
2538 999
2121 864
1425 864
1889 864
2975 864
3563 864
2225 864
2620 992
2685 864
4220 865
2558 967
2448 864
2049 886
2554 882
2931 864
1831 864
2663 954
1694 864
3051 968
2771 898
2675 981
2907 864
2360 864
2025 864
2434 864
1665 864
3155 857
1766 864
1208 864
2241 864
3464 880
1596 864
3462 990
3348 864
3121 978
3171 953
2556 997
2363 864
2635 864
3542 953
1587 864
1456 864
1767 864
2739 924
2192 864
1904 972
1616 864
3084 864
2320 864
2214 864
1543 864
2198 864
3157 973
2886 988
1277 864
1430 864
3386 973
2161 864
2400 905
3456 864
2894 864
2599 893
2703 864
2400 864
2033 864
3598 894
1703 864
2337 864
3596 968
2477 916
1796 864
1747 864
1785 864
4043 864
2877 864
2459 864
3297 894
2004 864
1460 864
2332 864
2235 864
1954 864
3078 864
1901 864
2847 872
2623 864
1825 864
2604 864
2462 884
3032 895
1990 864
2162 864
2464 907
2089 864
2992 959
2046 864
3205 864
1995 864
2541 864
1837 864
3185 864
2316 864
2683 916
2015 864
1610 864
1622 864
3009 864
2284 864
2302 884
1343 864
2217 864
2140 864
1595 699
2257 864
3613 962
1528 864
2762 937
2021 987
2496 864
2572 906
1762 864
2166 864
2823 864
1980 864
1760 864
3627 924
2388 864
2906 864
1790 864
3357 949
2067 864
1728 864
3456 875
2163 864
1804 864
2023 864
2746 864
2900 940
2179 864
1317 864
1792 864
2366 986
1673 864
2787 916
1815 864
2496 864
3272 900
2582 888
2136 545
2524 864
2645 864
2371 864
2135 864
1849 864
2087 864
2711 997
1156 864
2656 864
1776 864
2062 873
1679 864
1115 864
1339 864
2194 864
2759 920
2501 864
2458 864
3859 988
3001 885
2155 864
2321 864
1172 864
2224 864
1600 864
1749 864
3063 995
2814 882
2479 901
2025 864
2388 889
1977 864
2112 864
1856 952
2028 864
1221 864
1904 864
1970 865
2226 864
1714 864
1316 864
3159 867
2864 864
2072 864
1362 864
2945 924
2926 868
2515 864
1770 864
2073 864
3006 864
1534 864
2283 864
2068 882
2223 972
2041 881
2668 864
2889 864
2027 864
2927 943
2710 984
3166 702
2458 905
989 864
3147 864
1886 864
1553 864
2366 864
1524 864
2113 864
1989 864
2747 864
2368 864
1903 974
1666 864
2414 902
1692 864
2761 864
2792 883
2855 864
3040 960
2138 864
1495 864
1604 864
2063 864
1546 864
2709 944
3998 978
1921 864
3109 974
2201 924
2761 864
2855 864
2488 864
2379 864
2400 864
2491 864
2539 899
1913 904
2852 942
3353 942
3683 901
1724 864
3319 864
1804 864
2921 864
3336 942
2677 942
2137 864
2188 864
2800 999
3103 864
2568 872
1404 864
2370 864
2281 905
3117 864
2125 864
2494 988
2994 864
2699 962
2536 864
3497 864
2691 864
2243 864
1085 864
1779 870
2364 864
3070 877
2345 909
1675 864
2392 864
2713 971
1659 864
2145 864
2401 864
1935 864
2507 864
2132 864
3230 898
1984 997
2969 908
2460 864
2962 864
1930 864
3159 864
1654 864
2128 864
3080 864
2354 864
2247 956
2214 997
1815 864
3246 978
2454 864
1948 864
2507 994
1093 864
1776 864
3946 911
2355 864
2528 864
2784 874
1872 864
2409 864
2519 864
1664 864
1959 864
1680 864
2073 864
701 569
2374 864
1118 864
1384 864
1855 864
2069 864
1677 864
2065 864
2588 864
1882 864
1209 608
3069 966
1759 864
2333 936
2349 988
2114 864
3069 984
1222 864
2897 899
1776 864
3615 997
1385 864
2807 962
1810 864
1786 864
2993 951
1958 864
3251 903
3926 865
1033 864
1954 864
2608 864
2397 864
2103 864
2324 872
1864 864
1749 864
3370 995
2208 864
2631 864
2465 864
2429 864
2637 864
2993 966
1995 864
2776 865
1925 864
2031 864
2923 955
3609 956
2315 1000
2463 864
2509 939
2398 864
2079 864
4125 919
2560 865
2675 946
1943 864
3668 966
1579 864
3067 917
1835 864
1564 864
2330 864
2492 884
1543 864
2174 864
2305 864
2711 981
1663 864
2824 923
2099 864
3664 865
1960 978
2056 864
1705 864
2234 864
3441 927
2222 864
2159 864
3374 988
1748 864
2059 864
3318 904
1619 864
1936 864
3186 909
3152 946
2517 905
1888 864
2382 864
2574 864
1290 864
2041 864
3008 884
1905 864
2536 864
2242 864
2465 864
2337 889
1754 864
2668 864
1749 864
2254 997
2568 864
3114 901
1456 864
2019 770
2475 907
3244 864
1603 864
2571 864
1808 864
1627 864
2118 864
2590 864
3201 867
1425 864
2247 904
2407 864
1964 864
2171 864
3170 864
2280 864
2894 864
1820 864
1425 864
2318 955
1352 864
1658 864
2692 864
1945 864
2283 864
2709 864
2517 864
2808 864
2614 954
1851 864
1758 864
2871 864
1709 864
1811 864
2606 864
1635 864
1895 864
2391 885
2371 864
1566 864
2620 864
1484 864
2634 864
2704 964
2930 864
1760 864
2102 864
1840 864
3293 983
1426 864
2067 864
1672 864
3048 864
2964 962
2830 852
2885 864
2829 872
3352 864
3065 953
1993 864
1757 864
1327 864
3166 1000
1973 864
1704 864
1758 864
2259 864
1424 864
1616 864
3424 864
1790 864
2669 864
1447 864
2090 864
2369 864
2353 864
2624 864
2374 988
935 864
2160 944
3075 978
2592 864
2318 864
1810 864
1447 864
1724 864
1990 864
2208 864
2264 864
2502 864
2477 944
2143 864
2476 925
2005 864
2042 864
2776 885
1504 864
2362 864
1614 864
1662 864
2035 864
1818 864
2390 864
1651 864
1107 864
2097 864
2850 932
1828 864
1639 864
1671 864
1699 864
2357 874
2474 864
1861 864
2023 864
2756 864
2522 882
2993 864
1361 864
3437 972
1942 864
1698 864
1782 864
2855 867
1594 864
2520 867
1725 864
1830 864
1140 574
2512 954
2174 997
2508 871
1434 864
2119 932
3136 972
3323 916
2369 864
1911 864
3042 865
3066 864
2912 953
2195 864
2234 864
2609 864
1994 864
1861 864
1901 864
1934 885
2671 864
2404 864
2950 864
1107 864
1969 975
2347 864
2420 864
3095 905
1894 1000
2384 967
1204 864
1553 864
2232 864
3198 938
3905 864
2143 864
2013 953
2885 864
2365 864
2098 864
2163 937
2063 864
1574 864
1128 864
2116 864
2515 952
2361 864
2077 908
3463 924
2270 864
2385 864
1873 864
2952 864
1387 864
3127 918
2344 864
1715 864
2159 864
2589 888
2430 864
2560 864
1616 864
2463 885
3043 864
1342 864
2687 951
1699 864
1730 864
1772 864
2389 864
2598 864
1994 864
2319 882
2345 864
1376 864
2437 970
2069 864
2834 887
3067 864
2089 864
3029 940
2179 864
1495 864
1167 864
1841 864
2189 864
3312 962
3011 959
1442 864
3248 965
3248 876
2908 864
2407 864
3567 864
3459 933
2441 659
1264 864
2860 873
2314 864
2236 968
2190 864
2641 937
1721 864
2801 901
2260 864
2977 937
2140 864
2260 864
2985 941
2063 864
2048 984
3088 864
2224 864
2180 864
2245 864
2587 864
1952 978
3573 927
3100 988
1865 864
2312 864
1607 864
2564 881
2597 932
2036 864
2320 942
2831 900
2188 864
2238 864
1186 864
2654 940
2120 864
1004 864
2422 879
2396 864
3656 882
2223 981
2378 864
2937 864
2334 864
1457 864
2079 885
2476 968
1983 864
2104 864
3210 871
2465 864
2629 864
2347 967
1628 864
2595 864
2442 952
2678 889
1836 864
2694 901
1635 864
2616 864
2410 864
2686 864
1621 864
2394 864
1582 530
1722 864
2780 997
2695 948
1992 864
2916 906
2334 864
2693 951
1369 864
2667 923
2379 864
1733 864
2351 864
1807 864
3655 962
3190 955
2085 864
2511 940
1703 864
2149 864
1655 864
1918 864
3139 942
2365 905
1882 864
1794 864
2555 864
3241 864
3406 962
2185 864
2719 955
1390 864
2440 864
1461 864
2488 864
3143 864
2256 864
1904 864
2046 864
1676 864
2323 962
2285 864
1172 864
2272 867
2266 864
3174 908
2927 864
3239 938
1895 976
2095 864
3267 864
2548 864
2761 864
1631 864
2345 974
2055 864
3294 943
1435 864
1918 864
2758 914
1976 864
1708 864
2463 864
2295 864
2506 864
2695 864
2430 965
3063 960
1663 864
2673 991
2441 864
2274 864
2159 896
2899 864
3291 864
4277 864
1978 864
3009 940
2214 864
2804 881
2444 994
1831 864
2457 980
2643 864
1804 864
2513 864
2559 864
2181 864
1948 864
1918 864
2207 864
1114 864
3437 864
3228 966
2706 930
2058 870
1862 864
1715 864
1560 864
1809 864
2697 866
2023 864
2814 960
2216 864
1728 864
1362 864
1301 864
1916 864
2741 864
1611 864
2634 964
2018 986
2729 864
1776 864
1743 864
1420 864
2312 864
1136 864
1157 864
2395 864
2337 864
1881 864
1705 864
1275 864
3993 864
1665 864
2052 864
2069 864
2330 864
1125 864
1464 864
2004 936
2549 864
2136 900
2272 955
1769 864
2132 864
1703 864
2898 864
2934 864
1356 864
1862 864
1383 864
2947 864
3395 969
2507 864
2315 864
2742 999
3197 937
2711 991
1697 864
2760 864
2569 864
2426 864
2257 864
2965 864
3391 951
3042 988
1903 864
2015 864
2900 864
3161 874
2066 864
1498 864
1210 864
2231 907
3133 938
2487 864
2710 864
2768 958
1674 864
2564 940
1886 864
2135 864
1657 864
1662 864
3084 937
1700 864
1828 864
1921 864
1729 864
2105 864
1145 864
1560 864
3070 864
1883 864
2035 909
2050 864
1862 864
2888 864
1596 864
2019 864
3332 951
2134 864
1078 864
2018 864
1975 864
1955 864
2025 864
3070 864
2661 948
2746 864
3014 939
3330 905
2234 871
2871 878
2325 864
2558 864
2499 986
3096 941
3615 864
2160 864
2059 885
2021 864
2141 908
1986 864
1924 864
2273 889
2353 966
2794 864
3027 858
3457 864
2705 864
3140 988
2561 916
2230 864
1550 864
1353 864
2239 864
2593 878
3304 995
2925 904
1309 864
3309 864
2340 896
2963 988
1850 864
3330 958
1745 864
1300 864
1765 864
2451 864
1039 864
2032 864
3137 925
2797 971
1750 864
2442 864
3301 958
1381 864
2325 864
2011 864
3055 981
1915 864
2904 938
2604 864
2879 864
2154 983
1920 900
2496 967
2751 998
2876 972
2292 864
3520 906
2622 864
2550 864
1081 864
2699 864
1159 864
2064 864
1092 864
2104 925
1540 864
2694 864
2876 937
2528 864
2795 978
2759 864
1900 971
2302 864
1693 864
2638 864
2400 864
1713 864
1260 864
1556 864
2163 906
2313 864
1651 864
3901 977
2061 867
2039 864
2904 864
3473 962
3456 901
2188 940
2721 937
3378 914
3582 940
2644 954
3641 864
1980 864
1585 864
2840 864
2224 864
2620 864
2575 871
2106 864
2303 965
1604 864
2278 864
1367 864
2476 864
2230 864
2949 864
2113 882
2009 864
2611 864
3705 966
1290 864
2149 864
2719 916
2723 864
2822 864
2384 937
1587 864
2557 864
2503 864
2043 864
1830 864
2912 952
2576 864
2381 864
2220 864
2641 864
3178 984
1855 864
2229 867
2315 864
3671 905
2665 864
2158 864
2226 864
2664 873
2570 902
1647 864
2842 925
2395 864
1964 864
1627 864
2514 864
2850 864
1768 864
1654 864
3062 985
2238 864
2400 864
2500 864
2601 896
2006 864
2304 966
1906 864
2559 965
2953 866
2517 948
1815 864
2314 864
2591 940
2467 864
2562 864
1623 864
2049 864
2186 864
2572 864
1141 864
2061 864
2467 864
2839 868
3005 925
2759 939
2786 971
2288 864
3152 914
2701 864
1604 864
3010 864
3078 864
1662 864
2225 864
1927 864
1878 864
1801 864
1894 864
3312 914
2037 864
2361 864
1758 864
2684 988
2246 864
2365 864
2638 926
2710 958
1865 864
2037 864
1596 864
1665 864
2485 864
2245 864
2449 952
2254 864
2314 864
2735 864
1700 864
2423 864
2457 864
3185 958
2196 864
2570 864
2555 864
3288 971
2945 887
2934 864
2745 864
2625 910
3084 906
2489 864
2958 864
1916 867
2865 992
1792 741
2007 864
2653 864
3036 967
3083 946
1790 893
1904 864
2008 864
2565 873
2624 964
2233 864
1610 864
2503 864
3201 962
2208 864
1332 864
1142 864
1926 864
1630 864
2838 864
2594 864
1831 864
2968 864
2266 864
2557 864
2679 864
1954 799
990 629
3048 918
2466 864
2395 898
1198 864
1611 864
2757 864
2907 907
2263 988
3060 864
3273 906
2356 952
2073 879
2087 864
3186 941
1489 864
2522 864
2390 864
1982 864
2001 864
2104 864
2234 864
2157 864
2683 949
2238 864
1700 864
1128 864
2578 943
1563 864
3054 954
1964 864
3184 907
1760 864
2016 864
2197 864
2155 864
3174 972
2284 864
1834 864
1334 864
2222 864
2524 988
2588 864
3473 973
2062 902
1700 707
2194 864
2203 864
3119 975
1837 864
2940 988
2730 990
2801 946
2337 950
1677 864
2867 964
2151 898
3967 983
3159 893
3695 969
3338 936
2007 864
3015 864
3321 864
2078 864
2721 928
1707 864
2516 864
2650 864
2994 946
3085 864
1652 864
1755 864
3174 864
1298 864
3342 864
3253 864
2068 864
2468 864
2799 981
3315 864
2662 972
1849 864
2029 864
1456 864
3356 864
2542 864
2717 864
1160 864
2367 926
1729 864
2385 864
2513 864
2922 885
1670 864
1280 864
2267 864
2882 864
1723 864
2845 916
1963 864
3106 882
2532 888
2215 864
1888 864
1627 864
2489 864
3137 966
2244 896
2438 875
2480 864
2218 864
1857 864
2373 864
1932 864
2029 864
1765 864
2672 959
2190 925
1795 864
1478 864
2318 864
2015 995
2488 946
2869 864
1836 864
1916 864
1949 864
3088 864
2332 864
2333 864
2347 937
2456 891
2138 864
1781 864
3036 995
3017 864
1910 864
2606 864
2740 904
1479 864
2376 864
2910 864
1883 864
2094 864
2307 864
3509 864
2422 864
2878 944
2249 864
2186 864
2655 940
2695 864
3480 864
2627 864
2551 864
1820 864
2817 864
2921 891
2515 966
2328 968
2280 942
2602 966
2886 947
2840 992
2222 864
2078 864
1603 864
1750 864
3638 968
1833 873
2577 952
2344 864
2510 864
1735 864
2027 916
1185 864
1906 864
1698 864
2120 864
2655 864
2445 864
3100 864
2033 864
2326 864
2801 864
2265 864
1936 864
2362 864
2151 864
1836 864
1792 864
1986 864
1995 924
1738 864
2505 933
3253 864
2407 864
2584 864
1909 864
2869 962
3220 958
2655 987
1510 864
2194 864
2194 864
2670 864
2926 952
3267 873
1484 864
2765 864
2160 864
2542 934
2037 864
2431 927
2176 864
1517 864
3068 987
3191 864
2705 887
2867 864
2172 864
2871 864
1593 864
2546 878
1472 864
1428 864
2414 864
1366 864
2090 864
3503 941
2697 864
3569 990
2746 864
1543 864
2767 932
2127 909
2014 864
3158 958
2506 941
2125 864
2084 864
1409 864
2939 864
2781 864
2525 994
4124 920
2085 864
2296 864
2287 864
3272 865
2061 864
1434 864
2074 864
2524 887
2822 864
1898 955
2265 864
1818 864
1086 864
2165 864
2034 864
1056 864
1678 864
1324 864
3683 905
2148 864
1411 864
2761 864
1574 864
3423 864
1706 864
2660 927
1173 864
2464 961
2617 864
1737 864
1790 864
2593 864
1621 864
2025 864
1358 864
2384 864
1422 864
2844 864
1786 864
1731 864
2097 864
2728 864
1503 864
3320 942
2338 864
1688 864
1253 864
1932 953
2223 975
3733 905
1661 864
1653 864
2826 864
2418 864
2733 919
3026 864
2511 864
1460 864
3151 864
4129 864
2149 864
2926 952
2605 999
3181 864
2249 864
2597 864
2624 987
2622 864
2914 997
2440 864
2562 864
2158 878
2919 972
3242 966
1079 864
2188 937
2664 988
2530 870
2089 864
2743 864
2406 927
2078 864
3150 900
2283 962
1716 864
1968 864
2204 864
2513 864
3290 864
2980 936
3195 864
1708 864
1926 997
2144 864
1916 864
1759 864
2109 973
1393 864
2460 864
2663 901
2330 864
3274 927
3588 952
1571 864
2563 1000
1858 864
2606 988
2601 864
2284 864
2800 864
3109 944
2898 940
3408 960
2648 864
2520 864
1537 864
1742 864
2989 965
2235 864
1617 864
1940 864
2562 864
2002 864
2156 864
1646 864
2406 864
2208 864
2251 864
2847 874
1971 864
2418 967
2348 864
2325 864
2049 864
1482 864
2110 864
1847 864
1719 864
3618 958
1957 864
3287 864
2508 864
3211 997
2447 864
3344 916
1785 864
2352 864
2639 882
1710 864
1548 864
2267 864
2139 881
2553 910
2645 987
2716 864
3199 864
2281 864
2196 864
2282 675
2475 905
2056 864
3105 864
2780 888
1986 864
1365 864
2497 864
1954 943
1568 864
3971 968
2611 939
2100 864
2612 964
3133 864
2627 872
2444 864
2672 864
1615 864
2234 832
2314 878
3084 864
2447 864
2047 864
1883 864
1808 864
2995 864
2021 864
2200 864
1017 864
2786 864
3349 864
1790 864
1627 864
1749 864
2393 864
2653 864
2837 946
3352 876
1107 864
1494 864
2189 864
1636 864
1223 864
2594 715
1493 864
3220 906
2647 895
3023 924
2337 864
3168 864
3185 864
1413 864
2754 864
2727 865
2580 864
2419 906
3378 914
1079 864
2175 864
2059 864
1732 864
1452 864
1436 864
1672 864
2613 864
1784 864
2447 1000
1943 864
2194 864
2163 864
1724 864
2838 864
2418 864
1848 864
2442 999
2071 864
2825 910
2954 864
3578 928
3143 878
2268 864
2343 879
1223 864
1591 864
2241 864
2458 864
2948 895
3505 864
2679 999
1657 864
4103 937
2636 978
1589 864
1415 864
2469 864
3532 964
2183 864
2274 910
2798 864
3013 960
2684 864
3516 864
3152 953
1927 864
1802 864
1733 864
2706 888
2305 864
2232 864
2234 864
1973 864
2402 864
2374 864
2765 864
1640 864
1619 864
2857 903
1895 974
2433 864
3183 962
1550 864
1361 864
2599 864
1559 864
2804 905
2831 968
1714 864
3044 864
1829 900
2962 919
2840 864
1565 864
2908 981
2612 994
2268 864
1446 864
1480 539
2274 864
3576 991
2563 864
2805 995
3338 940
2423 864
3310 988
3151 864
3809 951
2518 864
1716 864
2630 947
2666 864
2631 864
2206 864
2322 917
2244 925
1583 864
2233 864
2859 1000
1802 864
2114 864
2045 864
2160 974
1219 864
2835 997
1916 864
2244 864
3700 924
2285 864
1964 864
2861 864
2482 864
2472 864
3518 928
1236 864
3434 966
1450 864
3500 934
2814 876
2080 864
1404 864
2735 864
1534 864
2322 864
3306 864
2293 864
2639 904
2575 864
2948 864
1856 864
2819 902
2645 864
2195 864
2349 864
1946 864
2628 893
2957 903
2597 864
2410 864
3208 979
2664 976
2973 952
2250 864
1857 864
1857 864
3880 979
2500 884
2674 908
2337 864
3018 882
2268 864
1845 864
3400 967
2349 864
2444 864
2228 864
2243 864
2046 864
3967 937
1735 864
2141 864
1597 864
1481 864
1934 864
3582 875
2248 864
1385 864
4161 979
2000 864
2574 971
1787 864
1983 864
2558 864
2256 942
1781 864
3184 975
2245 911
2791 939
2046 864
2028 864
2921 910
2900 874
3119 942
1723 864
2865 864
2213 864
2277 864
2806 937
2282 864
2675 864
1697 864
2952 972
2423 864
2380 896
2150 964
1856 864
3672 949
3589 997
2273 864
1720 864
1387 864
2499 864
2111 864
3271 864
2497 906
1861 864
2206 864
1617 864
1524 864
1516 864
3021 864
1515 864
1741 864
2954 864
985 864
2460 864
2434 906
1808 864
2474 972
3034 864
1626 864
2383 868
2981 966
3325 973
3142 864
2074 864
3216 902
3271 941
2379 864
1945 932
3266 864
2236 864
1852 864
1867 864
2905 882
2454 864
3617 864
1678 864
2694 914
1468 864
2306 864
2322 864
3286 930
2662 864
1450 864
2728 924
1961 864
2563 864
2254 878
1969 864
1847 864
1651 864
1677 864
2321 864
2426 973
3471 864
2109 944
3109 973
2440 864
2293 864
2459 872
1888 864
1756 864
1539 864
2543 864
2263 872
2260 864
2342 864
1640 864
2656 968
2386 970
2010 864
2724 864
2034 864
3029 954
1879 864
1871 864
1365 864
3564 999
2246 864
2990 901
2124 864
2277 864
1876 864
3303 866
2569 864
1673 864
2347 864
2398 864
2917 966
2311 864
3302 946
2790 864
2909 896
2349 872
2179 864
2473 864
2403 864
2249 864
1663 864
2121 864
2065 864
3443 930
1653 864
1282 864
3344 983
2416 864
2280 864
2735 992
1850 864
2554 864
2005 864
2288 864
2944 917
2227 864
2554 944
2624 864
3875 959
1853 864
2454 864
2225 864
2472 864
2148 864
2867 973
2124 864
1847 864
2086 864
1621 864
2729 964
3045 948
2253 864
2312 864
1456 864
2874 964
2397 864
2054 864
1923 864
2432 864
2507 936
1451 864
3248 864
1951 864
1959 864
1348 864
2350 864
1591 864
1753 864
3279 991
2163 864
2834 864
1826 864
2388 864
2513 864
1794 864
2542 914
1755 864
2821 903
3747 975
2236 864
1944 864
1991 864
1511 864
3229 965
2184 864
1498 864
1962 864
1755 864
3801 919
1675 864
3047 864
3500 984
1754 864
1266 864
2054 864
2128 864
2505 864
1923 864
3239 906
1049 864
2434 937
1929 864
1533 864
2222 909
3844 984
2768 953
2289 864
1516 864
2133 864
2053 539
2285 864
2817 988
1756 864
3362 864
1608 864
2436 864
2179 889
2639 864
2280 864
2306 864
2114 864
2163 864
2694 864
2295 864
3053 864
1847 864
2944 995
2896 864
3258 888
2713 864
1785 864
1743 864
1549 864
2035 864
2831 864
1842 954
2060 937
2431 950
3179 952
2533 932
3255 864
2428 984
1882 864
3477 983
2505 953
2173 864
2404 864
1985 987
3454 936
1747 864
1939 864
2214 865
2748 968
3445 864
2528 864
2185 992
1216 864
2345 864
2329 864
2278 864
2606 925
2650 864
3598 988
3126 999
2667 864
2308 864
1508 864
1245 864
2250 972
2082 864
2448 871
1852 864
2995 864
2859 878
2440 864
2964 919
2838 910
1779 864
2019 864
2007 864
3473 882
1872 864
2288 888
2818 864
2409 864
2349 864
2345 873
2567 864
2514 946
1703 864
1707 864
3357 937
2743 864
2626 864
2435 964
2209 864
2334 864
1676 864
2050 864
1933 864
2939 864
2271 864
2405 983
2230 864
2116 864
2146 972
1654 667
2330 882
3369 968
1744 864
2778 864
2710 885
2092 864
2566 864
2541 888
2058 986
1931 986
1154 864
2042 864
2249 998
2549 864
1475 864
2280 972
1890 883
1537 864
2693 864
3383 864
4322 938
2285 864
2413 864
1753 864
1975 864
3602 936
1910 864
2071 973
3682 864
2296 966
2031 864
2139 870
1866 864
3372 916
2229 864
3109 886
2286 864
2675 864
2631 888
3230 964
2032 864
2201 864
1570 864
2588 864
3030 969
2303 864
2447 864
1897 984
354 305
3549 946
2172 864
3212 991
2868 864
2546 864
2640 864
3189 864
2895 903
2394 864
2328 864
1756 864
1756 864
2230 864
1381 864
1246 864
3325 864
2340 864
2021 864
1572 864
2001 864
1373 864
2801 864
3196 864
3063 981
2439 864
2881 864
2052 864
1803 864
1467 864
2615 949
2463 894
3784 864
2040 873
1922 864
2646 997
1714 864
2952 864
2880 910
1684 864
2710 914
4139 906
1138 864
2807 914
1605 864
1448 864
2648 950
1963 864
2321 991
1205 864
3392 864
1698 864
2134 864
3174 999
1485 864
2582 864
2447 867
1846 864
935 864
2071 864
2558 876
2437 932
1974 864
2691 864
2679 864
3016 864
1692 864
1632 864
2780 864
1515 864
2008 864
1851 901
1558 864
4050 970
1969 864
4310 919
2766 864
1469 864
2880 878
1465 864
1825 864
2098 864
2178 864
2182 983
992 864
2742 871
2488 864
1617 864
1462 864
1748 864
3099 951
2570 864
1774 864
2402 864
3435 991
2357 864
2376 864
2416 864
1517 864
2347 872
2759 864
1800 864
1055 864
3208 979
1631 864
2875 864
2548 864
2937 867
2806 933
3151 970
1727 864
2928 885
1585 864
1806 864
2096 864
1448 864
2733 864
2693 972
2090 864
1890 864
2424 864
3846 864
2049 864
1561 864
1797 864
1994 864
3083 940
1817 864
1533 864
2730 888
1911 946
1784 864
3462 874
3328 864
2010 864
3136 893
2450 950
2378 967
1762 864
1798 864
1397 864
2041 999
2761 981
2892 974
2204 864
2642 924
2150 864
2354 864
2254 864
3591 864
2358 864
3068 901
1976 864
2412 864
1458 864
2409 864
2438 968
3261 914
1820 864
2085 864
2887 887
2175 864
2147 864
1667 864
1264 864
2359 864
1820 864
2740 995
3876 937
1746 864
2535 914
2894 864
1745 864
2774 867
2190 902
3147 951
2900 929
2302 864
1632 864
3618 936
1998 864
2014 864
2325 864
2807 864
2961 864
3198 952
2686 864
1912 864
2657 964
3729 888
1196 864
3148 972
1962 864
3062 864
1735 864
1570 864
1836 864
1655 864
1598 864
3149 941
1555 864
1272 864
2349 902
3126 871
1924 864
2397 864
1425 864
2235 864
3286 983
2453 864
1998 864
2241 864
1514 864
2051 864
2256 879
2192 902
1356 864
3138 864
1946 864
2910 864
2060 864
2501 864
1942 864
2123 864
2533 864
4170 983
1630 864
1890 864
2252 864
2473 864
1687 864
2496 882
2657 864
2909 864
2523 864
1539 864
1809 864
2388 967
2192 864
2141 864
2249 885
2826 958
1812 864
2336 864
1912 864
1691 864
2890 879
1674 864
2511 864
1308 864
1843 864
2393 864
3018 987
1259 864
1221 864
2174 864
2835 926
2618 864
2942 864
1306 864
3177 939
1887 885
2065 864
3733 969
1967 865
1607 675
2634 914
1462 864
2208 908
1728 864
3736 968
2449 872
2201 864
2791 939
2626 958
3572 864
1770 864
1639 864
3087 864
1759 864
2551 939
3349 864
2648 958
2090 864
1817 864
1776 864
1340 864
1627 864
2883 864
2315 864
2984 864
2758 934
2694 894
3148 864
2434 864
2278 864
1608 864
1829 864
1481 864
2154 864
2427 864
2017 864
1870 864
2578 988
1956 864
2491 864
2292 864
2068 864
3426 983
2312 923
1621 864
2204 864
2090 864
1806 864
1202 864
2620 864
2075 864
2374 864
2162 883
2265 864
1891 864
2097 864
1748 864
3048 864
3332 990
2259 864
2459 864
2763 878
1668 864
2432 864
3079 924
2218 864
3131 914
1867 864
1865 872
1192 864
3419 980
2175 864
2476 864
2844 864
2821 864
2202 966
2110 864
3192 864
2066 864
2625 864
918 864
1376 864
2108 878
2573 864
3456 973
2703 908
3276 943
2110 864
2759 965
1874 864
3139 864
2703 888
3181 864
3578 975
2225 864
2534 864
2277 898
2497 940
2195 864
2032 864
3124 864
2852 898
1499 864
1676 864
1666 864
3175 939
3456 987
2146 864
1393 864
2216 864
2895 872
2259 998
1603 864
1869 864
2010 864
2737 881
2290 864
2430 907
2581 967
3510 891
1466 864
2710 864
1837 864
1552 864
2595 904
1802 864
2224 864
2278 864
2997 864
2891 867
2546 864
2216 864
2230 748
3083 917
3050 864
2840 864
1902 864
2914 880
1999 864
2021 864
3007 905
3782 968
1698 864
3037 864
2668 954
2274 864
2194 864
2205 864
1836 864
2273 864
1709 864
2304 864
2568 864
1603 864
2474 904
2829 864
1913 864
2613 903
1823 909
1525 864
3058 952
1783 864
1571 864
2229 864
1827 358
1813 864
2221 864
1476 864
2299 864
2197 864
1650 864
1373 864
2755 864
2898 910
2724 864
2746 878
1772 864
3411 966
1663 864
1623 864
2788 864
1754 864
2238 864
2430 955
2283 972
2918 988
2154 987
2827 981
3508 911
1085 864
2738 934
2629 864
2507 954
3894 971
1776 864
3440 928
2382 864
1278 864
2345 864
1748 864
2180 864
2743 885
2055 864
1774 864
1939 864
2481 864
2092 864
2592 984
2429 967
997 864
2853 864
2209 988
2510 870
1506 864
2742 938
1978 864
2507 937
1880 864
2200 882
1598 864
2669 968
3121 864
1669 864
2485 976
2555 983
2588 864
3348 919
3160 867
2114 864
1465 864
2089 864
2387 968
2508 888
2498 967
1183 864
2089 864
2851 883
2473 984
2752 952
1706 864
2457 864
2553 864
2194 864
1911 864
2870 905
1417 864
3170 905
2064 954
2457 864
1811 864
2848 979
2161 864
2092 864
2007 864
2074 864
3505 998
2181 864
2055 864
1825 864
2236 864
1949 864
2489 885
1917 864
3065 864
3777 988
2686 864
1985 864
3230 920
3050 864
1894 864
1359 864
2305 900
2715 964
2438 864
1500 864
1843 864
1442 864
2170 864
3030 864
3055 864
1789 864
2802 932
2254 864
2653 987
3148 929
1840 864
2797 888
1666 864
1762 899
1602 864
1870 864
2259 864
3128 953
1466 864
1221 864
2181 864
823 558
3503 983
2036 864
2442 864
2976 933
2651 951
2010 864
2492 864
2629 864
1138 864
1516 864
2924 885
2079 864
2759 967
2296 864
1725 864
1758 864
2187 864
1980 864
1481 864
1154 864
3941 938
2745 988
1318 864
2884 864
2261 864
2152 864
2904 939
1417 864
2753 997
2925 999
2639 940
1431 864
2706 964
2972 864
1531 864
2104 864
3051 864
1149 864
2097 974
3339 984
3524 978
3595 988
2438 864
2598 864
1717 864
1616 864
1680 864
2167 864
2521 925
2271 864
2520 864
2612 864
2972 864
3635 985
2308 918
2945 864
2103 864
2277 864
1779 864
2556 974
1942 864
1989 864
1644 864
2635 975
2532 864
1822 940
2085 881
2371 937
2389 864
2412 864
2615 864
1849 864
1860 864
2125 864
1888 864
3626 886
3368 938
2395 864
2066 864
1482 864
1066 864
1706 864
1750 864
2409 864
2454 911
1790 896
3064 964
1563 864
2835 864
1100 864
3583 997
1711 864
2302 987
1717 864
2232 889
2241 864
2280 864
2255 864
1496 864
2730 961
1805 610
2525 864
2383 870
2497 908
2425 864
2060 864
1174 864
2714 864
2671 952
2485 864
1470 864
2400 864
2190 864
2198 864
2116 900
2452 914
1721 864
3943 864
1004 864
3215 864
2758 885
1383 864
2779 864
2041 864
1475 864
2586 864
2498 864
1593 864
1902 864
2150 997
2661 864
2338 976
1549 864
1565 864
2425 864
1789 864
2845 919
2716 929
973 864
2739 864
2660 864
2117 925
2147 864
2210 864
1724 864
2765 864
3255 988
1719 864
2827 864
2286 967
2367 998
1908 864
1612 864
3290 992
3174 864
2739 962
3165 985
2194 864
3621 864
2277 864
2841 864
2028 864
1914 864
1816 864
2572 864
2144 864
2743 992
1830 864
2654 864
2363 864
2530 992
2859 883
4264 864
2516 902
2221 997
2116 864
1606 864
2576 864
1979 864
1536 864
2323 864
2253 867
2728 864
1849 925
3426 930
2188 864
1869 864
2219 864
2272 870
2961 905
2885 864
1925 852
1773 864
2112 864
1946 904
2138 864
1513 864
1551 864
1775 864
1991 864
1457 864
1580 864
2377 879
2236 864
3123 886
1558 864
2484 893
2336 882
2417 864
1453 864
3757 937
2359 864
1637 864
2240 929
2357 864
2369 864
3290 864
2043 864
1845 864
2172 864
3162 864
2796 864
2038 864
2139 864
2176 864
1684 864
2345 873
1521 864
2474 968
2877 864
2498 864
2188 910
2008 864
1979 864
2787 864
2303 864
1965 864
2329 864
2569 864
2133 864
2352 864
1760 864
2642 864
1895 944
3551 864
1682 864
2660 864
1945 864
1684 864
1281 864
2377 960
2457 864
3016 911
2708 997
2075 971
1917 864
3160 864
2001 864
2493 864
2808 888
2326 971
2686 953
1256 864
3099 864
2344 864
1559 864
1014 864
2984 972
2736 881
3574 864
1858 956
1869 910
2619 864
2469 865
3296 990
1073 864
4062 983
3335 864
2203 864
1616 864
2131 864
2793 864
2221 864
1802 864
2236 864
2276 914
3342 946
2041 864
2154 968
2299 964
1925 864
2530 864
1986 864
1842 864
1770 873
1991 901
1346 864
1729 864
1915 864
1919 864
3614 967
2383 864
1524 864
3292 968
2742 864
2454 864
3034 864
3083 885
2293 972
1806 864
2860 984
2452 902
1883 879
1998 864
3403 972
2129 864
2489 933
2518 864
1531 864
3302 864
4215 967
1401 864
3272 962
2434 864
1821 946
2719 864
3004 864
2394 864
3008 990
3318 926
2255 974
2515 884
2118 864
2173 864
2437 864
1814 864
2274 864
2306 864
2174 864
1682 864
2807 932
1715 864
2111 864
1674 864
2855 864
2378 864
1851 864
2645 881
1660 864
2048 864
1406 864
2226 864
1178 864
2772 864
2284 864
3068 864
2642 873
2432 864
1880 864
1821 864
1944 902
1876 864
2856 864
2203 864
1977 864
1713 864
1649 864
1780 864
1564 864
1929 864
1817 864
2295 864
1995 864
1921 881
2626 864
1679 864
2238 864
2332 864
3371 940
1587 864
1344 864
3359 864
4405 864
2680 864
2365 864
1959 864
2395 864
2095 864
1376 864
1866 864
2949 878
2562 999
2232 864
2420 942
1626 864
1920 864
1718 864
1722 526
1379 864
1747 864
1446 864
1894 864
3187 997
1991 864
2567 886
1481 864
2772 951
2355 875
1569 864
2150 882
2013 864
2772 864
2151 864
2381 873
2355 864
2115 864
2896 864
1731 864
2532 864
1644 864
1088 864
2446 864
1908 864
2358 864
1854 864
2839 906
1989 968
2242 902
2168 864
2553 972
4017 893
2768 864
1823 864
1553 864
2643 864
1861 864
3133 923
2660 864
1662 864
2055 864
2193 942
2581 864
1790 864
1653 864
3256 864
2327 864
2079 864
2002 864
2653 864
2862 936
2114 864
1396 864
1789 864
2713 893
3343 972
1557 864
2015 864
1048 864
2105 864
1343 864
1978 864
1826 864
2037 864
1922 864
2992 864
2236 946
2354 864
2401 864
2255 864
1446 864
1785 864
1749 864
2380 864
1983 864
2107 864
948 864
2017 864
2232 864
2582 884
2464 864
2690 1000
2081 864
2833 864
2304 925
2644 864
2632 864
1866 864
2927 884
1224 864
2964 914
2570 864
3305 864
2541 944
3699 997
2019 864
2237 864
2314 864
1893 864
1831 864
2726 864
2114 864
2560 864
2203 947
2281 864
2863 946
2092 864
2473 864
2485 972
2013 893
2482 865
1518 864
1738 864
1274 864
2909 889
1801 864
3038 981
1558 864
2952 988
2141 864
1905 864
1356 864
3312 864
1257 864
1860 864
3121 885
2503 885
1885 864
2179 864
1466 864
2372 911
1806 864
2567 864
2657 864
1676 864
2538 864
1678 864
2869 928
3159 864
2441 864
2607 864
3404 874
1881 952
2754 950
2207 864
3314 845
2213 896
2970 864
2039 675
3075 864
2521 864
2071 904
2365 888
1782 864
1457 864
1707 864
1886 864
2623 944
1941 864
1466 864
1872 864
1267 864
2187 864
2982 984
1533 864
1607 864
3708 942
2171 864
3176 864
1309 864
2520 878
2612 871
1265 864
1593 864
2406 864
2282 864
2070 864
1356 864
2101 864
1930 864
1678 864
2317 974
3526 874
1508 864
2148 965
3240 952
1246 864
2127 864
2980 883
1819 864
1539 864
2015 864
2471 933
1756 864
2738 964
2146 864
2061 864
2197 864
1663 864
1958 864
1666 864
3691 951
1820 864
3160 864
1978 864
2360 864
1238 864
2829 882
2684 954
1933 864
2495 914
2140 864
2053 925
2174 884
1657 864
2524 972
2173 972
1886 864
2301 960
2433 864
1802 864
2484 864
1969 864
1716 906
1863 864
1941 864
1402 864
1923 864
2414 864
2565 864
2330 864
2424 864
2296 864
3059 910
1806 864
2701 925
1706 864
1804 864
2520 864
3415 864
2031 864
2668 947
3490 864
2615 953
3520 864
3847 901
3258 874
2573 864
2041 864
1288 864
1782 864
2204 864
2942 968
2949 885
1834 864
2166 864
2223 864
2979 924
2135 864
2614 864
3460 919
2585 864
1870 864
2571 864
2806 864
2438 864
1496 864
2601 952
2468 991
1229 864
3749 983
2060 864
1926 864
1961 864
2174 879
1532 864
2685 937
1651 864
3061 864
2723 864
2810 995
2008 864
2950 893
2277 864
2261 864
2225 990
2687 900
1319 864
2970 868
2789 965
1689 864
1550 864
1318 864
2620 952
2225 864
1188 864
2310 874
1936 864
2809 864
2019 899
1978 864
2263 937
3072 876
1801 864
2438 939
2720 864
2657 885
3362 940
2558 906
1713 864
3242 985
2137 919
1533 864
1316 864
2623 883
1853 864
3028 864
2685 864
2004 864
1547 864
1830 864
3613 949
2799 941
2592 864
3348 894
2101 864
1676 864
2173 864
3289 974
1392 864
1311 864
2099 864
2226 864
1692 864
1726 864
3324 871
2033 864
3057 905
2396 864
1712 864
2477 974
2458 964
2127 873
2257 864
2352 904
1885 864
1592 864
3578 949
1971 864
2453 864
2385 864
2178 864
1550 864
2315 864
2341 864
2413 864
2990 864
2925 907
2809 879
2426 864
2806 864
2511 864
2579 864
2405 960
2335 864
1755 864
1687 864
1979 904
2181 864
2724 864
1936 635
1747 864
2203 980
2169 864
3091 916
2218 864
2302 864
2990 864
2170 864
2236 950
2323 864
1748 864
1874 864
2204 864
2904 904
1863 864
2569 864
3042 864
2758 864
2031 864
3008 905
1965 864
2719 916
2578 864
2413 864
2635 864
1915 864
2397 864
2373 864
2571 865
1881 864
2585 864
2078 864
2942 916
1533 864
2425 948
3731 928
1711 864
3216 984
2345 864
2810 972
2637 914
2934 864
2293 965
1753 864
1742 864
4015 941
2869 864
2979 942
1445 864
3168 882
2208 864
1538 864
3237 864
2282 983
3418 864
1062 864
1510 864
1391 864
2716 972
2131 960
1788 864
2466 910
2385 864
2484 889
2536 881
2312 864
2841 864
2245 988
2159 864
1766 864
3056 901
1611 864
2783 885
2566 864
2103 881
2387 864
1999 864
2071 864
2244 864
2628 864
1904 864
2889 864
1804 864
1926 864
1470 864
1846 864
2650 907
1022 864
1919 864
1816 864
2155 864
3036 966
3227 906
2494 973
3631 968
2387 864
2199 864
3631 916
2682 864
2900 884
2222 983
2044 864
1607 864
2581 894
2184 864
436 436
1947 864
2390 888
2932 967
2098 864
1817 864
2210 864
2433 864
2894 967
2600 940
3719 968
1976 864
2072 864
1473 864
1844 864
3699 952
2040 999
2286 940
3622 965
1538 864
1369 864
2311 990
2211 864
1617 927
1610 864
1135 864
1865 864
2360 864
1822 864
1811 864
2374 864
2807 864
2761 864
2253 864
1889 878
1485 864
1623 864
2428 768
3244 906
1694 864
2207 864
3458 928
1310 864
3123 888
2729 925
2078 864
2957 864
2190 864
1669 864
3469 880
2764 767
4085 938
1507 864
1858 864
1832 864
2693 934
1491 864
2261 864
1984 997
2950 991
2938 864
2544 904
2697 958
3154 901
2210 864
1550 864
3036 962
2485 864
2493 864
2078 864
2459 864
1745 864
2048 864
2557 864
2501 864
2245 864
2172 864
2797 864
1644 864
3110 891
2433 864
2274 864
3473 864
2098 864
1443 864
2682 864
2247 864
2453 864
2979 938
2400 943
1678 864
1809 864
2115 864
2252 864
2413 967
1308 864
2186 965
3989 940
1203 864
2024 864
2681 992
3346 988
1691 864
2117 864
2313 864
3211 911
1936 864
2305 864
3147 864
1167 864
2591 864
2435 864
2285 864
4266 999
4019 984
1130 864
2612 864
2640 864
1790 864
2630 864
1386 864
1883 864
1423 864
1273 864
3325 868
2257 864
3593 864
1961 864
2114 864
4066 906
2742 864
1635 864
3568 864
3512 864
2000 864
1373 864
1714 864
2333 864
2916 864
1348 864
2363 879
3703 864
2859 864
2494 864
2128 864
1500 864
2230 946
3324 952
2325 864
1932 864
2509 925
2175 864
2914 958
1709 864
2854 864
2400 864
1819 864
2452 924
2489 864
2146 864
2027 864
3068 933
2011 864
1725 864
2026 864
1226 864
2155 864
2892 864
2621 864
2290 864
3450 966
2911 864
2071 864
3536 919
3181 868
2673 986
1866 864
1916 864
2354 864
1274 864
1633 864
2229 864
3232 888
2318 939
1838 864
2613 864
2902 864
2071 864
2262 864
1556 864
3311 926
2424 864
1396 864
1729 864
2202 864
2106 864
3774 966
3175 988
2174 866
2088 878
2816 864
1937 864
1958 887
2118 864
2233 864
2363 898
2489 864
1495 864
1887 864
2755 864
2571 864
2245 864
1878 864
1503 864
2128 864
1431 864
1850 864
1899 864
2611 864
2907 864
1675 864
2354 864
2407 864
1727 864
2749 864
2156 952
3121 864
3563 871
1634 864
2097 864
2075 864
3244 920
1693 864
2188 995
3226 878
2798 864
2208 864
1822 864
1682 864
1973 864
1506 864
2612 864
3064 864
2414 864
2076 864
1952 864
2189 864
1495 864
1785 864
2825 962
2206 864
2609 988
3073 864
1673 864
2437 864
2545 864
4093 864
1771 864
2712 864
3746 997
2268 864
2100 980
1885 864
2123 864
2464 951
2391 864
2456 864
2523 925
1873 864
1480 864
2939 864
2843 864
3205 864
2030 864
2436 864
2515 864
2683 924
3678 952
1962 864
1723 864
2287 999
2204 864
2106 870
1446 864
953 864
2506 864
192 192
3056 864
2517 864
1822 864
2229 952
2781 864
2550 889
2021 864
1895 864
1907 864
3280 975
2424 864
2299 991
3049 981
1148 864
2842 864
2010 962
2471 864
1885 864
1891 864
2006 864
3128 864
1576 864
1788 864
1999 864
1999 864
2221 864
1794 864
2296 967
2314 864
1224 864
2242 932
2680 988
2084 864
1898 864
1139 864
3738 966
2527 864
3025 864
2414 864
2490 964
2494 986
2765 992
2115 864
2433 864
1945 864
2426 919
2526 864
2950 943
1780 864
1749 864
3196 986
1780 864
3341 883
1927 864
3562 864
3070 864
2496 864
2318 864
1603 864
2661 906
2577 914
2771 864
2150 864
3133 914
2600 864
2599 864
1941 864
2409 864
2215 864
2541 937
2023 864
1930 864
2417 864
2254 864
1733 864
1903 952
2055 864
1522 864
1929 864
2075 864
2004 865
2391 932
1010 864
2686 946
2784 984
1411 864
2580 864
2704 992
2934 966
1747 864
2277 864
1459 864
1364 864
2129 864
2992 916
2511 864
2546 864
2040 864
2145 864
3160 864
1990 864
1744 864
3096 911
1606 864
3270 988
2999 983
2572 865
2945 885
3478 977
1219 864
1799 864
1832 864
2239 864
2599 978
2166 864
2601 864
3235 952
1459 864
1954 864
2625 896
1665 864
1731 864
1996 864
3389 984
4105 968
2457 864
3144 997
2052 960
2482 864
1907 864
1359 864
4226 966
2713 973
2525 939
1815 864
2956 919
2216 864
3040 949
1766 864
3175 949
2454 988
2519 893
2881 864
2542 864
2437 937
2318 883
3184 864
1168 394
2333 984
1675 864
2659 864
1994 864
1750 864
2641 864
1956 864
2529 885
2471 934
2155 934
3058 864
2557 864
1759 864
3256 916
2273 864
2650 952
1856 864
3101 970
1762 864
2264 864
1610 864
2691 877
2169 864
2374 864
2397 899
1963 864
2063 864
2451 916
1872 715
3689 983
2356 864
2580 864
3055 876
1920 864
2116 864
2547 864
2305 864
3257 901
2199 864
3021 914
2119 864
1613 864
1764 864
2040 952
1772 864
2547 864
1903 864
1413 864
1784 864
2915 920
2603 916
1459 864
2001 864
2053 864
2160 997
1885 864
2318 981
3042 864
2691 864
2150 864
2960 864
1250 864
1976 864
2552 864
3133 866
2720 940
2498 864
1675 864
2227 864
2092 864
2261 910
1772 864
2449 864
2320 974
1353 864
3101 864
3730 997
1274 864
2569 906
2119 967
2922 864
3476 906
2604 864
1817 864
2133 864
3385 864
1904 864
1892 864
2658 948
2966 864
2249 864
2384 908
2506 864
2065 937
1512 864
2726 910
2094 864
2238 864
2528 958
3311 970
3227 864
1482 864
1681 864
2669 914
2212 864
2837 975
2103 864
2016 914
2159 919
1866 864
1668 864
2128 864
2124 864
2779 864
2573 864
2989 901
1527 864
1510 864
2700 864
2598 919
2221 864
3181 937
2584 952
973 864
1463 864
2475 864
2400 864
3476 939
1857 864
1763 864
2726 864
2218 864
2599 864
2775 864
1829 864
2311 864
2184 961
1562 864
2025 864
2559 864
1950 864
2884 937
1512 864
3829 865
2978 997
1391 864
1899 864
1993 864
3024 967
2047 864
2891 864
2527 864
1931 864
2467 864
3337 882
2749 968
2895 864
1648 864
2535 864
2612 864
2390 864
3813 936
1835 864
2095 904
2512 889
3329 864
1784 864
2038 864
1138 864
2630 984
3220 925
988 864
2256 864
2126 864
2282 864
1650 864
2027 904
2005 864
2614 988
2199 864
2271 864
1945 864
2751 978
1322 864
2926 975
1393 864
2268 866
1935 997
2731 864
2358 864
2649 864
1532 864
2113 864
2580 864
2033 864
2942 864
2880 965
2206 864
1680 864
2152 864
3216 950
1778 864
2697 941
2088 864
1827 864
3166 864
2375 950
2096 864
1364 864
2097 864
2110 864
3148 988
2539 891
2993 864
1968 864
1737 864
2211 864
1280 864
3066 864
2572 964
2140 864
2698 884
1331 864
2399 864
3269 979
1642 864
1708 864
1871 864
1389 864
1865 864
1798 864
3822 997
2237 864
2138 864
2599 956
3774 864
2477 985
2204 864
2325 864
4064 946
2248 864
2381 864
1973 864
2476 992
3060 864
2559 978
2993 960
2599 864
1688 864
1778 864
1419 864
1989 864
2755 864
2371 864
2949 880
2693 946
3773 864
2318 864
3245 952
1632 864
1942 864
2367 942
1107 864
2230 864
2666 877
3264 864
2692 864
3094 878
3205 903
2226 864
2237 864
3187 910
1641 864
2117 864
2580 910
2323 864
2035 947
1998 864
1721 864
2191 864
3887 938
2400 864
2295 974
2448 864
504 377
1861 966
2357 884
1873 864
2553 864
1665 864
3350 952
2122 964
2147 924
3573 864
1919 877
3108 864
2744 972
2519 885
2515 864
2447 864
1311 864
2285 955
2321 864
1577 864
1645 864
2849 920
1104 864
2685 975
2261 864
2354 940
1818 873
1704 864
2098 864
3344 939
1860 864
1657 864
2366 864
3823 864
1286 864
2470 864
3222 974
1750 864
1938 864
2567 864
2531 864
2271 864
1843 864
1679 864
2014 864
2303 864
1950 864
2074 864
2560 911
1946 864
2566 943
2068 864
1941 864
2097 864
1968 864
2454 864
2195 882
2854 864
2406 881
2131 864
1258 864
3951 864
3335 973
1617 864
976 446
2214 864
1482 864
2841 864
2959 864
1707 864
3700 864
3702 868
1162 864
2464 919
2734 951
2331 864
2334 864
1886 884
2513 864
1514 864
2693 971
2759 938
2672 916
2615 864
1638 864
3563 940
2448 864
3307 906
1976 864
2722 929
2411 864
2171 950
2096 997
2240 946
3744 920
2078 882
1693 864
1850 864
2916 952
2529 864
2261 885
1802 864
1060 579
1581 864
2094 866
2666 874
1495 864
3823 864
2018 864
2697 864
2729 864
1752 864
1929 864
2935 962
2079 864
2753 864
1717 864
2221 864
2220 864
2201 870
3136 864
3218 966
2102 864
2002 864
2537 866
1590 864
2598 952
1847 864
2055 864
2092 864
3250 867
2579 932
3191 873
3500 942
1941 864
973 864
2495 864
2540 997
1549 864
1754 864
2020 864
2259 864
3215 864
2414 899
2262 864
1909 864
1881 904
2601 901
1761 864
2500 864
1922 864
1775 864
1878 864
2717 864
2242 864
3114 911
1508 864
2407 864
2313 995
2606 864
1748 864
2307 864
3703 937
2630 864
2102 864
2153 864
2407 940
2077 864
1447 864
2652 948
3094 864
1694 864
2491 864
2869 991
2937 924
3263 943
1868 878
1981 864
2423 872
2357 953
2889 997
2730 864
1179 864
1735 864
2440 864
2076 864
1674 864
2873 864
3714 919
1232 864
2254 864
1404 864
2334 960
2891 988
2121 864
2424 864
1854 864
1893 864
2444 864
2108 864
2929 864
2481 864
1978 864
1714 864
1408 864
1490 864
3332 906
2502 864
1998 864
2608 864
1780 864
2286 910
2182 864
3503 979
2454 911
2298 864
1740 864
2785 864
1626 864
2538 864
2313 864
2052 896
2154 864
3030 955
2621 864
3275 889
2920 909
2126 864
2633 864
1813 864
1979 864
2052 864
2008 988
3025 864
1688 864
3650 940
1543 864
2064 904
2780 965
2033 864
2613 864
2527 864
1865 864
2118 862
3595 919
2070 948
1845 864
3268 888
2373 939
3121 894
1698 864
1356 864
4094 952
2261 864
1465 864
2687 966
1582 864
2428 864
1802 864
3709 999
2500 864
2200 864
1967 864
2547 864
2738 864
2181 864
1711 864
2501 864
2494 864
2082 864
1977 864
1666 864
1775 864
1714 864
3089 864
2211 940
2305 864
2347 864
1964 864
2096 864
1479 864
2277 864
2126 864
1675 864
2892 864
2711 972
2930 864
3199 864
1609 864
1708 864
2060 864
2683 864
2037 864
2656 864
3418 871
1294 864
2414 864
2048 864
2300 864
3345 901
2492 870
1964 864
3270 867
1873 864
2931 991
1986 864
2957 891
2181 864
3067 864
2749 865
2209 864
1957 882
2997 864
2460 864
2379 914
2673 876
1484 864
1206 864
2363 864
2051 864
1507 864
3369 864
2387 864
3286 864
1427 864
2463 864
1673 864
2824 864
1662 864
1309 864
1600 864
1963 864
1280 864
1667 864
2093 864
2340 864
2263 864
2082 864
2503 864
1494 864
2445 951
3144 940
2280 864
1467 864
3892 864
2024 864
1850 864
3351 949
2672 864
2684 870
2099 864
2512 894
2175 864
2145 864
1957 864
2429 944
2128 864
2452 864
2572 965
2092 864
3080 864
2725 864
2451 864
3301 992
2939 914
1647 864
2173 864
2155 864
2420 974
2186 864
1956 864
1847 864
2789 864
2505 878
2309 864
1458 864
2601 864
1353 864
2114 864
2009 864
1369 864
1529 864
1797 864
1701 864
1835 539
1283 864
3138 864
3142 864
2680 981
3678 992
1084 864
2565 864
1447 864
2112 864
1929 864
1808 864
2886 864
1948 864
2255 864
1465 864
3287 864
1393 864
1744 864
2738 995
2125 864
3539 920
2436 864
1754 864
2537 864
2478 953
1840 864
1443 864
1845 864
3597 864
1861 906
1973 864
2176 865
1985 864
2107 864
1845 864
2504 968
2627 864
2424 872
2652 939
1924 864
2238 864
2419 864
1209 864
1869 864
2511 953
2826 924
1125 864
2477 864
1970 980
2572 864
2137 864
1680 864
1831 903
1731 864
3262 876
1934 974
1457 864
2828 990
3430 864
1861 864
3688 919
2710 864
3913 924
1671 864
2107 864
2159 864
2005 864
2709 998
1247 864
1830 864
2627 864
3799 983
3237 988
1995 864
2825 857
3129 991
1149 782
1843 864
2028 864
2321 864
2082 864
2035 864
2623 865
1623 864
1967 907
2012 864
3396 972
2249 911
1765 864
1800 864
2007 934
3217 864
3394 958
1740 864
2730 864
2579 864
2504 864
1311 864
2071 986
3144 906
1545 864
1435 864
2747 958
2700 888
3219 864
2455 864
1420 864
2011 864
3351 864
1946 864
2388 936
2838 867
1862 864
2072 864
1855 864
2138 833
2093 864
1734 864
2360 864
2642 938
2710 864
1689 864
1384 864
1944 967
2701 908
2217 907
2105 864
1132 864
2437 916
2988 864
3031 864
2536 947
2254 864
2106 864
2939 946
2293 864
3264 962
961 864
1931 864
1999 864
2561 864
2356 864
1949 864
2019 864
2878 938
2797 873
1741 864
4202 983
3215 882
3472 937
3124 864
2890 908
2115 864
2880 908
2636 864
1538 864
2512 864
3301 999
2205 864
1888 864
2351 864
1855 864
2443 864
2558 864
2006 962
1722 864
1373 864
2003 864
2436 870
2508 864
2754 962
2015 864
2829 864
1947 864
2132 864
2180 864
2954 864
2338 864
3348 885
2529 864
3056 864
2317 864
3372 864
2782 959
3014 864
2671 983
1319 864
2098 864
2989 864
2113 752
1684 864
1822 864
1981 864
1671 864
1306 864
2387 864
1796 864
2516 885
2657 864
1258 864
1756 864
2898 864
2337 864
1617 864
1803 864
2462 864
2706 864
3366 930
1542 864
2993 864
1939 864
3130 974
2519 864
3203 864
2020 864
1973 864
1587 864
3032 864
2649 903
2358 997
3058 918
1351 864
3181 984
2225 864
2560 911
2106 864
1654 864
2503 864
2032 864
3175 914
2798 864
953 864
2391 864
3014 864
2745 911
1973 864
2905 914
1764 864
2748 964
2842 992
2799 937
2452 864
3185 995
3129 964
2737 960
2448 864
1946 904
2323 995
2684 867
2038 864
2747 864
1611 864
1079 864
1610 864
1363 864
2200 864
3000 884
1921 864
2068 864
1816 864
1562 864
1434 864
2273 974
1297 864
2061 864
1202 864
1881 864
1592 864
3182 988
1659 864
2056 864
3416 864
2176 864
2666 978
2013 864
2283 983
2257 988
2480 864
2642 911
2109 864
2339 864
2232 864
2131 864
1752 864
2151 864
1299 864
2049 942
2845 937
2317 864
1419 864
3314 902
2858 864
2086 864
2451 864
2577 864
2115 864
2503 974
2404 864
2644 864
2121 864
1804 864
3528 864
2588 864
2191 864
1776 864
2473 864
2507 864
1041 864
1225 864
4150 940
3051 940
2350 966
2429 988
3177 937
2246 864
2716 992
1821 924
2598 864
2035 864
2666 864
2116 864
2211 932
1978 864
1748 864
2509 864
1804 864
3117 864
2639 988
2572 864
1350 864
2014 864
2050 864
2099 864
1963 864
1882 864
2354 910
2180 939
2869 919
1648 864
1261 864
1706 864
1853 882
2658 955
2091 997
2160 975
2006 864
2427 864
1731 864
2625 937
2108 864
2675 864
1826 864
2788 864
2157 864
2150 864
1349 864
2069 864
2477 864
1776 864
2373 864
1742 864
2985 864
1954 864
1674 864
2473 864
3067 942
2017 972
3136 936
2355 864
2227 939
1616 864
2772 864
2041 864
2513 934
1760 864
1880 864
2568 925
2833 864
1934 976
1894 900
1633 864
3229 979
1860 864
3356 864
1463 864
2115 864
1690 864
1579 864
1768 864
3633 966
1973 864
1721 864
2244 864
1789 864
2937 888
1781 864
2186 967
1648 864
1997 864
2138 873
2590 864
2432 864
1890 864
1917 909
1855 864
3676 970
2172 849
2327 864
2577 864
2861 988
3565 920
2852 852
1750 864
2726 864
1897 864
2458 864
2149 864
2364 971
3204 872
2236 864
1687 864
3303 966
2862 908
2679 894
3299 906
2055 864
3842 983
1471 864
1684 864
2367 864
2985 984
2814 864
2648 871
2838 864
2608 914
2172 864
1479 864
2696 985
1113 834
1339 864
1905 864
2320 864
2586 902
2340 864
2703 864
2376 866
3665 871
2427 864
1244 864
1503 864
1302 864
1331 864
1319 864
3885 988
1962 864
1332 864
3855 967
2194 864
1946 864
2228 864
1891 864
1493 864
3096 925
1589 864
1909 864
3192 864
2706 864
1898 889
3620 864
1803 864
2136 864
2629 952
2066 864
2954 864
2806 946
1531 864
2083 864
2413 907
1908 864
3936 997
1427 864
1939 864
2950 864
2056 864
2435 940
1966 864
1963 864
1185 382
2723 953
2574 997
2434 987
2965 864
1529 864
1838 864
3412 991
2493 864
2361 948
3200 864
1687 864
2777 864
2248 864
2227 864
2448 864
2098 864
2630 919
3051 905
2078 864
1582 864
2133 864
1884 864
2910 864
3360 943
1508 864
3865 981
4106 968
3292 940
3565 898
4555 995
2204 864
3103 971
2739 884
2732 974
2481 889
2248 864
2175 889
2144 864
3429 864
2022 864
1610 864
2084 919
1811 864
3398 942
2407 881
2949 873
1747 864
2376 864
1635 864
1500 864
2463 864
1846 864
3200 937
1711 864
2796 864
3648 881
2757 864
2213 864
2541 864
967 864
2986 864
2135 864
2113 864
2164 864
3088 914
2393 864
2318 864
3108 968
1311 864
2762 864
2108 864
2304 984
1607 864
2475 864
3349 865
2474 864
2434 893
1954 864
1357 864
1359 864
2737 960
2086 864
3304 943
2272 864
2302 968
1932 864
1974 990
2249 864
1860 864
1608 864
1870 952
2826 864
1707 864
2549 864
2363 864
2265 864
2720 864
2318 878
3461 966
1989 864
2034 864
2935 976
2818 864
2892 864
4219 943
2540 867
2326 864
2240 864
1956 864
2294 864
2850 864
1062 864
2021 864
2026 864
1625 864
2907 864
1431 864
2738 864
2600 864
2670 940
2745 864
2095 938
2953 966
2586 864
2989 864
4205 969
1796 864
2524 914
2108 900
2918 952
3869 888
2796 864
3276 875
2441 864
1968 864
2440 902
2894 898
1757 864
2338 1000
2549 864
1257 864
3135 864
1319 864
3205 864
3045 894
2815 864
3112 864
2152 864
1772 864
1472 864
2922 864
1882 864
1807 864
1072 864
2203 864
1588 864
2559 864
2620 947
2115 864
2712 899
1975 864
2541 985
1751 864
3245 864
2758 864
1305 864
1205 864
2782 972
2428 864
2857 864
3323 864
2798 864
1769 864
1427 864
2470 864
1750 864
2876 901
2515 864
2475 983
2472 881
3069 910
1387 864
1997 864
2704 864
2586 952
2887 864
1697 864
2347 919
2288 864
2752 986
3127 864
2597 1000
2362 864
2282 864
1942 864
2949 864
2872 891
2837 635
1442 864
2106 864
2633 864
1604 864
2007 864
2235 864
2593 864
2028 864
1952 864
2621 864
1881 864
2267 904
1886 864
1847 864
1676 864
2472 962
2530 879
2002 864
4290 924
1798 864
2625 864
2135 864
2971 886
2467 864
2793 864
1468 864
2928 864
4582 991
2513 943
1738 865
2445 971
1407 864
2513 864
3572 914
2804 864
2872 864
2603 864
1807 864
2038 864
2812 941
2742 864
2770 864
2321 864
2059 948
1843 864
3423 864
3281 960
1643 864
1843 864
1395 629
2980 975
2637 864
2049 981
2318 864
1825 864
2352 929
2047 864
2844 864
2566 864
2196 918
3048 864
2680 924
2094 994
3542 938
3420 905
2549 906
2059 873
2129 864
2987 936
2272 981
2007 864
2721 864
1795 864
3406 864
2028 864
2314 864
2160 966
2215 864
860 782
2750 868
2064 864
2485 864
1807 864
1881 864
1753 864
2418 864
1307 864
3191 864
2770 864
2131 946
1771 864
2048 953
1749 864
2051 864
1942 864
4001 916
1506 864
3172 876
2742 864
1154 864
2629 864
2374 864
1324 864
2324 864
2496 864
2359 864
1671 864
2649 898
1286 864
3065 887
2638 864
2727 988
2181 953
2491 995
1575 864
2369 939
2430 864
2169 864
2048 988
1787 864
2357 955
2292 871
1777 884
2277 864
2531 864
1996 864
1396 864
2436 900
2386 864
2323 901
1973 918
1632 864
2097 918
1434 864
3028 864
2212 864
2117 864
2412 864
2181 864
1813 864
2002 997
1885 864
1700 864
1824 864
2570 878
2795 864
1509 864
2704 901
2075 864
3352 864
2567 864
1150 864
1933 990
2737 864
2625 864
2018 864
1711 864
2433 864
2131 864
2685 864
2009 864
2127 864
1941 864
3344 991
1695 864
2483 873
4015 968
3069 901
2344 995
1910 864
4307 983
2416 864
1658 864
3336 953
1738 864
1291 864
2816 903
3019 907
1877 864
2441 864
1549 864
2183 864
1709 864
2114 864
2006 864
2601 864
2619 864
2631 946
2664 864
2964 998
2340 864
3562 974
2358 864
1168 864
3005 938
2489 864
2917 885
2440 956
2428 864
2511 864
1132 864
2028 864
1955 864
3718 977
2941 864
2335 864
3133 988
2468 864
2339 940
2778 884
3298 988
2401 864
2276 864
2472 964
2034 864
1871 864
1583 864
1689 864
2181 924
3145 981
1966 864
1530 864
2188 864
1772 864
3485 885
2083 864
2008 864
3362 959
1827 932
1241 864
2588 870
2018 864
1703 864
2165 946
3060 925
1461 864
2472 864
1864 864
2496 864
2175 864
2853 991
1922 932
3343 871
1770 864
2067 864
2213 864
2574 942
1567 864
3693 968
2896 956
3673 864
2186 865
1997 864
2865 864
2019 864
2635 864
2536 864
3243 986
1808 864
2327 864
2873 864
3525 864
2310 864
3241 928
1821 933
1510 864
2452 864
2322 864
1414 864
2615 832
2306 968
2794 864
2267 910
2785 994
3582 955
1193 864
2002 952
1903 864
2960 924
2631 864
2083 864
1579 864
1799 864
2211 942
2800 867
2173 864
2876 864
2508 983
1750 864
1364 864
2285 864
2427 864
2027 864
2696 953
2359 864
1935 864
1247 864
2209 864
2790 867
3193 972
3124 918
2188 925
1981 864
2131 864
2935 953
2246 901
3440 984
3114 864
2651 864
1628 864
2949 914
2471 937
2134 864
2022 864
1775 864
2274 864
2347 924
1650 864
1849 864
1856 962
1859 864
1726 864
1519 480
2149 884
3246 943
1096 864
2770 937
2127 950
1376 864
2884 864
2508 864
2336 864
2378 864
3033 975
1585 864
2165 997
3402 864
1187 864
1967 864
2637 914
1975 864
1739 864
2410 864
2762 864
2515 864
2782 899
1691 864
2930 864
2772 864
2442 864
2080 864
2242 864
2827 864
2594 864
1820 864
1414 864
1356 864
2078 864
2352 864
2542 910
2861 975
1531 864
2641 864
1728 864
2508 939
2535 925
2287 960
1790 864
1564 864
2807 937
3500 864
2458 864
2480 864
2417 864
2775 901
2344 864
2219 904
2796 984
1865 864
2556 987
1997 864
1276 864
1816 864
1297 864
2211 864
1944 864
2165 864
1682 864
2745 864
1622 794
2712 894
1996 864
3135 864
2113 864
2569 864
3717 905
1611 864
2817 864
2383 987
2517 937
2558 907
1225 864
2557 864
2397 864
2122 864
1875 864
3658 864
1651 864
1970 864
1626 864
2704 910
2003 864
3001 967
3055 864
2758 864
2477 988
2883 864
2663 864
2338 864
3679 864
3035 864
2181 864
1782 864
2969 867
2063 864
1512 864
3261 939
2254 864
2325 864
2550 864
2213 864
2013 925
1226 864
2266 893
1687 864
1724 864
2804 974
2531 896
2225 871
3053 967
2288 864
1737 864
2158 864
1866 864
2152 864
3596 888
2738 864
2272 967
2190 864
3066 965
1429 864
3602 911
2934 864
2164 864
3180 901
2139 864
2488 864
1712 864
1978 864
1482 864
1741 864
2467 864
3039 864
2377 864
1632 864
2777 955
2041 864
2051 864
1826 864
2080 864
1129 864
1772 864
2227 864
2828 972
3258 959
4090 938
1857 946
2899 940
2815 973
2465 864
1301 864
1851 864
1472 864
2450 864
2816 864
2998 967
1675 864
3026 864
2447 864
1693 864
3084 885
2893 970
2374 986
1684 864
2208 864
1729 864
2500 864
1973 864
2212 962
3224 990
3538 864
2741 864
1567 864
1726 864
1203 864
2008 864
2744 865
2476 864
2198 864
3178 984
2185 864
1749 864
2492 991
2498 944
1686 864
2666 961
1850 864
1886 864
1821 864
2586 864
2404 864
2376 864
1889 864
2934 864
2562 910
1418 864
2560 925
2259 864
3216 936
2809 864
2060 864
1553 864
1937 864
2149 864
1736 864
4217 864
2652 864
2077 864
3038 984
3676 967
2583 886
2293 864
2477 911
2506 936
2503 916
2954 974
2765 985
1477 864
2270 864
1613 864
2387 864
2038 864
1665 864
2541 864
2878 949
2792 911
1315 864
2615 961
2734 864
3151 864
1646 864
2144 896
2473 953
3326 991
2390 864
2682 888
1849 864
2050 864
2369 864
2979 960
2973 874
2390 877
1727 864
1903 864
4338 937
1875 864
2447 991
2508 864
2447 864
3419 938
2060 1000
2445 864
2126 864
2242 948
2273 984
1258 864
2328 864
2920 914
1821 864
2319 864
3411 902
2493 984
2027 864
2924 872
2073 864
1894 864
1247 864
1902 864
2135 972
1218 864
2673 864
3341 910
2481 974
1658 864
4128 864
2491 946
2065 965
2409 910
1280 454
3147 914
2406 864
1671 864
1291 864
2058 864
2422 974
2257 864
2369 910
1639 864
3461 997
1625 864
2814 864
978 864
1588 864
1857 864
2525 864
3084 946
1759 864
2786 864
2342 864
2975 864
2797 864
3248 942
2488 948
1810 864
1573 864
2092 864
2280 864
2244 864
1483 864
3485 946
2361 972
1629 864
2792 898
2666 933
2773 992
2295 864
1309 864
2748 988
1286 864
1354 864
2355 994
1577 864
1510 864
2401 972
3329 958
1683 864
2212 864
2700 965
2961 888
1960 955
2955 864
3125 864
1950 919
1295 864
2558 879
2763 872
3086 951
1670 864
2276 864
2661 971
3750 906
3740 973
2895 864
2064 864
1899 864
2053 864
1510 864
1738 864
3932 864
2216 864
1919 864
2437 925
2304 864
2681 934
2783 992
2942 864
2185 885
3485 864
2312 886
3115 864
1732 864
2901 864
2199 904
2866 864
2630 967
3025 864
1541 864
3631 914
1106 864
2539 864
2143 999
4393 916
2266 864
2027 864
2034 864
2396 864
1848 864
2458 864
2324 864
1894 864
2330 864
2782 889
2068 864
1846 864
1436 864
2094 907
1968 864
2657 953
3680 864
2771 952
2688 878
2235 864
2799 864
2746 864
1444 864
2238 864
2237 864
2110 864
1857 864
1231 864
1832 864
1702 864
2595 864
3038 914
2917 941
1407 864
2811 864
2578 864
2997 894
1629 864
2014 864
3772 871
2787 864
2371 864
2652 881
3047 864
2048 864
2597 864
2772 864
1670 864
3060 864
2969 916
3161 959
1768 864
1708 864
2676 896
2113 864
1754 864
2224 864
2152 864
1450 864
1706 864
2682 940
1576 864
2668 864
3429 972
2453 883
3187 952
2091 864
2134 974
1481 864
1661 864
2557 974
1977 864
2458 999
1511 864
2773 864
2412 864
3347 958
2513 864
1859 864
2271 864
996 864
1740 837
2281 932
3135 864
1829 882
2107 864
2519 867
2126 864
2714 955
3247 997
1112 864
2090 936
2812 985
2657 864
1266 864
1163 864
2141 864
2718 864
1947 864
2449 864
2283 864
3082 948
2237 864
1790 864
1845 864
2128 864
2932 951
1803 864
2657 864
2040 864
1582 864
2046 864
1476 783
3258 889
2129 864
1689 864
2266 864
2172 864
1909 864
2556 864
1408 864
1844 872
2613 864
2554 864
1664 864
2971 940
2395 864
2184 864
3151 951
2143 864
1812 864
3250 955
2246 864
2092 864
1785 864
1797 864
2280 967
1909 994
1645 864
1893 864
2458 864
2263 864
1698 864
1746 864
3744 881
3282 920
1618 864
2247 978
2295 902
2452 864
1140 864
1890 864
2940 864
2002 864
2187 864
2858 864
2694 919
3864 956
2306 864
2133 864
1937 864
2180 864
2285 864
2598 867
2485 864
1880 864
2055 864
2208 864
1748 864
2802 864
2689 910
1534 864
2923 864
2046 864
2080 864
1567 864
3032 864
1862 864
2064 864
2972 864
1802 864
2275 864
2285 917
2440 864
1892 952
2592 999
2536 907
4504 971
2968 898
1349 864
2130 967
2835 864
1080 864
2464 864
1692 864
2425 939
1914 864
2908 999
2385 864
3033 955
1964 864
1992 864
1358 864
2956 864
2372 864
1730 864
2219 878
2032 864
1619 864
2588 864
1482 864
1785 864
2302 971
2202 951
2423 864
3416 864
1975 864
2223 954
2437 864
1818 864
2886 905
2341 864
848 697
1713 864
1930 864
2116 864
2027 864
2179 879
2956 864
2562 864
2498 934
1909 864
3943 864
2488 864
1891 864
2025 864
1402 864
2840 864
2855 983
2313 878
2615 925
3902 864
1872 864
2783 864
3442 940
1940 864
2505 864
3163 991
1549 864
2795 896
4034 876
1568 667
2190 864
3157 946
3166 864
1558 864
2209 864
3172 864
1009 305
2150 864
3552 959
1959 864
2205 864
2841 937
2270 864
3699 864
1101 864
3777 926
1052 864
2888 864
1762 864
2669 864
1668 864
2415 864
1542 864
2716 962
3476 908
2441 864
2235 864
2767 864
2211 864
2213 864
2810 978
2311 934
3181 871
1933 864
2726 864
2179 864
3199 940
2755 936
1549 864
2530 864
3326 937
2473 864
3485 886
1917 864
2882 864
3110 864
1253 864
2968 905
2597 906
3524 965
3575 995
1953 864
2112 864
3675 886
3113 864
2924 864
2603 864
1756 864
2313 864
1882 864
2127 864
2652 820
2212 937
2616 954
2926 967
1451 864
2907 864
2835 864
3076 864
3769 914
2262 864
1778 864
1773 864
3166 864
2907 864
2455 864
2379 864
2511 872
1830 864
2306 864
1690 864
2028 864
3203 864
2196 872
1835 864
1760 864
2107 864
2124 864
2603 879
2599 937
1891 864
2146 948
2747 888
2943 888
3343 920
1779 864
2480 864
2060 864
1225 864
2348 864
2783 864
2647 997
1496 864
1629 864
1587 864
2826 864
1619 779
1437 864
2609 864
2313 864
2083 901
2803 940
1191 864
2729 864
1341 864
2028 864
1949 864
1164 864
2630 864
1906 867
2006 864
3341 864
1521 864
2691 871
2529 864
1949 864
2386 864
2273 879
1874 864
2457 887
1910 864
2202 864
2104 864
2189 966
2550 864
1954 942
1824 864
2144 943
1857 864
2159 864
2314 864
2780 941
1109 864
1762 864
1535 864
1555 864
2437 864
2491 878
3395 920
3226 937
1944 864
2648 972
2201 864
1839 852
1852 864
2275 864
1089 864
2284 904
2610 906
3088 864
2681 864
3275 981
2381 864
1775 865
3218 997
2035 864
3052 952
1933 864
1523 864
3025 973
3046 946
2100 864
1513 864
2389 944
1881 864
1870 864
2451 974
1863 864
3011 894
2191 864
1841 864
2052 882
1872 864
2702 864
3176 903
2261 864
1865 864
1860 864
1373 864
1758 864
1793 864
2998 864
1205 864
2331 864
2768 997
1485 864
3174 919
1736 864
1699 864
2375 864
1901 864
3071 966
1933 864
2112 864
3424 984
1823 864
2551 864
1910 864
1363 864
1974 864
2210 877
2169 948
1304 864
1576 864
1913 864
1552 864
2727 960
2121 864
2245 900
2419 960
2747 951
2186 864
2129 864
1918 864
2285 864
2325 864
2604 864
3283 972
1743 864
2118 864
1487 864
1922 864
1566 864
1269 864
2152 864
1724 864
2707 864
2767 867
2773 864
1811 864
2574 864
2564 866
1657 864
1858 864
2065 864
1504 864
3142 978
2411 881
2001 943
1321 864
2350 909
4018 990
1896 864
2557 885
2039 864
2478 967
1153 864
1209 864
2581 864
1291 864
3094 885
2371 972
1103 864
2626 865
2489 864
2480 864
1781 864
2853 864
2019 864
2194 864
2278 864
2101 864
1718 864
2415 864
643 598
2189 864
1512 864
3156 978
1596 864
2253 864
2193 882
2298 864
1825 864
2059 864
2567 968
2192 964
1491 864
2650 864
1603 580
2892 905
2255 864
2296 864
2704 864
2659 864
1641 864
2402 864
2487 866
2177 886
2915 988
2906 885
2119 864
2260 864
2360 865
1779 864
2156 864
2725 872
2487 864
1030 864
1910 864
1949 864
2646 907
3973 962
2331 864
2273 864
1597 864
1814 864
1745 864
3205 962
2051 883
2973 864
3021 864
1924 864
2715 972
2092 987
1317 864
2015 864
1876 864
2217 864
2698 864
2180 864
3865 997
3362 864
1315 864
2543 878
2355 864
1827 864
2969 999
1952 864
2588 905
2795 966
2448 871
2604 864
2526 864
1889 864
2509 866
1506 864
1654 864
1961 864
2897 864
2321 864
1414 864
2012 992
3285 876
2512 864
2603 864
2071 864
2678 864
2659 864
3255 864
2176 864
2293 972
1826 864
2654 943
1671 864
2183 864
3217 864
2641 864
1793 864
2462 864
1777 864
1391 864
2417 864
2522 919
1923 864
2595 864
2290 864
1337 742
2722 864
1586 864
1824 879
2105 864
1733 864
2569 864
2574 864
1962 952
2783 622
2429 864
2452 967
1857 984
1596 820
1762 864
2312 992
2306 864
1524 864
1886 864
3276 953
1778 864
2272 902
1898 864
2471 882
1947 864
2469 882
1541 864
2643 902
2566 952
2013 864
2257 864
2826 952
3216 991
2706 864
1543 864
2216 883
3035 954
2390 864
1723 864
2089 864
2638 864
2485 864
2385 864
2326 871
3128 949
2310 994
3205 864
2091 864
1585 864
2248 864
2577 864
3387 864
2145 864
1356 864
1296 864
1623 864
2467 864
2044 864
2316 864
2477 901
2606 864
2460 864
1994 864
3378 864
1273 864
1540 864
2019 864
2295 902
1697 864
1934 864
1529 864
2313 864
2067 864
2350 953
3665 992
2312 864
2458 864
2506 864
2289 864
2247 864
1366 864
2958 864
2472 907
3060 864
2153 864
2230 864
2231 864
3302 906
2033 864
1279 864
1829 864
2471 896
2323 864
1068 864
2546 864
1535 864
2608 864
2481 968
2032 864
2510 864
1283 864
2588 952
2864 864
2740 874
2417 864
3269 952
2267 937
2492 987
2523 864
2178 864
2783 966
1677 864
2194 864
2358 905
2673 864
1693 864
4004 864
2580 864
1997 864
1984 864
2913 876
2535 864
2594 978
1763 864
2656 864
2206 864
2156 864
2964 885
1863 864
1900 864
1901 864
1417 864
1028 864
2830 988
2569 873
2669 924
1384 864
1866 864
1159 864
2399 864
1530 864
1405 864
1677 864
2245 968
2697 914
1941 864
1518 864
2753 992
3494 968
2737 864
2176 864
1455 864
2655 967
1957 942
2014 867
1961 864
2182 864
1867 864
2073 864
1362 864
1744 864
1943 992
3245 984
2768 995
2298 925
1780 917
2597 864
1423 864
2329 961
3005 864
1637 864
2610 864
2437 872
2855 960
2191 864
1595 864
1955 864
1943 864
1774 864
3008 864
2611 968
1007 864
2601 924
3120 983
2790 992
3519 914
2435 864
2683 974
2123 864
1788 864
3264 894
2634 864
1635 864
2888 864
1947 864
1996 864
2340 968
2925 871
2289 942
2632 903
3304 972
2724 864
4115 864
2546 911
2783 999
2054 864
1930 864
2738 864
2735 962
3191 885
2938 864
3242 911
2946 971
3916 971
3134 991
3732 1000
1413 864
2987 988
2293 864
2324 864
2195 864
2227 864
2140 864
1826 864
2366 864
2171 967
2328 864
3134 864
1937 864
2501 969
2877 988
2660 939
2455 864
1546 864
1085 864
2684 864
1588 864
2789 938
2830 962
1605 864
2101 864
2959 991
1510 864
4192 991
2431 864
2815 881
2062 864
2335 864
2690 939
2150 864
2555 966
1863 864
2516 864
1915 864
2722 985
2518 864
1728 864
1632 864
2332 864
3179 864
2658 864
2271 864
1830 864
2359 887
2382 864
1692 864
1905 909
2818 864
3002 864
2565 864
1527 864
2250 864
3891 864
2253 864
1421 864
2453 975
3062 965
2566 864
2538 864
2117 864
2106 864
2187 864
2453 955
2884 916
1810 882
3286 967
1500 864
2295 864
2521 901
2343 864
3297 933
1310 864
2605 920
2633 953
956 864
2126 905
2421 864
2162 864
2202 864
3090 995
1406 864
3130 992
2145 864
4367 962
1446 864
2891 864
2894 878
2597 974
2642 864
2629 864
2305 864
2226 864
2495 937
1871 864
2835 997
2819 932
2364 900
1609 864
2513 992
2289 864
1842 864
1352 864
3829 864
3141 992
1354 864
2934 977
3222 864
2995 864
2040 988
2800 974
2535 864
2304 914
3143 958
2933 864
2654 953
2344 684
3802 864
2281 893
1499 864
2672 900
3024 864
2991 864
2594 864
2387 934
2919 992
787 787
1848 864
2528 864
2978 864
2012 864
1858 864
2744 773
2858 864
3275 864
2840 864
2252 911
3556 864
3327 903
2355 864
1758 864
2560 939
906 864
1713 864
2101 864
1665 864
2080 864
3376 864
1307 864
1459 864
2513 864
2977 920
2363 864
2731 864
1800 864
3374 937
2534 864
2594 975
2710 864
1598 864
1802 864
1994 864
1934 893
1728 864
3181 864
1615 864
1432 864
2123 864
1352 864
2376 864
1916 864
1292 784
1453 864
2889 988
1936 925
2663 864
2915 947
1531 864
2829 864
2045 864
2325 923
3078 973
1815 864
2040 864
3225 864
2115 864
2210 864
2012 864
2235 864
2093 879
1766 864
1856 952
3069 995
3687 864
2934 978
2399 951
1340 864
2230 864
3428 901
2843 864
2628 981
2422 864
2356 918
2329 864
2217 864
1837 864
1875 864
3174 961
2948 864
2216 864
3345 923
2180 864
1183 864
1130 864
3031 864
1807 864
2275 864
2064 864
1472 864
1725 864
1227 864
2699 916
1979 864
2794 864
1853 864
2318 864
2494 873
2501 864
2145 864
2441 864
2666 956
2905 865
1714 864
1912 864
2764 916
3276 943
3095 881
2337 873
1808 864
2126 896
2989 901
2719 910
1827 864
1237 864
3073 947
2231 864
2839 950
2221 864
3070 864
1720 864
1614 864
2005 864
2552 983
1857 864
2791 936
1952 864
1627 864
2382 864
2286 864
1736 864
2494 864
2579 937
1700 864
2705 864
2076 864
2174 864
2672 986
1726 864
4345 966
2262 955
2639 889
3492 933
3644 864
1722 864
2356 864
2699 952
2537 940
1706 864
3291 872
1927 916
1713 864
1775 864
3551 867
2110 950
2743 878
1906 864
1841 954
2324 978
2059 999
1754 864
2390 864
2052 864
2666 864
1177 864
2138 864
2662 864
2885 983
2142 864
1782 864
1974 864
2006 566
2103 864
3473 864
2243 864
2635 864
2167 864
2406 864
1838 939
1106 864
3172 864
2886 937
2132 864
1944 997
2673 864
2789 944
2254 974
2104 864
2795 919
1621 864
2360 864
1786 864
1869 864
2762 864
2709 864
1793 864
3028 988
1834 864
2212 864
2347 864
1591 864
1939 864
3015 864
3234 937
2266 962
2138 967
1471 864
2581 864
1667 864
2834 916
3262 988
1974 943
2687 926
2206 864
2581 864
1183 864
1896 864
2142 864
2230 864
2160 864
2317 864
3579 864
1808 864
1819 864
2471 914
2120 937
2518 864
1912 864
1860 864
2162 864
2222 864
1864 864
2918 888
2775 988
1388 864
2892 864
2457 894
3732 867
3636 864
2816 864
2415 971
2196 948
1810 864
2261 864
2033 864
3508 864
3177 864
2596 864
2112 864
2092 864
2906 926
2605 864
2932 864
1806 864
3392 864
2652 864
3066 903
2826 906
1884 864
2315 882
2347 866
2111 864
2644 864
2507 929
2718 893
1722 864
1778 864
1994 864
2195 864
2520 864
1839 907
1937 864
2395 864
1379 864
2563 864
2036 864
3251 885
1763 864
3013 901
1983 864
1752 864
2284 864
2718 952
2643 948
1802 865
3129 992
1996 864
2407 864
2186 864
2943 940
1992 864
2506 864
2147 864
2626 864
2063 864
1324 864
2921 864
2872 946
1907 925
1513 864
2356 864
1515 864
2549 864
1795 882
2410 864
2053 864
1996 864
2455 864
3210 981
3572 962
1454 864
1827 870
1793 864
2031 864
1760 864
2032 864
1887 864
1890 864
1933 864
2582 910
2590 934
2379 968
1831 864
2349 939
2288 864
2338 864
1808 926
1936 879
1975 864
2722 864
2065 994
2373 864
1833 864
1628 864
2168 871
3042 864
2840 884
1686 864
2411 864
3261 925
1785 864
2498 901
2292 864
1863 864
1562 864
2052 864
2015 864
2276 864
1960 864
2843 864
2064 864
2462 864
1606 864
2698 992
1850 864
3149 901
1899 864
3008 965
1478 864
3333 978
3601 702
2238 864
2317 932
2300 864
2543 864
2315 864
1855 904
2172 864
2206 971
1788 864
3206 925
2857 864
1835 864
3101 937
2769 968
1851 864
1948 864
2002 864
1885 864
2976 881
2157 864
1456 864
2908 864
1758 864
2843 864
2010 864
2909 864
2299 968
2314 864
1600 864
3063 864
1594 864
2556 972
2196 864
2751 864
911 864
1510 864
3371 991
3234 977
2790 947
2090 864
3691 988
2974 902
1909 864
1956 864
2745 884
2038 864
2267 864
2115 864
2564 864
1445 864
2370 864
1662 864
1797 879
3023 880
2548 916
1844 864
2371 937
1707 864
1833 864
1879 864
2178 864
1570 864
2244 904
2303 864
2552 984
1769 864
1695 864
2866 864
3229 864
3055 864
2475 864
2218 864
2758 894
2006 864
2258 864
1710 864
1795 864
2084 864
2124 864
1572 864
3377 983
1496 864
2094 978
1587 864
1594 864
2196 864
2805 952
1922 864
2494 864
3807 962
1816 864
2375 864
1983 864
2641 864
1433 864
1908 864
2444 864
2200 864
2495 864
1644 864
1461 864
2228 864
2793 864
3066 925
2448 864
2617 864
2557 864
1677 864
2610 966
1978 864
3048 992
2528 864
1699 864
1169 864
2344 997
1650 864
2288 864
1936 864
2007 918
3590 901
3208 965
3843 864
2250 864
3896 864
2321 964
2468 939
2174 864
2846 864
2859 864
1930 864
2117 864
2222 887
1683 864
2255 966
2828 975
2541 864
2668 934
2169 873
2039 864
1865 864
2608 882
2503 867
2831 875
1980 864
1616 864
3338 864
2136 864
2176 908
1672 864
2123 910
1372 792
1665 864
1927 864
1727 864
2586 864
2059 864
3074 940
2504 888
2770 999
2945 864
2637 947
3993 864
2047 864
2371 978
2614 910
2967 864
2547 864
1694 864
1232 864
1945 864
2817 878
2530 864
3877 978
3924 995
2317 864
3520 864
2039 864
2146 864
1906 864
1029 645
2762 864
1885 924
2208 864
2614 864
3510 972
2896 900
2022 864
1934 873
3214 951
2261 864
1618 864
2717 953
2760 979
2764 864
2006 864
2377 864
2406 864
1921 864
2258 873
2161 955
2145 864
2892 875
1802 864
1751 864
3155 864
1669 864
1926 864
2245 864
2086 864
1467 864
2133 864
1040 864
1839 864
1672 864
2450 904
3274 864
1950 864
1351 864
2681 911
3042 951
2493 864
2102 864
1023 864
1851 864
1527 864
1698 864
1990 864
2463 954
1224 864
3187 991
2153 983
2998 914
2208 864
1734 864
2256 864
2309 864
2168 889
2013 864
2670 864
2364 864
1168 864
1737 864
1698 864
1723 864
2668 864
3411 864
1100 864
2841 965
2877 864
2598 940
2060 864
2573 864
1626 864
1755 864
3656 864
1558 864
2276 864
2711 864
1600 864
1646 864
2196 972
2971 904
2513 864
2523 964
3043 864
2067 864
2019 864
2199 864
1337 864
2975 966
1959 864
1332 864
2057 864
1600 864
2621 904
1712 864
2095 864
1999 864
1595 864
1935 864
3107 864
2183 864
2464 991
3366 966
1126 864
3264 864
1202 864
2480 864
1708 864
2993 864
3718 959
1174 864
2099 864
2921 864
2057 864
2034 864
2280 968
2739 943
2055 864
1889 864
2539 907
2468 864
1226 864
2301 864
2054 898
2623 864
1790 864
2319 878
2486 864
1400 864
2417 864
2810 997
2741 899
2453 864
1717 864
1658 864
2523 905
3444 972
3552 902
1885 864
2285 971
3264 864
2573 864
2756 998
2458 999
1841 864
3117 864
1917 864
3408 956
3207 885
2981 864
1869 864
3906 916
2376 864
2007 864
1745 864
1820 864
1242 864
1593 864
2289 864
2584 864
2069 954
1624 864
3244 967
3440 864
1835 864
2255 955
1831 864
2798 864
2429 968
2562 864
3023 864
2182 864
3095 936
2097 864
2728 888
2240 871
2730 873
1581 864
2562 882
3042 952
1401 864
2694 864
1775 864
2255 864
2022 864
1695 864
3052 864
2309 971
2552 864
1360 864
3287 978
2029 884
2443 864
1931 864
2774 864
2630 917
2206 864
2306 907
3292 972
1415 864
3081 874
2221 903
3007 864
2734 864
2727 952
2183 864
3415 864
1214 864
2389 864
1768 864
2466 864
1964 864
2177 864
2469 864
2489 864
2146 864
1690 864
1999 900
2541 864
2173 864
1817 864
2997 991
3231 958
2619 864
1891 864
1983 864
3502 991
2875 940
3246 952
2549 864
1433 864
1716 864
2040 864
2597 914
1415 864
2799 864
2416 864
1809 864
2712 995
2412 864
2415 864
2052 864
2938 991
2359 864
2514 864
1413 864
3242 864
2240 864
1749 864
3310 924
2934 910
1309 864
1297 864
2896 953
2578 914
1137 864
1763 864
1628 864
1672 864
1920 867
1941 864
1350 864
2391 864
1067 864
3140 864
3208 864
3729 958
1974 864
2231 864
1416 864
2161 888
2467 954
1997 878
2007 986
2345 864
2812 904
1865 864
2184 864
2211 864
1591 864
2197 988
2395 864
2747 864
2612 864
2068 864
2465 864
1189 864
2418 911
2228 864
1992 881
1677 864
3672 992
2033 864
2250 872
2695 864
1873 864
2090 864
2223 864
1887 864
1399 864
1399 864
1840 877
2675 937
1601 864
1827 864
2524 889
2367 953
3288 943
1875 864
1407 864
1785 864
1833 864
1891 864
2201 864
2024 864
1892 864
1455 864
2817 910
2161 864
2493 864
2175 924
2141 864
1416 864
1538 864
1991 864
1563 864
2586 932
1622 864
1519 864
1318 864
3234 962
2149 864
1160 864
1744 864
2110 864
2837 968
2515 864
2930 864
2520 864
1392 864
1034 864
2249 864
2402 879
1774 864
1753 864
2087 864
1770 864
2529 864
2316 864
2610 879
3620 911
2550 986
2664 864
2528 864
2524 864
2130 864
1810 864
2630 973
3252 936
2012 864
3372 942
1993 864
1932 864
2628 948
1870 864
2267 864
1973 864
3163 967
1718 864
1396 864
1690 864
2562 864
2845 867
2775 864
2302 864
2236 864
1703 864
1648 864
3051 959
2221 864
1934 864
1711 864
1986 864
2885 864
2294 864
1664 864
2883 966
3393 967
3448 940
2112 864
2563 925
1922 864
1851 864
1768 864
2648 939
2271 864
3069 988
1556 864
1638 864
1527 864
1712 582
2139 864
2471 864
2481 864
2968 864
1365 864
1787 864
3933 919
2339 974
2468 864
1691 864
3650 878
2622 864
3049 864
2265 864
1836 864
2175 864
2874 975
3013 948
1996 864
2645 949
3279 882
2024 864
2258 864
2131 864
3063 985
2531 950
1581 864
3022 867
2905 962
1016 864
2165 864
1169 864
1922 942
2125 864
1232 864
2061 864
1825 864
2126 864
1816 864
1983 864
2795 864
2061 864
1365 864
1568 864
2889 864
1621 864
3088 938
2580 991
1589 864
2555 864
2296 864
2607 864
2387 864
1137 864
1939 864
3228 977
757 757
2016 864
2085 911
1889 864
1735 864
2479 864
2247 967
2846 864
2202 864
2369 864
1937 864
2478 878
1855 864
2080 864
2384 904
1760 864
2709 864
1550 864
2542 941
1208 864
2122 864
1956 926
2343 864
1498 864
2198 937
1932 992
1222 864
1776 864
2573 864
2848 927
2124 972
2059 864
1977 864
3468 966
1441 864
1265 864
1745 864
1469 864
1869 864
3008 864
3213 968
1934 864
2976 864
2649 864
2005 864
1849 864
2141 864
2258 864
1518 864
1867 864
2087 864
1789 872
1900 864
2259 864
2806 877
2307 864
2392 864
3294 949
3138 916
2521 864
3184 891
2075 864
1775 864
2835 962
1913 864
2555 864
4135 911
2167 864
1841 864
2597 864
1354 864
1421 864
2648 864
3385 928
2401 864
2976 925
3286 864
1477 864
2433 864
2861 864
1805 864
2891 864
3162 864
2398 864
1713 864
2090 864
1385 864
2899 999
1994 864
1748 864
3090 978
2630 864
1900 864
1505 864
2342 864
2295 864
2495 909
1792 864
3050 884
2855 864
1963 864
2251 878
2343 864
1839 864
3698 902
2755 995
3028 906
2038 864
2123 864
2276 864
1797 864
1736 864
2819 864
3383 997
3203 904
2695 973
3130 988
1822 864
924 864
2588 864
2678 864
2072 864
1619 864
2171 864
1728 864
2518 864
2155 864
2225 864
910 910
2158 910
3054 997
2549 867
2126 864
2859 878
1681 864
3492 864
1910 864
1626 864
1755 864
2058 864
2183 864
2117 864
2262 864
1767 864
2934 864
1004 864
2651 988
2296 924
2747 864
2427 864
2952 868
1509 864
2271 909
1165 864
2158 864
1855 864
2376 864
2450 864
2877 966
2016 864
2669 951
2997 894
1312 864
2293 901
1683 864
3574 990
2322 864
1525 864
1911 864
2219 893
1873 864
2215 864
2051 864
2516 864
1384 864
2406 864
1685 864
2034 864
2259 864
1593 864
2813 864
3345 938
2221 864
3207 864
2356 864
2965 937
1790 864
2842 864
2952 864
3348 876
2377 864
2666 864
3552 864
1115 864
2952 916
2389 867
2356 980
2970 864
1520 864
2516 864
2227 864
1583 864
2209 864
3119 864
1529 864
2357 942
2715 864
3212 868
2079 864
1657 864
3405 926
2231 864
2894 876
1791 864
1387 864
1719 864
2371 864
1769 864
2104 864
3172 898
1684 864
2694 864
2139 954
2836 864
3593 970
2791 946
1976 864
1852 864
2678 864
984 864
2003 864
1875 864
2230 864
2008 864
2438 864
2441 864
2252 955
1684 707
2036 864
2028 983
2575 864
2042 903
2377 864
3841 940
1573 864
2358 864
1827 864
2253 976
2268 903
2686 864
2626 864
3143 864
1316 864
2560 981
3280 878
2935 933
2033 864
2621 865
1800 864
2110 864
1977 864
1968 956
3416 864
1633 864
3090 974
2933 964
3115 879
1845 864
1977 864
2369 864
2774 864
2312 924
2540 864
2368 864
2306 864
3833 864
1603 864
1851 864
2222 864
1976 864
2326 864
2948 968
1831 864
2261 864
2267 952
1362 864
1548 864
3010 946
2649 864
2958 975
1367 864
2646 864
2272 864
1861 910
2698 973
1478 864
2316 864
3507 928
2283 864
2648 940
2544 864
1509 864
1262 864
1691 864
1173 864
2235 864
2055 864
3405 933
1027 864
1243 864
2542 946
1841 864
2343 864
3649 864
3952 979
2663 864
2126 864
2588 864
2310 864
2210 864
1982 864
1596 864
2718 864
2351 878
2621 966
2954 937
2549 908
2445 864
1780 864
2439 864
1827 864
1795 864
2033 864
1782 864
2758 934
1743 864
2463 864
2477 864
2114 864
2551 878
1893 864
2314 864
2252 864
2388 864
3215 988
2398 864
3438 969
2668 864
3300 864
1960 988
1283 864
2639 987
1290 864
1974 864
1983 864
2307 864
1415 864
2248 864
1867 864
2257 939
2367 864
2529 864
2894 864
2496 864
2466 988
3405 988
1430 864
1670 864
2324 864
1695 864
2257 943
1737 864
2669 948
2115 906
1356 864
3058 929
2292 864
2260 943
3913 864
2170 864
3026 864
2223 864
2347 864
2434 864
1687 864
1051 864
1683 864
1774 864
2448 864
3281 864
1716 864
2341 884
2094 864
2195 906
1715 864
2287 864
1445 864
916 462
2622 864
1269 864
3381 975
2102 864
1721 864
3055 864
2634 864
2052 864
2216 864
3601 864
1644 864
3208 864
2281 864
2468 984
2797 937
1857 864
1156 864
2305 864
2893 903
1618 864
2583 864
1888 864
2170 972
2157 864
4188 874
3584 864
2686 864
1014 864
2702 864
2691 864
1809 864
2256 864
2754 867
1962 864
1810 864
3395 995
1313 864
1988 864
2704 864
3217 951
2215 987
2902 981
3537 887
2361 864
2547 864
3155 904
2485 940
2540 960
1420 864
2393 905
2997 966
1628 864
2117 864
3635 937
2223 864
1442 864
2150 864
1301 864
2216 864
1828 864
2118 864
2562 980
2472 864
3590 951
1696 864
1940 904
1520 864
2606 864
3609 977
2890 864
2343 864
1897 919
2216 873
1670 864
2488 864
2226 864
3354 901
1668 864
2746 864
3241 966
1692 864
4406 966
1801 864
2535 864
2869 864
2754 864
1753 864
2681 864
1553 864
1863 864
1972 575
3119 991
1956 864
1921 864
2137 864
2444 864
2109 864
2633 984
1430 684
2516 864
1838 864
3583 864
2955 879
3185 878
1402 864
2448 635
1895 864
1899 864
2687 864
1947 864
2041 953
1457 864
1625 864
2568 864
1665 864
3248 943
2643 864
2314 864
1821 864
3413 949
1642 864
2202 864
1757 864
2968 864
1556 864
1692 864
2596 988
3151 864
1615 864
2522 864
1939 864
1795 864
2956 904
3294 864
3161 966
3209 864
2732 988
2343 864
3444 951
2962 894
1609 864
1538 864
2912 936
1398 864
1583 864
2181 864
2262 925
2442 864
2122 918
1881 864
1136 864
2755 864
2284 864
2458 864
3399 979
2795 928
2897 864
2721 864
2250 864
2095 864
2343 864
1602 864
2417 907
2139 864
3273 864
1925 864
2041 864
3096 864
1960 864
2221 864
1809 864
1446 864
3256 990
1904 864
2221 864
1715 864
1412 864
2722 864
2519 864
2354 864
2062 864
2490 878
3076 974
2339 911
2774 891
2186 864
2581 864
2924 946
2120 864
2227 864
2012 864
1680 739
1394 864
1999 864
2680 871
2010 864
3271 870
1472 864
1911 864
2541 864
2587 971
1383 864
2108 864
3210 878
2937 898
2882 938
2329 937
1643 864
2165 864
2915 872
2464 873
2333 909
2148 864
4212 940
2048 910
1470 864
2425 968
2310 888
1494 864
1514 864
2502 864
2172 864
2041 864
3518 864
1839 864
2197 864
2413 864
2086 951
1841 864
2520 864
1297 864
2447 864
3014 928
2505 864
1254 864
2089 998
1919 864
3039 864
2503 864
2094 885
2634 976
2130 864
1467 864
2143 864
2905 864
2060 864
1823 864
2130 864
2763 864
3853 916
1979 864
2129 872
2296 864
2156 864
2594 902
3048 864
2861 864
2354 864
2042 864
2384 864
2121 864
1491 864
1687 864
2186 864
2531 871
2573 864
3249 965
1517 864
2422 988
2273 864
3448 973
1530 864
2475 864
2761 864
3561 864
2880 864
2091 864
1783 864
1420 864
2306 992
2253 864
1592 864
1003 864
2605 942
2159 864
2009 864
2515 864
1648 864
2637 966
2835 926
2208 864
1628 864
1804 864
1411 864
1923 864
2553 864
1896 864
2806 878
1968 864
3563 881
1332 610
1826 864
1726 864
1914 864
1831 864
3507 988
1370 864
2641 864
1916 864
1924 864
3016 864
3046 864
3213 864
3402 964
3180 979
2930 951
1234 864
1943 864
3044 864
1631 864
2973 864
1600 864
1937 864
3407 864
1760 864
2055 864
2613 864
2610 864
1450 864
2554 967
3070 864
2373 908
3121 864
2548 864
2855 952
2426 864
2050 864
2313 930
2775 885
1545 864
1981 864
2269 864
2476 864
3418 871
2097 864
1255 864
3222 864
1616 864
2249 867
2975 981
1506 864
3087 966
2283 864
3055 864
2847 876
2405 871
1910 864
2046 864
2347 864
1319 864
2280 864
2379 864
1678 864
2688 995
2718 864
1771 864
2447 864
3309 864
2579 864
1448 864
2027 864
2472 864
2204 864
1751 864
2944 864
2048 864
3694 864
2364 983
2383 864
3118 864
2675 864
2044 864
2876 864
3581 924
1751 864
1844 864
3317 967
2394 864
2353 864
2228 864
1396 864
2846 864
2248 929
1377 864
3504 942
1637 864
2728 864
1642 864
1855 864
2961 925
2313 864
1747 864
1698 864
3226 885
2180 864
2671 934
3393 936
2372 946
2170 881
2275 864
1965 864
2037 864
2470 864
1960 864
1632 864
1792 864
2304 914
1911 864
2546 864
2180 864
2811 864
2247 937
2419 936
1958 864
1681 864
2487 864
2259 864
2516 962
2158 864
1646 864
2513 864
2211 896
2855 864
2209 864
2224 944
2430 911
3677 864
2281 937
1951 864
1923 864
2439 899
1665 864
2162 914
3149 968
1851 864
1558 782
2170 864
2709 972
1834 864
2433 864
2438 864
3008 864
2981 888
2373 864
1746 864
2972 954
2261 864
3320 977
1956 864
1896 864
1769 864
2768 864
3336 865
2193 864
2110 864
2232 864
2421 864
1791 864
2179 864
2085 864
2211 991
1618 864
2646 978
1902 864
3498 864
1826 864
2078 864
2240 972
1948 864
2367 864
2256 864
1165 864
2835 864
3248 864
2434 864
2409 864
2361 864
2383 864
2123 864
2183 889
2210 864
1834 889
1889 952
2245 925
1418 864
1905 864
1108 501
3067 864
2089 864
2155 864
1223 864
2431 864
3392 920
3007 972
2768 941
2330 864
1416 864
2648 864
2220 864
2815 864
2208 864
1943 864
3040 902
2676 967
2617 864
3644 969
2155 904
2559 864
1768 864
1756 864
3275 864
2592 960
3043 866
1540 864
2062 864
3610 990
2815 864
2670 864
1946 864
2116 864
1547 864
3601 988
2340 864
2528 934
2554 864
1348 864
2321 902
1811 864
2179 885
1755 879
1646 864
1692 864
3237 961
2308 864
1395 864
3609 969
2717 886
1595 864
1920 864
1569 864
3172 884
3317 938
1423 864
3877 962
2684 864
2822 864
2176 864
2019 866
1629 864
1267 864
2369 864
2478 991
1426 864
3530 940
1712 864
1768 864
2076 864
1550 864
2378 940
3189 881
2248 864
2183 865
2203 864
2054 896
2267 864
1736 864
3217 864
2230 983
2416 672
2496 864
2425 864
1837 864
1354 864
1976 864
3342 923
2423 864
1532 864
1684 864
2470 864
1539 864
3227 864
1854 864
1328 864
2237 864
3253 958
3261 939
2091 864
3010 967
1325 864
2155 864
1906 864
2646 864
2071 864
2682 919
1550 864
2369 864
1130 864
2878 988
3055 974
1654 864
2641 864
1530 864
2188 864
2155 864
1893 864
2417 884
2118 864
1655 864
1864 864
1914 864
2989 864
2073 864
1653 864
1279 864
2091 864
1663 864
1768 864
3314 948
2153 864
1915 864
3609 864
2367 864
2718 952
2859 943
2174 864
1766 864
1837 864
2738 864
2236 864
2925 864
2907 968
2844 924
2170 919
2452 864
1944 864
2391 902
2243 864
2743 952
3024 882
2345 864
3184 864
3178 988
1413 864
1933 864
4103 933
3614 882
2836 965
2239 864
2666 864
2570 939
2099 864
1967 864
3398 888
987 864
2181 864
2280 864
1667 864
2121 864
1065 864
2906 964
2759 864
2223 864
2487 864
1383 864
1638 864
3166 866
1995 864
3627 911
2037 864
3175 905
3703 864
1877 864
1595 864
2047 864
1778 864
1830 864
2638 864
2674 864
1926 971
2003 864
2829 864
3047 884
2521 864
1778 864
2148 889
1569 864
2561 896
1781 864
2974 864
1493 864
2493 902
2746 906
2109 864
2426 864
1981 864
2757 991
2696 864
2197 988
2811 940
1709 864
2455 864
2322 864
1570 864
1351 864
2081 864
2565 864
2065 864
2675 939
1783 864
1070 864
1661 864
2064 864
2871 896
1684 864
1859 864
2279 864
2369 864
3061 951
2914 988
2642 867
2403 864
1484 864
1900 864
1950 864
2511 864
2215 905
2449 877
1779 864
2125 864
2296 872
3003 867
2314 997
3333 864
1645 864
1707 864
1906 864
2237 864
1357 864
2803 864
1839 864
1539 864
2493 940
1731 864
2421 864
1547 864
1425 864
2775 967
2187 864
3186 876
2245 864
2462 960
2227 987
3523 943
2324 864
1742 864
3010 882
2642 864
2854 911
2318 864
2516 904
1946 864
2271 902
1733 864
2113 864
2315 864
1775 865
1244 864
2993 928
3358 876
3544 893
2235 864
2101 866
3134 864
2534 864
2581 910
2325 903
1962 864
2282 864
1747 864
2045 864
2721 987
2247 864
1494 864
2247 864
2187 872
3374 906
2536 878
2896 864
2727 888
2183 919
1612 864
1704 864
1705 864
1731 864
1966 864
2099 864
2612 954
1419 864
2161 864
3223 924
2314 905
2024 864
2571 864
1905 864
2518 998
2105 988
1101 864
2025 984
2486 916
2911 972
2947 946
2551 864
2766 864
2224 864
1586 864
1293 864
1744 864
2912 864
2715 864
1925 864
1761 864
2330 865
1631 864
2410 864
3063 977
3795 946
2574 864
1995 864
1636 864
3417 864
2020 873
2018 864
2062 864
4026 959
1743 864
3290 877
1569 864
2359 864
2976 867
1497 864
2223 864
2302 864
1913 864
3174 905
1541 864
2507 864
1342 864
3077 871
3096 872
1666 864
1943 864
2957 951
3239 930
2250 864
2672 864
2612 864
1976 864
2406 864
1273 864
3042 864
2174 864
2607 864
2453 871
2540 864
2727 980
2445 864
1892 864
1509 864
1012 864
1917 864
2990 864
2402 864
1832 864
1960 864
1931 864
2352 864
1910 864
2380 864
3209 988
1844 864
1858 864
2594 942
2559 864
3133 936
1602 864
2153 864
3442 988
2204 864
2402 864
1737 864
1774 896
1960 864
2316 864
2521 864
3389 952
2021 864
3066 994
1863 864
2651 953
2511 864
2323 988
2311 864
2336 937
2240 864
1490 864
2202 864
2488 968
3021 984
2311 864
1497 864
2957 864
2153 864
2511 954
1942 972
3015 964
2071 895
2444 881
2249 864
3149 864
2279 864
1764 864
1569 864
2512 946
2387 864
2499 864
2619 864
1910 864
3054 938
1548 864
2087 864
2076 864
1909 952
1601 864
2909 864
3165 936
2483 864
1867 864
1732 864
1628 864
3378 940
2277 864
2502 864
1453 864
2541 973
2161 864
1698 864
2496 864
2530 864
1928 864
3851 940
2323 864
1187 864
2807 927
2259 887
2170 864
3030 924
1011 864
1608 864
1695 864
2103 864
1700 864
2140 864
2424 864
2901 937
857 547
2141 864
2070 864
1795 864
2958 867
1346 864
3302 864
2768 864
2105 864
3448 864
1869 904
2194 864
2129 864
1632 864
2466 868
1564 864
2342 864
2489 932
2039 864
2991 864
2168 864
1995 864
2048 988
1941 887
2777 864
3060 864
3603 888
2431 864
3277 905
1926 864
2503 879
3524 984
2616 960
3695 988
2287 926
1329 864
2298 864
1369 864
2138 907
3277 864
2458 864
2432 909
3171 953
2122 864
2778 864
1716 864
2138 864
2700 904
3422 864
1795 864
2893 901
1499 864
2419 864
2331 864
1589 864
2151 864
2386 864
1594 864
2099 864
2455 864
2461 939
2338 864
1558 864
1950 864
1714 864
3571 943
2632 864
2449 864
3713 978
2256 914
2912 864
951 864
3169 864
991 649
3476 967
1981 865
2496 954
2393 864
2331 535
3071 868
2085 864
1781 864
1635 864
2797 864
1812 864
2003 864
2315 864
3250 641
2056 864
2268 864
2637 864
1963 864
1744 864
2586 864
1746 864
2219 864
4133 969
1239 864
2065 864
1856 864
2015 864
3358 867
1985 864
2556 864
2324 864
2740 958
1780 864
2414 864
2066 864
3120 871
2221 864
2288 864
1664 864
2992 951
2766 864
2553 864
2754 896
3331 864
2877 914
1608 864
2347 968
1592 864
2141 967
2042 864
2135 864
3593 864
1684 864
1948 864
3293 951
1848 864
2212 864
1774 864
1536 864
2881 881
1535 864
2752 864
2327 864
1692 864
1617 864
1924 864
2066 864
1909 992
2045 864
1116 735
1908 878
2968 864
1618 864
2174 864
1819 864
1941 864
2598 864
3119 864
1798 739
1751 864
2212 864
1893 864
2244 864
1716 864
3305 966
2264 864
2835 864
1383 864
1646 864
2100 864
2167 834
2607 864
2840 864
1482 864
2494 864
2845 864
2741 864
1764 864
2916 864
2659 967
2548 864
2861 864
1353 864
3415 864
1407 864
3096 864
1128 864
2264 864
2236 864
2625 910
1332 864
3020 864
2119 864
2386 896
2688 943
2576 934
1787 864
2721 955
2303 884
2191 864
3176 907
1287 864
1793 864
3535 959
1637 864
1772 864
1472 864
1902 864
3015 966
2088 962
2504 888
2506 864
2112 884
3042 972
2113 864
3100 864
2912 995
2616 864
1631 864
2319 864
1945 864
1718 864
2330 887
3840 951
2591 864
1852 864
1946 864
2562 864
2740 949
2832 864
2664 864
3397 864
1937 896
2893 880
2231 864
2471 864
1949 864
1956 864
2808 952
3059 867
1976 864
2359 864
2773 864
2647 864
2696 898
2009 864
2411 900
2277 864
1757 864
2349 864
1531 864
2457 864
2333 924
2150 878
2881 864
3244 966
1571 864
2607 939
2155 999
3013 876
2387 864
2759 975
1651 864
1545 864
1913 926
2202 975
1916 864
2064 864
2894 966
1731 864
3101 864
2139 864
3180 939
2740 966
2051 881
2964 949
2686 938
1180 864
2858 904
3050 905
2428 987
2481 864
2412 904
1320 864
2532 962
2424 864
2553 864
3222 1000
2787 864
2672 864
2366 864
2153 953
1402 864
2555 972
2047 864
2523 864
2501 954
2001 929
2095 864
2651 864
2344 864
1698 864
3140 864
2741 962
1352 864
4244 864
2509 864
2519 864
3274 949
2762 975
2713 965
2562 905
1408 864
2290 864
3160 864
1895 864
2906 905
1821 884
2330 864
3024 864
3066 874
1978 940
2056 864
1766 864
1703 864
2394 864
2021 864
1963 864
2786 864
2241 864
2507 889
2431 873
1732 864
2652 888
3038 864
1897 864
2082 864
1986 877
2159 864
2665 873
2920 864
2735 864
1900 864
1774 864
2904 864
2679 944
3684 978
2239 864
2702 864
3083 967
1387 864
3153 988
1823 906
1515 864
2165 864
2862 958
1591 864
1968 864
1615 864
2173 967
2714 941
1739 864
2029 864
2582 864
1937 864
2684 918
1473 864
2486 883
1775 864
3231 864
2582 864
1859 864
2459 864
2442 864
2452 864
1653 864
3110 864
1564 864
1202 864
1502 864
3320 905
3359 864
3139 973
3559 958
2198 864
3013 864
2129 864
2785 864
1684 864
1782 878
2284 864
1304 864
1827 864
2043 864
2556 864
2702 864
2261 997
1891 864
2003 864
1502 864
2657 878
2773 865
2804 968
1779 873
1549 864
2236 953
2918 902
1933 864
2854 865
2231 864
2003 864
2317 864
1335 864
2491 864
3492 970
1621 864
2099 864
3307 867
3289 906
3787 975
2452 864
2128 864
2133 864
2428 864
1960 864
2254 864
3052 992
2369 864
2465 896
4249 966
2925 864
2250 961
2757 864
2687 888
1566 864
2426 864
2689 864
2472 952
2217 864
2496 864
1850 864
3211 968
3102 864
2020 864
1909 864
2178 864
1335 864
2366 864
2699 864
2966 864
1281 864
1818 864
2403 864
2298 864
3116 946
2986 864
2703 917
2143 864
2688 864
2638 864
2404 864
1696 864
2673 864
3162 873
2003 864
1448 864
1630 864
