1
3
1
1
1
1
1
1
1
1
2
3
2
1
1
1
1
1
1
1
3
1
1
2
1
1
1
2
1
1
1
1
1
1
7
1
1
1
2
12
1
1
3
1
1
3
1
1
1
1
2
1
1
1
1
1
21
1
1
1
1
4
2
1
1
1
1
1
1
1
1
1
1
2
2
1
1
1
2
1
1
4
1
1
1
1
1
1
3
1
1
1
1
1
1
1
1
1
1
1
1
1
1
1
1
1
1
1
1
1
1
3
1
1
1
1
12
1
1
1
1
1
1
1
1
1
1
1
1
6
1
1
1
1
2
2
1
3
3
3
1
1
1
1
1
1
2
3
1
1
1
1
1
1
1
1
1
1
3
7
1
1
1
1
1
2
1
1
1
1
1
1
1
1
1
2
1
5
1
1
1
2
1
3
8114
1
1
1
1
1
1
3
1
1
1
1
1
3
1
1
1
1
7
1
1
42
2
1
35
1
1
2
2
1
1
1
1
1
1
2
1
3
8
1
2
1
1
1
4
2
1
1
1
1
1
1
1
1
2
1
1
1
1
1
1
1
1
1
1
17
1
1
1
9
1
12
2
1
2
1
1
1
1
6
2
5
1
1
1
1
1
1
1
1
1
1
1
1
1
1
2
8
1
1
1
1
1
1
1
1
11
1
1
1
1
4
1
1
1
1
1
1
1
1
15
1
1
1
1
2
1
1
1
1
1
1
1
1
1
1
2
1
2
1
1
5
1
1
1
1
31
66
4
11
1
1
1
1
1
5
1
9
1
3
2
1
1
1
1
2
1
1
2
2
1
1
1
529
3
1
1
1
21
1
2
3
1
1
5
1
1
1
1
1
1
2
1
1
1
1
1
1
11
1
4
1
2
1
1
1
1
1
3
2
4
1
1
1
1
7
1
1
2
1
2
1
1
1
1
1
1
1
5
1
2
1
1
2
3
1
3
1
1
8
1
1
1
1
1
11
1
1
1
1
1
1
1
1
1
1
4
1
1
1
2
2
1
1
1
1
1
2
1
1
1
1
1
1
1
1
2
1
1
1
2
1
1
2
2
1
3
1
1
1
4
1
1
1
1
5
1
2
1
1
1
1
1
2
1
1
1
4
1
1
3
1
1
1
3
1
1
1
1
5
1
1
1
2
1
1
50
1
1
1
1
1
1
1
2
3
1
1
1
1
1
4
1
1
1
1
1
79
11
2
4
1
2
1
1
1
1
1
1
1
1
1
1
1
1
1
1
1
1
1
5
2
2
2
1
1
1
1
1
2
1
1
1
1
1
39
3
1
1
1
1
1
1
1
2
2
1
1
1
1
33
3
7
3
1
1
1
1
1
1
1
1
1
1
2
1
1
1
1
1
2
2
3
1
1
27
1
2
1
1
1
1
2
1
1
1
1
1
1
1
1
2
2
4
1
1
1
1
1
5
1
23
1
2
1
2
1
1
1
1
2
1
1
1
1
1
1
1
2
1
1
1
1
1
1
1
1
1
1
1
5
3
1
1
4
2
1
1
1
7
2
1
1
1
1
2
4
1
1
2
1
1
1
10
2
2
1
1
1
1
1
1
3
1
1
1
1
1
1
1
1
1
7
1
1
2
1
3
1
1
1
1
2
1
2
1
1
1
1
1
3
1
1
4
1
1
2
1
1
1
1
1
3
6
1
3
1
1
1
1
2
2
1
1
1
1
1
1
1
1
1
1
2
6
1
1
1
1
1
1
7
1
1
4
3
2
15
1
1
1
1
1
1
3
1
1
1
1
2
1
1
1
1
37
3
1
1
1
1
1
7
3
1
2
1
1
1
1
1
1
1
1
1
1
5
1
1
1
1
1
1
1
1
12
1
1
1
1
1
1
1
1
1
11
2
1
1
5
1
1
1
2
1
1
1
3
4
1
3
1
2
1
1
2
6
1
1
22
1
1
1
1
3
1
1
2
2
1
2
1
1
1
1
1
1
1
1
1
2
1
1
2
1
2
1
1
1
1
1
1
1
1
1
1
1
1
1
1
5
1
1
1
1
1
1
8
1
1
1
1
1
1
1
3
1
1
2
1
2
1
1
1
1
1
2
1
1
1
2
1
1
1
1
1
1
31
1
1
4
1
1
1
1
1
1
1
3
1
1
1
1
4
1
1
1
1
1
2
1
1
1
1
1
1
1
3
2
1
1
1
1
1
1
1
2
2
2
1
3
1
2
1
2
1
1
1
1
1
1
1
1
1
1
1
1
1
1
1
2
1
1
1
1
3
1
1
1
1
1
1
2
2
2
