1
3
1
1
1
435212
1
1
1
1
512478
1
1
1
1
593843
579086
1
565755
567197
1
1
1
1
1
684134
517640
1
1
1
1
13038
1
1
300486
1
199639
753973
484113
295222
1
1
1
5965
995379
1
1
1
95206
943779
1
1
1
1
1
1
1
1
1
60301
838545
273522
1
601439
1
1
1
43384
1
1
592416
1
1
1
805633
1
62438
373468
1
26693
1
590363
1
451017
1
45553
486463
1
420927
855249
1
415676
1
1
648998
1
1
536247
1
771352
33192
234986
1
189186
1
809220
497442
1
1
111638
1
1
1
1
1
1
253917
1
1
1
1
1
23775
1
853888
72426
836419
1
532771
1
943045
389271
153905
1
929766
939934
905911
231175
782388
1
1
1
1
365332
477381
1
1
1
696456
14920
105126
318050
583855
1
172593
1
1
1
1
1
1
780540
614521
954829
1
1
1
97634
134844
1
865345
1
573209
1
1
1
140901
1
259818
1
1
687583
48066
115206
331298
1
1
875246
36238
237910
1
1
501832
907786
1
1
579947
319868
1
5011
1
1
320545
1
311662
651478
1
100263
1
1
1
1
774355
1
1
1
803205
1
1
292838
1
1
904946
956012
1
951445
697210
1
1
1
1
1
1
159615
634202
1
1
979732
1
466384
138506
473065
839130
729981
1
22473
1
712089
917260
1
394706
1
953288
238978
58705
866574
386586
742365
1
121955
1
705678
1
770185
1
448039
1
1
1
1
1
264709
1
226096
417921
1
1
1
1
1
1
1
1
1
621606
1
1
1
734065
608738
1
1
1
250107
45557
1
1
668363
152392
1
378067
1
1
561254
1
1
66426
858663
698255
1
1
1
640008
79172
403967
177482
802960
501534
1
1
952767
874788
754324
396208
1
1
525232
1
103939
183852
1
226547
722091
316260
1
463276
775925
1
130938
61722
894117
148899
277124
224149
1
1
734918
206659
887810
1
15397
116374
547281
1
428735
935084
102479
26048
369038
1
406712
1
135488
1
1
896510
1
488713
326222
598754
1
310625
65326
1
619651
164927
1
173209
1
688169
86840
113258
732624
82657
788297
738656
1
1
932131
1
798528
1
1
1
1
595745
1
1
1
891927
1
56733
419728
723396
959669
887010
185218
940194
1
868899
1
370901
223636
1
1
1
218345
1
1
1
718278
1
1
910050
1
591967
1
1
359184
1
1
901525
1
294836
1
1
1
848385
431009
347720
1
500490
630770
1
717495
987434
1
1
542448
321167
1
523190
810363
133898
1
993201
474583
287492
1
26732
92174
609782
1
854535
271955
10649
1
604608
1
1
1
1
179295
555574
533269
1
763812
1
344098
225173
887047
1
1
1
1
1
1
361889
1
1
1
1
1
469088
1
162576
359190
1
1
1
567711
390027
1
1
1
1
1
758204
868651
418050
542049
149570
1
1
708257
345483
509746
461696
1
32945
364372
1
1
62867
1
1
847258
1
1
1
1
1
1
1
131742
777976
495213
980292
1
487328
508785
1
1
1
8253
1
997309
987190
1
367613
486337
1
951150
1
1
10814
273060
1
1
960511
1
270325
1
1
60970
1
1
1
367652
1
413372
1
207615
492254
1
1
1
1
1
1
1
1
1
312823
1
1
782325
661555
48335
565504
321888
1
796961
458269
1
1
832689
459149
154947
208523
914063
524311
1
1
78128
1
202671
956930
550650
219985
1
1
645470
136786
857268
1
1
248994
1
584030
1
203434
1
722879
1
1
686827
601996
1
1
267612
669908
879114
1
978739
549700
328533
218774
174506
308864
1
1
380338
1
1
1
666255
1
170108
328677
921679
638562
1
1
340248
1
324206
1
1
178928
870041
823984
1
1
1
1
736062
927615
594726
1
1
1
1
535830
1
1
545053
1
1
1
1
1
1
127271
702649
1
1
1146
846198
1
588230
80838
1
322555
890504
1
516216
1
1
1
1
1
1
814891
1
1
697829
260065
9577
328704
809488
1
908698
1
876529
366177
543116
640634
76866
1
1
1
408375
833525
1
1
1
1
1
1
1
1
172927
1
3449
1
1
650799
965427
135305
425446
1
1
347061
327551
677453
136613
934995
1
760440
1
859911
1
710123
441015
1
437262
75605
1
1
1
154233
837517
224257
1
1
362250
1
1
44935
1
1
891277
692282
1
1
1
1
901609
1
1
1
664037
1
537288
210274
573294
920447
764138
1
849068
771905
1
1
818265
915846
376960
1
1
305305
1
652764
1
1
1
717751
1
877027
1
756857
711541
900400
1
1
1
1
226225
1
1
1
942955
1
968822
300737
1
834530
1
543085
1
1
1
925860
260208
203182
12713
1
1
984877
1
727252
334319
683938
913250
1
1
221052
129314
1
1
1
632186
1
8811
769563
339839
1
270113
1
1
755590
180056
1
113200
1
1
1
1
1
1
643740
356945
1
1
1
145017
350985
322333
806994
1
1
1
825732
1
1
1
174584
535453
666188
1
840743
618958
1
1
1
689839
1
995102
578442
284166
450300
1
1
570566
720066
844095
1
1
1
360993
1
835082
1
74502
186863
1
1
1
168686
1
1
847321
396409
1
1
895874
1
1
76630
1
1
743388
304630
50040
1
436367
1
284026
832501
377953
803051
1
1
1
1
835544
1
1
99756
283681
312801
1
1
17371
734392
295040
938788
1
1
1
894214
961558
420057
1
1
1
1
992664
1
1
269058
1
1
1
606290
2216
1
934423
848971
1
1
1
1
1
614912
872257
844916
91561
254355
108045
1
481293
1
1
1
1
14341
456686
1
1
1
1
1
300542
1
189759
910324
