1
3
1
1
1
1
1
1
17711
2
1
89
1
1
5
1
6765
34
1
21
1
1
2584
1
1
1
8
1
1
1
610
1
1
987
3
377
1
1
4181
1
1
1
21
233
28657
1
1
1
1
1
2
1
4181
28657
8
1
13
1
1
1
1
1
1
10946
3
1
55
377
1
1
1597
317811
2
1
144
1
233
8
1
1
1
1
3
1
21
21
1
8
1
1
34
1
1
1
1
46368
377
34
1
1
1
13
1
2
1
1
1
1
1
1
10946
8
1
2
34
8
1
1
1
610
610
1
1
21
1
1
1
1
233
21
1
987
1
1
144
1
987
144
2
2
89
1
1
89
46368
1
1
1
610
1
121393
5
34
1
1
1
75025
1
1
13
1
1
1
1
1
1597
21
1
21
1
1
2
1
1
8
5
1597
1597
1
2584
1
1
1
1
1
1
514229
2584
1
1
1
1
1
21
1
1
1
1
1
1
89
377
13
1
1
17711
6765
2
1
1
8
3
8
1
1
1
5
28657
21
1
46368
144
1
1
1
1
1
8
1
13
377
1
6765
1
1
1
1
2
1
377
987
2
21
34
1
1
1
1
34
1
1
144
1
1
55
1
1
1
34
8
1
1
3
1
1
1
1
2584
1
1
2584
377
1
1
1
1
1
1
89
2584
1
144
1
1
1
233
3
1
4181
1
55
1
1
75025
1
8
1
4181
1
8
1
1
1
1
1
233
1
1
3
2584
1
8
1
1
3
3
1
2
34
1
34
1
3
1
1
1
1
1
55
5
3
1
1
34
1
144
1
1
2
3
2
4181
196418
55
1
1597
3
1
1
5
13
196418
1
987
1
1
1
1
5
3
233
2
1
1
1
75025
377
1
89
4181
1
1
1
3
1
1
1
1
1
6765
1
1
1
1
2
987
1
2
1
1
1
377
55
21
1
1
987
987
1
2
2
1
5
1
1
121393
34
1
1
1
1
1
3
610
1
1
1
21
987
1
1
1
55
13
1
1
1
8
13
13
1
1
1597
1
1
987
1
1
1
377
13
4181
21
1
1597
1
5
1
28657
1
34
1
1
1
2
1
55
1
13
1
1597
1
34
2
2584
1
1
4181
233
1
4181
1
987
1
1
1
1
10946
8
1
89
1
1
1
1
1597
13
1
1
8
1
1
1
1
1
1
55
1
1
1
1
1
1
75025
1
987
1
377
89
4181
8
1
2
13
233
1
1
1
55
987
121393
89
121393
1597
1
1
3
6765
2
1
1597
89
1
2
1
1
5
1
10946
1
1
21
987
1
1
1
1
2
1
1
1
1
610
1
1
13
1
1
610
144
1
1
1
1
1597
1
13
1
5
55
1
1
1
1
1
1
1
377
1
1
1
377
1
1
1
2
17711
987
377
2
1
1
2584
1
1
1
377
8
55
233
233
1
34
1
1
1
1
2
1
1
2584
1
1
75025
1
1
1
6765
8
13
1
34
2
1
1
1
1
2
1
610
34
1
1
1
6765
17711
1
233
377
1
1
1
2584
4181
1
1
121393
1
1
1
1
1
6765
1
1
1
1
21
3
1
1597
233
1
1
55
233
1
1
46368
1
13
1
17711
1597
3
13
1
1
233
1
1
1
2
1
1
1
1
377
1
144
13
34
1
1
317811
17711
34
3
1
1
1
1
1
1
233
1
13
2584
1
1
1
1
1
21
1
1
1
1
1
1
8
17711
34
89
17711
1
8
1
3
2
1
1
28657
1
1
987
1
1
1597
1
1
13
1
1
3
1
1
1
1
1
1
8
1
1
5
1
1
1
1
1
1
13
1
1
8
1
1
1
1
144
1
8
1
1
1
1
987
2
1
8
1
1597
1597
1
1
1
1
1
1
2584
13
4181
1
1
6765
1
1
1
121393
89
21
1
1
1
1
1
1
21
1
1
233
1
1
34
8
1
1
21
3
1
8
1
1
144
1
13
1
1
1
3
1
1
1
1
6765
377
1
1
1
1
8
1
1
233
1
1
1
13
1
1
1
1
1
1
1
1
1
1
1
1
1
6765
1597
1
1
1
2
34
1
1
8
6765
1
6765
8
1
1
3
1
3
5
5
377
233
1
8
1
13
1
1
34
8
1
55
1
1
1
1
1
8
1
1
17711
2584
1
1
1
1
4181
1
610
1
610
144
1
1
377
144
987
1
1
1
8
1
1
4181
1
1
1
1
1
1
1
1
1
1
21
1
1
1
121393
1
5
1
1
3
1
13
1
1
1
1
55
1
1
1
6765
17711
1
1
1
13
121393
5
1
1
6765
1
1
21
1
377
1
8
1
987
34
46368
17711
1
2
1
1
3
1
46368
1
1
1
21
1
89
1
1
1
1
1
1
1
34
1
987
2584
1
21
