438519
815724088
683219023
445793163
686228458
196194935
856245877
517657018
246166658
370013494
639705357
154057787
359924257
783149640
639800583
87779026
331902557
899103238
571089163
802805928
377226228
4572055
72407199
739400755
151765743
731370580
496957872
692681947
601070303
611594921
675972473
661579271
957394190
55089259
773969937
546576236
183348610
637313464
886837458
164642764
202245356
12863377
191295657
386794122
804469288
743026305
962414572
5194542
996047591
879025471
69849746
459816817
617905713
384870429
284231992
813330919
348895826
125300801
431640639
623543756
127828362
801724407
615799256
373133372
614415456
186367393
660183943
785955503
194149142
400834127
874897225
318718388
595523360
260310991
231606566
715756427
751694911
244396748
229298115
265937089
551765393
658947387
240016454
573140115
456313972
339185221
103805538
466569198
449555933
367709228
577134439
15052529
479147775
368340578
720918178
202359089
20903568
135065647
962715039
769291050
87024264
297604493
830462344
804582346
511722511
324845858
449163643
385762845
994920794
473422243
82176976
122486909
4062710
890050688
316158812
695807796
641742553
824215418
375329394
17000257
679904103
199257220
112851645
328201302
205708144
901635010
258025355
522628835
254297790
582323081
167941189
7341643
370240624
125591144
686720848
185718824
938322643
319696759
20046516
931684344
744437555
758935109
979392732
96661333
496374816
349600251
934503216
398610634
287225721
29801492
89775960
619560933
775461319
874649380
908988615
401776391
749749361
533035000
189314835
746391062
105458928
378877901
734429931
103409835
396030394
214964428
373611003
383697421
850902508
49977026
956304203
995477230
98618886
136636078
820864366
926245359
893899131
518288298
895704814
327408744
718686601
322883
686709429
208967055
522297257
816554164
413232353
337553829
489084859
846700278
601541644
660488138
479836449
905570798
755147452
857872783
243285788
69861445
598167193
381677388
955897495
488600878
154413344
854374017
200477381
760440684
869992336
995871639
538722687
884726160
689404978
327742017
726964647
149504307
50952990
976106626
825147778
947295220
161511762
677082072
327150875
797083987
973491946
27938063
591580544
96527471
690231384
347855212
694220612
712033071
77060003
402495423
496559337
371871618
702715435
227877642
105930450
91130476
310355092
324922794
222845543
668792271
36973692
330860219
236035727
285081041
332475098
109665118
4191608
130473962
687699168
96353274
735067163
434944916
844780363
989202801
841543223
73784890
382163223
608009294
786486954
733007156
370041224
539499704
315607239
419742093
712485598
131384785
34995232
664686276
280911870
447009745
258136388
672820830
424319545
699134770
253919244
322961351
393448270
824088498
65300486
328820957
743974457
779525726
48449498
431912989
805855849
654953135
695325655
812225139
278305348
609840422
345778524
760172554
452360052
235622240
882261990
949607497
12310154
54578032
664946045
309313673
32326144
663137881
863545883
17256727
832916761
382350364
576144909
165203203
593075768
681463576
518596546
284132869
787319055
715283332
978883449
620126591
756011600
642759080
859791259
659865007
675155032
944890635
630785104
328508676
749589831
607105844
809479761
301108877
705115042
274491809
247630463
573681678
615113568
703485771
235246596
526675514
357406456
552517427
877455704
428237071
330468149
985929560
208586677
598638789
953640103
246284968
103892675
118321951
679372642
15634314
480356197
61545403
591455398
113750001
813412552
681029900
614958497
940837051
760864581
685125453
751822221
501784563
893378945
460222577
188359795
693806902
137495775
672515058
183026144
104349806
751456169
926036153
265799542
872353933
644754628
72031862
524147002
508381388
869087913
521911256
548925543
744165288
937498676
229478695
33407595
831607048
560776380
637929982
900855006
773772692
239938958
946006859
506400209
36115645
203405578
298733059
846978753
402889454
448608140
111668759
468377388
335537954
754689069
805304354
660259683
675430523
458112070
736767556
609401016
817689506
547007948
821147373
69522915
852091144
43167442
224391682
197906386
81432855
530514908
276064972
983152026
758233088
932614075
968510618
598237767
53576211
628392544
933114911
813661882
22510495
501425856
154934860
879999229
33562784
818147471
369876771
317023791
203976970
289929385
600815414
475759686
190828173
257610794
163908752
336943673
386761823
90065374
552813438
165331398
196889510
385943285
925321657
905171187
43805908
829785040
17334342
312183390
32178363
218363328
535952857
484497372
852503065
772171188
927975322
339299654
334061874
131408905
108881242
576531989
759047021
501714875
923544054
877229482
499579718
782151113
419700531
599205600
711178718
574593243
139236241
263656241
212061462
145516606
957182053
3183023
581600411
111368025
751502872
229964745
258966813
670920152
991286618
149465935
526836615
982328748
115637221
903546822
16653063
279068232
692282778
737321434
460587146
360297663
28562585
493018487
321744097
640467436
512648837
839780068
311949762
208246103
480818659
708676599
216832067
241718989
59656293
596972030
687809308
985618360
97762079
109562119
859284019
775350507
161050290
444383327
994718378
217497428
718933053
783555390
839821452
127082740
685841950
898713657
353142282
445396215
480359286
707572129
549183123
131979390
250729587
457823333
46718664
733854490
456946438
828450799
596136642
42228909
774266489
996737174
855017370
393314788
242185155
928754276
899920770
45537603
829244706
680677659
965901821
842299439
960524336
594998217
433810182
530934155
582539116
82740156
681352491
532854180
440471285
253519812
215898321
510454382
925246244
601785677
889665838
491922960
284976645
940068047
549140909
385973323
739067756
500165286
154494341
702006654
58502750
876621714
713643751
475994938
596338225
447976485
24359495
700266554
665930111
349918058
497784565
221202677
687397518
483905617
662169041
857068342
112100913
220018015
896493893
479266343
612436530
688625115
757851288
39290764
107432842
284389819
659452261
8727253
485616333
317600517
701546774
590607711
39505071
515820744
155106919
299439262
615656636
949912290
928402848
963900506
253488033
439984707
665430030
664662797
554439077
894385397
497957880
906774551
355160278
848105889
147181237
982329028
523447676
956989618
249744761
400255366
847095012
26933239
990941322
133585809
556163545
749204404
43528048
348944275
878336738
918981018
442465214
268711127
244942790
131437786
702763474
859555444
907168538
479380556
685100597
37729765
87337912
236033880
678842987
657083039
58486364
905840709
505324335
742840562
899226275
813905508
493983553
779206959
757782424
93441871
459204024
656612276
421144584
449697188
251892867
826367458
417837517
692165248
835947456
468241656
478091563
42838525
730119026
969954373
489264375
44434420
42672487
300080733
833129467
821521235
80355184
85215207
571687352
343530508
866581938
818777246
879141695
921419021
188872992
113192256
188203052
663158491
770993399
960067538
372234214
29693134
820919474
771025634
39335907
732793788
922731294
13606988
287487652
121283115
796532853
715329062
695449840
121188105
985870156
486413743
975047791
621113897
344246397
734731277
450936710
846718540
894395428
561481312
348996985
274099015
753172166
748470994
587051668
821624488
58108615
634410698
344563639
854572432
806090053
198211230
694319948
657774800
227169723
899831390
254034190
364557651
911454386
843034022
171589581
202351963
834568908
415284685
128619389
626488065
689227014
777161913
785868716
665323749
162103657
417215163
858146213
149210894
106737815
90794265
140790984
283534309
831865214
101075915
218381576
6068396
56522911
279296821
899333159
394525141
979501954
401498388
230742420
886995451
89845810
429354906
522405859
611926773
74318277
907971410
125369345
838840775
245512528
103749924
538867739
731294980
841587368
525078600
464865119
291966797
224319045
588499060
945124344
926350098
180742260
861986362
891593398
467494084
488393484
158428229
770470313
437381095
904017512
471289717
853114719
925523119
447652840
650159145
166130686
121846439
508560164
653131173
139035500
506144736
385310103
72538585
53032497
498734254
714716849
3588510
518369492
741546719
272098701
969748047
240747093
458642759
789928244
378715335
484913284
575557541
217911841
986905272
846473737
149470161
394893242
807862135
146071672
298498194
300354235
625250103
979760341
846633073
316477166
450834320
497430812
407430394
392141449
565844841
489708985
915687871
789092269
346695998
383527972
609959011
847264601
117250110
821589337
397311160
155490814
471327230
981092548
861787698
360484148
781783711
412595543
240079028
511136228
288976091
414675724
463102140
579861766
344639127
725955915
72709537
826883120
152238386
561190150
228354087
939090988
413372942
742748680
642445285
727624518
544109999
923130398
19881916
30340087
589029316
322084565
946413586
783418175
462706375
628220185
546070505
772283633
586132884
82706165
825186451
771510362
952475962
328578843
719105800
184522720
938273557
528804731
492260180
501202825
449755811
890300758
416991712
90114097
348698726
574602674
659197992
275432870
150744751
340604158
538728702
385124991
370708596
819818610
928345685
211520990
307725499
980913283
283674313
988292643
358662130
380121334
654443699
261236294
557316325
970415005
119006455
26857850
963179401
513753655
73351626
659694177
871887452
77651167
529239756
558047711
209831534
787134447
266528789
843790219
986845194
659437969
601236295
850507103
332690845
891393752
852548595
830530977
908362217
110655164
931877901
817696336
182933599
223738679
581826271
82295111
375646005
18283869
884802463
793695859
234865549
496562116
23920435
335483156
533885391
391817107
143164111
66918810
858415262
994358559
523036598
858522491
864016182
299157561
788273483
14759700
628953142
448020845
226436195
910104746
228748997
243438304
900436674
438470004
