171528
66218041
387397130
984405728
460908269
202602040
336697680
773336298
939806289
565095912
298705788
490611560
393408902
684578024
202437327
709946804
863590997
505183796
55064353
57625313
789261742
183883117
847840796
79705402
552046405
566862370
296847133
582472285
575757452
101012970
40182582
765010387
958782399
946511216
174169579
694271364
598435959
681497631
134197769
204447444
53709316
368059588
423249117
777996813
557964887
981776499
107584575
669887570
492017827
171864913
260600473
787457324
481463089
314725046
467859280
813906000
672196032
968491842
22599100
954539853
696101399
453244566
190970801
669858604
84287466
149742802
698406573
866801835
505034024
988714863
573108399
570710008
736187040
430995932
167001646
799343537
234246360
768513060
481566334
502149098
491411127
257078773
261966893
681636781
479974504
934985258
144651574
933221221
541718235
660991277
876617256
55350875
81778867
397276675
378422728
334640967
259844566
567116895
413041683
497853652
