163659
628329783
762565089
836257886
931618100
119611307
166603525
264368099
93271340
229101230
543033502
458324499
590015800
539220362
881196965
59820414
380176502
661888999
341877799
192269465
743069797
516303997
451098807
848654875
685871738
248435345
663190311
886870611
484455532
407677890
703389326
794782377
592612026
496021018
509272166
985188515
331515650
855632493
337245198
748667834
28632635
368340055
318418152
834779846
589020590
999411263
586717793
741139938
98699664
81101741
258290445
244851668
187724951
866835608
842761721
660035650
827353390
819199961
363077090
913346721
684106452
488774314
940245009
268277978
516830757
716179312
203103545
647299039
481907110
652622375
261342615
836572279
882557534
203479469
169719608
985166380
221505166
972689644
492646879
4674771
695403116
319410222
159191940
751409728
457592306
868957166
976337895
902235225
464267058
358272232
251403089
314988222
753716012
16221096
489540220
587588658
411026271
390391073
374063034
818046958
