716116
756465874
920550695
143931386
370344830
562058914
7792282
550502865
857640535
148070354
637124643
493638319
176991238
393800991
973375032
635568561
657350653
372602352
28208345
804318721
916656920
134513742
603268909
68010034
669415867
395558527
974957477
264287500
418795309
972389040
800447964
43666752
973242991
479013818
550865824
76068764
294229933
932544092
802533252
969589163
293167529
535166545
291588620
601978007
301981416
152904130
819806914
655928802
105147485
754771985
924119448
392428486
18052135
763462817
19970881
911543886
145477867
206503269
225583734
412086954
541345711
568683986
475169034
168075383
201593812
187603853
287859269
560030214
427278391
298706427
280704651
412534227
510777053
861669044
996673925
64323418
919613336
599745453
285211473
683019315
909584791
259964481
835300977
649984060
756901388
258974878
62695427
871323401
358816382
981723136
885035223
670082274
411478685
56249508
852609739
206053728
824208575
781437878
485443330
862883796
752438279
932318545
190031650
679231400
167208884
628256684
437728898
276096197
148901645
617487868
375156065
678755936
900070797
425702722
694254915
281904623
993688539
910319466
371197408
182489924
811691179
398444650
141801862
705425331
85227540
571047491
754967085
541308476
442838566
128361388
831605878
917015147
432731895
928999653
544361631
983246868
511026679
164712135
311519799
833112784
139339873
176555951
408739748
107489805
344771765
266670472
874851733
229705249
719783529
987381866
485949841
239899617
778394801
615295453
960136372
557391556
787006713
515105572
662080427
135662113
620235665
484428831
545697782
3616146
428464619
487204224
955489401
102573386
436661428
634570510
973997716
17183453
203461857
793065825
480627040
295190091
180302909
379157909
686891553
81446119
294453618
680823336
926572015
155423186
754604183
745034308
428543630
433354023
163452088
945977143
832202278
211839561
788390078
315400855
112728886
387094352
254204072
422611976
779244624
318610466
365869968
348157350
815083162
233373799
53422577
450964365
811104075
400356639
819118618
82859684
837943354
381276213
444274783
249983928
916352212
642467848
595783305
389130452
513160937
214269960
495682353
159291957
891628004
598519148
789241062
610217065
345529316
625061544
641489051
506629858
225780663
77780661
630028518
330660854
433925085
493977187
88486409
310627653
826186947
440830287
806954681
278506326
545417449
762656139
560799061
796034049
495761905
418328698
888527548
930602613
463741666
961380949
96562872
913066690
575569457
485922101
701999372
600132275
948977472
19847234
802326030
737925969
57630839
93557282
848117832
998755313
156323890
361960370
545638013
262745899
218988969
707952573
928549253
512748626
919082243
251893036
455176899
18109806
661041405
294180414
549776950
958990557
195686357
552590304
601863868
471118318
604997915
527940018
529447132
633472926
128483818
199942139
702297959
499159263
648567801
43608193
234308653
279856471
32526974
345989806
340674217
674469658
146526440
714696179
750777562
334519705
930931773
464885188
271253021
672187636
788585926
974625390
808053516
610098798
113833620
557675495
823202215
778452149
888384578
149254187
421067276
736254280
31537884
794563058
52608104
176274966
974474919
172692280
336862729
997711535
564071810
565128634
674262043
514166337
380892202
832765969
363451033
604282347
624873759
324384453
303158168
31459760
309580194
313520187
917629848
581963266
387185861
76203234
992983169
694925439
786116590
383111080
274280925
464067161
839842533
253357621
515188295
108360019
335139682
34444187
384080524
274386863
981276710
668897006
220298007
383940460
875102774
765346309
317325070
198976429
25287032
498975903
389192362
256769596
237971939
63786133
233481377
626289846
179257723
985081204
796165438
941157381
759622983
602263434
520582891
933102079
413972736
586407890
88796510
597099979
120363240
651182932
935284740
73320183
659875541
936418343
654116414
563336120
862971582
374748276
584782474
148828482
410965106
55049694
859906938
228767954
951279239
508737737
591476615
591394216
142518818
53858457
261295621
980840898
306405863
669030045
232924484
105298257
769965515
972252119
959249707
165262648
37251013
991457286
684629210
844501660
633099508
459454152
472118272
472439217
567808236
528619712
913891946
276753340
561435938
560819245
418508821
548701752
643964871
170623366
75958368
447152806
949402332
768299214
607922465
117141762
354423912
69886135
13906533
827465875
370724235
679327765
405937799
442388998
422656522
173038744
500251792
511546315
756690189
820515110
209217802
932014625
985239502
647719334
804367025
786501310
321126911
388857172
119620514
50864342
959953030
803034542
531668676
313497366
303934822
577190000
376977653
662859305
732662492
836113807
510058447
27494355
171134395
78911004
299928414
355689957
109487297
501670155
22808674
686761965
487650474
129932795
105969352
852476388
925479037
685205308
647635965
273823574
876157078
888185144
375714533
692237221
639084107
244701580
74429640
318603223
516204702
778235261
612121514
534001522
91085109
210463044
50730396
319641449
657010659
394082152
577848024
664770303
867738819
780551898
125547492
372859489
856536581
969887233
796465906
333364622
278010358
279073123
370603998
323977573
894621693
374602353
30059411
229577985
451425872
491784641
809309828
729967476
61019550
173352029
979249643
711596158
499615448
400093427
415956655
23384840
729327931
910185411
177624770
846390556
269026700
264883889
997045808
748943746
812457772
972014439
356146437
22634166
458407369
205783020
220839590
900965619
46862565
978200980
700952125
206906365
823722005
525955500
372926548
117396342
593517433
445343142
912930015
372169583
38167474
291628067
595744864
584420559
821430912
988169816
684151785
171659347
212347137
440337030
504626901
340529321
484364410
683757825
337839787
139134058
623078608
82301970
142249871
202615956
762991749
125789655
434045306
283973181
219944476
646517267
512053493
849800632
340645528
660536273
462533831
112252665
990605017
722867334
364544120
967277932
202948374
912015754
616596886
870975861
111485526
272055348
559446529
127902046
528543401
611596938
701486998
624122850
599694586
165682106
502085151
285727560
255284883
328433027
10405279
257048911
832769596
359191276
208297017
729708293
252504405
613083044
629231981
101417299
619723267
935274976
740170030
222778157
191923693
1300097
554674603
811387136
218612677
790144193
97228314
564600424
77000865
577523562
533677129
557182322
393071454
672039693
247125107
838910315
543871849
43070609
754945937
176264222
705908760
257696422
18332305
3597219
583181229
804872350
568581637
347942219
270551484
205825642
672407325
723926164
701330079
898195673
540431592
542570194
231236386
375400031
206125735
34481481
96532138
170422185
842519492
741512019
478699190
573330611
556387092
144899622
316965620
467324965
291401843
708804822
291285523
794580534
9146905
283523797
916049776
319559471
187145038
874102574
373346501
343579236
913909030
188820571
13740493
641803895
84748756
972728919
435782484
869624968
927826986
334574379
637528915
185453675
597298795
783942544
448428428
29370920
954120531
336683182
38969630
698090406
978062571
425183685
684668652
691477717
150838759
21726716
223055924
447149347
213418720
436412111
189532778
922295036
761259372
210981101
335251147
854534870
832733241
193931074
262852994
669622324
773024588
382820283
656583871
151590024
971983780
800149353
196391831
851707582
90306871
474509757
355607875
831470419
744456000
20446671
91187698
566722769
716912615
992875564
535272431
367350636
200178586
717582424
293455396
850550981
562751265
945077260
101052416
387007244
723854127
656716610
79302254
409996901
582566325
408578548
469497861
69542986
717422200
887447269
228378572
283439804
77909563
962959051
901159725
775080762
793088668
733154101
873121465
97415300
629464856
514215234
711156114
856592301
729496066
818895373
596803187
434538482
485532769
898869601
64893991
15151057
148607050
427761612
352552099
611227935
982364315
42967204
272365096
595523100
511750983
630526167
563844041
885528737
926078268
408550967
454043593
609173869
24519510
401654711
997793482
116960210
344035429
572369256
654236805
683556230
794085865
734975464
650176212
75915596
99686170
856431890
111577748
409619616
894020668
111056902
960743360
136962058
602485258
138133495
916857566
275566952
232283612
564101026
707558351
493897292
611315234
727258856
807647078
809433683
472664612
672466407
90823981
880867990
685201614
989740913
958598360
165645207
463196967
530958988
810137183
427435161
370371639
805549776
958922067
987012583
466914444
424719201
401677363
717056937
350994993
91865603
348482809
55855215
831366686
796713962
969082206
102362143
765774073
294286486
657207935
662472411
875057827
272759151
439884628
454287430
393184026
349150934
491475911
969996155
549256224
606632791
427045661
271906878
761801483
363375932
634041136
569353320
40246430
183333287
431139214
914171927
378538113
528905132
463525753
862018049
742883852
547039924
911608952
724110936
976399179
584354180
992562603
410275809
334788228
808849141
85237857
830368418
712089571
558314951
896293897
92822002
800767030
840588451
381353461
637787876
905955579
707897904
843280386
660455876
464009957
661221843
662615551
594151706
6687603
607720773
136578942
73125401
680476220
50127393
606459344
182139888
334564709
453088153
785623162
764230126
706842694
404995714
11475320
698182806
499659174
517365934
24649161
613073799
790666801
571340011
148405869
600684509
382364767
78194890
116740303
230751046
879109779
720116642
46862048
229988886
726087721
448296156
119852564
658435758
293850508
334722144
654783998
658895287
566253536
90136697
471326919
290528847
188159346
641404338
126218360
303521830
381241134
614727408
4918736
869120197
966777532
998248434
70576007
766839202
910782974
622679740
537328709
188017657
305657515
707533490
654541266
958386215
264240415
279793928
942955967
260890165
257447218
848621281
607583829
601946783
756742311
410433479
607436198
635614239
421684379
744192221
573756358
744205090
532561181
983500687
685153673
529279565
858799594
520398135
565802870
299223908
262542378
572906360
747869302
738507046
972749048
439849595
475315740
427156332
941868730
225921542
244298411
194498739
66210794
919727833
607628688
465475069
141377656
164797631
133800331
186957222
704879131
557312236
458177536
226230803
110182750
633168194
451267785
652543254
138061423
375874238
203664330
359459158
710220622
53912345
847543944
217203353
127041988
538946761
605572388
642167437
300900453
422014412
44085966
681418258
99696194
293726394
73576066
818007445
914418894
227964706
525350399
996276613
267798209
951393204
319227528
972846241
393203281
155703749
575236290
837284213
774749587
112788628
461650108
100150066
526398403
955860884
558948384
198757844
591151505
391651476
402109774
319553247
889295832
597520919
225056095
517204841
382371917
393130381
358523006
490489237
417293964
451857977
448427400
534058598
565742205
968935015
968997085
674575886
239795215
156913220
295375270
5608621
66598986
101397966
350130686
811846109
210770329
660909456
995189619
879918161
443456560
807501041
356219492
223382020
611783542
391098610
967392852
915285114
51018840
58658851
119457728
52490735
993548832
296790379
345705426
184623968
594411278
35975963
614563662
430122020
641595491
870503882
654999932
39508745
503245277
109078406
672519857
729004634
264912301
160597001
86920994
626366650
627135831
916661947
316421716
236694228
773056359
671805506
812197301
220851250
194829727
509030816
977778706
900378476
947389360
74951783
533347380
324706112
310670854
622537908
902621987
686601479
241155333
141525159
932662100
771771695
103454292
737062303
605393222
623151415
414546373
785255384
769020363
252704004
176813555
198948520
479171868
799756398
532191475
86574198
137679638
791780608
280447732
68596272
796653182
649512797
209342008
962410392
776577474
132768775
568704680
763988440
452477941
602120807
621355200
634884639
416371480
886550584
168883943
611622780
283123432
844000792
309035649
579033584
966392762
263687606
203344327
697744477
719706383
277697749
321279578
549117835
47722775
357145375
848557104
794379822
736272298
342806384
798232557
224404847
226135392
33160769
860790152
643174236
404897826
505997316
438013508
437647605
273810541
485591915
288598582
706866987
704737602
319724075
203909969
229253965
763963643
394093391
314840510
684973446
577533000
512676331
428936675
286406619
649819881
351978335
186009357
412688106
664768567
137110148
540838934
459691878
475618135
514940666
206848397
265826825
337428846
516413384
755483036
814647856
24173219
307270564
611871321
636711354
621447785
456042687
962420948
709684759
209919235
675993879
79196144
460174539
305285780
436509311
296084441
901239180
388691460
613395913
306473470
551044449
310873328
766966726
562656596
44979909
869884982
32556595
488046251
939978486
307629061
222769628
850843080
649501097
143659762
665814719
849230501
726924411
585065732
644561641
752440365
710011027
859954373
517364263
818640077
302953767
500111107
114812512
171508889
919552461
519781066
860768053
459193233
719860899
810638678
588477684
503173140
884974834
252588032
720567148
717827576
6747345
917675884
24691125
298664874
380140644
120159861
437127598
222332221
329483598
688944756
323895094
786104049
984448700
642185486
363642680
914731808
989336990
341877267
248815557
530152027
97002438
144692267
439417089
395847318
748425467
573016184
331931789
103686136
751650534
733113528
541050570
342700691
199385846
24379592
430757540
116115608
361056133
377380215
911599580
611969252
519038509
531894771
944189665
551334949
771550054
126041818
93871866
604724549
796276853
615427911
69747873
432872405
478939322
675593856
717982588
886651446
2662384
366180728
596860597
57677206
863791901
536803378
537982461
197287980
811259829
952180162
759499138
565546095
608783405
103634078
902697572
243552752
877547915
682886589
772011982
850851534
18852381
150273833
851627045
125424576
709449775
898076833
911143185
928457364
172284647
531101885
973222568
686288159
956543675
585552916
758492987
935256893
259828168
285423695
95152265
66890797
810120669
898355592
91822240
174809831
396378482
885023639
513058974
23874999
301114966
250567279
111119785
784472845
914642354
616943172
200239846
762948988
277289146
120304659
572906971
764187241
779104029
408320897
911844304
463675862
179628444
976294792
24908915
24516835
255725845
858907503
629850667
155272984
668295516
137678912
926719849
268152405
436981264
781830379
886778905
848963036
869650945
209259104
139729863
674476076
845448596
550299723
39218345
95071458
438695530
518648347
839388305
39657504
395676894
652011850
554310241
205336962
410411562
881983536
510516001
13417030
879336153
830050964
598270483
952183299
47569321
910799680
805859409
24935050
795205149
646105004
921545619
285037833
383788841
219398373
90102165
757292274
443939822
342268980
683271585
302789992
414136217
931170718
891792724
722227198
403306700
984703009
353421603
564590766
973412852
178396382
889335518
611968011
464685486
216886667
203381362
164270971
554023566
385280654
79876263
270152837
215520972
595741882
635758236
580279241
993762405
665533295
285495863
339533837
764025537
954632092
373950848
770712190
869393103
182042999
698459079
929612541
381088296
448103120
560590684
275614479
183882395
187702394
884326639
845089227
229854204
15452859
468746988
812668222
301470269
549099383
237270056
959369113
803702019
789842482
540786576
315965129
177587379
537686924
735263157
507680657
273058341
180465367
768923018
657050212
106260075
269155350
482563098
623084277
738725195
689841652
73005123
703182800
343915838
147021615
215712326
765806686
813929270
123253936
228319727
965175856
610834621
770283471
156086611
364401789
691146825
311361074
855279288
827173107
640048584
121118641
12787067
506885565
755504065
641199687
674866601
837522086
845145960
383224338
503083575
435728727
639968330
24735612
905098946
89525084
9175895
896390446
1240614
639228166
767728694
561788135
163309874
739901874
511198439
700064949
876736013
87025532
293500231
837087285
202375500
429324352
723506549
208143710
805889834
310974972
366481981
835831328
855285327
509872515
314230039
273237915
659137067
162382672
180805766
764434181
662633281
52680387
431251561
551794629
518729361
584420856
646465961
745440704
821327062
613994662
70392021
181565333
140675490
98573220
230378624
610621758
546289160
430383038
412128558
114012795
228199384
224469737
628184027
47468462
641061757
464293973
171991050
678009353
444932008
735990997
594128730
966467866
84188089
994761668
794309957
626134635
534111177
703276568
151968364
680537289
676035588
55951509
814826404
186128095
117107036
42724653
537003055
581632614
234689264
891118465
11287761
496864028
641574378
452655739
750092440
45705738
362389414
881298410
887814717
552374010
343796401
823221029
449773462
69703771
865703482
147196297
83688001
849483391
387683568
332202441
857234598
255052928
40404084
294206323
706644809
945422342
100565300
859150622
706833920
801218715
479447467
48751613
294773773
68999201
78677196
274408923
240456200
471563611
290625926
135762017
414304095
327760480
78157292
578371500
550101190
818536699
443966412
636916083
38172958
605275629
593715223
557693255
531193912
846345690
17252416
298111280
371467318
929785448
185968173
466737682
699666321
409488560
344049214
134862484
481561170
729587923
457502412
435603357
949463559
715616892
172129186
171761883
735067610
117349906
263770562
923207684
611648405
625407955
806330951
671664511
191968205
361228778
58871378
474802689
475261438
628936945
511616918
968915116
946732551
469441238
12055274
336450847
875263656
486431943
751221147
148731569
650560988
214545574
427426719
196953926
252154750
366852664
921383873
938852180
85779096
327551162
103001980
249894653
989487386
309824676
353981145
915498025
449853385
190683875
981166597
791210577
513319209
426829892
800729623
123721291
114847833
851029131
409936294
920978083
229744437
75384194
942510640
734492184
275549372
854248866
264664987
822180495
633548961
335882319
232626367
358181608
357401270
503070892
778871993
365270788
523529100
355303565
823241834
554406357
834783619
418917963
837951912
28192581
991562760
87760348
443039670
727339484
355792859
729424842
890788023
648070846
399746029
32908465
991427240
531502843
340130975
248972701
420941042
509725259
178919359
305610641
504427462
185766005
137825847
839103833
920401352
228550803
15686122
55859792
994372067
383181852
614755883
662402963
788342196
507171036
233033474
806670612
38974248
569605078
58214677
627403142
959142836
215220803
771664590
526676035
454093594
748928866
708075360
399374922
651369189
870606948
2164720
320693065
61336351
826392234
798777728
787309657
63351939
33397813
307178545
791794712
689127480
717067217
663489485
153054029
95860889
136278798
724715709
260072737
923682427
267048084
422699886
492130530
937479378
338624554
70543771
676250346
842300406
766425624
173128729
495119728
920509508
472564787
309519133
636302302
610805039
200193152
511284528
541459713
868756723
559824622
648161678
559754784
799904091
433890
827911165
111081849
215191335
875398928
863746245
345487883
730292055
402036778
262043224
51072354
637600598
10859255
444707663
445304850
473409658
820826853
166078934
132379316
688219202
243543120
719734718
670246595
420389120
588419004
683792359
45644758
132337164
109498282
164565908
144286483
220187079
406110
423284641
976833447
974647073
21401179
165795123
271069059
421818379
195287652
489576910
991669751
804972095
222707525
786325188
68437591
647386603
501756307
350003150
824555400
357685240
248118872
561709321
225381643
272287391
850572474
963890966
619848051
278968751
894866557
886845935
590537871
960933761
355267516
245772147
164858591
250057505
343102938
913180122
21975432
543657260
415122558
984788330
361250671
893319552
5794472
603475054
717900316
571996687
971983801
294587692
825567966
940679664
551849576
116300886
552636443
806607847
657392965
798333775
739689672
590018505
101503413
591347133
85602827
443211298
499129353
295236364
713634663
746664654
292096142
831452535
603710004
122531590
386385716
159087412
242221116
928166533
101653616
223174414
412315946
574318460
771984894
652663192
142592809
240279899
678666210
73595403
964951616
452118285
786251674
169201441
392626326
319096603
886011723
545471001
92636566
794278846
541095535
11064038
189854166
370582386
591702110
898906678
333608206
407080109
307314776
594166699
318600192
730312702
774654654
968660851
115189263
568943965
418438870
598529258
556229589
101125874
401685724
493847886
184078627
418397723
865908906
215422300
271843324
722896769
292972592
480296093
439676942
809254076
787453415
145938920
162963301
113623716
972374514
345284350
521544536
770096489
550119238
892435645
808605139
930574984
691947399
339631178
477881349
852928550
742270979
939543184
601731860
608110403
749937718
979765006
479127744
559748679
574937551
265445445
856980591
959435793
647560367
111649129
738220910
542461624
284823825
536652593
408931173
84799904
865025192
815475144
899359509
927401533
800390490
705180751
414343066
760875349
470759121
874270304
846897094
457778486
943852881
410172382
908297278
202812111
131806344
665298475
602923813
964147989
620785715
462332034
684635561
679537929
445570218
48948999
807299457
465172401
492382437
852586758
967434505
423816761
978821446
760790043
854955741
459395473
397593918
238733466
186078954
513932914
291274241
604921731
367469393
150798775
68420535
151759600
13487464
82314864
741486371
787181754
969479579
93508852
595378197
560368811
461223289
9599041
569779936
638365151
274040243
206924301
376089672
478415565
227696990
417839525
693632904
752550812
615625432
591681418
798406101
551529734
599194985
554574443
318814532
960971715
82275371
1711423
14070278
560135901
259170775
808647769
805231166
362301493
517908047
413638210
505462878
367795626
735561250
774390203
269416915
905738712
201831823
572780398
972148384
807520987
507452226
42545829
571148597
192891179
452531949
146569121
987573981
551078759
896374813
180051166
548868006
362746933
737954553
287136324
739724250
417055727
333601583
256159256
462671782
372347181
156959329
957660154
432489711
116920462
773564036
66764853
617016839
129098050
453648785
870829197
335489071
69914143
985344684
794476363
710617873
643319648
966607938
357338135
294700186
792879966
955892213
367418864
737457145
570868102
239528377
801348037
646148879
603387315
861099875
96356784
469768036
283579163
278107954
121032085
975220381
92992420
928015544
970685572
576246029
800695838
443758095
653429636
198219946
966366833
36830171
165720886
265615035
993300819
182565833
801309726
360143036
880126702
821401640
90482866
900511517
331649583
769819437
824347039
994892578
129925361
264660025
92740410
280557300
168501414
50150613
792758620
422381278
779688615
633697460
394859032
509751493
309218859
144650854
998744861
751760251
526090235
283083543
156637152
120307987
418376390
173257785
638289701
12088173
504760488
160192617
227048853
582726379
346136776
44917816
326051754
907087657
891523116
521223204
915028637
19826736
501914842
562898603
882209502
330649896
207906033
456759191
890194559
610560249
696742232
520682292
199959433
731921283
346033446
6592981
345309642
801926363
687934128
208787808
599885159
166161092
296250701
164943100
169522131
816484602
743395460
982775802
607537544
782625636
367274582
968740169
599348854
995043677
194189846
500977070
2267289
534600922
771093065
512383393
125598477
876336427
52177841
474078058
542797318
432325775
850035401
512439612
425259656
304224713
427998007
217982819
202032528
101154108
340801256
327299436
200430153
752162107
372904430
69707012
56916335
232070050
277333137
190650853
744078981
917024297
14029322
262573501
164205579
851313035
89987860
62253855
912941738
728454901
670456195
170739754
363978964
535302691
956061556
550014640
883367516
113526674
557914302
659947492
769365836
882132671
318378202
339325555
664793064
87653019
38453604
210666422
701287030
540699195
663465679
701694046
419860155
942094378
863455913
353924010
661725072
798495876
577303113
997917800
577012482
79886344
820120410
341768902
343161597
444490856
944997205
148211355
211819781
687773190
207796093
980756783
35944877
80802295
766434351
553909046
784354705
336619623
585801836
46961218
982897372
258369380
422735263
960068894
811958885
742166659
470121334
556942375
929949644
944311512
685103091
410150015
365793527
429110930
690470711
362221968
414632988
953284091
303412357
395244887
852697374
895306756
870903249
803788867
920526448
963039671
876613836
463066441
694996777
398741767
246848104
309370789
277721246
847373964
154325309
461716049
573973842
268140268
410370034
311230881
735043183
638168947
258853962
223841103
841978780
915752941
693624521
318456606
947724489
647788984
778907465
472210603
963507878
876135984
421306314
394107097
458768639
330828659
372039764
972752625
741024028
239443962
917112344
691556833
600915997
805918205
161054414
568766207
670970759
457325005
956250896
627309177
765152925
347149499
425094978
948062380
257927229
208957296
835321288
432508578
203083426
343553320
687015777
966303999
558779135
685790739
511948775
158235633
533919240
524869891
126919919
329911755
512029303
234921458
508475590
33832818
226379324
607302507
14666161
765373926
419148381
937780789
796715471
446264592
773376252
772344173
620060770
895027133
278159374
65327457
570128648
926842131
920209204
701952223
61216248
147430570
209562368
302157041
579786476
886410997
408519706
596605567
574772686
262520543
447281105
941608899
345028582
55352914
604194741
675987921
941993248
633932283
771293637
822573944
273173565
464366969
670226347
625448756
221677037
903711267
657143178
366818577
133341333
269061065
793144663
742033284
360702391
906906032
498570953
737403834
783876906
898568965
329326426
202803409
634985925
113201723
512259090
890168054
356645216
251729893
931139143
205441259
472184033
449093682
978639893
659077176
86916272
756033326
9904797
470030678
717052137
91347471
956447793
951790711
157690634
282550204
923403781
491742179
780470970
989299513
527444716
454595352
663693673
397298029
365480045
53698618
789911710
339388978
307496601
136677526
286798932
404813804
208224767
308035633
153985061
171899769
803986843
399863259
210756400
452735059
704766940
917283804
983945186
262290657
97904460
595630940
953660721
129845014
719250107
42585370
346170679
401741696
400345886
257615148
41480733
200919566
993026102
907140234
566184892
473217643
863831468
427912047
116518185
716957733
611642795
694168556
455892961
582237907
631509899
826375956
250287964
973925574
22533649
561695042
336848403
994792144
225907576
286783616
451491055
738830665
681247876
743736050
668660603
428778473
635825669
927412359
266221529
121423025
730002066
125242242
747491665
880287003
613898503
801413672
189635233
867571350
304347834
246085076
179430131
879358440
714238671
233643923
615404649
140052272
150094513
291163263
95895561
924753238
291788782
454850714
201997119
167218551
377627212
258430542
800403615
84525587
486359670
434043080
226010804
440463744
903376946
807215719
865693316
182329041
533964238
228999162
545540939
260953674
863149412
279814489
27621391
303373618
147565547
673410033
250075380
636035809
246345474
3893339
173763966
804764308
241561455
708255191
945250216
487941103
932161137
782266262
361914212
138673529
677498731
829737994
890624368
472945574
584522757
593434521
385481635
608476930
587272836
666004441
769018888
828404841
66783918
133438071
278116294
119463951
673324990
177517771
357394084
768786892
926570931
305136290
759397171
67744838
91972312
12646365
484081828
827195978
846974983
726452743
55662970
819750292
137571211
762089350
854751610
417089925
446320328
16948737
377266141
553748243
656824397
150151622
181212878
23116482
363578593
831668795
52257496
658510444
113113316
708522998
406100656
298646368
864662344
949649609
829540323
834767697
347791162
975206336
230882748
455885500
78901971
511543191
653025144
259808441
150507792
798595056
336689574
212462160
180465292
867670965
75697454
259479066
623477136
307022695
359290954
448441069
376140274
329592394
612340644
594055435
643126349
843049939
24675444
671924481
112702864
790721118
399885440
476121899
518347250
587977177
483205027
129371848
534721456
604102487
334141606
212214520
766586186
41060850
267707993
42308011
598460253
355761751
123888684
359113311
839694021
404915517
842098525
804721741
237297925
24682875
960233790
264016313
357028493
299278230
545664868
508868077
371196595
403644866
967169116
886669009
81156259
350367893
58025801
122019406
676010526
684759978
713674072
460760607
128377874
237777438
816335312
165741567
756465665
807802674
596457576
914934502
961494554
692852417
758955693
237826053
824172671
128821645
536627660
403976618
595784712
825233188
732788539
853716835
181114910
450056036
715130561
646373862
431829794
885255753
106190587
943117286
236127832
99771876
273805824
54056514
33791388
642976309
861683566
44167535
381760986
732190411
787427975
528587491
805595015
4598194
181021690
902499618
596903419
184526961
214810015
618488875
578130706
303514686
171351940
551250992
916955007
105687658
492356283
972236329
367741575
955207691
659749006
391338853
902013546
271263383
154059242
461326735
731209249
886271871
280419087
594530827
602234974
617204866
360117539
385181280
137490293
609887508
598660844
724193577
421688630
436561173
54262558
269101651
416136026
748522282
837127834
808371859
540700325
139396264
772317590
338631761
446658758
817034691
677943513
465854420
188115097
462103860
121941953
841370006
953371064
382665099
757676445
215208323
61407629
792933399
700928069
125808750
434331071
964437237
527639239
498677513
119969328
859250195
352797859
157355580
584317699
311236372
937424370
320712848
904110649
657422480
652647176
142825571
871512982
60081387
967150722
595689099
289769169
585703090
516049378
789286201
430624958
611538597
304521521
516683353
796257023
207653354
694994055
153622084
253533805
416657027
116751603
598234191
648274332
953756078
978607408
89544131
385538650
971855078
280623764
897325152
490078084
48756978
227069211
412519792
543376061
907075468
695711740
423489550
579928555
443587317
260735929
911101687
959066125
155699835
251814891
139565001
451384103
968274828
137148211
663952686
304318548
591048934
78358004
305881339
952956751
123975019
109246926
976066698
375137820
772379895
182478947
757412703
660888161
517777637
287847614
932895518
380273515
494456427
229183672
695859665
841273505
596939041
149563680
939701906
657644307
181687133
430305886
155811138
296459910
863802382
769104106
972875421
876713051
659956631
689985460
60796479
481486005
794552053
844613427
135665000
257930693
929197897
122815763
569615183
245199738
970130402
690358163
171888576
751697081
741644647
661920708
459044881
591655049
377034925
616290268
709592476
959592229
955374043
947579435
355625213
765499245
328305419
167988070
714319357
906426572
994672208
876742353
149982686
47879603
948579670
684535369
166747174
714545962
338377808
540824669
990286687
691078236
89790734
944545019
194796714
588061000
988614790
632645932
168325918
729433030
16351958
911667241
845166
767669385
38581971
800995600
863135197
657282093
353061973
844651212
291383469
774713298
734474618
716338967
56181073
39157194
678650600
439226376
901714790
712475261
410887076
775015149
346658193
785268994
807692752
223232199
448367326
608380807
248792163
731782021
665160452
706539170
377165391
391026165
704572064
456753371
169104200
560039464
608293628
365982848
654814919
970049194
719553360
830562116
942216045
553387084
736032817
811857984
84444647
808928426
612633359
428112958
355138891
103508270
214526042
303788157
514296162
396460733
41830129
556652406
531699921
728463487
19925535
430219485
486695932
68498810
434339698
756513088
543482022
24426216
943828478
469120265
389296636
773860919
102398940
368567610
643125473
516175739
96724798
529942823
628677460
144215602
361538508
79128085
560380565
902428920
365820226
638685604
502074670
259055855
98076735
994504438
161103173
554193759
31123314
379228740
802109600
369713783
290817333
520556308
388104683
617450015
846947369
851951282
517298035
633504880
288690801
222972450
414333936
24769137
813353221
915760874
480735209
120968351
582894998
635435532
629502298
904643451
221350424
803886422
674928045
374821549
195899338
392760779
15859978
864338371
168658706
19940874
867763082
522269570
190618522
791305864
637521394
149883752
627089688
232981577
840419213
437895937
171728313
675233197
922741562
82276842
472871900
913934070
717071645
772563697
44664337
376095577
1287163
922014573
701836051
853692016
873945177
944457434
590632402
72035191
583024616
677511848
538712554
16498841
744243259
949346060
9147292
802640027
672837850
679895714
321357973
125439580
369836650
159705700
295688117
458558290
126737085
287596241
566370925
670986183
295571495
303947752
337218664
588595541
14178694
218337553
640254138
735190342
168640
202552156
635460369
887603180
125572259
378653
986122972
181834115
830281365
521735232
193822248
421941880
428958276
177504493
997352854
809520325
107348606
52168709
870109857
631151790
117106257
619760050
56102048
104807160
331318026
859511777
691871633
142328818
576080098
879889310
931509534
19453311
9076625
346361496
637304285
762022170
757250534
686342761
531364559
842470722
257252740
172634129
897640857
510399269
117205562
116740694
485491742
793202314
176091062
620488677
220052636
358994149
515014961
728461047
902169540
208663841
392450615
149780214
468703524
166342457
547971189
867459592
563315587
949283029
73639702
37966675
302356820
533485564
950570839
74580030
279229387
309097137
350124815
794254437
653863802
772795317
871524293
104190184
34258680
96608141
782001150
714717066
927364710
150524470
423907100
830759664
143782110
929333692
523417627
44782719
637307795
993604990
85391123
852381374
613500539
215452418
275797787
525070188
39928113
46251918
830190894
826724375
110469374
10956268
599807382
19795472
435210547
168253144
869268419
696365812
395995642
128160505
921684707
107051562
970476018
550917009
934896551
596645445
706942427
629318862
208400780
484704413
655724543
802990440
6470143
695798984
128035086
55328358
803370270
497030890
646739866
496790488
294245110
82075962
513131099
81622505
269161131
931167359
958466740
428287926
751185562
661968533
875762710
708176494
569967053
571254109
88146107
93640379
805705430
189730835
786642515
37760994
232273642
137057247
789454635
765199334
100011332
467646461
9659805
490548160
448880784
229858444
711515368
670458944
224983748
623835382
253411665
446601539
812733395
883456582
287114441
70665097
745997288
144859857
490423296
76905473
795893933
938724382
28479427
797003591
803571301
321245029
876741078
861096681
25554556
627876297
828811271
168396125
937005013
963176506
904868244
443059697
801223091
942044132
540289428
820434211
998379618
574289879
12402955
374991254
491364275
922721452
823172886
216391828
135518044
190231453
630336616
965536776
497398339
693217729
591149454
981866358
790550711
730839337
905797919
882640658
613647638
263329045
685238053
406830314
535766578
162084392
339262704
355429603
270557896
919006180
562675490
409746243
227647162
543683095
982677702
624628131
540871119
781060247
651866690
400363269
337067117
804578052
706035589
605369049
115391910
212134956
77970183
488984376
36023692
119589699
480583623
7717242
115133901
105671834
549971585
78780380
71895146
303904669
802740259
257444485
196552143
69780861
20625035
746590080
382976147
834357496
900594005
729222852
943979796
175494925
801231164
901485393
407236736
157197722
651457596
947867239
864873984
598002520
355488108
959333144
789970602
423734471
190566919
559006208
737404031
657536101
153870654
494059757
559002140
357079982
800847240
242435823
185243934
484051580
161152194
612499441
431674834
921197455
920947163
344992218
287358629
433649116
809939307
276551649
199403100
416341752
995639513
537495124
215663812
722113163
716274183
837382797
98887236
445118745
46475833
824583491
950842251
331143742
242501139
411212678
450673338
870242393
212603236
650475247
426508787
872998406
664530896
235771739
908265813
69958069
568464465
395551923
7828941
497408345
24798718
59218281
666799775
175036543
180203334
821797375
830341089
367556376
526183331
288078331
333161023
571975343
114090139
950773277
206991090
928911029
650468668
859976490
587700376
720452875
146960723
224272576
198648418
911373359
783132441
285134847
93724567
954817653
209024995
164164220
939863487
130503263
410708873
41354783
794304922
304309918
843592658
530916547
801595143
889111340
325407450
266828851
663963411
84038716
988084694
747448687
843018642
699626598
570085542
905440016
24483683
776760718
723786497
329937293
7984390
364810592
810904511
397522175
729208107
923322265
60714893
802555281
622029331
246984975
794254190
18488665
84382840
898289276
442236173
69009063
298615886
948103647
565687300
481663295
240086965
341387221
950076848
93844034
288317080
138533841
761131842
619081612
798952362
783846199
829894494
983529092
868867418
521869332
926868992
853885232
801872782
244437979
267237930
597055890
955516590
214623178
431014066
798053541
832223938
702858256
929534197
855550949
225994574
593968290
995714123
594661114
688878186
700502996
324531735
687278292
868789221
20388548
344599333
31219183
335352432
97313362
705588232
18729148
784141320
141216698
681995935
827252132
591074651
199454173
199892871
119598725
455078782
683805057
914066214
461939929
545051259
511731300
307020310
178762490
27561248
505832982
848167413
492768745
430843635
675043579
892996793
801973299
778724655
559205167
136141476
5278265
654334826
165036322
852313468
321637644
832261030
195602567
65727454
652175852
345452066
993104582
554685750
760934892
94682393
51901950
503446065
76111987
591854335
291659482
324160526
258732945
986894384
488102785
457264574
555244068
269286413
479695367
930445065
439602594
139535365
665998613
619074298
308529474
931150671
602366681
835800898
478279812
598054334
536455218
995590767
445554486
87241737
628320926
530087380
730715639
442175888
46439362
839698822
239094693
328546095
545173128
425818756
688224694
518926588
117589870
511506571
979032823
274532028
626724122
463784695
202789185
994476140
625223267
191112807
815504059
770115161
540469910
359035940
969178694
292824665
360641230
994477332
602793460
903284758
581573738
541075989
309455326
909204721
127521835
213192325
490851855
507392722
420702363
252226277
106264357
838042329
970653506
775823012
135639632
210961396
96669732
811356720
268705486
426465684
195194684
413053287
440507406
374348780
511478291
251412787
593252697
78262590
161225359
421114130
207954138
552809074
828732677
455545995
23997142
925895658
592415991
33432749
191727282
480293599
700226161
673399454
164431782
784282656
405587680
710063372
279682731
752256560
937498834
77193721
49308588
80214545
649551500
837119966
886764985
557385329
727642315
403951209
683899415
664739649
81477736
993383449
451664945
426119024
538423155
19895670
414968248
750996715
389294226
763348528
667868250
651736367
383598596
125460765
687995334
792846588
555337360
629186250
739148351
987733231
128220290
689588684
135186924
468008721
333792988
782687361
602289201
345197606
462892709
360594980
835434764
121745971
976218434
730679410
418692167
526408699
95710814
189115134
6637159
768067574
676230813
13399228
561237568
897012843
550057420
257592057
473914410
473273932
534125010
534613551
216969316
774558495
127577987
59567315
670735002
496949401
918193607
901057862
113204783
447775663
662207503
28852695
276477160
924706609
85253620
209668334
318403542
589004636
311537054
41948267
665487294
338332201
348188444
582993086
633946009
189249438
664401548
443206357
737980833
214234361
783556882
715064340
567669995
375393637
292301801
371783456
823659528
157467503
979281808
181118198
902515604
185998511
922245812
545451835
435840187
259498137
461903068
208071767
747555729
798465008
58765114
478782167
461099653
2310178
417215628
335518133
390412221
217239025
285357150
748122968
531668161
209124588
46467519
669033341
227488984
870954618
761926620
562731115
386282998
269036717
470858400
801293775
411956014
565921739
977245552
623210536
959200558
658376176
178908349
788996367
788458607
592077294
600826000
216674469
129430063
313441292
129111491
152283966
963502954
892449525
655575884
274821656
368948963
174944982
786364758
317748292
527156408
334938332
453892263
54824090
659201466
72168978
932156582
921646741
511163430
607651542
585169736
121991771
737818804
698473127
752676164
283078511
721233353
353492590
906380419
510926610
958788440
447394410
477920295
595096691
113872450
829501844
86338738
660875628
263168380
372520766
585524382
394055182
987842117
739521923
751254567
450256289
544151410
579672363
526340021
294702547
615074266
304370535
190812123
425631910
585875283
485098047
424540108
525407293
410023335
468839270
218082873
713833339
501585956
240794388
41615063
691546255
82114362
454688360
599448628
410429290
768808180
421892423
89867625
662909473
171327032
196505943
723584823
806093695
615946824
48796771
35427827
879094205
936049877
864847725
346060144
364403344
99285349
298411953
826178911
553006099
128457637
216211896
105305573
556160591
100747562
922822456
466248330
797354086
476759543
533436624
836232343
603610709
706071984
288335818
623469272
669806147
418783597
265251733
385104463
477137902
219363059
974611281
31762688
901082964
492215999
428687729
946602283
724960224
327776959
86874487
387347431
219225159
268252910
942770499
809729465
327230610
495811897
704479960
312437019
823471971
185986397
180849402
880145952
482104958
258434589
637502875
734345410
905762319
538048262
363642657
209641593
830319219
504253925
620606867
735590598
180410594
677765491
262130031
430571172
229698640
584337571
940323704
405432149
31772372
503944015
742705439
511356877
782132613
632894555
51216369
566035971
551119832
274327354
341136089
961613005
43606116
834355247
355342647
241762727
172287234
826740204
664560522
520227692
717117911
835224364
28879993
29399552
111401813
491150265
106902376
198899164
323296384
697004743
203441996
114572421
320410857
292365627
361254500
284889740
108782810
766913201
340434438
809908863
534721480
645607955
578885213
498356625
320871747
482183669
835531519
479363489
963922221
823358824
830999437
210623644
826975013
748227609
947368477
811354733
174531450
380309194
12766117
653478036
154962046
275790785
397671803
934297770
68543367
551178192
684182611
194373018
186658815
843741462
668842217
107850464
320153374
949241399
226201685
624079889
857322714
405443509
833344210
796051129
366109864
664159223
27713275
583445846
857050494
931750877
351089253
962206369
578201703
513168635
295894314
735871916
982116075
725855140
429189765
931964379
459912588
250435433
32628323
367712591
446017727
605987676
120308838
148461265
652541313
94446412
420868668
552657312
209907462
900710893
172593679
107287774
433940821
585009535
372368746
686871356
640204063
715883820
426792947
696129574
727117764
923843781
328095443
388141345
869558702
848930167
330332665
549969871
122346329
578333023
552160608
434243443
229404630
113450345
122950009
192171301
889326240
263072299
97184191
192045161
365399388
470795515
703393171
863287256
906059704
519239542
37874025
185000458
207676784
175877975
312559763
409136645
683605669
18840627
183991219
751535117
627562380
48278303
106110887
633249793
263089532
638985090
34741871
450712286
111947778
998918321
943186193
445121243
279786288
294711498
337101075
867898062
68912086
901913594
179770221
506534592
612619149
599237238
696740280
345577573
236980108
76219012
995321518
955909061
490254461
203460549
298450712
551773277
173009066
831430794
654239515
712151003
929617997
29621860
565652920
868483701
350446575
699570076
856268728
356012766
7623839
435533141
155916923
498562504
314487878
752463329
619553282
100056909
322901236
645604392
670895406
639696401
180346242
448474750
870809092
560024470
955647085
110414945
996673442
355919984
906922547
847798226
23571659
231154191
860001106
357521744
703826866
559313995
367341801
610858028
255589201
649495105
972780266
981780320
401657081
945634491
82235924
170839753
737783741
15945629
971283940
426907915
880863319
351286994
152548206
95049003
965036417
490303914
461653579
688481178
274057035
373558268
834231469
106412425
653681079
429155362
528350925
551333848
87006341
965650283
312382714
508821750
650142848
361135036
404095529
344209607
667842881
308455981
290255990
117588726
385422725
781749583
879848204
953619247
831972432
506275635
475872696
663516333
744116619
15517030
820092419
927584093
616312621
938685186
110944027
971631433
198980987
638795114
556902727
689832222
450169220
656105394
504128667
993155208
562291099
697771118
861796864
73426422
2831309
508925055
47502986
610347881
170982490
540429854
991846669
630791556
43893267
813139132
247303303
989426881
907828292
331265571
557885870
150644111
483941362
206296747
506458726
721079008
166070512
672717987
813494366
441995464
28884041
318154436
932763175
48641008
513923220
421834626
679579076
82785983
200996184
282047259
349241995
561405220
416078606
882295549
795153736
222409883
346447813
881931715
299111701
648374457
694164244
714288226
841736246
384979964
955183120
190377312
64226776
597743561
673390170
635247546
33337180
93616165
386768909
428190694
784512869
201179401
531849739
800451567
450275180
914365452
821815644
635119550
156144585
3615637
701660050
628863295
658269253
953000027
703801395
733073957
777421980
806706338
239314574
691814550
987434972
283843329
579662754
577228036
806419058
475445048
180860803
841749620
975878303
752351078
639117097
274970167
113472051
590114084
435155688
355441568
495093524
579959688
605379401
615206214
228162134
71284747
556006067
278054626
245387916
523016451
787169809
712128148
196713794
554269690
40681442
357909469
494776076
721276004
727965689
298279385
413922987
429789989
811012058
294804877
354201797
462280095
202323189
57932464
273313167
517098667
749301987
126669708
51529625
114936441
700349068
409095403
132714161
286037798
891992910
118128594
520160508
147882778
173304825
668365190
841448274
81295779
736489879
551911586
873143112
284781933
649953244
315508818
597403961
318475431
44577246
985765255
995420540
177853254
847699130
985698802
311634584
600261722
515722880
746016686
90216772
844407520
271172121
882682831
183528259
416484975
4636382
356131524
557362917
398612929
634422240
345968763
103370721
193115327
558375044
115597880
748709622
828009690
423750983
565177907
6517249
668885769
719704590
797863338
18915771
963738551
603491985
956698017
842854902
334038481
962110547
626284368
670315864
424380570
250627122
257275716
22508846
962030783
130437589
826581637
103947696
387997870
750291227
633378150
507284629
381462490
157629919
130141902
70849652
915062780
945438332
86043882
299325353
308407634
572330989
746235488
70244201
961347941
201910754
711752371
369990734
815605077
539007686
257009582
488868209
126465238
828040309
646394541
948642503
892177381
448728724
635072770
446077886
91266858
244500483
674699834
281463444
725489837
890932376
917896355
784946448
926342612
45651050
544944582
496928973
861039179
466796276
216064044
550903416
221038266
547907599
161101039
179627966
539902316
449500362
955756428
647934067
66353459
978526259
279216973
903562804
285397150
623131950
601461300
75144926
888287971
558094041
511428885
19737588
447105823
256282809
429349943
100434365
292879288
630707767
600400527
504872804
928362186
569155536
742451882
623480277
10253409
139107823
22727147
995619075
171606330
535921955
924814435
362858831
913699440
500751815
199932054
535380904
23113904
12486808
154230551
53189976
163775363
143774124
73315533
967534926
778332153
698186599
510676143
112561341
146125532
338725237
944786327
616435598
305516425
903349209
51825411
187219445
621412492
152782766
593990587
177128883
306331291
404330539
284465208
118079731
159334533
92767673
943579117
534181795
73510871
453501583
555013245
834760163
505758484
700782018
65744050
135728577
105271552
434346832
271040546
407252629
911129391
543098651
13052169
663787659
697430180
988563492
615188185
444921810
481099356
534552643
567845784
659543448
812502679
995492624
489542954
299379209
6711427
181748642
218477761
342928034
674214120
12073411
279357008
757592803
526487971
791330723
898614622
283649626
236936281
636301006
312138222
300406835
884730930
442888515
767775523
472307707
480847035
697593391
756748807
123513447
461958711
64602737
667322523
675162782
470297355
720206126
432325886
46836476
204595696
992148388
947538740
158586520
950524011
682164357
909703587
234246078
33971145
144381874
521275848
330357183
986624023
580288991
670401789
912183256
618173604
224545963
72866565
842871013
491091639
116068304
9234102
58772318
388069766
91947168
607244645
379413979
85042540
215591808
435628226
438233246
867811592
498645805
813018525
336315044
83936186
783523935
436004124
208894619
166258979
65104980
82444002
844042754
374503750
798451801
594058880
635818487
355055051
241521839
357616020
389483137
220655823
472464504
410041170
959051305
499427727
109635174
31518219
195263000
236071347
258199640
678314433
718373799
850341282
826101076
662401264
319904066
666240508
784805553
935746758
383490916
398383618
40024213
188905166
706383813
888935290
474851864
294509987
594073166
126963650
761877016
349973177
19478322
718699381
776485990
169565305
490444545
713637909
577154441
742208789
430750322
616598641
750525076
848419655
220308035
354758261
118352264
252350636
856767877
8262784
211827222
224026730
431017297
893764479
700348053
404437285
355340303
217269281
755320709
688109442
276212537
165276907
924655609
433715395
862850098
565383594
566468345
774441371
970867824
548453265
162091457
722748117
923051600
847860105
737838328
688672562
711496892
7815707
578774473
908033120
54914295
248431220
176363140
459669400
935447849
669587869
538576830
923947001
52106417
256599071
692191038
560139505
299630738
832599062
2243007
976070374
893623389
545701886
393900533
672212133
702639337
108154180
597427650
322309082
367253098
554177542
309842216
650688542
476211791
937173948
995959675
782892299
604810884
286030565
620349384
73985138
25817539
665694356
45079597
934910644
341857993
684128434
551199746
68650877
814007271
815016997
402053480
563264099
856071316
608691274
854255496
707262629
999508569
753179298
559569203
649294640
623969815
231021992
593094368
77213780
596917027
496817224
271521626
929457708
144647113
690495659
76450558
70220819
910837354
389623117
990339901
46583960
663688268
49928500
761391557
630975163
30485713
292231058
568082705
167702612
112919825
647205693
469610143
254804215
712607509
120437601
912301197
79691967
570221777
127321197
795299494
154685609
98006426
231205918
450835930
800457402
22305298
182927006
884058150
798396233
880681838
156889945
408882166
888399569
587198366
395054765
834489433
47524729
863452062
707093273
159106681
316385474
232151842
348917720
676856714
839927060
829337392
834748875
754871260
625599323
112661387
516765644
495209573
777297154
52421824
713144058
778503030
943823729
292785367
383859286
966515273
432128092
965963760
685602531
169825759
448572114
894819142
914785040
993644262
421439611
791791763
44183492
244378581
151723546
773128134
826241128
60719405
697095434
674810153
596328863
611477435
179131630
655612194
752246109
596155792
99841084
293326082
304746585
458691570
906938085
340290153
979451594
613962872
700429977
480136090
957857197
645234476
527955685
266661178
606693175
554697248
676342567
153630109
206632524
868652257
440407923
105925473
752712979
434891215
686145660
65442412
642008388
707024520
8198643
311179300
757565258
734899703
622771011
442130513
922430305
209038103
506413024
483744815
160393057
222093033
128130893
354846040
644687071
74774896
423755170
288116285
3222425
428895798
823701027
217243404
451110671
685267560
182520425
848107342
259133208
851779905
384294503
339174941
910757614
140422110
663004450
312403866
783761359
236171583
98209012
692286384
292934421
172258966
913884778
171652902
999000796
808254955
871365713
376705375
743698364
604780694
813770763
84720945
5779346
184472591
960264737
656320621
638656187
945568739
311336703
975845942
96455438
890462518
639019403
287379969
207962557
217292624
376250130
499317776
135530351
849466328
351238336
115191780
248530097
79977225
918200755
282824625
681484904
709614190
697363351
174910729
46981444
529849701
134495401
746740193
144687606
467673961
656441266
535244598
364374220
493532809
377433996
32721465
564596895
226106929
924107577
254478461
284298764
183965281
844958698
849791986
816148754
230837058
825652857
687533728
559270845
615767273
969089512
52557806
657822836
620684778
857502352
689954508
108815518
54552497
376788382
268404311
831027726
168418703
214971680
887894629
30545206
120744292
431099878
458450370
424485820
729796307
343521196
521005221
380005128
512658256
582361116
469328164
239985316
866987120
309155464
239706399
979430088
971151946
594766489
246002140
816493324
407405911
984619952
264507777
688334359
285423784
777518687
184565608
408237012
108167845
917959650
283990790
657037357
416602842
550781110
662436777
194706008
718812369
513971510
681900265
844821707
428081523
449279554
717798476
618868320
6676763
377138006
963669229
154781989
940946310
969375676
935084420
256809487
623810022
537086913
460770294
24429148
155734296
436384381
24362255
344569957
209088852
753874000
189986117
780144292
432905453
190215803
967358122
577695369
535762215
449279307
21930471
177407323
625384397
243507603
327856895
720992516
2793866
385495254
415402791
983308691
478328046
554301108
415445585
202077970
212366363
697528071
441259975
294442159
838201198
297734473
621198075
104866466
73073026
690207440
744129920
624931529
247329281
786731775
717346077
394711631
864308072
887917960
859774208
551355027
9258842
242673737
444796834
465455433
667429453
792288484
984848091
597538906
925768274
449373936
409499931
196093738
477505716
422429037
713041145
346807120
405284336
678127738
672488847
561202960
750441466
625168569
160795497
707592920
218103877
67199740
567387030
136486166
324466735
314621793
812400943
392483391
14663646
791468601
873151079
546843260
63328520
739418451
900885981
133055114
463319137
468288231
886784920
566950987
837911593
198544158
554919871
471258411
362851990
68801210
159522802
589397916
801452886
493138576
424482282
503592697
813138763
683750833
558479095
313439933
518633335
85138862
31256824
129698463
54105369
88960892
709243055
8626287
153520391
161744275
477261964
3317892
765441442
26631534
742106166
927447388
434069911
149089334
748800246
251500709
610708401
695766908
551369984
38057790
766481260
457358568
495600423
386625943
347784115
929112075
486401664
405000895
521433195
209593581
258647546
489340954
43089714
299008921
956183837
785428338
893538322
451798604
318171369
246572886
422238141
757958850
205576579
720576182
634181930
677916956
392392420
336406450
888176377
732284043
668512498
48464993
720116644
743428746
371864308
730296859
998134225
566430977
569892257
312812265
85150100
554046292
189357402
514885555
570315233
804934106
188029694
57869177
412111298
463318415
561971630
654013573
22877096
319683192
379604606
405426699
105138086
47683467
491514232
168905160
118019040
116986588
39672342
264359930
611484413
905245212
119194425
838584835
898740662
684899599
511427613
273087048
17719336
683334093
30240399
390948793
397130618
387559960
664762607
698047300
401033309
695686121
313856807
975207403
406088750
758103950
527003782
504153714
187044389
850075516
941718618
836715770
102867650
84336672
557052641
613489475
983226744
778256597
441608188
10047355
402569148
197735734
487054400
234989653
829966263
314819762
177581263
162051290
134738121
799129737
72400758
473007981
365969780
501166639
634387499
160823393
894438297
740291422
826114672
90480281
701000969
847849426
280190569
217426210
917811499
542248259
588851211
16397997
519079204
580966688
895839880
577047636
232179508
815019303
975649100
290597925
209433507
868387510
977734103
375310649
846493892
681521674
995229270
3602432
275330447
160049226
534044653
716360281
24801981
172730942
670624732
306427298
766115716
413633265
476984514
266430067
439246778
576020531
584193426
929558010
689361117
29092147
957597032
205946715
71306036
471792930
838031721
885367776
953122997
715799326
106454023
389877484
453865581
743662039
856080041
514634775
979416136
880943513
339386010
88045775
907372029
696697073
775543541
898720406
137820864
385024604
664511557
658724051
500467235
899608434
11119807
543874108
59873579
168365787
77191324
443893707
499027006
891615236
473263896
749608352
399959354
702717503
334618612
246221573
585355335
618627385
482521032
942092818
822329789
623985096
482322049
616519
820464628
505899280
71528919
921790744
543298610
273110486
105833920
259364271
942550352
503541579
749180812
278848794
184662476
564078295
634253225
905221970
654423024
429325205
261807127
103254797
297923578
424265152
209256777
825303415
808727440
329209529
81130476
783371257
294498210
986533141
944628043
787702624
433319513
715144803
179200144
348119901
963711961
35295481
501368166
12868367
482375226
501157332
475613883
848134140
474305756
619115771
846324939
753843795
952548294
838955774
68790094
417290459
597862691
557390476
737706396
485360375
618543699
958356175
508826003
353891688
897632861
840034732
361246408
182778964
402613470
456464804
900546796
903507236
207591226
713650929
847147456
280427594
794794705
228376175
469923842
339579948
309814750
363668495
73149166
836196843
783373813
639037520
855707313
748680686
114296123
945979816
607587188
566475410
534648997
640435345
362913585
781598378
309667902
419822751
393286038
425848240
975756216
555506193
443473145
103496930
801010446
937109794
711410388
510055826
319708948
95466488
847129000
510787239
490840513
355015706
268530159
15087219
463070421
829247684
148599256
550473787
378648005
692531332
312666722
92811818
36274835
433723015
248899540
707315165
607327150
250699690
127280644
821516681
382413380
890305741
472225533
654535069
479476271
154266901
797364577
829406232
108354326
282337165
654165937
169575564
595807828
132681710
471906101
67872316
902091361
679305876
931973937
291373957
770073858
95359169
619677530
21111313
929209537
941515543
359554123
775642206
722569980
751416154
571136130
901473367
752166517
396071266
169532932
922909323
882544191
762097085
624086767
637619023
543022201
583624460
54805343
655083139
710744331
409722301
387249841
127735389
31391061
390140807
307263483
301043254
28356845
889400616
122126921
35059490
261054955
844774490
133705
197142778
49440786
531727769
998618137
676730982
726459277
322871835
420213441
82577941
928869541
561230946
271560513
332225398
412020331
359321604
942372355
10715003
188424799
325208368
410899479
862346337
224642797
384812790
925456606
623689152
933659498
650338055
511034225
86263370
87663220
906962856
684104580
696288359
139385474
170444771
377191367
635572682
97018315
871122714
578253456
970769253
981366450
977976264
615020124
728824135
147951595
315424131
780306832
895433472
419070508
102175163
779850788
811730606
570496149
711944640
699019250
167645104
755406018
919182127
582934805
981265214
731417043
986218022
989544474
787392532
599684512
228827840
285401641
277440063
451733195
814497010
957089731
161615792
266544473
376759547
505738356
976223258
436468548
362248848
837168654
885533112
301995058
807332918
911697688
478749233
825186369
741079814
109544231
366266643
82558110
58795899
55304000
388121697
561548846
617574647
618222114
25370433
400330150
354631407
599264494
620287653
454174097
521069427
973992106
198870900
188578463
942875213
481778737
402430456
631429740
201060443
216434777
219423721
259879115
514361861
271446083
581256345
894999289
41379886
642943503
60393285
157765298
952694881
153533889
342858306
878539593
296457449
450487415
236434568
934973226
559434023
99528493
510562128
405240963
885386039
131720873
826297884
398792328
617427294
865872657
161152932
683125182
626525917
136122741
432328404
129535130
869560573
199438101
184846148
287642059
742305604
131270994
688541905
460353345
132487285
842155916
682199891
96287700
920421643
178648813
456946918
607711964
693924560
357388304
787185095
754659033
676623241
225820424
3256002
416371623
721003211
135576639
187555700
453245405
269271242
701130350
373851237
196273483
975314200
545785636
288186588
137616500
73422446
57694441
883355851
365762249
943609884
344676482
220014067
768541511
774598363
796945949
915277862
370210627
427315532
176929427
295128904
913929148
980658272
535718097
92638544
645030994
833232934
838516735
222287898
412133640
513806280
68046307
653971509
705059105
414543044
102525115
153159118
236890928
459079822
838819937
914483678
838621153
575251217
882370368
281926507
404776037
301160274
178126294
500249858
287988915
7320551
461303662
357094342
418097351
362492750
115329224
625030900
915566465
284031659
242601229
52491057
244501476
645970008
626691918
693360972
408221988
920671529
890576458
75996990
587310733
657693878
321377543
901147101
193938039
611590960
528459440
633515409
803718884
562856290
181959123
94069717
353209748
848477829
415948505
132111604
761027914
866138988
567166684
597959152
755662951
522818592
107460468
5357768
833005949
750243397
636898653
385701827
374862736
187471232
496731847
779038357
292956425
22662213
450421265
805964340
877266974
160847867
233712859
278874610
424059107
297490472
965079497
24373347
677779089
927305687
553641558
449533279
563431102
360752442
590438596
596469024
360085630
174073391
799207553
10728932
831876742
459710573
56479952
314128015
576878779
955489433
248995047
143903052
701590793
179621359
469591823
146785506
885245671
20015651
942455086
394223159
889216780
321373358
410260852
531109525
930643663
633239754
565621622
288334538
745083723
900199886
618032866
22031035
85611651
63517192
939556913
924726341
96473226
297050327
370289788
616831610
70832532
48353361
1363942
205725150
372001882
519745712
967675155
305185819
169399584
579260612
110076954
901477325
903511797
710677837
20303085
948799130
199207314
576090667
610343061
730206798
875330867
16877625
861054038
292941068
643817596
968299571
202901195
776049020
168733477
456333727
925323077
569800843
711255005
535616965
81238410
182392058
798501514
34269697
189379120
320825217
50801211
946375272
855078365
52004892
813256468
100500011
76212905
367985411
474540509
288431592
492992059
501201090
536598485
97155404
144798028
818037052
605260083
708846287
960728712
409174871
511970517
361205986
5843940
359304160
662524655
495037236
910065294
924849514
210548691
221303151
492195166
624287265
121626300
674581414
618640840
319334026
869826028
676217706
291288163
783524828
637515122
447703734
357256271
807759393
789541794
512108484
931276752
198851882
711192642
438710684
327784769
382749670
991178210
685090738
346102144
873705206
909725420
147802428
818537601
552233768
501135223
871883536
885225511
492694718
860464105
151060226
88501977
692826487
194932594
453270723
77255876
31039559
720635643
852519299
116839493
599051865
3131452
624779851
849168860
39137253
705489933
462442516
324527795
915671458
329438662
531588186
659952446
637351695
509200994
862776552
189098821
559932446
304818737
964970687
257729769
440351192
490472147
173668917
466504479
240190662
875758368
56412063
13500242
965833150
311391442
782074353
795080771
71750223
911020797
109682801
22207949
736948453
702387801
557637485
115241958
172473862
487953930
335768700
708998555
556381595
58782646
27592657
329092420
663860703
271786370
765668488
71395687
44475402
53882924
464793330
255368204
915146570
704211506
664376692
906990713
419032953
458101714
675393251
264021391
831864372
147684054
803346261
683372077
281763374
639239521
841054249
632757698
276140353
993205544
500171868
853813317
401975758
497281378
367877707
969661404
698279114
195045673
438109926
356965641
900888721
76233576
911264427
235321306
370554843
517242622
333912468
753731561
911970592
206569988
857543818
369098377
888449535
828655699
385390706
912351991
435372267
581633381
716646505
153785072
963543385
344583204
151158544
872799287
659077735
502260139
74778899
287394103
858330542
985501950
296288539
336064475
637286566
315023653
869136290
783720945
751227478
625980107
442293454
397853255
810684900
152255770
633753768
844619104
518692331
50761652
867890627
939397533
666522713
924260165
820077911
405543500
301858100
785273970
600410491
360089948
33178651
607173268
275935499
790670053
331830946
517023910
389238536
379912471
35444585
272369550
373394845
710918459
984128265
410090228
740905591
916241952
86682355
330429746
68854485
447233154
631926207
572366916
603959836
376305666
498371431
810958014
385887540
906474485
173311805
34937920
148944214
140559697
219529403
26007889
61645645
511425620
307955659
703404342
608819883
565072056
489540683
325875911
452777366
694167126
996438650
823925459
196333821
612900600
639758647
132890787
113034938
389515137
539438506
525806407
590202409
855380425
314736234
11241241
592047331
567117577
434503303
60952706
376954812
775028764
659357369
396727878
44260810
688050048
204525094
549128852
844834035
338914482
910739107
897788343
245282705
296619525
545075398
80199122
318245286
105046001
480733085
660241704
778477263
452809019
820506558
573892497
935693445
795223172
844827051
694158319
399112000
603245119
534319457
163392004
233359726
479566842
59529667
906660682
942865006
148968160
743717852
222181562
470562572
150348571
99752145
133516955
269065675
493051122
648326246
940108364
857279544
683274858
524572658
993134500
198873165
986801562
813377732
878948423
375637024
963012248
824158581
303154247
426979553
722953561
498330293
18373975
984630469
821010751
384916137
392060988
612755048
570580954
794331651
919218938
260914116
517994921
655122389
386464803
891913249
863092078
695043715
834961421
747447861
454230695
190365301
288469357
442134223
519268877
793354773
699409785
876026388
703562773
816890725
16908738
573584314
860734213
538126602
626621127
60184105
474885249
779279773
788263147
331340021
340170514
376057367
50887568
954414012
155234792
706086387
998104412
397140756
976572875
342719295
968552788
848166618
649987358
400574180
491591995
727081481
87166469
676654679
827936705
153057215
243114616
452780245
64119900
33163247
867684003
360018976
420085965
825469670
474706083
27835861
102386473
739179592
705646830
829371234
705387598
6393477
161043825
964976438
975521619
863373142
276834604
833406611
259773533
156590200
198264055
639319170
735476272
792723620
968163626
970543664
881844552
758519616
692613182
617051432
806589418
25028907
969823785
496137734
399780258
260973563
322272614
485556284
226226960
262098123
856902225
537838589
480182552
633134077
772708357
920630199
525701807
888378889
921476637
963575853
599530434
124017929
342243913
420336643
838199191
283525057
747612910
583007044
57960360
718290718
524676104
431678728
596963712
417478465
119751154
307898241
384500597
180503287
630400672
126571544
149968853
773845952
657828952
480653893
166760864
130506946
328068938
478799610
953674100
477602843
856650661
46253134
448233104
421507199
540684992
443446797
740742886
902452944
839211468
610360095
173035851
66489892
138335259
884624000
295088857
499343432
161364421
228590420
169342991
341240874
376697927
329508362
321498178
708630209
837222688
936867301
734307900
925945361
230618011
412844779
256204386
918490408
155589012
586647125
607537983
788416375
402331765
612624041
37191336
508725219
248487529
340390787
879326003
508782089
412083357
595903782
631549743
343809249
449337583
351787951
988706661
624853733
379183919
318851688
921997131
276586389
552545653
701784180
996317254
679175431
986166169
592551142
171662810
630992688
135607450
887034216
747072179
903926384
125380772
348944776
45769083
402775985
78039145
264046359
376445047
149992817
165639585
650824459
140758560
604796246
472179346
566197641
410207743
867222051
774880352
514165547
360905047
932186520
260700344
658671919
437222787
10596438
668689671
759754536
482648884
79870095
562755915
731138255
605606904
380055792
461925200
733669585
611457846
582168440
987826792
741705271
388224272
21063643
132272452
16715726
487219961
995126223
839677976
957475041
473535649
325107578
942267194
322226898
910496339
148885276
753934865
957456311
637391756
923934477
218082065
832844332
882624158
416818702
979852027
148604976
163408442
293811393
837063132
363709072
371238546
587052227
35019132
167107999
977148353
421661548
18486102
896017074
200267505
72299924
990623256
67646959
359453325
805039687
30093608
816823730
560138909
311544661
203823684
802722876
657200270
169535275
911087052
436556942
469478300
782856438
315125817
611781209
164562250
584129440
544782712
742940220
847904086
440085727
569992681
968256476
181077069
943372924
475528741
461184925
114105622
630379086
704934787
220030630
504826086
508855021
542233890
897738664
510042270
271649579
655246734
6138251
168491858
899669351
381269845
195719014
399924848
961976606
826911901
884293160
382669878
342138799
170075003
868391814
149197311
984195584
430510715
110107216
252395912
954991890
409011427
882047181
903195676
845502399
104955415
362909035
953458037
580033002
633164502
217067031
673466726
627178804
385714270
79410999
160235522
118052432
850223539
549789724
475418131
263797309
554704810
739228066
305261689
76294511
481631801
614676882
270946314
443763114
646666889
592465793
688749954
473790861
172943038
589415580
91551917
654960072
651645594
329777027
315110284
9242687
422490800
861778342
469801512
409376421
923933909
748985425
100577661
968069102
848018280
855935557
560761519
128046364
343688178
841991357
869939954
420555046
551170808
174699646
133707662
309164045
618787590
223025395
828113159
956321410
604181891
718465717
998997715
268997764
264941021
113399331
270011641
106035007
602194027
697363058
27816547
12763040
677832289
683413314
8482210
557275112
95685966
356480413
968803524
523843554
372910605
583957280
940191416
152716997
254640816
667286455
29125739
941582030
129132684
96831338
14113776
244436185
204983299
420838820
568626675
16002076
707106665
483556689
682601489
104421455
11586733
634504959
735777897
371386432
516341854
610952579
451483724
142439389
429954777
9620716
583895074
617751972
133644917
796662569
6469623
910555557
589795975
969141762
594593087
980349242
116270633
409592078
276998385
164765545
529028467
613742620
619290462
320118247
175795209
136509143
738124608
325179243
206208244
501853010
243062212
493167132
695717267
909939981
59788916
800837042
704042721
841028090
188508538
476203817
481594286
564421715
997678268
445017450
513539798
473500054
259185905
553992078
521989252
81857033
167465029
788443937
302359772
525534339
12779026
655090328
547945830
183660980
817597367
731103912
374164974
898963928
394617842
99904969
994144018
52094564
766532801
876380749
345118086
981367854
80670228
314802914
748800004
487878878
896557405
506935876
232095508
396937160
965458000
867508426
461219790
221111236
728296203
828133640
717499693
163943820
449292214
688823424
606675565
624909800
156490328
741905731
84966255
656482367
488905140
809867898
288974161
497686759
120876279
927984667
889596249
413850644
94535882
410948913
997421399
582706614
937668480
995701482
420441005
424600251
26412861
794258916
79004648
879870464
814302171
220207902
368530899
516667421
782920493
232915635
974493381
213476224
593785663
697630303
127372716
193220123
608650630
905292811
588599297
124454560
371059118
568986529
977118178
363986952
441479024
289747184
618450845
703810825
798258568
74970991
288196932
418732659
200157414
1780769
569564633
634665598
162992027
403269704
422591710
378377419
874652430
547952894
208463113
247788299
976773247
459762966
499330669
944936284
266209633
150182219
80232602
88708209
164637282
914735389
367496292
217927865
513528373
942421315
306097250
92809608
636178373
154213691
621985155
806653780
441959997
867724174
913977572
75267622
93608482
728900472
336105186
880906063
965936620
261987700
899895820
130621070
590744169
966200919
492457307
653791362
462207566
705293762
856364723
605386317
9635671
22093618
476239300
111581891
503541946
910688175
102680182
243740566
515850306
180605315
15171797
643858711
471512778
917510987
126191935
230791399
782447809
46524970
16419602
175177154
898920566
741871599
376089280
725517863
959721532
70533218
862766910
431007579
629207001
486221411
546899949
117550397
245759959
422395087
708556976
651052466
930759286
343846593
84966110
435994417
11078582
295292251
499245570
572527122
677057292
461857433
562449675
496660993
803897286
643183696
723895807
713390025
899324515
500529288
449960925
666999343
698767093
871914265
740525676
123365375
161063773
426704578
262410037
297337975
519747333
754495012
577227365
650939151
205745941
285541074
597989435
105006737
864821878
885754325
712019173
817236305
987262207
382324850
691731592
553648437
564777886
657366305
669151359
474623088
828165048
189924413
887712623
323837930
543529531
301550033
716011079
354407671
887833802
801813284
78155004
204324377
566392375
98103039
221057328
620024348
946213883
882546346
773942697
204892916
423064752
902085163
515113303
506396246
155388766
143887895
55961593
858397241
813899656
667706036
249694826
590653428
999411656
375954959
423495907
548834346
612210992
123984960
859822193
826809247
497120175
787171893
735513030
409094152
755842534
435237441
852545540
950248217
621320513
783606467
913353235
720417504
645700393
927044638
602051266
883371887
516033321
119115534
982911253
343126065
230964406
274819551
972633329
230877654
113996780
190712582
794224109
985360386
628084464
344386768
430549554
876710563
369656273
405834846
656657370
319035222
817730771
743089819
952817285
407815149
411076548
862165741
861630366
656871085
900583611
738401343
472145389
72572249
973601610
492306405
319510189
810192203
966667213
495046116
73298818
466436345
184765799
431247612
543222126
863452272
112855861
793516868
169869155
58139872
88164815
490657115
684706891
452201110
26487111
857437768
270617316
470058015
965993990
275957058
981221106
397880453
994676579
897915191
337098094
957058332
818188026
437303323
862726254
620531924
496019330
364153913
533270308
85690180
229363630
515217643
319379601
91362432
529923916
473171398
579772135
317549113
619586413
970726843
214397834
911043203
564921675
809821876
917972159
24917811
805508824
816001112
257356860
388930897
843403840
889943306
672162907
417378429
213586303
408454796
54610297
887748183
280416838
44894315
525342643
479259820
278226292
739545043
620077903
244099499
254490589
745596232
516574503
171209963
265513091
496615214
721366370
45442770
940817716
455356109
583448871
468547256
999705529
900365359
335328616
135863379
966604251
375012531
101027102
207258069
276317413
610931563
696006464
728623188
590262950
291971895
653959969
254842368
766306835
938547039
51011659
469677794
208511132
637175141
349804234
173574663
211224701
886815438
148622535
806658026
443328081
691864128
985950975
794509326
339666982
626585851
325694373
874616747
636739580
566082175
448510158
768565778
769928907
457603336
35900327
156275522
207298904
722545042
822561996
633633929
30617560
210669455
91113855
60754541
351225326
808001266
25290742
584159149
930223537
127293022
220699959
358701639
335397592
465970882
116528226
305808013
419217392
615713716
49731756
593760910
766994273
844416162
543593506
140994620
593056181
716065380
758559989
697565812
357169283
543924231
264384593
678436372
951116935
975293986
293039083
431042035
870686187
184870823
548877731
134958427
781339441
457414944
503994905
818569527
660776491
193356046
167501523
546734377
847589518
351909104
183754166
675957023
554747879
603512929
457040683
663942912
575958607
541188192
661346821
431592057
267030922
122642950
577173910
439022433
120794389
929428802
532462739
807110684
777243520
112547313
764945049
762082942
839951031
904003257
9425155
522374358
334460112
654372031
153802018
522943816
678702612
232976858
815219545
737632795
401844801
253048414
865765714
962879089
195526895
761950903
563778206
390492132
124607774
940021566
427164872
847727676
629153746
880099111
196353284
891095110
243296644
759754779
407245940
392159098
820788738
721877555
338841834
823527310
803078831
988175854
275391489
217452764
828312797
870109055
529910419
580084600
850924804
887519945
695439371
394326146
194452040
212934028
997343734
902001196
488330878
608336974
729547851
698508149
349932071
341286084
615358018
139870057
656533806
961828488
206905638
333310442
467578633
215901347
880389582
213938404
534723664
940710889
327593602
845007195
970578178
93665207
34779772
568635982
151565748
485896784
135184470
720583232
395549290
930571183
634769386
541293545
72248299
215829204
85169096
715492159
881412185
452845672
230193524
442561575
727508699
174321812
674693774
116130312
991386201
445568032
120739621
961027260
3393528
960682165
665365162
765622065
571940530
943294230
738574492
517447830
84894136
36447605
761573750
993912860
871662833
562038073
88571440
297881829
852443795
628439227
713121364
858142004
37249610
901343737
269444368
578825551
93605883
55928275
557815432
734121091
636170127
186788749
498092756
421117058
466935786
880539540
48289305
392232394
15572654
336550336
792338056
743363327
551303301
210870296
2926576
466419649
852520961
393767041
911990043
431831178
655364912
549320600
333853309
564448577
648415340
85593814
108769938
111820159
491961439
172201139
474227535
170639848
566118155
152921184
256252736
59556082
944746445
431087850
93144927
997591324
799714197
595754437
376140368
222094963
123245679
57111723
66211861
234813495
612538238
104209922
602483373
398550862
222265653
15037144
533162257
958959859
613275279
483020680
249243954
257101954
233488753
986052572
72867683
849864908
328957910
827905561
590976819
588502705
186382515
528845479
640669320
394653247
102204666
114824590
831431483
540637730
343531825
788827298
794058488
726696734
933144812
551474927
649176222
464398174
511802687
133738699
927504083
152680454
357356443
111831500
496006759
478177723
705829433
277063811
352332255
959855070
467497823
512559671
725157378
395828815
649111781
560254800
827963554
636509744
570253847
356198608
994047742
26569357
28951892
277058710
398442873
286253949
700103521
61162123
641019274
349080317
768613095
422644108
915379649
817938565
262982862
253240064
2153225
919218228
674774480
445315964
4577059
256835009
527405956
14559770
490417651
172445093
69920370
185833684
572441681
360424392
264242269
831338472
158186274
10428639
299247968
944631697
702633776
75515476
661554647
602874689
951780199
716204988
53277771
829852844
844936235
508151042
504775813
825822939
17133854
963194271
606122474
782848253
558047199
225560349
36468371
745086996
322704594
629880486
946978369
587265018
573030670
503167032
760074463
538118239
449792167
863811000
83416398
473113227
917147941
148315145
534993198
668956421
97700934
509336899
609486284
190944108
452497002
647494568
888164780
206353237
8633538
750498698
579845893
101296591
271042973
60734236
281471795
838144143
447720947
32054675
127656156
628803888
874444887
473418979
683480211
43615844
301614437
67834380
172697196
561299003
659433583
210594797
530522854
608465711
552193214
374888006
770968092
334132505
71608426
198931210
270918070
74803672
94849303
855234375
465444020
957540644
7420583
392146414
848537962
947013970
52368076
85129608
367120726
57539229
575147840
624815548
965121704
194668445
640164958
534583650
868326535
441790815
211611848
631173911
528647577
926067103
461605736
178261468
603042735
729238730
365861226
111600423
120690982
414625438
90919682
390354773
881925771
336954346
473578125
617473827
582266106
338643394
998346045
378179628
695901518
678486778
792970535
645492479
158240691
920961425
564518990
597631357
296547657
122161418
5535018
929427788
518598943
974687152
478512922
728781364
168336400
14214330
975134449
659171453
67759537
329701889
662829387
516464117
174819289
586745475
342617603
29300479
869321784
657364584
771753209
406123620
468306356
286911050
380410827
329898482
526848151
356974638
388652229
103213016
804300064
73919531
608505827
518253194
282200161
556237361
534466927
670623084
129003993
649516400
18251009
242047688
483631240
623913356
470213484
346789088
849602480
754857256
778105516
459096929
135782917
977776304
475669522
55435988
61082561
950896716
649431607
357597284
905469452
197382848
495852545
138822125
184384270
60416680
821153409
891315446
494917351
780786907
402087615
811648306
714925498
470794169
879974398
906009272
522507676
110793531
164483350
537805025
216273118
344810370
973693117
722556775
416268912
963605297
445432346
901855617
289500189
495842312
389035639
460109117
899884283
898169362
111882934
335987943
966121400
719588339
422036593
24520350
31161740
615026558
288393538
615540354
735861208
856619913
387150042
268902446
234331624
585981336
719226355
881035013
489339068
212958046
210097059
652732672
861723571
364161492
241506652
449440177
393913333
93444215
499008841
96284788
25069713
842772393
663387742
867005842
906764444
189419510
168679877
847066365
943809562
254586861
781875141
379634125
222662610
13022088
689809579
540849584
838779164
703088771
558251237
767331029
188310031
646503413
358394524
101714937
585767279
87720316
144223165
166318808
286449742
656907214
281457737
812945671
548532588
444875585
451941121
923458167
342138399
709840827
129060815
56061276
177392631
869598704
162186348
64530378
658248857
804328958
506262698
343925458
904055266
951898279
36647126
226025669
288610774
47713888
244178337
379241509
999511479
759121549
194992655
855912708
918828156
925880337
517591946
244149397
301268150
779018357
861585976
461437647
253429837
617386417
527502359
578166555
465523220
516597137
71498520
103553092
590320220
471435071
637362086
403206966
113061582
976342409
9081573
9079752
877834381
775823089
855963431
554448185
889558395
940463332
133393285
408627131
863416142
308653045
853870679
625251289
549207603
393535369
833373080
42388760
865306167
339519820
525982429
759011304
218717373
395909935
600456197
399760195
255062511
76432454
423495437
338597705
68449451
345975892
783437200
707365070
911654916
804977086
608004269
26549156
251127954
390757307
573040342
210437053
156616447
672336357
903086744
194364901
910143230
781058909
164651501
876402341
710213602
44757163
440520791
390032179
514116892
443715353
796782806
372989876
531721027
741224769
360460284
119618785
701374502
78586134
202342634
711040655
624035414
330436938
466689084
250561990
129077922
704976710
946967289
469360149
260336251
69451752
690012822
365240149
165216960
893671993
449376420
165935
776234360
761724345
256856773
465796415
693013643
298781424
223584689
482542011
132485149
128217409
2766295
436103923
686982022
275906911
337131537
50128266
742140672
650002601
275774623
396954403
855034891
489574772
284896466
557842258
115103188
504824582
798366475
527940890
32046216
576040308
78954384
983194143
255956808
352227386
189633713
960024236
365782102
495794820
471390379
768415630
669643365
429445660
280030783
10738362
177152596
243168762
389063889
739892695
133554876
51919777
43525765
483907754
296252779
915514612
381347168
397872722
349264309
244983435
865317293
767550209
732731621
68580010
479098116
915324538
82680393
387779248
841348704
15501843
33086426
158592209
555820603
341229921
513091584
158547054
762681176
591112564
230031024
626551931
260675436
593606179
772446416
507597096
289854651
908326557
390441785
995782327
79827206
102344229
113880690
69112017
884177115
889609950
421226888
660643999
262528938
489548759
338111693
909814663
602294242
291636761
629683556
439130073
825918840
49608253
704076228
920360914
967530938
170315447
477012966
502101996
920360121
326212441
870588822
660831075
90478202
586747386
60595505
810827751
520816812
273686211
550723152
216146902
641679403
622682764
221302158
693850539
488458574
873247975
674413660
71785548
799094296
804731412
631481853
362714405
217883000
729415891
401754267
770050507
157987579
222471885
62660785
854477726
110572046
131106421
814900404
848802648
315317107
661229656
686477979
879690079
150261375
107946716
301280194
801692580
640639239
78952872
12888084
658632577
217953135
735230645
615376855
917773247
26125617
158729157
676820939
727465675
842490024
264277843
919011806
432298944
696086168
279946228
939430600
338329330
334194752
378985166
547347510
521591426
889399727
505596086
681253501
689028590
331175905
289512631
188931289
358000429
434244300
841058601
761971247
45417326
225683273
72364993
48506873
363759813
826246284
804117391
738956044
308485139
217301013
772037538
382311300
346309711
18911398
821858979
842256461
105108550
338116829
334896205
755425620
59953415
142767100
548237375
13288364
54733392
322396157
908070816
75982159
550777459
61604157
80142888
649286078
885626702
909981774
494329846
128437671
330079108
145195935
826845734
534252768
593808820
837417369
479666359
748028584
305021112
937911641
547103606
35989311
321146426
185709972
720847628
231123935
295309694
172902414
908714939
358852231
927619449
692047917
371250927
643926108
726529907
853900973
16765955
361674291
978552557
639021370
330669997
219482197
804568967
248029068
135154917
389539403
152272619
421896830
356032989
198710811
300895381
989859620
350343664
719922555
879182220
176275867
51380535
151667039
759950376
313228042
460010517
988328608
907726021
57446283
122633201
217888859
278270759
477489959
589538616
166991011
229652814
680144873
282625644
836966478
495138622
862968218
137609545
961445755
555196989
597550295
860818373
283380028
95377578
638416331
956804895
562347795
771662585
129463649
679410838
878776824
65207557
860037693
933388056
530197927
714971622
354067311
468720785
454686433
307810328
367298389
825291736
457757658
770731473
305855033
741663737
459201533
553566537
607148726
575356489
544948448
410295701
864914356
614778728
981805831
183248647
821625964
433578122
910696728
895929423
622242253
850990833
308528339
785581988
243150470
97614166
865151162
92918733
350596907
54010085
110922158
290254293
289499775
510575283
210344500
313091136
129710560
987913441
621475397
320070405
554541590
609912834
996222332
269617376
123597717
228410215
732159960
584104366
429965885
411045837
968913796
51861662
364308775
416224261
621235495
299521103
599842682
907386339
454969920
578298920
438654290
500120684
833614211
361379162
859539835
326618698
910972875
295742636
457548527
197676146
828208492
454169399
693531179
244819560
727148755
390194726
859638273
476873464
35615632
950182982
411025857
985091454
830024548
714052431
804275688
747933998
65819151
688453146
356534050
431880772
873101344
848799801
850117358
508942842
552742510
155666918
45162173
135392302
46407586
319753707
848448657
264529530
845240649
607348068
548441713
512543451
741008643
719900231
829476032
13506165
124803894
729545639
607932226
882356835
619557985
203808392
962259628
258833922
916872095
419854089
1424000
172633101
845748053
191087406
137427026
798356149
558417496
758741938
697608391
671149380
567452117
482820174
962903287
901845132
454876817
694921257
526060138
537932809
150953270
766901092
25887174
183538102
432251754
898201264
88556406
412603463
413095127
100343151
228289155
113330423
230189468
566090149
469603065
708188903
166158265
361588832
383882568
117362040
716023765
403017671
428084088
446673885
466826767
16059901
331938368
132809671
440288143
352535686
923518357
991086709
982507840
716821775
816125749
194552222
705617218
435202199
941026585
830955638
297267169
210449565
793593571
196032477
424295033
314106857
583185394
816518737
713394280
175454064
746305595
632653682
198881521
169081277
751364619
850734518
149975086
55558534
507696765
745201789
384091541
41880071
975879451
520678752
871835240
667380990
94106548
469585538
143341992
43850115
131771818
717164687
404812034
503309938
572577017
110920260
125781688
283506299
396404938
784865671
553420340
646894532
62640982
560171288
581823057
211574498
928920319
974792824
486135771
390275605
446760301
202955142
504764441
186241500
978030338
313496366
229959783
159283500
562855103
550376438
147320093
844020144
834747409
536060363
112015357
176535666
746995806
426199119
238836867
556365245
641966302
283614719
935733672
25284191
709071335
311497081
478284058
878398301
677755424
595849856
296246715
922123616
427126173
123808688
741589945
352788368
617866795
682405995
376105813
921561542
683407500
801048503
285317157
82294485
571929491
365845093
869020827
676705530
15806268
399794643
135539414
364365505
808354940
864508034
970617901
666468795
662230784
858597802
532826903
802466694
699366274
497929183
303010016
626965438
774882065
671816694
403997757
65250227
178572451
655403137
791303902
527387859
403987961
721951702
875120022
26433647
137778631
402437690
183706038
23790575
370681834
693419955
216261976
898555247
770980138
331539362
413454073
494492290
757265308
512106319
807098032
386687560
874605812
597384907
387853748
935003244
70581297
823013908
687808358
950011665
940044028
378711114
200120749
293408106
71228821
81276223
679048783
115089739
379765822
100801555
217135405
861888576
809748476
885997146
907092822
445544410
12860641
284348852
583603453
259597512
345197349
607489996
654865580
430663569
529821321
5005012
680219653
121079942
79229428
828104569
326069464
793715546
520237945
932605299
796065354
194708511
755191797
576584283
164724143
902601309
84929209
988864130
387314740
230035047
724546527
361438332
388503469
255542161
521000538
255440359
376227788
377957046
69184975
801194812
33297790
812844170
906446789
300632232
840608016
133607406
604662979
569674441
215385535
37258566
280236548
731372652
9191386
374377804
404978367
20520801
824598823
870964292
705494195
86948300
152376164
438181587
935362131
257752355
772444797
774536428
583557700
40875523
963823075
811359488
767129347
46269414
392154598
425166856
130844473
200152631
348236777
248701409
332260717
612090664
769239962
590697050
914873259
808344484
900837906
172369566
586612598
669942134
935969204
866388416
22992030
631502890
869730063
989813605
80142138
47667782
321434737
673024212
832279611
130448361
341245443
550891049
798131248
268703994
370971455
16741816
597406548
875980142
314412421
822552445
758503820
857626213
488903862
915230122
8216111
830197536
821381271
516067290
286834265
125680940
82570790
415657327
885486617
242485443
108532885
18741580
631975583
324079056
420830538
998539957
773294653
637459605
358992421
460402834
796557545
399076876
930798700
933730968
997347097
697033018
489717469
60518118
196919177
368992494
22150696
448962594
397568662
569409266
10987330
777490345
756273467
543188757
11961591
706329708
194085625
868648487
472080316
774807571
642433400
5690378
35581016
180282614
26560560
450967073
701372878
808957562
545031027
377185723
200422251
763099803
369684014
931827653
796010222
811746730
440213722
285996533
909753666
632782593
276138227
867244951
29930153
905389726
507734180
417093211
33099816
97807021
594735807
621117522
936301968
453896726
332312154
713433568
337144793
74932386
354324792
759910810
137322290
667192736
353031381
63058017
432059673
940157104
28760249
748938462
676946984
917219500
25282623
41365378
595448511
769473458
844640807
879523129
350724131
298619916
158230465
719889811
524884154
130383359
459246236
641199917
281638009
294627381
941110575
219965807
576704980
442950319
340233138
507480707
202073216
515025112
400451970
690034626
831331936
893385988
240845591
18537262
104693901
265519500
27795390
908633336
924990832
182569916
788608538
475174222
433445515
648850764
223479173
458075242
777580540
119359054
472757976
996988806
834124404
401902729
704835163
519688467
668755761
592166913
148036670
610151042
875804165
378841054
848394511
619382376
984738935
219589409
782870647
884856510
602453900
652076120
419905736
123060672
650019643
250026168
477337191
587640286
962946672
515717546
121348162
156573653
305035248
660058658
120242791
338497239
716142284
64003312
855786583
866120317
933547940
693618381
413862218
400373221
249843834
374065030
449997532
54047387
95586854
632062821
306171093
728382128
631947189
663868918
450357079
935550264
691618140
180527471
380025033
269660995
460925170
691386548
457264575
434670744
387425136
52565960
79355885
224453039
876350202
376899647
925727186
168149777
237890709
911110095
294373509
282066509
548528827
930639871
622376609
763002633
8076075
47369812
309894168
31945184
943785989
557888628
229674856
12059287
319632682
170040836
627438716
816039305
844392947
385062289
360875073
190334466
620469334
618364820
481978646
371269958
731910452
630995494
122830765
828754262
123213376
345542223
20175987
888732773
211121034
577535311
931795028
533590765
4486000
259735688
472640195
835294046
475639832
511649309
649369152
730844481
88887761
656946855
324543443
934176186
697442055
142056939
649602569
383033070
338449103
385024833
222085377
125519241
7970816
72863622
874373263
328172303
763935315
775527773
98764984
992646093
900089704
318263465
588088888
717724546
948901107
860512029
149277473
287241403
353338854
631763318
71441041
179524968
732215665
159162214
889184019
650310550
386788826
463222041
993502351
160290656
52554992
217761378
793463156
557745981
962899905
376510397
245095595
325077973
207637767
353574781
892053534
611372889
284393875
421214959
541313094
213969549
363193304
697245237
16033325
477643038
467512068
18629768
674231762
466826915
574801844
814707542
792799574
2112751
526406186
42497714
757683526
780508255
529703471
537727383
796973408
863406760
630327937
26845920
485489750
213071481
707047965
257945726
272411688
559672436
499351786
446321901
195924894
949578745
90486265
127263046
560556505
48980373
96955578
102840900
895623157
439547859
228287228
480492835
780350221
580266628
405385039
991254976
547643529
824783995
593949565
32736506
513103104
356774289
446060099
372478420
336955836
59141941
416172948
929329547
690022163
745986600
318489924
43788677
225155088
774901214
274124227
25754226
982204712
978718112
424489531
127363458
817873939
679866708
292724056
673313042
507541186
695642207
593872944
848667688
580167880
586488730
675340933
195932320
196129224
160346639
751131663
202736328
812423701
127431138
631239642
792372408
71866888
295325257
178615848
614329932
583086030
489722155
454383228
928486253
961033025
991880294
295697192
374915287
23493204
828750218
863130565
325778351
874919412
514758028
709204553
141425220
914398965
866594710
748122024
810432877
632873375
305003648
816913963
318453645
423435568
225779896
490226337
401296244
483692176
193013097
32603629
919024901
847897079
291475670
491479733
834693273
786799373
683445361
647489815
686321781
390870535
32623493
990022289
542535810
268841011
452399824
850243227
668614184
66800577
975889836
119752712
259512123
765823057
309602208
981520516
174109126
724820732
678761878
855477109
456881365
389980719
78359440
391884244
77445860
633395897
753282014
94071956
371506609
140467276
8319120
294660841
625300398
908538057
802031187
719041964
758343902
386939192
391528381
441071120
690154992
741739504
43641505
579697728
372288887
405928158
306805920
687145523
298064275
526671288
318710702
458001385
77293019
971433870
983744566
127243247
497790687
186350206
360161764
33096657
315127084
848115580
745599493
143426344
859655560
380911346
341441159
262299474
354953962
108412893
68912462
283338067
905871815
971193082
3086320
487216927
107062678
859944334
927537801
106415723
995574154
417896405
385390460
804888499
125219954
647626743
910820539
968395885
147890228
35496624
314838419
391194850
646047788
530878497
803955289
501731175
683075693
746584834
363070964
948381659
783974511
722424423
604136715
307247535
170766592
672291598
828561548
194216305
451286431
916009995
273811758
455340168
562909211
678270405
370811115
737318862
685631726
471839083
521081038
334469902
532711092
96725011
161860137
673689690
427259345
255009353
152032210
899485833
630727350
188227783
745978044
149097961
802535275
335211798
955823061
818184108
530549533
584905608
17469409
791735370
492324818
690255212
219072887
937925130
11004846
303748489
474164323
202238387
496433183
869634581
694728949
152226186
682346474
984902567
84353875
840591620
626747716
99611767
662806201
80332167
803739401
440015639
622866284
520509849
340006003
810566864
982097554
504692739
594689918
684721063
855832903
96058971
818336682
444304205
924159271
989141123
122723118
500521264
886678884
483819713
176278690
220576780
417854234
913948272
688409078
49751057
554222632
737786545
796005836
502975095
204329958
577863431
287236871
765299365
569337075
478431296
38495274
992171392
916781829
915185231
536060195
863715646
525033431
786552963
309539054
691866831
716059823
499692951
219163980
345366350
942953962
541116069
74320147
375543483
596005712
961826833
529584744
340095775
874164369
301555240
955765646
262397709
140046555
362722500
200340509
442630846
243711139
941024514
792218068
136806170
818445492
94531718
287689596
403352331
863400666
229613416
651718358
602975813
589639053
127510440
582231001
86232744
867503603
37610146
542570862
911229278
149265946
518768623
87827737
398181745
860966084
13171868
857996731
495067405
885191009
534110319
519228873
356356619
895493595
339962639
353194948
328739349
140139528
640462143
891910066
568113857
104876052
300858969
981548478
581745099
678612743
819475063
764362440
888043095
220779592
311186774
152638729
343033311
337189684
576435012
901431900
390667457
976214572
307503544
414317153
238554281
874005941
407892548
374545171
135065450
290259533
28877952
76638192
388354488
273913314
54254255
33684651
50164381
876816203
605247602
56887302
218493886
604713999
633248589
165005515
836257937
146501580
367080960
939068000
697078683
128638540
858570190
302939153
195384668
202595202
709778921
844534517
582280258
325009175
116840562
816110676
336255908
150344655
47024181
128045966
55303502
360639498
978653966
83059042
701712080
501393265
501196135
837780837
416632663
24968085
317988103
652220694
240654855
925680611
112839655
107455274
839724327
771472530
972410290
233696192
641740096
103035699
55314615
969347352
953310908
733721260
220770056
221075567
571289879
815885560
42927006
842714277
302900134
552296182
553155572
439233971
436214128
644599217
797688143
838222763
196945512
916899135
105063189
932568229
499731888
819683737
315889032
73945669
363359686
112721828
322320854
747115516
587783715
719309947
157651883
689171215
977469415
136606503
971529472
1923943
642069973
614367338
890515019
709848020
268214714
72758873
806166102
695493173
931750401
983020637
931046034
496214941
333289532
421230248
449884185
695340026
52900293
218005854
941853603
384791264
63534143
422089230
426497075
935703044
680072648
928574011
193731298
355653437
829752085
392960236
442382149
346617623
312117234
496908460
249831869
187139112
624568618
603324296
6447127
649634941
377416561
460377753
