785492
846416921
68730547
559964336
260350664
478434824
49376962
163109825
595974529
824415569
781570401
384281460
405275472
413525086
428289788
259952209
965361200
270953593
591901214
212261410
445329645
100810160
113084309
285474342
285382454
570639939
373717748
729035031
334262940
264042103
263537588
912472729
576013292
506635946
953619479
492677035
647883235
320847876
294035678
939188245
924533199
538059742
160503425
682960324
508351088
241335538
317783574
945529720
97674205
87099435
824626081
656159264
506038767
134550879
888914806
569386563
339041181
824370826
120807101
903392521
544916198
316352076
27724965
394472490
623366360
103163936
2248890
72060675
391407380
814334971
84678611
360033191
323078649
715325837
353872240
161768813
21573737
295993768
288493511
894584590
779192416
262806589
506803021
967975457
866465612
922759287
262621676
201747597
84212927
379333552
367669652
944708412
665436074
329254067
455918001
76255621
496952713
784893102
560553012
785112339
262152709
599926887
111627854
612050142
502136599
234454847
280877732
483454932
768397416
850047662
644903924
783110738
602379401
448597443
768387261
749369178
957140267
935821335
412688084
547800656
347823043
152939747
533277026
113478024
797673089
53193981
539224986
248524272
914070146
62561160
416428392
629228725
787218384
80263643
845113187
668386413
652214784
616796601
186997604
415879853
176094643
336551229
611849353
741200457
251996117
300264039
770567735
274118782
19770070
492758430
692883550
503597862
422992560
714972187
235579984
273325622
596555103
272303522
504638347
577475311
295397770
96538927
413314217
792502513
687075915
412613486
379960165
994488404
185248339
113366430
937975970
784604694
79344294
319575802
299443959
33041086
566862465
598284879
438436650
79248913
897662881
88516370
369875345
180393527
899046372
155141478
969473654
357353984
995819793
271167667
235505205
99656599
537494046
799461022
418916339
9250676
747430800
890727947
35320140
212179607
579628054
311039365
704496851
420402947
861381501
264018519
976516264
348426948
55404860
832963584
958287328
939680487
67079627
298527753
828105454
835326430
570352387
611957248
43502817
223885150
409859680
735162628
415580435
528599564
252634042
488895563
127263205
569302618
468417257
944391000
95242808
490958186
611791845
815193287
188868184
612945844
41110938
432455137
442014743
558721401
641353386
665316827
665578569
903167400
652561608
804522680
945224650
488619579
103868172
241142075
977239753
574470811
664771486
590957659
100835973
680506111
906867559
38250382
223111502
278799655
870738932
348318179
288899755
258023174
28027577
845386309
104353542
825664035
550352348
113407507
416323873
137931808
898467436
675432857
399863119
728050359
633740805
373360476
336320955
740614747
280388449
154376875
992039146
304738377
110325299
385328623
947747375
383621177
733719616
869152116
236534524
223646247
577035929
618008727
825386321
19009698
43445617
435996641
312801472
190336432
685812307
380644492
761603035
101070693
719621666
287193622
208555600
231534552
729387636
103416376
932142497
873704494
307872100
114688952
913199516
596736703
483861911
214796229
283851275
227690558
2419509
202510661
532057857
771624212
734658712
810058465
809324980
969288300
198245981
234099010
249107995
951134857
103275747
993858523
349768970
530214045
117112842
198354729
388499070
324559911
398462770
154711212
636419973
721312571
560492721
157263491
410592281
109771390
458813183
47077287
832542077
407226678
845220177
983132853
420830757
988541924
850346580
451119048
739874779
678885332
454244669
679373633
346216686
207490811
707840426
622539876
498173216
375210759
519355196
134314934
71993403
148771856
138836937
151661527
147512820
312636865
160322051
666848155
26041642
645701042
947342203
681872848
928524216
231167624
614301109
69475578
244012594
835842650
235795573
2325980
698082301
884720507
290659999
79998858
720256954
108385215
708931019
802407391
129964658
460381364
88782733
360811019
293757927
238486033
537201303
829257877
786934839
198534225
217604828
812560659
506024110
726120857
395326155
519860432
262263683
737819602
946531558
717085941
9106946
928628633
215358752
972286038
848220899
352111145
963345356
312479179
150788497
3906691
974645065
228268915
420602396
897183624
514052370
773682218
340341687
287777999
557673612
77921916
86010690
890427381
815321636
509954434
289870552
937830701
269103375
583602943
241532974
297967398
81945258
196830505
428834732
878945174
708700568
336533075
884321644
316506403
789776258
899176349
115255117
823229263
121728467
547586251
145518713
89108580
344874098
916776260
682131279
684881622
400725415
299766265
670677689
735612443
425375710
286087185
983207686
88193124
935063676
442075877
847140220
683860678
231025621
798100802
610820636
221299008
194485513
243770286
925349774
623910425
687186003
212905278
44551500
27195691
976903078
903066038
285813159
532656225
602829005
151987410
513914557
669140264
962741582
398694882
857096188
831409977
861663428
425635700
973067351
223559546
878297945
322824766
314686089
672992758
544202333
403729202
817452925
696152066
946474122
734611534
696145441
828500757
900754122
431738634
718785039
25497517
424393891
804165041
821839363
783608046
749764292
402470866
98026444
40544810
481222036
410071341
276919166
859632904
706483535
282486976
581919176
754607750
982730326
623687912
848796268
899286099
927525049
640023400
685754444
924639004
525961618
147988541
747220451
957946534
77977649
25779742
86823357
109014265
956844432
224507677
59450101
567958105
218586430
624568593
624779206
807119446
823005125
633516731
696309341
596351147
660959046
164917259
500354015
220976430
414299497
141968654
505605502
221166245
678334703
385161150
766154951
591803052
221810961
823608618
458365726
865915204
968378925
868578009
896551280
677568589
194548464
405513841
381909821
352208243
148874353
891680588
568234391
420611100
445362920
147007019
812411334
690437867
940139759
824969651
624569302
600405163
337234768
115669609
929123244
793510891
436205676
76270596
572506472
511823287
40296454
120385603
208317194
515967685
724899327
873577266
737887710
231725179
295559919
238270716
218813367
848857616
212624247
346968526
641198305
676272689
950453033
516294
866342681
464075256
31986939
636322877
123256214
752954111
85398003
776378511
474283264
848319199
909815956
261889247
420902304
855141666
428925793
437669824
6714577
117344359
138617926
732714491
933870131
383146336
153555380
314454851
534749689
243494337
397826641
522891832
49599491
960728765
481998088
47951186
143194497
687181689
959643791
837404503
457506054
763463660
68168502
622226594
448085949
452268382
141091640
192075076
790710899
344930314
108268138
494938988
301760775
523980671
783810678
266351101
429280973
530996499
838811052
985838713
379937443
199781296
959854951
964711227
170686622
257971275
538723427
275681972
326095971
711684874
40438491
390911232
480650764
212610128
462593541
417781187
833234189
920371223
803999249
799561412
71133876
225975826
335849347
232316270
289706839
154642027
584361123
17346138
102202381
447289766
345633464
292259034
227028319
140171751
285070824
529326833
734529171
849309283
231612104
64440727
962745900
478298490
597281937
883985061
709363175
281184547
810010977
415141177
608030345
950271499
294352779
248624424
866419586
189387796
384326458
966081197
912191251
649998546
123084661
885306239
256315630
975986280
189559433
947720383
251028725
189567065
179690106
981841374
814543522
292070646
218871447
343603460
240345852
565043015
641582316
844635704
836337475
567467473
365287976
441422707
632421990
992038822
164258866
272254484
557823454
365767548
611231479
953673905
108974113
364806966
737290500
308582011
743046289
462485332
887570295
627267478
138893383
161011081
61962275
802473475
553259686
961488103
255662660
408171509
866935193
624054449
549559331
657164470
785485053
22196027
539245851
555806893
630602633
48428476
766494883
931343228
814807324
425123672
885340245
613258370
565913090
119905087
633121280
138225422
843044403
351879865
948144284
700371605
404559414
289124178
677387168
384917744
225060182
122127866
941528019
343752520
768503899
987340828
783293464
797125047
344567790
490221140
436074668
571566877
240586096
365805933
368519441
99136802
425135649
551515731
726384043
462926377
342321881
497063027
745459643
552278336
650588212
852597020
375731882
500024517
143999987
343520663
506697246
450054628
903467849
126291377
908049644
212710950
111871162
880750765
731538975
549671407
480983697
980103602
467517670
693454601
837451480
836119555
623670543
920010824
849676235
192736322
600970766
60767667
546700056
165818303
253798475
718925756
721642402
532249003
480655295
11370678
913724171
706715270
119095706
807519679
361942298
159527881
401246706
612209656
574585515
789408516
350098142
837329031
583747976
952221156
213398882
74814080
139401158
299358426
62140609
745396205
141426695
360791258
583404287
586811918
95957347
291978046
628252426
936207321
969135704
38592755
297627096
262424970
881214885
709777818
571284885
190178756
951181542
874001479
561341095
9854503
840594324
907825657
20720515
358722702
976656171
621305684
854512172
908390871
481898417
561171292
790664697
459278965
91159777
814469101
40103922
56172722
844457828
95414520
416109866
204467971
213109079
663023599
402492154
742631514
246102553
106237170
866999674
327691262
984175092
461339561
415269851
749322873
131195523
397217312
211262467
140134600
939662475
285602960
866733974
726909981
158230216
68308550
588722537
383545287
161588888
528191177
618194351
888677719
989473748
338939184
245947319
250181485
143853290
743161868
946897701
399631222
814383768
338378772
846525620
425419367
289091398
762016240
265010978
224560722
365278562
978278797
396272295
509147039
296025144
845844939
236215686
913890117
117180125
936920275
507228897
64134986
731997715
397512826
616958278
807431042
520252668
362534681
