911480
56631568
531890729
357698590
978778113
321897523
735520238
921466119
179355666
128836416
842121341
771573710
539553202
371309957
297367602
377494044
672717007
774579843
927120886
362922684
414158703
722429073
965169911
72028876
122004611
60992478
259997745
349515062
243134967
923919083
885210635
714738587
835131902
137343366
265446389
358483066
251384988
801930629
672717452
92455536
183906246
798127304
166749160
463326009
863929425
149028756
591597138
217670902
809865128
239196199
275719577
688244340
992566578
931935521
102742701
909438160
548278903
360194118
354260751
822192918
338976268
718602441
52285832
872668743
679752470
410254640
961551495
266297434
591357538
571678277
731817809
851755460
220842070
447201756
289908348
199693777
778287552
363046771
745912786
631753196
346333214
878122665
823201827
790898927
361510377
33631494
709191910
718185378
358616203
586491428
99205679
463557901
335018131
278984204
109413052
302819964
701707923
112426411
837888306
796939712
942368908
114009397
484248772
336862217
692510370
671285773
207731620
911587996
191234668
961423970
735192564
936919343
172265824
89861111
540693546
881704194
970447435
577627524
906437411
152159439
809886833
369973248
537186676
669109072
895549304
201366033
221167024
447496070
582841874
471694372
665394800
390962333
80541303
430039830
229327234
926903507
792572615
501837449
568936091
492578163
501131703
265943752
941241755
804320907
556203910
65678104
867192694
208807096
185926241
610758164
611225021
553733740
112429514
359704741
503446340
294368965
258995288
963210736
882168995
219264998
227579905
217266216
349064141
745007218
77794233
749799187
183799761
63078944
989583461
969005371
231591124
975320071
857228436
612065222
274254400
600924508
825998668
70028285
974843132
704563209
641077174
585204581
566833280
153562701
527280494
444627229
761589406
424424033
944051685
463184133
772751309
434338655
864409621
464121730
910183884
309853692
281460832
386002099
280407813
240881271
793127535
141050827
231333039
136555456
651886996
970640361
173215934
866751644
268240872
691198493
874421838
46496578
583076517
972006692
660264427
331290429
18029773
908191506
382260210
789348023
601990668
282534833
588036694
627379021
415983694
784192304
594295684
307210649
186057524
614943181
239774214
256930771
809464263
616094539
316631485
823580530
959974690
988099062
427487573
166523884
713765309
350962290
855402850
160534360
389596781
49475147
178473949
680358383
419949597
86289246
350443138
721710531
917102415
541732878
849548834
91249219
7051978
146930093
204628511
105308717
790798868
178684085
996078664
797971956
858440845
514643685
753464138
327641766
204909887
213412256
182320945
468911076
538729568
508460163
478414785
967538143
672726494
58451323
473766012
150651177
195374940
678640145
910081524
814667990
542741688
780730886
630936857
87458110
333524190
300140746
196994748
934372846
490764972
994306842
171930600
899868196
501652317
434208111
988755354
983318725
92255280
467085212
91564206
106776442
760993879
888972192
787537395
298220208
234288508
83586184
665399908
582494800
265967184
755055676
771152995
80634014
486934384
56157078
523740168
731377519
529027617
236327616
967928747
798531432
983835052
359501812
45826765
900770530
884923825
816086711
52091260
852146113
970204746
811997521
253829359
109925596
785290951
322982851
765725979
642140526
496759328
72281644
544640129
974437567
165237158
935886428
278601013
123208461
95671372
19996957
278693388
509759100
203134942
307063696
9055341
179124495
936472059
860585326
148357604
315783473
469468380
631383803
563472842
262842812
837628093
925922942
380758600
784107046
230087475
349515846
719332177
33449881
344497903
266828389
580958256
291187599
316224421
388070997
643780448
367556224
344308148
423999095
382077342
738744631
697882991
290953825
450228784
508975830
378286834
817291700
563071395
817345048
824212168
487152961
106399225
528400932
314639458
40432375
65000294
699903087
812135130
175889542
455051234
315873867
871949742
729223169
65411704
660028114
956680129
175845304
407444616
71208541
924863925
47041321
375658302
870867552
859334893
253926440
805623175
989219466
372770784
664320602
238722099
316837425
555887384
700512776
647834312
692244118
325534956
622885250
985041056
663247589
737976338
945561754
517807492
644936053
441275940
382316840
128389784
367842838
370794928
215433236
667296038
608876841
752576253
43659118
360370016
844016080
74625631
964000277
847316808
842612462
845277834
229341561
626719819
925677019
361171837
179583126
40530291
889277075
513755720
344077549
26748730
470952139
80676329
264684541
464169061
641396606
176159789
455317323
186578672
945041393
778070607
865597693
250838695
102951030
303929445
185087956
504657418
579620526
708653964
59165844
923131932
346500160
988328390
202314965
404411088
352244365
584931672
137957471
88435468
631510873
759294244
791105440
753836113
959823256
493890963
907447250
945456386
557279449
802647543
56267916
484707356
809938256
465245788
541914780
152018780
321029204
752181030
887670390
952403429
102027232
490218205
207500813
412575092
588091794
373115374
495688422
45324038
363318940
722139864
733643267
113097301
558996852
735919390
919903781
962943945
9975787
962221430
953142284
535923230
711972949
699223177
618804356
866352344
854700800
804393118
135406364
865860305
56072318
235080996
29835934
692998200
358987252
736133641
744130502
548619212
177878142
59891215
569590209
890144980
682667340
841863477
12133337
113747242
979933319
847824529
640558408
979174326
852736490
158659289
692551070
182317598
720859145
479900871
430343993
974355102
564723078
77835291
1688458
400322458
397761017
469309708
159072273
973081523
956734073
792939459
876146854
867190266
236400081
302872511
932829566
709727255
727771368
851333962
937858671
161812452
868317241
191788860
827654685
214185186
665847636
566608336
547480488
983501159
243224817
717772506
676410415
689927340
610212381
171947060
868265562
441253133
763047322
350684395
760738334
159574580
35737308
255710269
926065220
392375267
189469449
152536799
614504461
639075762
974138835
294827766
225390997
209967612
888727250
985761408
644794057
906952054
236591192
969635120
171784759
791722409
129837023
750100502
415396220
315659102
829993540
808651151
375082386
655234403
703630296
205210970
827739132
45533798
119786781
596444958
435195263
668527996
103426441
795646341
308786357
140191190
223369598
238783919
876434507
99056399
886541865
544205928
576039341
554730359
631392086
679531671
523942660
765747773
137821884
65008667
750136214
985391043
43653871
841420414
504804940
675355012
392440604
557391339
622019425
34682303
5786780
94413249
813371198
229471673
175000100
625052849
474344639
578298200
373980220
143506386
785656549
988081372
738814268
427027442
50868295
590888895
95346232
412354453
235039821
887461844
974516945
251950265
230308822
122501233
609476155
774728237
999539612
4493986
394281003
421361442
159514018
520369190
314381913
422504667
110553815
945798250
606250982
881872739
487025855
571364790
808649655
675756397
354710866
722039086
932132312
527133285
633788360
360016306
107815557
786246316
552395956
804131099
856633790
243259573
132081727
488391438
64390424
192598964
252823017
448496661
896662471
905605312
466913187
420934228
108702954
288070452
714465287
112563709
443254631
129092925
179346224
661444585
106188289
22227364
497100063
764001205
277502678
890319873
427050396
46846312
633929396
877598283
249071183
764855937
873895502
596049241
735866516
57431396
746521289
575989475
97616260
897661814
883057818
70292058
845814887
345094468
755275386
767469593
247317654
981895020
942189002
685826141
141821428
282355343
871313428
377436344
28310392
890388125
67729750
866699026
841660207
481042606
28105339
224320636
288713444
416708127
285098728
557222624
139189303
255465563
465070101
722674289
139459431
538924194
876958424
235501706
883721388
242983255
208598043
22497507
160108245
17716726
554843219
110356694
460906340
968741217
624275630
943746011
477728858
285166442
643028891
519789147
781705580
447196432
946773394
148541616
305192565
998081170
486987635
843790118
259657555
258343648
237240154
637873996
585130797
934904695
442096248
442949735
865433618
701601274
899852786
430294863
477999759
330354631
403872229
50104325
849580414
623236022
497042592
262860755
802788898
413374887
13724850
856948252
157918470
525659574
279495046
441650952
768550681
230043440
297601935
9059141
795762075
326879324
897653247
973809448
800072983
98247759
130190381
659753799
383972269
716342184
321637186
754131390
421844328
402077343
273694647
703467801
374406912
434208107
227880120
807645134
694088992
214791416
113401801
661245337
457350957
408455200
752824441
331526273
690776323
288696138
446390592
81671427
664255536
185248319
700188053
459606506
985366124
103841337
569879247
961857607
799434836
363483837
999867868
279186969
531880556
874126008
124221553
959434760
23701701
945581420
702332424
409334009
83730860
595885515
770666291
372653637
657597197
356336569
295924844
25918582
778281657
659247449
509628433
123983361
865268117
928890910
248118403
560461276
905006587
476304065
803156124
760378203
854832908
422111144
745096550
680458009
996935013
84970632
455263955
33122325
681979304
129658912
108165574
66349969
574219744
948668468
665714653
708872398
284976712
223877220
922444293
257739182
858174070
738949284
707152051
636289794
982657917
513363838
907590051
414147163
498057513
63101825
351371067
884793681
22321656
428907868
627683047
431892886
569627773
442430551
643210588
490794923
36249970
656377772
224060553
609542528
366106614
384803049
554579715
833528067
834419207
792861663
583985633
157853282
754908274
456497296
843294591
385858519
2761616
979531037
440027177
229679506
738270940
869197923
281036018
888462303
591498829
37122528
385123184
771751381
331870715
30472046
196054306
148640952
822691115
595805901
130840533
42339914
668994672
876749881
806535610
458165540
281190686
831065640
870052995
283070373
337820968
988220968
814481843
440213462
971238086
868647881
329260097
604217163
335913288
750636488
575973101
923887070
872811483
428914858
547022530
607313021
914494288
960979098
401906563
103106342
320761487
603575930
400669073
442804672
285555740
901140110
924278632
606139627
339386739
687910672
79603063
317577249
861682067
519939221
542407191
929690093
635437794
488898357
439390769
429756115
102949072
373360732
791910603
661703982
473266379
690864667
445414059
805861730
335935342
821084717
892211468
788385417
259357044
874195033
413279827
632793214
941219848
4094842
736544448
838904102
95211703
308884212
586091776
945478199
4233032
478316959
717079152
115189628
802447386
11636987
464070006
830463222
106490476
750435479
214912329
888534699
943541963
994954265
61228836
978269523
157751245
895821784
536603895
366729965
543227805
859511857
191404770
183527733
703932484
195687700
984764780
740253094
48926808
340335024
255927251
896671728
851242162
985939986
102286830
103352235
497550654
956760054
814848872
206323984
850559453
744546556
15601059
924505230
654151835
345935790
797893686
748289157
694650136
868572201
298905080
32706132
392559697
623543441
291732359
853601975
603988579
413302125
496898706
925620944
59185045
631807002
716282117
431775157
928899894
403058089
378126025
836170132
446467489
640133302
458885121
739950087
713927082
222831136
956047632
635173628
758353601
523523331
544623955
632443960
169504415
865349401
417826694
276552222
948560359
271527383
110920148
928329914
590302256
641970520
521182536
148786539
740044347
22041109
674865096
200020642
926506243
959958699
685963518
623189546
179590431
599715369
35841608
715466617
75795328
571055848
723097430
160390126
227870186
607851899
553149864
527269876
237932252
674234877
11778889
769559126
749206203
385896581
781689801
238611314
360536995
779784111
733879397
786282013
893598516
952853305
173262244
195180426
334487105
437868677
870420044
316459128
989140355
625810409
861102852
876534448
573991958
243371212
611085784
870826800
230431331
764381717
271036200
65420133
830160087
23708590
239631174
211387804
280371761
528217480
190514526
108589518
47348072
654320187
679741002
173296993
286710723
773504391
724261189
307273129
624479146
363655225
414038748
828072089
505556266
758726815
742378417
880476391
221134678
251628465
26058936
880025542
214636855
539801964
249112835
157080643
496650681
485063393
811245537
598564858
630919009
135056500
118478851
97932424
430536546
984767668
853935438
234331168
605377289
629980823
176927906
721519242
430550314
868637085
81635478
435778664
970947104
799989865
451558613
817867944
957495958
10965098
926376482
680364020
530828642
891054801
9057402
509315117
435395188
62432223
532341270
654994156
252306875
351106863
200882753
374032433
621781081
890202604
122910488
708908403
770603898
502774041
183196679
628177368
547250285
637935295
200179357
121789523
899035272
960252198
200903901
737253009
656560295
693004598
927648906
191939319
965521272
706271074
140531845
735328433
34067812
433383310
356111191
506378422
146239590
470439762
182929055
115201407
670443845
4979115
436016545
932835389
457026934
271301362
146766299
463130221
617693864
337305322
977135589
970718201
944138094
972126171
535317525
889231307
345206842
315686934
434784918
967326578
907995897
914621540
129677228
343385805
417410363
109022737
776631218
478182625
280504937
55484154
390996181
910366053
246233282
25248663
220359738
929572483
275569965
554297723
439760352
261368749
144869960
779287560
306129517
498546726
48940831
62795498
961750283
629519476
257711847
833021475
804652830
972351417
254981598
68465967
599702652
369890427
952898563
956547574
817835474
862847660
330328661
986880901
925223834
236820721
555614523
373188779
701203550
176027753
977871337
99570911
708889517
984112410
811411091
743837536
291010931
985972428
146970938
598265933
511892074
596101877
479889518
444280146
881149681
155578886
717347204
780917966
17795755
161793880
754463472
533039218
862704007
774906752
449846222
377393734
725450008
341616505
52561002
321915528
570629673
649646046
842750566
247277512
733362091
674678089
939770283
837278168
894730657
100043042
811647381
20948846
919199841
849895769
578527071
888266610
15108866
57210624
70449019
472585127
958455133
793386281
104188320
516250377
361508044
413711470
807930811
601280932
784340853
957795217
753049450
908724016
160448586
46845211
431106809
972509427
433036954
484292487
821720020
248528035
595574054
810444898
73620004
242914189
90306615
116674953
850722297
436395534
949526614
866732488
594350159
420134518
302603347
172972201
826550389
440804316
376790062
763574306
261922280
250346775
851821234
564427622
187016894
546954076
477027379
903820238
408140329
26417405
768718249
414425051
195485997
527949528
773618897
14969285
829807334
169690877
558844273
919086232
266071233
93864282
122842320
831807780
609152719
405225252
182702946
649188138
75204839
665724036
982616726
519582515
961188069
497883064
105228698
856216641
885803549
92679908
228673471
483659065
628568967
530697695
553039772
106943389
271610085
154457056
736355675
482309446
236787713
199212648
172480190
549251204
31561499
296416296
127301512
941423284
588869949
281020795
749784305
228662737
279847821
176422829
326978498
661156693
537115503
821791848
474090956
467310881
145388913
136169104
938769590
559169952
189828409
356225253
917860474
163065166
661019929
816026463
766434612
164582152
128064725
506015342
782255227
239970212
801541529
798431893
543963915
348123555
628211287
594140541
591305082
149817207
361010822
420774511
859191710
720375635
474091308
25444881
778228597
815435218
836335339
773874651
934167436
68145559
864341328
376050257
728400790
48681897
708844739
258916538
160628109
682586528
231207534
44416050
257629968
422298537
131380641
851015746
985896742
333453532
314265946
983521360
263215494
448430102
521886483
782467892
426948544
932066457
196717306
792924321
16120370
737664368
461483239
193040606
985187930
263860880
440217842
754993289
341127939
873078000
913574483
784926276
242184081
554285662
595913179
842712674
646423595
330774374
170764007
388974128
296471139
129124379
366944158
10955028
42778939
147706542
747455579
341394824
998866830
846628107
57131187
820818220
982188886
704575538
787935909
679078468
554255927
464299028
706865260
338642329
27457150
223628317
615748004
372714023
692557915
707436971
769492860
268030924
51017005
739789275
116840938
120873676
690692675
220984982
763823418
294631939
658242720
789178559
901369165
88877756
158349936
999988514
169059298
28375674
715849162
564448914
598188510
198331274
448864540
104014284
975466719
410468299
974857035
772387208
246618991
346872581
795553119
670321732
311622827
43736614
841141840
354080118
709328974
224322569
424473901
241855360
716061662
948261785
154082859
389559591
784334764
428061744
388236032
703585103
373798484
614932194
735821011
738933919
15123631
641206032
855589663
312239001
986967596
679730735
604253200
140351061
432313529
527467972
940713485
746020023
722160221
120059747
268170693
969640155
408161947
552124636
508323614
276424519
399946770
211044692
226736693
747249605
447318472
78490691
709793751
559559089
705468948
569448539
787485164
246186010
503098249
543262332
438864024
928549694
468458333
161419938
91639622
588414368
358682359
156047629
730515357
621119572
452867704
108168690
442892298
168835641
323348648
875777855
138813249
992175581
96475110
311042909
878907130
213836928
362667766
781898926
127378259
782830324
38566699
87792076
777630819
660627945
597568570
320361507
601792357
363363063
366450566
235953456
847354966
168792756
243273435
425642148
520971531
711317307
111378939
158220396
8527817
903686632
916023611
264426864
461582066
734787378
210907375
314835526
519597620
212329556
119201504
394859055
182751150
677616248
661837844
16874632
925646712
852766968
12933840
169198419
320706679
992103738
753811481
37209681
952223264
424509934
717534454
141709356
552915410
652565508
907288461
473629927
250955488
169536360
546153961
509201781
401900704
631026928
656045685
52943038
857529709
752921777
877406423
79641705
45337893
116292228
61059482
769440849
420984025
385921982
27359112
779339288
542958451
433125879
318034060
351554452
411212876
78643437
359534754
157593765
633058260
130346391
176318220
272463909
827194689
287986299
644967412
332761907
660379998
262421479
743899430
574958902
932659511
736814615
636996844
102594085
336571449
734298338
412921527
336761207
156275185
559736318
13551337
964387754
977745029
398631456
439074800
336086707
340199703
923814390
929696857
73263117
292751833
745506644
391123818
90004411
600292695
808091657
802081337
239026767
876636627
930550757
271503034
486966574
971679079
344693679
705494979
324013714
657445560
295729417
919979244
523255895
835752892
559812267
741507508
960302654
130921538
760676823
462882387
319382537
302843452
27251928
977213779
615041275
392461183
429723746
970451124
921636835
256208602
385041727
226060935
494267245
769139598
589946344
619034122
882542908
285430789
489954821
370041021
154233969
284864880
238668873
304548570
541083417
247794775
688826373
43232645
534341130
17306819
577981728
484200618
875787706
219044453
352354144
420538459
6229327
648160072
682802090
208676410
31060166
247898437
901594477
659426099
954330551
72680965
930270912
349662918
558354184
557124776
887366971
986419900
490119267
550793150
169405289
22179216
225753205
540896744
827159209
998536447
442400301
863197195
495531661
28115663
290151168
781523185
502254966
953209175
705215844
423736733
38774137
235642169
667139307
1843521
260939127
231965413
828324746
746510655
829230562
239529041
160599053
935889948
929276357
559880390
456764109
470311582
280991994
585691551
716262654
121962319
90196722
678153232
818347878
344971672
156218691
703063132
718684978
402608184
550484382
514344894
106064916
261943689
511512766
877667875
334534592
829436997
302816845
47530383
167802657
399662692
103168731
180523020
988151624
437884779
712384218
595997883
274124194
267194290
569345250
123536416
13403909
853692378
13332270
392402788
255941460
146309066
292809859
599599646
654202675
608886729
626063968
233794287
648841166
93143955
816366183
702262545
506874548
280856753
993739709
743105485
793737894
444019651
333683721
205000622
8689795
295453030
950326932
774178807
926378005
781559953
557932294
58960287
939913367
949573381
828369630
360278981
495545962
490176207
357975721
51452633
328319598
604897436
40403283
495786226
731707265
150088598
25551668
522807074
321048595
541098413
571377451
218268007
842927591
794336229
784353411
661472412
433411017
521995825
304024038
591942222
84347875
624872491
407632455
655394751
467208802
998897763
48633091
754041232
434653569
878562337
307567806
735421408
456984349
466338517
668293648
962451956
638547651
313491419
695219449
57221667
662351082
477301349
943735236
338073487
887316868
840311113
733803202
138275603
291595199
351628024
394354782
450659005
804628147
250244038
50255404
94338515
386073266
8956824
390364814
271595144
303854364
981043900
201227462
403313554
58689147
324982669
692842707
528010047
862542764
533639318
715764261
472254499
211240320
34674337
316850945
736082900
949080102
425599391
565763220
921189209
109383442
229210003
777066079
669365096
903278557
141899785
882994312
214113542
525912469
439631568
25312095
750590983
554289695
971600019
924945969
409010552
172375266
307206138
169320704
110507867
231683014
477896247
150740999
564151588
879794392
10973978
307607897
511794603
826000982
257672300
500309946
508907666
738576807
804486671
716327820
469047722
209712236
498896755
476961419
400839802
467932423
687429201
970215646
261275091
511852429
84465511
85032452
593821965
300016218
806694373
459503333
192373359
569696218
530107584
660452843
762708239
298955425
238668825
120311779
391506213
963187724
376535180
305518361
527343853
808834579
478527033
688540958
104515703
661667497
887270079
778343643
355858055
575091982
334021922
601024354
956707442
422786421
654739299
715999094
408498009
756383739
779849903
930667088
274761789
536635489
973316271
161182432
927113333
359702640
682692312
455714041
725631772
411532366
386149248
733270552
119682791
437831417
427007654
311628329
706329008
553160589
837358183
727044609
982102534
434995401
652552398
516839775
392975945
752910562
540188618
185115068
739451932
395427177
641061905
231396908
11517197
211323961
199686286
295441564
730467416
457607458
88339912
11506092
636661377
902067330
786817214
851313669
300576135
740611689
149037745
635385249
424480961
4092253
600256025
703118941
502942768
37723573
476236371
725889023
769620409
734282534
533882642
559791690
565889907
300891416
264234029
695859967
569992812
235454664
817768254
343656899
771436226
568013498
687475610
620440441
517965032
747391429
243773116
686542597
764026643
13479952
338081326
806174111
426296998
774301079
865911943
761806574
55465861
827716943
943985717
720873557
359613462
233109410
901840491
674703622
555251968
348629593
599436169
659385072
365202710
829947814
761929857
713148471
542798568
765949834
982576158
375885426
848548052
794845480
440437178
171562262
221235107
32071532
879798301
740491189
942405780
511655184
605869122
122937380
291246585
459578461
461829972
873741039
836876848
117024562
862651852
31353605
371779869
326690490
271988441
367458390
27902222
603235027
262738394
196692872
404475093
679015720
515416960
529140442
226896824
303400991
546059810
337070274
347258504
384379838
51377061
896011774
360411873
38708456
675175955
641199493
247179010
201546229
470225197
539017222
874698730
645762279
447441842
12860625
699093520
252486834
480932207
333775743
940632056
469267354
301829594
617391267
133140752
286034868
969508352
364130507
703798480
584434069
124285322
302510886
459298259
521491857
707610383
45062654
488465073
132792950
769932367
908193977
982964245
462774460
910008117
894680228
199774341
365558783
811979518
248387328
339372057
149767933
683219954
911708068
759478610
490788657
345784559
864653487
734899009
820461967
863758429
524717012
884585513
763511836
319856055
678889695
203915088
701098154
358234903
710229254
50489594
185900084
396202060
987631722
36701562
158925605
944008711
948087088
241945198
940188122
161097348
189221815
35309808
731557118
535610665
990671254
78750173
113616472
673082021
679014453
506663870
622981136
378879580
689266911
509817658
307981216
190016954
421963613
48937906
991702771
939961290
824205490
921201798
822231614
841238309
36960689
875634411
157482761
510640644
634579943
933685002
387472276
29119722
710077726
323368736
572829404
612186219
292529948
180428674
983358147
247288706
487103338
734283402
326050193
308515438
249788389
23147549
291703100
191294221
207510943
750348101
841408050
93048276
633526285
333548288
474380477
400926011
539860802
765172139
471889188
861459807
208090349
123175484
814475944
208184555
707246090
632863215
921365153
523612786
292873088
319843517
964555334
178895410
3332591
870781370
37296148
816451410
713232425
693404878
931903957
198199334
145983960
22711995
554452670
993082692
87593764
475648558
170527939
789825746
507228177
43689141
678328548
175709849
619724677
722733190
517223804
729704991
741952885
329652711
996716481
878183501
525062685
138521004
250900915
30620850
205175770
874948400
527160753
197243723
443774434
893584974
243294423
968191058
469391046
129570610
32423892
387632425
776076331
145590213
863596066
156767441
589268630
867464017
99677321
552156934
632578000
907453751
599192453
895837079
48475209
478099052
244383612
306692522
577827396
598498964
733429319
474854262
4045427
264800920
240230520
221466120
447041471
819822397
541310561
185253015
929802542
373479725
115376384
211430865
347142338
846367251
443500702
112990832
784752516
610404467
703501661
894348148
819564222
512760804
918019073
270322449
92709986
35478686
681081024
817432536
758060914
545201832
8183903
693284078
822487058
820053893
287663624
273306177
947082868
936890423
722228029
232640820
585656010
250776102
46748220
803131677
380437512
852903767
495532353
776318722
674187053
802803454
170980295
262064870
994616504
557908798
334286254
739755426
319253287
724462745
250189429
767857935
106252824
750355972
463871095
480694992
751780806
180910726
539200163
865138945
80455419
39408568
185757372
385218359
554448042
25443409
109887687
719802474
761724174
814449424
558922664
923724542
395994612
955280981
105979450
638821698
49684512
911440302
332246976
294060127
198908225
279095100
639354433
834855003
19879995
675882044
277097668
512274273
988294258
762197232
455587064
564820203
209179867
292196199
598668955
342631754
976617695
4953498
423372900
872040460
857753563
95540885
738546645
33402
328675680
83150327
359759793
678949958
449320743
473557206
895229337
84669161
239482140
168044631
72738737
388110634
920457126
975591255
451642396
821098993
943322849
944554814
615173772
625565276
65888487
859926762
939638773
92105149
485163809
220586452
941253969
426680091
695425779
93705592
752978328
364169441
847768866
904928712
500196595
293137820
387769720
3162908
887877245
409752351
236882464
361228482
310903396
835541270
308957517
569726765
641026311
369017894
70707402
636859421
941293986
786492781
227139024
949986853
34952097
291339032
846047190
943529747
922016378
460176163
974196576
452431645
690650760
550642766
572260259
215480411
113513120
7363223
874108704
925431355
901133426
542130835
293232773
983195939
380809764
366869167
635158933
990147914
936256446
646055968
367193699
461351083
254658215
539814486
175790752
440683333
49431740
523104471
36464027
588974997
217124687
485992275
162035230
898226700
755258445
40066969
500954775
905571348
559624127
965012354
915137262
951373445
659080871
174043817
789583160
853893106
577392497
164534265
136443295
59622876
508217291
412332047
129851426
829373551
127325277
91960859
790542408
713604448
344810391
624347214
976150022
172271296
373404129
837179985
482795969
544188218
993283086
441369122
424914048
452071163
141851095
479567049
53878734
538456386
225329588
415125380
566043514
259454104
894705679
375403488
85012718
860444398
753172624
370896495
775920872
219430690
661769830
391669327
53209125
232080597
520399949
831598424
195797802
478769318
641525627
740948363
450633014
306751661
594076511
929381640
763266994
981413972
418644157
260188418
857866648
271445456
156645883
57066034
914321224
368016569
788800943
898232651
345808931
152920714
955551376
679886712
103726000
685076138
331703750
763415217
83489733
716538421
421386079
716612217
385311396
539561381
750281955
255041647
480942458
805141606
850687619
123690989
132757902
537052249
255555037
675679426
820313529
47322377
418713824
602417384
681205552
225108963
110535564
370052961
351100995
573495314
590811067
972450341
784808286
203654603
175016144
322406206
609933934
417552862
997401171
453896877
382399151
541369880
394962298
115647206
901053421
445453306
172140460
427183098
962234858
590168919
69392642
806819965
669641279
926565555
394595403
936545823
477598190
931182092
146927082
159383191
139032112
585894811
33621131
669279253
452839531
143732222
882269952
935157495
787336289
898391888
305703718
352281895
388660309
444551309
44250343
473138723
270017243
564172040
385709377
173346898
302836565
973571915
802592417
180208837
212321808
140460186
194537390
496985761
980997663
71453962
691631055
19531932
754664791
623326845
501992511
764747632
954091895
18235195
802746700
450258927
15066003
769109865
62717240
424965102
219956149
897615288
318408907
115480513
43258488
88063925
590560578
83320947
616546887
912185945
901121757
397739998
164752716
221862287
313253480
460641365
583854957
352009867
834496198
706737135
682335253
926291009
40151226
272348460
256230654
86003462
450336060
104652339
212037216
803238563
146568519
986564120
401129461
849938639
647725515
423204269
447252267
224902598
39533153
864173715
108635192
192710727
3978669
32711731
394144974
169603142
725933352
257426113
385780946
481586986
240525433
420594913
196004347
383563024
168667177
362283369
96396394
592600585
883723198
192966952
904322387
390016737
135058469
719567212
176492054
454873683
777054267
146360981
859917476
292301613
662686698
521143377
550806618
822400703
38973246
634305864
201792897
804651422
90208750
961822420
99193838
57624774
126852180
674303911
454356177
537285183
850204553
500813882
659689119
502043273
198068629
566466662
527044077
987447486
443277418
686161754
809973616
297251123
430223024
927960887
768151831
43888470
450667
779420733
695011593
60741726
885266593
610429259
840287650
891805822
152563847
876164551
497725313
382999056
667517965
579055955
523026828
140487670
300588256
630511927
480911111
498130886
903272303
829693305
321959394
555261882
743245982
381821450
483175011
171210859
48260272
708739402
894397590
669906744
557056374
173753690
834250457
141709039
431776368
790410811
369576045
816932062
567011110
78669637
170224569
67069778
106687690
773876119
20647509
614253803
376369773
130537495
88554728
397036892
669492194
631682825
919097638
570668296
697302763
433360357
110503959
458534468
495412836
795953295
530690151
201808770
114694919
220436990
978624074
593331487
180239938
94705577
282022869
826513667
837098228
202510397
922498466
563118951
942009052
63649053
167543490
525187488
836755877
457848466
311505005
60770268
412728496
758372204
345090956
881709653
83302081
117563199
819427304
622572656
241397174
47208563
455154259
851458535
169203419
589694010
422937014
3333215
381828431
275393714
298228137
356511758
29040376
996761403
334660554
380476174
352063450
580040323
972999948
753762215
407259305
746139227
746836644
463557286
534429223
450171936
728008024
642992462
573716489
313129981
831643044
428588114
11444146
718401242
977676332
847367086
368347772
65296470
897716528
644285249
752603437
964403174
322647766
960956267
453191519
647357883
338152387
184434948
579325520
687950507
494738779
345192752
58594590
696994610
147849096
649697015
65639209
747234115
185004431
997280404
174630255
575589039
48151909
631669952
310586987
848135413
200049329
229541032
720096623
378680953
369648999
98488974
983551586
129666114
138782207
762386377
352167923
128520320
177532775
71449609
358188331
994475868
441302349
898468492
432882693
855221803
57533678
357753735
215752289
148221564
307053264
120486000
219356765
322870187
167281704
785667176
267190062
104766203
129133055
851062529
904698544
378864632
627723148
810946433
610991051
761654899
303327189
759841139
376607253
325777770
832131938
991867372
751528731
964812092
115032533
550970700
842868847
631335939
100501961
86465595
339707537
293121031
717502279
574404736
79059804
910327201
420425002
456080965
304828811
707110519
274914158
772829997
27910854
352775046
744009796
571285656
142126412
768632019
881334801
18253184
731499741
531617008
444917398
336368884
534782303
148261530
968910086
587266516
970031011
118174349
681886483
466979332
166366360
775257132
956705692
387850562
920360651
452627262
673799022
841913177
242543916
807265284
261302790
232709812
714346721
368745175
513066549
19939639
76650179
613461594
235670443
624442270
478771551
265688655
494510821
477048118
794443310
654209678
237564387
649636948
648732272
968763457
229865158
93590627
249387059
557824102
326413953
816467686
891895180
727448926
933446389
959351030
255491542
823985804
331543713
150886503
242092673
450191817
858609293
422405421
781318520
275342916
802285493
735844716
215850399
584516767
63891306
534594514
586030843
17725221
274456033
246291988
828163972
835573836
2124470
919664782
234378543
733216400
973634921
813948711
660206171
506999903
728366534
959566083
372435586
660680499
365738016
591512160
148975634
926132314
879978652
527311462
87510684
555795406
13523463
357163891
885045391
936026104
807403919
469022369
126661448
72432585
166889160
903616437
22678469
496882533
15846836
428194112
798029885
815477978
157289184
664238030
674432166
271362056
770698542
569212690
768910064
813560618
15611183
496935081
905114973
110608006
871681405
457551139
9810425
980712423
785646096
74154742
466512502
131606726
546646975
467075233
148603559
666185084
735974280
36564528
361164990
42355558
53669008
898645735
464097018
884378909
924185552
202152228
145927744
173511435
198915600
546554220
276320845
298900510
321974561
290625969
934879539
516907772
958624314
231696778
758603178
812481692
662844726
802824091
362527919
504168754
601021610
111275337
77241333
381831574
539793057
567413451
982966227
337483392
849655881
379857580
246755308
551027784
427409885
742262853
311919827
545543951
119247293
59808778
226239496
925141819
982348880
882497009
627024669
95649398
32879658
764132184
334553670
958914052
455955003
759410576
551660609
363311394
456125287
26249655
499309636
273146760
366896000
814487505
236977370
809605112
113967452
694550465
482388948
149056326
669173249
51702257
885240424
951488057
404839391
174638907
551736146
507868606
44049733
542922428
241821056
632183541
694729369
311093091
99198445
157779746
967450859
931383752
815849983
986052506
661029802
732205469
135655126
300164786
223873986
216494125
586413596
166925614
952270216
134237510
603420657
593509057
994104797
557004793
790753560
510340422
799054340
653792156
700887334
690512042
983044663
976100832
94975366
309385943
87767000
315263606
74949919
4943374
945216470
717558210
697372141
112989385
600160954
262904601
905631542
412399931
278556040
406028470
172250565
227235361
414851900
567725383
820951253
579045315
611614293
599524851
674780266
582745416
296186254
980604207
992813866
584319433
371459050
140683362
675269534
57307899
824152920
485881351
757894324
808176531
995289007
664687977
393104896
159933258
461668470
300832104
578203501
163306514
3732156
423392308
547204708
322115566
57779879
91555518
203354151
577620670
540448651
193958747
959846935
574527093
544805570
927519982
960174596
59520662
678611568
355542325
941666007
965096577
449726424
476841275
112200237
849592079
859855797
132348725
476163473
592123812
936153210
821546955
226755051
471033558
333453956
580213826
739884198
708629645
948277162
806886041
73092917
832490852
132652215
664364211
462426285
737190926
799286779
834394047
522508829
432526935
100577251
547030797
583336010
732548968
822792497
986574591
536299934
162370134
164646754
41584627
239530462
21879570
221529184
194012721
919237000
191610693
646790615
235376806
876909844
492736314
260569261
294023055
59999426
520369616
302442869
485551960
249454840
74787742
969216952
456374414
878154099
147394258
306134930
824627861
564660470
772489080
306493861
654673518
178158876
526388220
120709208
588512069
713951003
813831042
476294722
315532607
570875904
491259204
563368105
606900083
973814483
615057514
882394010
429745544
746518146
109803952
833079420
590174472
948401453
821185793
294908498
405569857
509012061
752563209
197908164
129119668
116641476
592246176
561701571
698137684
424368375
837536949
686895456
167897066
595474437
774557316
836415218
11612726
105613123
358626030
744404548
143419692
922909358
361037501
242953209
714488892
114664191
441642014
790498588
855666147
235000019
123219336
413967380
544238989
606312538
996566074
743084637
887292270
45975065
571461364
481235201
548688718
806736267
204657525
325551654
955557491
676457972
496889269
835264651
347791213
637085288
988918133
127707397
851027596
214134026
285493656
863239173
363237338
460405261
727605753
360479844
762876459
113102478
254005665
787995313
15500267
504233879
897739159
583822321
223686837
185424037
864163968
449542809
521499263
695425321
158440654
82643428
497548563
921316107
972991918
201305174
96113842
62322278
798681582
355422305
73344309
391939072
528120874
836998985
908639189
699803179
780772839
510369108
315398230
630970283
66225809
181519182
979159069
37074979
822851699
32529543
454872090
284376806
562687146
96923502
538867946
436891813
406805107
582027172
787245178
839275455
957592982
274942246
72928676
108379386
930670350
667610209
883170188
964640355
838532893
13638268
407606275
949919065
282575608
729645905
273336724
328366956
75522313
971924609
246327529
593645419
78795715
276762423
542472691
463294589
511764883
813290311
876896919
796847259
662220208
112912446
29776754
719704919
214213112
986994278
160396310
629481094
279038685
359286736
499486846
901415928
474768388
473039723
561503962
198911226
337316738
488072086
404150084
146506562
526984523
200368938
455600866
498729522
118123206
205260921
754400149
467228860
555053153
205706672
355489426
540137094
530968465
384259687
903435853
380628098
373570931
213584673
442613283
594052514
418440571
231888599
525985678
405792385
403141571
848296786
580826370
772771769
385130623
866250267
505701601
467051127
488358170
812523457
944315941
131092948
950706071
951353292
762549553
527213464
830494484
460303464
402839926
495401842
863281745
559649828
761544000
883899074
764382549
35625105
377944052
229344666
291506092
666992885
914458060
407238254
64297393
973544899
356986080
182078840
127455313
246271293
502871591
939414296
422459692
873785574
714618418
984905436
240005955
64791175
327881624
393873318
960161618
232406327
837565332
356997136
489717367
576437233
761771999
880137669
80426398
117904121
716382412
846888590
581132792
351217599
275674107
785679949
638776549
370102209
978396322
162042870
98341793
765785392
667185625
446944825
690586540
875142832
753205131
283413451
707772033
576600638
976164249
568394254
153299800
762947785
117611628
888054216
11106653
525973828
633909861
532889216
972096582
280115090
231175906
719940150
251229116
773565976
620756754
203188034
988892428
374685644
398594607
995186836
759083931
247980358
642943169
61295114
56375222
396054663
805778270
325398147
328489880
267234353
353022062
721228593
213494021
535233931
889243928
940609753
271623023
302015633
609355129
416502364
551652763
330861854
390872104
634828815
705472832
524573663
618447487
436581281
113150374
20145581
349735254
63150446
927939377
610104221
293924563
413518076
486628954
275267636
486945138
931582173
64536476
104671028
192278065
133146364
613635244
967278388
767099460
487079849
690684381
99334244
707570867
245777535
575623257
835798061
934221288
674867265
606892273
111943075
339166589
860207498
656162774
321768321
468201558
915256338
68684596
258003158
30278533
809018754
118363153
86464327
724950009
384021563
328926226
988234372
111424891
708112973
507377194
16301647
141285873
283937853
107301760
40175809
718450314
486096319
517440277
199841286
880111026
969775441
631822522
266662472
896966182
978435493
829564585
711370051
127010020
708254404
522063510
373791327
213124684
652441240
36624567
142246346
329308679
796851639
85232143
829278094
135724317
371564326
66518466
160098868
280331167
755045574
722453035
870426961
328123787
519116666
724052371
726113938
459569656
361012589
453290325
297138068
53828035
721511017
174504269
70653071
563108127
147675175
135557793
810899218
293837278
534832282
176064171
440298435
403148700
480134254
600867932
313964217
509673020
24454734
116710105
676783859
23536466
791501521
194277330
207492723
753700404
481676103
749406676
758049006
706103328
707417999
715186361
782399056
579069891
205313459
775286380
785403240
861556852
402188284
385886107
128796589
596966702
499878062
939081906
601642741
770055303
893777364
104779506
166541028
437126353
287912101
676511966
501174616
249774009
323960107
827506284
298288664
432025810
474178588
857588211
403640938
581760985
996862673
674632914
582988805
444297946
940986747
738195552
977345058
653522929
216103773
776841124
784986392
437728030
183616967
76215066
562911140
673735574
376679233
808955280
618254704
98795010
557611448
146148192
872994106
224539614
595769330
962905585
582270627
858579875
3157405
454613185
978918407
697915750
657945041
292321642
986761809
245676664
711660009
472541694
193578703
927748734
761794547
717340065
960232050
512545597
286379400
123755930
801183537
902212252
861812984
95125128
814037664
757963875
382006705
911823523
612190852
145233361
639581055
769994377
116549398
925668493
871794241
946098163
782669296
889457390
892146314
752649126
119556828
451543523
435992778
233710150
527515147
596831399
588755300
629785941
873492457
366178003
833723835
719893749
840352006
448742425
146335220
26130141
1337321
148049807
329038475
463954008
936393426
91250394
809555748
68758069
541230870
598962028
166827450
489871201
575061175
296500101
18247569
627685553
300202379
303539608
754403837
860037951
906259804
118450671
535468477
30003795
598088052
79651767
926547779
206253182
890930139
419912952
58699749
625741941
73625091
886100131
681076585
157312659
241552488
140301787
796561172
803484427
734333521
433881467
934403433
450108939
422874750
97167530
549522320
758418365
200392557
488353320
873857099
912583557
161269809
168673432
324569585
6352961
916090282
377279463
461344696
96236809
977071256
30498851
684030416
807217994
260399388
909224932
697739614
361974984
493675151
904680680
397976971
922906656
983070870
186997920
774393451
706061263
79062729
999345001
266757390
225023475
521836783
264233533
612630036
954012781
716248060
538014305
927171017
839374391
429063247
626613734
827944192
751554667
32363871
592609135
166803398
284188142
309534591
461278157
559563137
624595569
341447579
253226583
37303804
51170113
713158246
455716377
755695797
247448361
110880893
30785227
285154451
256596802
658504985
317627830
379397604
154176056
532203974
741866770
456217386
570522209
43634344
624004462
452592253
748397936
783022419
720675871
979226850
29743911
699663626
891359225
759377325
691023278
485878923
440265117
818941405
662696181
953517036
767828395
552095300
333928386
546542311
671572273
332941484
941937716
598678407
742583057
35035177
595494135
689739990
656184408
152855033
171452337
861620484
178110684
445078620
340810026
837797674
429833392
423248415
544909555
299617004
214567795
6473776
569622020
283728740
275337410
301516544
631774571
587094146
49842395
542976151
333833564
226159423
754742492
231128608
489807993
828156311
209677154
287135738
255351921
365179907
742904521
608986426
801750211
620139588
508191268
841119753
67157058
746743322
833401126
532334323
651599308
781979187
324729309
725415682
259644551
731465272
897234555
367474439
27780439
263885248
836704719
885152480
131877537
43923030
843195800
348110292
643597164
913192786
36828149
269689764
660848788
393829986
765777716
988049768
56521345
21010233
193768096
229062779
836913979
177828882
180724756
789662497
627443109
629062063
652939181
179925043
810386966
463809400
564123640
388738671
566411183
207994898
647063427
551517270
247987408
966073974
645024142
674673237
898937689
458271323
743548006
23141663
97865186
321021886
612876085
416551120
458918695
654541267
743431105
159430523
442177308
669050666
981997738
834441587
752945374
50667131
331035996
837214846
717768617
965187901
216745593
668760413
719928705
763944111
460644661
421225926
273593624
417698646
715095649
179745542
472724447
305497573
972985019
717590758
830935675
33134312
344735393
242209904
598497015
824315203
40186173
560763475
933575087
949129284
742013807
157280494
261206467
448261132
630164898
839481009
397556539
836368056
342556205
211126056
447195613
515976218
54460089
192813493
725759002
769525591
277860088
19777738
472561744
152012981
386029544
145220558
767343708
728027420
961192704
342876801
688756679
931789572
681999911
993910708
399216074
551404401
373371660
558066100
989807733
919572420
769681370
156220282
274950724
932260068
173776046
16038603
119588027
869907148
643202552
904146560
590705460
862688888
65286444
482630877
714211091
43413876
590843858
874212229
597106731
800163885
131268441
149134817
592302113
741277796
879241011
921861533
705546265
153275041
364366414
995660517
337128345
959177601
803740771
285614033
221044173
265914883
575333884
296422950
790436736
38400101
110125525
978427450
25987692
232602615
61337036
757182318
228365644
434189004
833122948
577804286
135831678
43457298
828586219
499581723
126984257
176075379
826628271
653275029
410423730
244558645
449523786
390148079
363851246
702675146
364093461
110318183
897636617
91430990
477413223
194488238
553480658
990576583
321220148
664356561
704382228
318251451
218014575
67896023
750043419
430855517
388100187
864153010
855443424
2243633
698272296
785176250
1693671
640301870
409829159
976370690
663537242
142998871
319006773
449294488
457005284
204783397
117398556
474357605
551349503
966842162
313485858
333711240
153994752
956468692
519232100
234573569
399018304
225326540
822707045
789033716
976900270
655721680
114324215
462704520
129735040
235964246
420328373
446545083
100156965
882329312
780537883
88290685
817608944
965356935
41827756
491366781
464671385
383318358
267800931
53962806
689539102
461388465
278823917
81760927
144208541
925572954
166397606
641606040
516082898
834672783
942879644
783192318
353637566
409902025
333845162
391297387
398287370
707076434
366985467
515585361
271115201
213281850
369935265
655946021
12143272
399025300
738346215
31683181
242379186
996134022
955786777
503094344
721476107
489770133
12134504
431557620
673846320
990375263
487903426
604138418
575484399
558780159
402776744
70249985
165573672
233702181
850670579
609908798
929415113
404090871
777715714
592284776
222063451
62883748
631954537
77898883
731717
237668856
919052795
353221130
542427749
608881078
523007167
97079903
70165616
747444228
218698410
978891573
68165367
655855046
879197678
302939142
914346872
497249401
502363344
715263078
770144630
158683350
878962254
764960962
777776629
502637557
560300744
923131707
577325518
807163562
393295304
643033565
533959683
868826586
34332848
932708496
575449273
483532996
440141885
922022399
304843087
39545015
247545706
839357641
530564778
260234133
713357738
796800264
586876035
428845165
925224208
268968025
203058222
457590172
994071214
898045469
739809483
608421129
80974461
983921837
696697863
767847702
149223668
563397558
349045208
22224229
41089749
754933214
114189348
487722363
684827612
147911072
587981826
920184990
701413670
352870685
284914268
65189978
489520204
522314680
46770819
523726957
156839177
270914930
509970215
502096153
507483752
223505314
600252282
926264152
25575837
308050763
697505125
155886765
302355321
696059067
580738567
9625023
541203483
258497968
919639528
958415347
610721950
870634828
881406037
704605294
794328075
354305876
279514793
178550836
731892980
294434239
719164867
746305076
432034952
114018884
576050562
646136322
121206345
457759175
845426195
203749498
815253111
487056701
926225462
245260818
158089111
702465272
566181998
338089542
526532564
484725520
103738672
824916615
237700726
944997039
701582508
149308339
517599037
381216277
42034178
491783648
482602955
137294489
465548907
119367105
216312690
682529611
249669856
68540429
420192418
736568652
148072626
952211247
151957452
952471
191524378
946619084
889026379
108684326
810670592
762759608
193635064
611874682
541025104
858018346
867773046
5569594
934198778
399597466
493252755
413615310
168168996
539614748
135111397
752186326
504435725
692007127
401564116
28832166
302184747
948160233
522010557
862993223
201089192
538625647
508824576
214103076
3616511
901275780
54889288
665979645
793086668
625253672
650977044
76152036
999447408
499602943
764580927
250550161
653249137
419347971
641801716
343519893
749726536
706377757
281874293
648233008
643328884
585148857
67703209
445056861
571653626
620899000
813975068
227648291
287381532
22179171
38974016
499319364
679344829
950750782
569461566
93470541
21565619
5182544
49448874
616801898
610236170
674126090
88891154
303331234
263063899
44190317
584776011
893102938
701075932
466569773
912462064
623845600
454681898
602452837
702440642
393140525
87799009
411096745
364091779
53390118
904692370
312977529
424767864
809179259
584143869
578506031
723132677
582260166
524982594
276564773
968876809
353626395
176441029
974552592
71458158
234763059
36974790
552613883
133408121
232893856
170524181
547964297
718638159
378877485
528070276
108407975
278878026
38488340
581374600
737148150
580279080
931878474
618276400
509156314
155555288
964242214
620886469
503446972
826994971
684071583
76022981
403448961
549725484
428776615
28276503
521785712
958121774
905511200
30490712
980539311
958908611
224046179
456952805
595148380
677701869
125131583
506866417
648278954
437430868
276369857
849120528
586290
852766363
959094653
974141747
710374597
477521826
847059310
12152810
12308508
374682694
893215564
446275875
633538488
710927544
511344083
775414262
688989681
469140188
499081478
995404477
563170540
548096153
613876212
965400479
898995029
696604702
50761370
176011630
628913321
617902510
740002298
364700680
741445458
895952880
572380688
211677753
278615670
703324685
969986824
643510656
140520945
548744092
716765506
150135027
305979326
342306925
187492339
778375919
517245305
361398330
241904512
330392891
854490517
319565638
69664969
868361812
541042290
805193304
775541523
143478486
226492747
438482220
847188438
782448051
125994389
336447596
950613240
65213032
464790399
124467672
446987394
22643241
346039486
786577102
22006158
216530590
11351893
848743856
355581168
787293309
670262787
104064567
854449300
404576674
733945978
622011872
374638599
872964730
176134040
529214579
691438051
341452601
87584690
739430218
932310369
240119803
103483398
930678164
595020665
674794384
941785758
913028321
826141028
235526760
204370465
479424416
322775871
983864011
526683122
279577681
466779505
711700430
323971962
855430829
40792924
187705712
172389852
503097961
556544267
854947342
570966074
420928387
26418772
121603090
111834711
427368507
235538906
620677548
920552756
485858640
276885092
755250088
172427541
116114252
463353198
22477266
918567911
480003636
389747149
938960479
129652639
438216578
193645589
238449890
703623069
813627570
817149346
771199047
485430141
642032367
882068855
819405780
667359326
833821166
240029181
392989996
445262812
34117051
674154301
180898170
896479172
840964926
704754553
845892791
597786874
460621654
942281521
281896217
659760295
741406832
804050178
785052997
782977013
822266573
350600225
431815821
815171721
806206028
704543599
1317302
678384341
560343357
680831298
57995535
319839397
63649310
951693979
432479316
221612948
667005635
311982601
521122250
914851078
333928541
346712568
711171523
988038327
548033571
263179655
756403651
918127164
578036740
492142169
91540741
111361963
280365734
932621046
79941921
498568646
77615290
91112185
429155574
611730222
920840079
790316379
171503916
573294502
805072844
911931382
150091540
833880968
248886063
363304038
157589044
800705393
282741058
304092056
248549280
944526689
319088021
809492087
351279800
941514652
748584582
313368009
861570432
986980127
460018164
596209897
698185039
210859869
231269753
713935075
423020992
670000008
210022718
896517997
246372429
203535208
810393202
602185573
691232828
965909946
507871302
239044872
507888488
328466972
556532428
350813688
370957901
787707774
90555279
563646019
365535185
258798245
982059040
674587556
13275886
810230840
746212903
942699148
869370362
216335541
125921919
959900569
215515772
664282281
854385190
299824132
572635664
73229602
210801118
882868032
887876885
672490603
728723087
16524953
506040437
611735567
744465779
494813201
420606942
819164605
320745730
374313940
661718275
452192454
733561962
319057070
728975624
946141733
439254245
951116427
155621130
983725665
204182716
151154232
463032944
321672785
410809598
522908382
830462210
567678736
541103732
901010863
491948767
36017223
275253171
887788754
146125135
920099265
234903553
281204166
210876233
90439421
720866232
452310955
712285370
934950752
629729615
775302732
360307890
293462249
239983252
397311851
49255171
631417908
482413079
651789366
521324376
276867544
295513762
514023982
247407916
18256239
548092782
103057792
707768505
788217889
718152123
287246141
737085693
582347796
415890171
840761728
115826146
180144354
629249286
92078348
700107306
187949631
298367327
18724495
638085321
590439211
280340785
517286983
294235416
668732515
466587903
841031798
112503461
452640202
491154535
763681273
528127842
451882281
898586955
411311204
509078403
642924732
827827309
144845166
353396891
76315989
274976834
690191428
960587819
926187944
545944481
968275511
870648468
498333545
745004455
783241710
320388783
397206198
346864911
523142421
268230502
614712311
305233544
7006656
503619330
994482008
408574045
409675490
760714321
536299743
163468436
485144702
819708871
336933767
268621698
8148310
620200497
89029082
738758174
914449521
276705686
162317179
473591975
955280637
51343040
659751929
863643817
152747833
632077676
521237501
194321293
819266715
271587989
903005204
849990238
343862957
191333758
708182658
532156206
572777141
125283074
213746876
251045656
283797504
166451218
368371639
238971324
807414562
70762793
560576067
395314372
396352076
651279614
738098805
545094226
936176502
773520240
328665019
98523218
633831060
550945269
158221648
434788960
218047205
714767726
23063972
561448378
270266431
907056320
250895152
710555581
980398946
966565160
543060385
353205441
953829713
500099737
772520007
230064198
185595337
67444651
572464469
685952790
334317000
251749106
113050307
12867007
970779166
57699908
756705519
391808103
962199844
456349548
518874213
239577955
819085234
760506162
666984859
62602258
917332280
661380939
108732932
513830912
967611966
873353020
858441073
527144869
750477341
136340513
304457750
944602696
108962098
994664324
179278133
956569609
165505825
818474301
105176072
478520350
103819805
190560407
578130201
125996623
25320632
749050186
785630551
873728912
974489997
651297895
563907443
939892015
220406802
622928669
16574560
566741877
529437394
866092008
626680465
797757172
514370286
387565236
651505155
471364643
818071742
471297562
472395144
10454831
733204152
37311599
880305745
915382826
135153690
332577152
451372629
100998432
57178773
706572895
69943503
7024178
354946912
876099843
1853719
575900181
67033894
265240497
612774377
351934301
947557144
897641920
734181512
932818523
358047541
915708528
59872658
493341111
328381115
937476735
511871865
640894792
551905074
937795497
904735955
466638904
695073964
897310618
164685116
400291234
658089573
216456148
152056461
414784597
253171929
58722264
7874949
966582711
576650677
32629894
817294541
330417533
267096308
395883177
997477262
463815836
376840049
186110220
804872459
651124399
287161741
978827476
236413087
549782306
304405115
875836642
774179583
366045195
98998142
714593693
503751684
10180939
510975169
390686466
968699571
616325050
463750055
398575680
109305393
513599077
830488241
979561363
329539316
247887960
193124486
328391739
33598903
690352640
712871184
871129564
949796868
280077283
388109883
708295824
774561598
479997313
492539109
492079535
597272377
202974931
447737206
283833556
360927947
602675012
675914573
859220957
541792788
800058422
457931183
895508613
492582364
702293387
236076962
613885754
797675715
100155666
294783251
990216135
923912460
118721006
667588359
170509060
263506559
9143110
750770396
697040275
973332192
249167859
810847070
643986170
480318555
433016865
225275377
698207690
402272801
739504660
36702485
124360068
665047931
518660979
842163337
227921119
807161568
456667080
146251917
555713069
61233721
440181315
825363477
396482053
536570588
98591459
55194310
886145131
957598803
27502617
995725961
249338809
444684992
204480675
485726392
989356387
260510968
238891412
368694859
617174057
695240414
256074639
141893608
530425918
142032597
392818359
686160530
767270935
264546591
600759341
833848587
889341750
524051440
507901804
261885021
311131635
685195573
240902144
687317739
427215531
906764870
260352128
618959017
990355230
731127314
422963727
978474717
521411831
41684767
347312220
633886773
148620241
51576152
512722903
445199706
75522387
154770096
922338913
156409090
699508253
569506516
146844813
753116886
402885232
226625862
27575807
207501823
91352601
97314438
805026091
528365496
615746428
954411431
79151029
425528207
520380253
588067372
162304316
831800656
821094159
410200235
871250192
234041125
891515381
15377064
483547761
535614312
336749847
368521316
91425436
998204239
213515772
650300066
790562437
107123933
348304580
679575896
174982043
212766624
710919294
380399264
200932303
301687828
23044878
271274146
553212985
789002826
4113981
239553563
586707203
631719237
418517258
633190642
986938548
134139089
684441493
884941463
492771242
454528365
54119071
800563155
962737025
170418736
527785189
730318820
16475789
745334790
307860218
244596404
513252986
624547935
786174689
896757345
115799766
464939186
102011019
7349954
634227422
70536650
457776195
589195403
705707253
884617430
787960313
690397863
538257988
659620841
706559263
533049309
263448264
240447885
892802030
930564512
461417688
134015876
997476626
981267664
273367997
63573125
743499962
793256128
510344321
668876713
914319875
969758363
217553103
656709885
978946554
889814455
511966281
801292457
309323966
369536857
550742703
119324989
462274555
458282984
163490583
980039682
756047333
624678503
134463885
121961032
628522754
550376646
535205051
137930491
337797587
454205954
675707976
688607623
801123568
420655798
911712478
339589200
209248907
349224464
330954682
543469603
594446908
849829213
165869212
569562329
389980799
930213455
279711114
691627500
487632823
784232302
967078102
200399135
18262548
226066486
920910374
291714279
149348309
754244311
642950551
278652637
270408049
710076589
86077141
744996434
785306391
896069089
991432368
925992200
767538221
616451376
910225175
332905442
542721924
721666639
539992675
465840986
952017918
915034670
603693788
1453499
477770184
215113786
636109056
604957924
371974214
660215950
266462700
823341352
552834662
652355906
864918548
518486348
740455740
498915269
468439052
140384955
342988425
505249170
776135321
638569957
817959980
507062841
39323275
26856213
641235664
469803006
615006029
272040399
170208359
948302165
959737806
300186623
982268220
93565787
486218180
670229879
717902994
587938328
442951915
113373279
154432284
479193299
228424601
696182322
195535084
997323065
584572308
712118740
831463814
487403127
352004873
237794056
296854603
5649066
789416282
795637519
60078389
911739274
783167559
24174431
331441393
567296922
667754456
838719221
253919325
829636503
12522363
42941132
52009382
176132392
926984535
216672961
381832208
366323535
928803230
518880122
728018902
662369017
563602871
863169437
703679064
630221847
949518231
95080184
407477677
801110774
929469487
936558546
799534667
342273513
394760482
312915486
600566133
360033980
250289459
246330184
790655004
813997427
328594793
660488395
420917344
869265693
933597959
237453353
837175330
370038981
27083268
130446186
130108098
316925868
869767979
298465464
15912783
528394747
210124606
12839372
952885742
919413214
111877444
211478809
872592398
891261041
638043108
630090946
797812612
230649071
449094799
134704624
273204212
119877795
406765189
986575128
562980130
234614629
531453637
73052704
345688158
371884529
515555710
737596318
856880247
473382596
262600406
458093484
711953015
742901999
507082500
547310230
166822100
62019033
125098238
654093175
545737615
591120858
965235040
774423437
125874718
422964879
641141052
905724968
163983015
232159059
971416197
315859276
214048171
236746420
620739497
212192847
67244735
947809193
700917607
280995046
818137247
804407559
59175257
894434549
328618392
908255600
723291412
136301681
692662191
930660840
471780121
732706972
775740193
918695995
655507065
994710460
769200725
886770194
676793407
455563066
223519857
994361227
671240415
907269869
564761116
967581055
388666330
532140542
791442529
397965464
429058592
906938029
944684308
554980266
776185837
840109702
40133267
688141328
3880426
617968720
62036558
73002771
628344294
674559496
11647976
314525546
716862830
839274575
618546552
50524951
792991518
155417041
148245018
415265248
656699319
222104020
91392911
37384731
904479788
758237167
953973706
563647016
951123047
143069707
567128391
283940481
243133587
308415668
225080561
283608789
867575760
298363494
637705306
12228383
526523704
497454560
499296556
21638324
732163220
737780461
546243453
709302170
707462474
114416601
536006310
960084053
683453720
428308513
623182577
484116896
788525189
162011429
599992376
41175534
989676917
271178848
370725657
446114829
730912533
412861031
635904041
753841562
877549810
267839010
706789404
576013217
157551800
787118987
362179618
25973994
429904977
24145445
21485969
652216080
630453437
610305461
253614310
125942008
974397122
573721341
717488724
330652890
622344345
687870142
216729722
915704163
475189287
339638396
623722165
472239517
970337274
265780099
580960601
668029186
190912542
785599824
599011236
921843296
502325702
92194979
769615290
924264466
588815312
806469876
494532977
621314290
211556485
360149805
851990751
377357825
273609918
315488327
199709447
402430382
563913382
777284
134070434
207734683
957465129
315804547
201399649
973181507
596527040
350135014
796165478
628626909
867183015
285020923
312610138
417263054
837216693
852056843
455085481
778580855
982244290
76263058
172256427
261169553
311428742
279399829
989139371
266927907
918865514
136676995
43873144
612793226
84430802
431043546
684346113
842455137
467808766
763821705
883283801
968275960
13290570
711730882
883123163
49278090
470420248
598709993
122582707
552488876
702382098
658463661
485924534
465733203
618040901
558579621
450505595
630682205
30154495
260804943
534676990
329924927
436294105
298369836
479822003
671534848
664772846
709398605
611676905
703375285
413955862
843256881
63520240
36303501
53726607
660968512
340591055
964710324
192134934
546969810
880687274
534988347
64959044
76286884
653859152
55257300
572853767
135305188
513145122
77276853
895136174
84781406
551089200
938658920
966378887
92879329
592558329
74471366
412808509
33768603
569722334
774230304
863172801
320497766
42551648
228770359
312701798
384321297
590520167
569867821
417630957
23175554
423725814
132020769
756407067
212337996
754451535
827827962
603570914
362740481
931449651
317072720
905269388
977020665
210472150
883821789
446585522
997802499
818293863
1922192
503460858
9699320
621784795
618391195
146512853
691212259
853269555
942506167
33375936
299020740
719822675
545041234
38807201
591649639
38818344
31523557
153867813
895818392
975338193
677272965
270192608
363719792
491793668
231721654
309356951
637705252
119991182
296197541
258812315
396583711
220834860
757268485
595619432
943145691
492955934
34751971
136000995
269633080
643260660
661534769
596764903
823991542
890900894
221630983
432636271
297654065
992599768
105901064
677970281
368657659
892874834
199052050
316474914
381271089
927044777
929324565
374456447
514615737
882737040
547322892
847777448
462762731
888263113
142646242
240913965
495383849
589890739
644984181
94450123
586231704
709783196
427517460
132341192
523699713
443748490
119165184
86550985
446914623
921190115
335135630
626227699
351596867
316812973
134059469
258754467
59004884
545721061
719283179
146782910
304710651
827063654
166420634
81711
238236423
454690777
98997669
31225979
373322371
581786422
926856292
560294240
108963098
603338832
553751934
340879855
552801483
624213305
750801013
154423213
170174014
612249675
751042260
242152126
887784557
647874997
640265169
993753430
209797077
846154381
679387498
471255080
324730907
474226767
746597061
341837338
34850189
347477166
376828017
42043448
100212879
267196239
106934863
586540118
240068096
523539118
524504397
512236739
4707190
693001384
833063040
321647726
921614541
592369259
568219837
502691182
577834306
235471880
371186241
25330693
722487117
830428393
639060724
789292460
302781671
362362748
363175959
407543311
282727977
474369006
133428430
106269133
7195523
507785738
895115730
162983242
562937745
794230744
888749358
800737806
558830145
736592028
42913041
92635453
395850367
17382433
913087090
370709561
533090124
781533598
229919944
305316532
582575584
409804390
265110961
997160797
572802068
923778695
72389491
521112078
71646382
541612202
726469423
215190165
63897100
904733586
235041326
87871342
187921732
282272108
401129299
852998083
314281537
43675663
831479234
729774822
877632537
52073683
468831112
231352574
434650941
420837702
12169747
969641130
387430336
782192998
804841689
354572089
184155590
938017511
389854040
918046611
395472043
831574475
95411361
543965818
61783349
891831021
747157908
707380477
831634301
639231370
468363768
417449416
303570146
848230389
911289426
359024299
160404854
753294381
985033003
896364578
74221968
629652284
817922788
177400979
114533393
339590460
721490846
962596484
933428283
351745527
330988980
955948819
684889470
781537970
112620289
78240761
964911263
928121408
588673217
174672812
172095362
780693122
901090853
831269986
318400307
571368547
559883700
616898699
350218586
383382375
208471229
765883250
840518743
564844874
861550840
972816703
183200516
479208019
602572096
84433318
225507235
574496422
324006610
253975594
545859042
144617753
132505824
163166034
819409810
896278000
733113138
429828649
573266025
796062923
771763667
367250390
991174937
486105185
411805369
102653187
340477970
133423273
989186136
555173942
563059687
66535789
836036955
679952775
187050504
493906816
717129679
150087280
871106622
815136853
9527687
5190823
956285721
101900395
246282496
455667233
188636894
501044273
516074220
777252457
244485974
198281455
309675225
736101131
988669401
896343014
313199641
421128694
991152
664216562
792815384
51609771
381650959
101411034
664669717
573192096
698033288
742617853
71706715
751348131
479408567
268455204
714735426
564451491
471866931
488670351
784064152
326740669
151961785
241255117
408729471
235834183
292754893
834794188
453273450
88338707
479512808
715391802
808815823
804031540
179884887
159269592
317386818
259530800
248785559
758229543
203385036
693376137
17586879
925293781
984242209
682114868
367062919
270575972
669255742
689834404
450582553
940846465
960487181
590736644
699375136
997500284
498526593
263832252
459433382
46600805
630386596
419109887
601775892
494262919
737242415
862482664
472264295
25556684
903543478
902094322
147225360
819233595
239397395
487255558
545488000
514664817
249401386
268577488
558495759
795248817
224515129
432611483
254317628
518795137
180611402
632126333
183128390
73776626
260656171
927220020
755191477
467459309
183723529
433863803
903467458
51740651
621015585
974753493
659158998
830030034
14047989
740313873
988052150
763718632
967489060
163146591
472191455
42681873
750818162
103980794
629216603
136744542
447842635
793005795
544170382
714677000
407848089
836115735
596534428
940471567
717553764
965018600
637204852
561300629
566293130
719596470
816910468
669672505
229297224
25379379
639363157
521047602
689070085
840332870
295052724
902361108
513129986
450461788
688530538
837346505
457752399
191113970
376443777
643319154
535886742
167024438
519271812
603943980
835801213
163325159
437242603
797073651
866151853
622389302
53912360
982931891
279744066
272198189
402096198
893116418
295034921
359823878
77073322
440438032
601083668
734301484
354843280
733066357
528322391
191007828
672572721
383923577
654346674
641909995
924812838
660972428
221017169
11061196
629761055
390528800
84059651
134953390
789471287
372454355
867627850
630120091
468021334
253322634
237421452
252562031
425571675
983780839
940962987
903661384
171328062
214625642
449915612
856974074
562707443
423072961
135128336
973307271
240292751
756055757
979472853
637807227
669775782
344549054
995083831
891224285
184313208
461058847
235024996
594080124
179606083
323385452
195847729
632013243
987858249
51094601
866176094
109703513
999500435
434871293
583495600
10429966
869318991
781328423
21556483
371400218
177239529
598529501
370031763
41704906
14257045
618059157
279026828
603069755
208898075
697781920
798314741
256111537
890810890
926903333
583760037
449234677
376546728
294308264
224022274
112080980
997067820
921916228
826137681
1210827
237796463
280201077
833441438
528692005
687215594
90919008
654115361
869043502
633129143
963328342
151773908
10011914
101540386
784243094
276671304
823056238
648761282
903413994
499682916
991668961
295123898
399740816
993737558
913609917
91943126
90607607
739206515
320099843
241491788
474003695
30613210
771812492
429213777
293758596
701184294
220188408
465720401
703232238
95666734
648825749
144114416
739119414
547238265
673807566
176717313
178162775
907847062
866334283
176610977
967993531
791927724
773798137
92589884
14621695
776410879
597270387
853924930
852343093
425453234
123189242
666710780
415596059
234762096
336238285
973146368
783502084
869665818
873811986
651031078
147132270
125589908
10386152
2648845
215129580
216774941
618383055
72079748
913854485
669698104
299435169
156060897
445079823
775659317
657032414
634161949
342257772
664645992
816012500
61356611
585585072
197233722
17793052
2095411
122995612
990467847
823077915
391426171
335716773
487367231
79030969
485788721
264263193
365949960
667400502
134493811
992559290
148128428
56791536
837191214
953950809
836303700
226444121
92839117
197320813
904008370
837253654
791297010
116877054
151461263
928407759
903711055
971149110
411558704
365789159
568939559
641238042
246829531
47162768
122350473
150681682
809473647
412697435
819705807
882810734
536197707
850447992
131641187
414604643
730805706
508898165
734969973
215669351
221889451
54340622
104461859
346422673
119540291
418135033
786242467
614449729
743529769
248960898
985945119
379707190
618668606
438703708
158691276
620908471
745073132
122277551
927506940
561396381
697560955
510668816
363965766
432114520
656545935
472944681
469837429
654661831
759486059
609130528
578864815
572134177
743956882
938286391
28845751
672779190
43624022
683853246
343586231
39376167
232611498
252854949
155121042
744898460
450381350
648792878
513757383
386173037
110932222
261584561
153538743
756403496
40764418
472881524
821371392
745552413
174989219
85297106
619435437
912891736
194859085
704926989
822590613
619709126
115103647
787118561
674060725
806261609
842509148
537183085
458453290
532897709
551640353
593326345
340237091
970609592
103408024
743075837
92841282
609394545
246202542
156109228
117081443
819069230
550029666
325737808
267233588
555824967
822515063
836517303
823943785
692642508
267777454
131519140
99363260
630091804
715231042
95275468
728725341
97054669
162090243
285106645
346992925
930532165
625391754
18842490
393445990
187313295
245202098
359907822
857587449
705811892
585029159
41512649
473036269
735918824
601417585
163646600
530091708
966014213
63802282
681147942
487389777
256028542
629915881
634741859
427797425
28931295
732613573
203614628
563598628
640324762
856665074
695637335
532102482
283326739
32530573
201049754
867217042
612011959
110983220
311043073
314988341
770037062
442093933
63822390
530482031
938076873
427725941
631925877
769180565
42775574
170283774
620274593
684023367
34417199
450970296
789829007
233236950
405333231
37704071
106495364
130383231
392093713
971229956
916389322
313351525
239092717
869774367
427644759
393609824
589459158
981886552
695271306
640487701
868851370
534062805
443552282
186486678
236638355
831733929
276597875
24903967
959619180
462945530
347069845
522578731
655604540
814949249
839385096
866366609
888479023
941683158
209325277
189227331
58612482
888402050
836471169
270752871
581976891
399930185
700368321
706702646
71246176
568831052
480329695
583369479
656471331
707720607
874834251
242678320
600363188
83205270
692793559
525281279
632831159
555884110
147360827
743754070
251515867
875324999
523000434
951312846
686888492
790322191
844181732
365292661
560455142
97635531
771137679
111787093
353439705
219202993
307766793
402603980
923573548
280188592
357997275
954860878
8499886
508080627
634904183
31536215
181389879
311107525
99912571
224367825
458526689
963577921
919856512
357591341
981157386
870321523
893781150
855463929
90911187
954314298
271072742
390782629
421742378
154597014
304509521
736218131
227988816
965109462
184302995
190363516
673835005
190634854
519857532
987894267
895403309
679972731
445310181
995507056
829140691
865051966
116578863
689922266
428200819
529341422
733861712
952950023
79294072
723223690
69189801
470527286
6766595
70715315
190559128
653065109
814641526
276930695
992039523
36121312
327734583
120715358
189556928
423370189
907202868
949005230
908686199
730143681
794625364
379806498
310202779
124208150
61293321
184747139
482846050
904405997
323375735
224040692
943725575
800138393
652939122
212812598
981502006
886748038
579624676
646863032
645271202
157276522
146347576
634318612
64089225
799340729
882136239
810933850
600680071
999607037
40189877
236722882
52841317
637315845
689730663
84515584
11352208
101035875
573997016
176804114
897029683
294366116
664103816
208212089
569061913
567934637
324360007
109294476
939965706
561130264
229460670
355292050
870891049
490686581
593584083
770404005
55711646
282467337
976529351
584339727
653901685
671374533
317583920
213107101
648452685
194586522
273901905
709194403
218880030
542786428
890295804
333900837
420247489
390579666
302767807
437206739
586471009
952086561
867510586
80446936
255845903
401782048
458121586
754479410
970072983
568758062
98947572
12818784
605175522
944428705
419865170
495139197
115672597
700913250
935671554
384520633
576615594
280941256
154149480
101069212
775335557
481400307
478114348
171069156
880517262
631792672
494689293
588289081
515086069
351255084
803653306
205768591
345140674
383309417
513159887
711209835
418485317
990802097
923853602
256897135
139332134
447572195
438998528
353934798
623506078
286025283
594133292
574666090
229134650
68289967
717010539
447345509
148734227
141817175
766426695
117968849
190141632
840861829
141951142
644449296
219980031
982756394
466042046
935983351
537009288
617683386
767132947
569774035
975305263
843198264
232881096
971185823
52792228
444738276
767482848
370958775
950119180
458657258
840125467
325128371
100019970
420342025
629992554
68966544
280784414
464199585
722243263
611987422
785564627
865353889
652854156
83044762
761894658
629460484
974754637
753458914
977480502
633009459
647464102
701314161
449757386
651843105
698820688
941110656
929269114
47711575
399761221
734026795
909942335
631637759
963010825
776100631
693589968
655405626
434992454
822129489
971745999
676861337
723038897
214713116
964228637
235124370
832991968
886409870
722421927
897827860
979042088
99291758
638013725
191973257
109207674
892768481
904930628
715788982
703439200
634044904
302237047
21522146
209428573
991248629
632028031
969003498
506628104
804499207
182677839
186857794
813076762
985573201
990356846
972556974
91115329
956869210
21975529
124196941
445483720
504064475
246806127
138371147
77175416
642634356
868842110
945693653
286647771
593671221
184470924
521251144
955965718
384273337
378782116
539308643
620037927
383182492
478537724
986017848
678929349
598238269
925432585
712726320
364887712
136844416
606267751
360906995
391673665
956102334
103188832
555297104
9081833
594468819
492130909
545393192
743780712
409980077
943882514
925651532
24776969
268917201
355053060
780311635
190720454
346885917
636382080
818757474
35816399
128323020
147205835
934419655
190340082
197074912
212050274
767027861
866667688
813102690
971392103
456334570
824203837
414305389
726637769
735562457
375857923
119523273
559308340
670935618
646384550
734280875
992122838
117017373
344716619
205137630
157333703
275251019
718329006
517728134
477845377
6586426
519737806
613657181
808829921
142895189
934391910
426312465
700549955
933308746
202038230
675383817
126100318
936482940
308031843
677282435
653688863
985428609
563065832
201878596
375008188
255816804
377981575
811194373
661652718
526619702
251251228
217389578
215192166
796178084
549098417
106449217
244600052
31932408
117026210
938915256
819753127
369368017
634440811
88945819
308949240
908369095
744051236
194904121
962870443
416144453
675700940
266703871
960676078
697233449
181214547
579531053
584904554
892225394
113462770
223106870
504400767
760527699
998370447
918227860
104698688
498207860
37694510
794400756
50869884
737505819
188462134
958249656
277255101
450435961
413056480
167946372
24126289
711039430
347622594
47869282
220074597
188388969
374244531
618799834
832665280
518552689
361138200
621982815
564696239
727631690
695338120
48270276
485303321
626922207
459413113
343592493
377979370
911348324
998022031
741067232
829686209
835077940
42881098
484987517
863007081
697777380
656052229
428747466
239942258
920959207
963731731
145991244
801977174
702246320
928571465
449936606
169304136
31319982
83892782
859270222
724077187
67629074
607343015
203252602
805942890
828374359
636098861
984345840
88410245
393421523
995424554
252740273
996482413
79429440
794588804
264922766
631410504
266465464
15084320
302591839
395623324
990615027
856351183
936168797
718647560
14133435
67265126
25434995
635996803
928023743
148513373
969248127
835802937
671903845
531412487
174349657
372867702
508231507
102771308
15243821
528680237
573565599
361774850
553952271
853971609
917655243
313769651
231610813
834608642
597714514
774234592
760032609
501921662
300104291
870068180
966225540
324943306
668476876
187922682
629761042
984090459
986763785
363018032
109347516
583645961
95154639
413154651
842862214
685158976
600739787
623019562
982758688
102083102
144840523
104781062
540870836
914466333
583857789
725184780
839189682
171196872
86712748
943775825
189327261
660608849
303868654
588378887
946306286
673420230
629855525
373106699
428326280
480687762
415378387
935529825
289788031
808796774
655884300
397753359
995385099
427299355
612873473
111638952
679920414
172560629
221043386
629211043
707600524
199409783
76365394
57967323
820245729
171711647
771411065
133144901
529606165
365364045
770135017
983279635
138093517
639516040
592660005
878186724
910047160
740234431
346391202
954855739
223029120
350161087
202680956
386982778
105784272
114947636
750941164
95967428
348991384
370815519
352718850
13895902
659861900
373655521
939506987
165018571
634242323
937549854
861652434
560291781
757614494
876416670
627382511
5622045
254661842
476883136
534515263
925886911
664527359
792812845
288038397
277803751
6171179
399494447
92117858
707366517
408919848
542155868
487649245
515897853
111059355
766018568
977214734
651830564
348232498
320993348
965171337
43674268
465687343
137598617
821297298
788087869
319621644
328250060
884501941
295183028
467915141
834985328
904649821
2498503
854402062
952435876
58398861
579682060
804548507
406218972
627704980
105880066
907810307
756053297
523835706
650871596
648465150
110795648
498824686
702569030
874926469
72626303
932878758
674653142
584308345
551849697
891304568
318034059
655038749
5127115
372850607
363686814
69919181
64458992
394199717
632901466
613447165
560366048
904145402
236230671
714101965
887060882
53461251
624264869
494163901
621868544
335277552
621833551
951162950
961776845
47432932
206383285
541608035
882208711
964959599
740033056
591253396
663502196
871410155
89544893
498171966
169868377
958418806
66221211
154719313
747159568
310779292
1997895
901047727
177898706
525106425
582133373
207605859
897347701
550371970
951558924
101732972
700842807
518222968
927133175
817887656
787126929
422117444
271372046
607679263
323075457
829112286
735819940
927840698
751057012
865116919
327103076
615273336
728385421
243717122
946812215
827606825
177667854
561828845
515843363
418977386
406670838
988467291
929625690
988144425
496875434
395507097
3926629
989028559
63883540
967107467
210587991
518950115
383187960
712248485
33153813
265116940
397899965
861386940
312932767
663451548
957104022
661505191
98859267
537259732
755166339
165730754
458408166
869185036
817369439
659573505
364527278
953884053
533785905
905580265
781521841
441350937
315137499
368051929
536341702
57049635
794329100
793926902
160091600
455050192
443029189
148418612
2457081
714170144
36402172
305702287
416620694
195912418
257806127
840848549
996685506
39082434
225200933
964653846
151627567
245757842
667184806
134693010
869674272
976832689
124889599
16657240
304225868
278153650
908520054
836142640
807275149
606675273
973374589
452067941
818435442
325810144
489112815
75669592
785332186
913499696
313598296
61656408
118502759
832867131
578259185
801375363
802155660
719869747
992607987
899604678
318685146
140955051
199715293
984436419
522602821
663904531
50107764
710805136
545053851
68726121
293006862
574177569
79474121
594220343
459950032
528898925
809897079
325999631
850292394
146426439
155926571
460981068
784096309
190848883
313994670
353643565
740652318
527389158
419477559
342152066
301322072
783291540
781608191
308534515
415613970
531450477
395022161
598260073
652542746
881809291
88060274
332848831
212896712
184082519
327498157
869150328
58620724
396237732
928724197
52321548
650403514
253854395
345316211
749737691
261484855
509647210
76600498
789060792
948808991
411698268
879973408
514684951
563967744
228784112
673722294
722306770
310582563
695974398
797185580
642058900
343265172
288151607
591337378
163932118
119558485
200624034
513540081
903024886
194635660
156786564
991213210
377387506
210819768
453211814
795702295
169774767
971601857
702137820
793949693
447764715
74665943
594045944
872973319
720176640
237861498
300611449
436316473
891858609
426397985
702426732
701882575
502835079
791602676
524811590
649150041
4112375
94578524
398878360
976308762
128009165
143492215
76140514
585232666
694869695
88928172
850348809
769964926
63014204
235644601
620151564
944836660
670032144
795743033
380989011
147699859
534538467
280827883
536471453
385112533
853036633
619651208
448445939
383241574
17325360
61566971
383406322
851290793
215399889
476847015
38935534
215472901
761565185
107814750
905327880
570882338
969367507
820009141
668907871
562225257
528316279
854650652
515888074
117026425
724107678
583240602
503159011
930244241
668806787
426693789
185946043
228132992
738140626
988937237
536450290
365587544
633567189
777524948
789634026
988254181
137478438
149034848
107281554
275048389
640585733
931816088
545594525
664370842
338615305
517434291
950143803
863928919
467138935
973809671
171491036
786792453
274093273
884599664
10294923
189547626
898230238
480101864
251850540
141187420
285688797
506576925
208682594
997329439
563044497
857682757
499859966
676421692
123883309
320570591
872944177
117899513
971096599
699094132
259290018
467835024
109409414
475962991
438691105
590768333
879920299
294146643
38929871
481080183
894203018
415212973
446654409
795654649
673118073
205208617
636426894
908774200
129723136
747039568
751566379
51066016
202771123
412066631
362061038
247276064
601297625
458189182
728122761
530361151
547684852
450364004
738574067
355075596
952865642
730858187
591106806
250150417
792169872
795766843
635119482
837106804
531148996
885687396
939407312
989298085
902178614
890754906
558672752
741039746
146491725
674381947
827854265
666051662
285629411
304164424
388904933
977929283
437526236
770222720
395582511
694110765
152822931
58460833
20733122
891985689
61471178
303652541
515550260
179317526
254708982
797027224
584639759
554607108
973263330
467133679
831317456
304712408
486430955
157626345
393122805
523905554
846934854
312380334
613554211
734613623
46374117
458774175
347247257
90840669
909448749
745706054
469466262
901397189
682861834
777165852
355904685
751052588
525079632
437004390
875439021
979894357
766476193
871220394
647252956
518310024
134578498
406209011
475069378
437946068
827039692
405755412
986129022
784999658
485322796
850701445
130858169
131901769
73380921
315672576
314643419
844963033
205922874
131505476
49956056
598856042
788100072
391586687
745802785
305885512
587660912
693402313
724455506
627309256
732571214
904719431
713557192
410419678
254790322
989939319
249506083
312660178
832052434
748822388
646946314
429795573
183060599
222888526
762236599
275443031
722099766
551296249
87309407
983744513
384105342
856342891
690410412
50334312
781427536
802420741
445990113
809078475
130413013
184525766
271232670
424190054
340835625
641472256
434086047
952625490
590914201
526198339
34331776
467212535
435374052
324363470
752298324
493061102
517561178
583654177
4362312
989779488
899090831
70812638
73561385
505207943
972081351
46200198
197368907
733800212
303503302
310318692
272818485
727817508
116841054
677773222
373823474
333412846
628936051
564367827
25059199
454616590
129267867
764370673
619129983
121428600
742944919
659590765
890399069
35879539
47290776
729767480
340791076
471486533
982350797
622072028
569471962
145796374
806377484
917408595
729041085
846842255
877793318
435619933
955185497
278296567
670822743
898319654
310828691
519605525
740076085
476788440
939333483
424028728
683351941
656884058
904212984
134991596
900337326
922350740
288783364
273237965
448324320
301762677
779894641
251260881
321814853
238147503
566397796
644464185
621202114
792425614
152600761
875012060
362189982
394459893
224988896
675184764
365259228
33498497
948972322
531025927
187308408
601217664
383634303
313289094
248864657
626175243
214790340
573156125
590487300
123965647
157417829
311024448
668761379
324424874
326132507
907667339
392198560
553666126
935982089
695238322
711014704
791185733
519411623
299752262
695097422
301325557
679526250
980619991
475511658
194792642
779956268
304480441
651729926
13094270
901605283
710228903
940176307
875994489
648480014
111487038
979673162
548761289
170774004
863493291
429230066
258089462
985643426
816939783
469784646
228019635
147465163
303730463
253330393
583961892
538840831
404492319
465592840
141106719
966305840
318091075
32252547
489734443
538146923
158420610
737584495
463610419
87485096
958512733
898928556
688698436
426946107
494921836
700746648
350971763
211590705
821243514
953334347
94787566
830435369
315124906
22400265
376691180
220242990
198561762
276516709
240298706
938977231
99003673
403629132
69044743
350195505
22061628
665547341
357572112
142952878
437280512
757539776
318019824
113386603
802200168
943229169
111895275
767952957
668287831
473783353
4056663
313655189
400272978
92761354
887184537
58480290
610471852
764561059
296888319
364516419
151437854
332044625
327953353
654228687
974636655
628779476
509334410
139908215
773778532
418874762
504211476
698599264
251564395
258079961
404291460
264867149
548959492
751429252
194392651
721043141
377254523
727904559
739584401
633971571
707908405
549232401
336176941
293773752
193831977
622988723
347437820
695109990
640799793
675227457
341662461
694285818
274272814
720029584
51726997
259477083
455828280
208979474
775937012
531109969
312351699
513899882
953586230
281154575
961266183
474245634
326644894
574936147
702491056
37145962
622249770
500574062
565315290
78804554
832730536
760055397
698377095
801212997
349038840
134996038
326852578
192342047
817600629
972436639
522943323
890496121
777157157
164263135
153082504
911279846
790270834
922838270
294990541
34388736
313734742
190823509
999580109
248140063
883775716
536992756
174474192
12486426
215624270
395087243
867664726
181512409
356103015
395447510
319992770
324313750
576659781
352342044
697897474
326418162
783303307
534584760
480565385
697414020
513101631
351960586
612826571
334268950
939305073
592072109
485780422
39395517
904197528
747677214
24371738
174076043
615477
201186583
179493491
716542518
786093061
796961994
19847651
308403996
76586916
817127711
154953138
32982015
897528529
186295528
534821899
471018711
305264939
566757046
712356589
37797502
292675035
499826462
608579001
378679837
149473989
188871229
377079299
463117911
6709802
43217019
875377396
611419070
193156356
583609485
874185814
868401645
816921940
29443639
402138129
790405690
891918865
338105530
199324475
230594693
4184132
390637832
229152464
865932940
960530857
93351875
732499211
595759809
993234190
390363434
915834172
757796487
273309650
552378227
220202859
361442338
475815286
261313627
230421219
797922978
766990813
939388258
661881430
381904885
964991666
139620046
144302038
259463139
391571692
46926751
714801634
522316534
295619531
309915209
627178978
54518188
499183998
208179098
945108499
272685742
918137502
48836510
896475043
179536571
812479090
498098618
758546073
763564166
537839573
478454130
22540102
664414634
255662718
53397885
349463059
227147956
598941702
749187708
638272561
694416547
461929992
490083010
169650261
43121884
165174015
353396994
570209556
984497563
208938531
996674548
412690381
626044926
967914653
239953787
724976862
776589576
154211839
900835498
762363517
355402653
379331086
381995124
652424650
629675974
694621369
824297395
272297532
999363171
148410728
414065922
337917975
506656369
244976324
534651300
853562545
401400213
670134895
121230035
42303839
378313342
803411325
867917918
26127691
690715407
238689712
635342578
191330896
423216631
576359574
574568077
696821683
439563348
574280391
307802340
996554767
925755421
138902566
428418670
713307911
3801730
272050710
262177094
258331364
180539688
403801100
41213808
404360582
71371834
487996859
529836964
901269261
44741452
448037385
575713483
49150336
336730517
625215717
210221937
818158927
404373671
284080188
768569781
202208310
168250137
321152948
674528922
224085571
418890449
712610665
254076669
558958012
179986256
861399612
223226977
263367819
556902869
116607931
428710747
915086831
959837112
441290560
381526903
964052104
12436919
427678816
746780300
709331897
184527368
583119601
172506678
587290281
705404782
859275547
900824618
796621291
947770085
474783990
241986066
854881923
749217569
11665386
940420682
755115068
234287297
759215488
850460254
327799258
365139693
314840644
263806364
883128131
5573489
202321586
576130378
323237250
727697448
906574863
683644727
649414893
496933849
672119869
899405641
624294699
211683799
114164663
251285325
702384623
410038340
256978867
400090882
366972161
707004174
92845713
141630592
576262677
583838121
153222330
602435361
559978070
914975586
802839748
272509299
683249482
669473899
995910588
277877091
689057847
968973467
698535354
525813155
404051042
684234982
566961312
420389400
942567762
735841080
107294697
413764025
319866958
850773446
745557837
614282649
419744730
823330922
991289344
56716332
257211482
59787425
969452368
459917493
122900955
249467961
910425104
56333077
63142715
170541618
646311514
587182529
834230538
971022949
779623096
408613040
782704184
46168836
824354277
658047825
260426922
923201390
31498115
381466658
519515598
41898313
716928227
162538561
270749316
845509886
568956005
75642407
573484616
759333216
486607063
323524057
782372384
100792791
646537812
455607101
872519350
443189720
789040169
821025747
52879253
853202892
77401774
667149905
14746189
355465754
924804047
141312468
49220397
756168997
41790304
596480133
571419224
427828829
312717417
728737231
411395659
140232985
878066975
395638100
950200103
334375391
534177421
6239218
710994099
136767056
461848215
244006735
614609916
422564600
692843301
525630924
14095291
717717599
444402222
363305798
227572801
871291669
171183014
426956894
379544637
515256264
287433605
304647569
256849530
372998541
458847427
601266184
909513449
719039908
77075165
43498778
730367327
775898818
126215108
787621429
103276889
361738894
731281151
764802118
529726836
398885919
285838282
343896515
65035125
865669713
781869812
228991895
156383135
45046972
247815506
418926337
100859248
987869454
84991490
899680967
942399821
490568278
808495145
700778357
863633035
690343507
524546800
342704682
169582148
145859953
384114203
119765282
65895528
532134583
793155654
115582507
944800220
251513688
771779282
652180585
777109422
763521189
750612129
408773211
322986735
940705000
129076752
446231599
383063555
294712911
860252736
153963099
851571864
195770798
144346458
846860456
128553940
143687521
81011288
316819098
983131993
796020832
314104162
380530857
905237397
286676842
487280508
770955642
749131243
75271592
442755028
295542794
842067729
458735777
814272430
343816895
503647800
970073663
892664780
850218350
734677745
432692499
160349855
145224685
704515243
965020061
171713440
403831243
286228327
448674987
906347740
126493359
198461644
285143217
581124220
995288791
917454524
265311941
607302572
457991988
33219515
19072884
466456934
467475997
606456039
60779841
312989795
453257434
284131522
564103152
351471827
792643781
247795372
946113687
668557345
966983773
203438950
840765595
974056466
962593460
275543356
932991458
445369732
153256796
844102045
896335973
503505778
525112472
994350362
275649034
385553970
947067572
980888584
506081820
870855271
213083517
859575892
650494554
823588601
209103287
798979782
462012803
928492709
514154545
258875404
238551625
521648163
415694908
172905842
810968816
847398968
594158911
247638553
935052215
639124517
367138984
332542214
695817974
411629071
39139013
295115095
862056809
781753564
231491712
905689242
670567733
198634817
495576827
97943854
642463195
605824621
543611352
727004798
543692453
173813900
288578895
906680412
94351722
31419102
618031036
560700860
495146490
363840611
985259524
197687262
604691342
379223027
497940567
538283292
873371093
670796783
151020915
561319327
579166065
404587924
635634045
925163170
776496618
824831284
430608452
876119554
974569930
940025806
857334071
41783022
34090812
11901359
571580926
903626299
658406249
72319303
876095932
857011858
3812000
499506234
428729992
601378118
606675224
9273254
928558780
923738095
972467764
18986916
377418072
432253611
275378708
129514728
435063103
171694870
425200039
530448561
814075630
822950751
994399873
670851398
748604823
519911189
521700618
862839280
441962577
980088840
695101719
832781531
110589314
481399002
682474954
976612246
748303920
447670271
107362492
525784734
132434300
859456948
129028725
916216125
515018345
235517590
701599291
194146196
982338100
515546077
746804621
372376601
218044032
866645022
124231476
705543387
49564175
474872836
158933737
213359889
612573920
106710757
827028959
948086122
755866778
84334170
24150587
725430182
39127146
535175995
750993409
418740151
625907717
988604564
471115095
208446907
406280670
422200526
67498727
896049922
399331834
626715791
620639797
180175227
103313813
788438628
365167129
222826953
253502481
78267178
750401898
399596464
920869348
567809443
53459898
93205003
475212828
633902218
647384539
581696241
93065298
595026641
114847853
735613549
319753670
738537198
587600259
46957649
442851652
326974185
259795011
29296595
980428267
585090926
83893783
758072372
4949097
404335023
887634137
845309449
705945832
865555539
975987655
255187267
410096480
143591709
962892731
105916145
283162643
698825960
409188197
344381300
667701943
839317835
692471236
779234292
306887748
281720697
672606936
94055275
868436434
950696005
12019180
652799494
531995278
851881727
912726999
772590092
555472007
658456985
305701415
886087640
480176793
178830693
774007287
579936538
357859181
609977934
216479282
349406046
842975210
831447541
126180462
83248400
93461844
647905279
257717305
593395417
907002967
914753481
652574035
603294186
800558688
769050080
240867590
495783929
757241642
964415878
526246396
88630565
901537911
518149474
894752912
509062561
363693543
396862328
209336561
82394729
795479244
49242229
564300544
825290689
564186751
741107324
436434963
293111577
118711068
226063432
363444060
976240935
125857995
998841355
895732539
644620843
359519333
117097857
565006205
317791314
827792973
12030000
430365850
168570053
228833488
547694069
573178291
320228653
122269611
631608304
890201989
416408844
831347903
972836294
704368260
322599794
441533521
519913967
818890711
360685596
23319412
233889304
498090186
244941266
913158121
350240179
864638649
275921289
42792392
624115668
301677649
557753687
738068134
186483810
672822840
859596802
902684968
736895512
435791573
837859383
558705527
725269027
193425403
35700459
403877903
501500775
632458804
59911489
75535731
249804493
609414556
128735471
424505226
431124477
243317988
864062254
311247015
181727746
550403700
898042572
158476634
594510446
261871766
219732615
966316152
556131050
775449083
137536784
522068768
933830799
837046821
93212713
858371708
42845677
28513712
170915050
603546770
746957587
604454065
953245088
543941804
949939498
812415544
625164746
725104145
214033377
865539921
653160385
465337995
661003294
571339952
74673807
744946784
197053416
868681592
609349951
338082501
701995325
296937410
164164397
440744717
425533577
868257476
958104092
987846791
567654706
445982868
503213728
673758045
848470281
920322420
801350958
366602715
489115733
133712728
229308597
946530257
760011524
732232267
276111090
454944554
833709956
770595147
745230637
737437843
600357768
828377571
726120241
107716864
406567004
566123090
632151437
296112092
747978556
349893422
204456821
178206009
375268688
782076715
861670465
775860908
974321887
390780486
103078981
140153859
950073452
162332942
401181138
291451102
420894716
871075154
384032218
657629232
376061880
463735289
610333662
517613564
816302454
223253704
796551801
279369245
770672549
477423444
630608700
843879574
271830372
887147189
879177571
677343784
533594482
503474688
207052418
467371632
714403330
688268778
346753422
932606147
19687830
483993946
100422081
268580074
186393294
993621615
799088021
966548553
342410450
682703520
665516656
771676563
983858849
369671547
646006044
879406890
229354966
656857389
253975688
831319328
580273649
201839343
643246183
158639712
223793059
161138178
898390336
282316407
120679486
