251687
675583536
648606387
119667037
989585322
767062173
534124339
287702199
667726879
213594442
596282919
449863399
26275291
952094424
702395015
802739966
87257296
105304870
81092997
536724476
71716524
893358193
721544707
981176113
144810003
591250341
222253567
496104639
174182733
267548008
798801123
610463649
696732630
754724571
893572057
781534422
748806942
892314542
108023340
71151259
353901841
380948172
803142481
680909727
175542322
123346680
711061995
384083959
169873610
309893181
233917146
270037480
567286339
575437411
955334079
780579770
420253914
746298308
625059073
960449586
625655739
789745335
249636817
318407039
231947542
651432109
330513409
135768317
812706789
574003396
664622750
877664048
87327587
136710565
511657442
477353617
274648039
980083400
165307384
696336638
475246841
5402670
675724900
718456176
174201830
971543351
9868178
801250088
412193965
122295127
173641102
688212931
546127710
851410425
104629067
996360189
548753315
292005892
958953149
305853837
