998001
996004
994009
992016
990025
988036
986049
984064
982081
980100
978121
976144
974169
972196
970225
968256
966289
964324
962361
961380
959420
957462
955506
954529
952576
950625
948676
946729
944784
942841
940900
938961
937024
935089
933156
931225
929296
927369
925444
923521
921600
919681
917764
915849
913936
912025
910116
908209
906304
904401
902500
901550
899652
897756
895862
893970
892080
890192
888306
886422
884540
882660
880782
878906
877032
875160
873290
871422
869556
867692
865830
863970
862112
860256
858402
856550
854700
852852
851006
849162
848241
846400
844561
842724
841806
839972
839055
837224
835395
833568
832656
831744
829921
828100
826281
824464
822649
820836
819025
817216
815409
813604
811801
810000
808201
806404
804609
803712
801920
801025
800130
798342
797449
795664
794772
792990
791210
789432
789432
789432
788543
786768
784995
783224
782340
780572
778806
777042
775280
773520
771762
770006
768252
766500
764750
763002
762128
760383
758640
756899
755160
753423
751688
750820
749088
748221
746492
746492
744765
743040
741317
740458
739596
737877
736160
734445
732732
731021
730164
728456
726750
725046
723344
722496
720797
719100
717405
715712
714868
713178
711490
709804
708120
706438
705599
703920
702243
700568
699732
698060
697225
695556
693889
692224
691392
690560
688899
687240
685583
683928
682275
680624
678975
677328
675683
674040
672399
671578
669940
668304
667485
666670
665038
663408
661780
660154
658530
656908
655288
653670
652054
650440
649632
648021
647214
646412
644805
643200
641597
639996
639198
637600
636800
635205
633612
632021
631224
629636
628050
627255
626460
624878
624878
623298
622505
620928
620144
618570
616998
615428
613860
613073
611508
609945
608384
607608
606825
605268
603713
602160
602160
601388
599838
598290
597513
595968
595192
595192
594425
592884
591345
589808
589044
588273
587510
585978
584448
582920
581394
579870
579105
578340
577584
576828
576065
574548
573033
571520
570768
570009
568500
568500
568500
567750
566244
564740
563238
561738
560992
560246
558750
558005
556512
555768
555021
553532
553532
552045
551300
550560
549077
548334
546854
545376
544640
543165
542430
541692
540221
538752
538016
537285
535820
535086
533624
532164
530706
529250
527796
526344
524894
524167
522720
521275
520550
520550
519825
519100
518375
517650
516212
514776
514053
512620
511910
510480
509052
508333
506908
505485
504780
504075
503370
503370
502656
501239
499824
498411
497000
496300
495600
494193
492788
492082
491376
489975
489280
488576
487872
487168
486464
486464
485070
483678
482989
481600
480213
479526
478142
477445
476760
475380
474002
473319
471944
470571
469200
468510
468510
467142
466464
465776
465088
464412
463725
462364
461678
460320
459635
459635
458280
457596
457596
456927
456244
454894
453546
452865
452184
450840
449498
448158
447480
446802
446124
446124
444789
443456
442125
440796
439469
438144
438144
436821
436170
435500
434830
434160
432843
432196
431549
430236
428925
428280
427635
426972
426328
425666
425004
423701
423040
422400
421760
420462
419804
418509
417216
416560
415270
414636
413349
412696
412043
411390
411390
410760
409479
408828
407550
406274
405625
404352
403081
403081
401812
401166
400520
399255
398610
398610
397348
396088
394830
394188
394188
393546
393546
392904
391651
391651
390400
389790
388542
387296
386659
385416
385416
384810
383570
382936
381699
380464
379231
378630
378029
377428
376800
376200
375600
374375
373750
372528
372528
372528
371308
370712
370116
369520
368924
367710
367710
366498
365288
364672
363465
362260
361646
361057
359856
359268
358680
358092
356896
356288
356288
355680
355072
354464
353881
352692
351505
350320
349716
348534
347354
346176
345575
344974
344974
344974
344373
343772
343772
343772
343200
343200
342600
341430
341430
340262
339664
338499
338499
338499
338499
337336
337336
336740
336175
335016
334452
334452
333296
332142
332142
332142
331551
330960
330400
329251
328692
328133
326988
325845
325288
324704
324148
323592
322455
321900
321345
320212
320212
319634
319081
317952
316825
316250
316250
315126
315126
315126
314552
313431
313431
312312
312312
311766
310650
310105
310105
310105
308992
308992
308448
307338
306230
305688
305688
304583
304020
303457
302356
301257
300720
299624
299624
299088
298552
297460
296904
295815
294728
293643
292560
292008
291479
290950
290950
289872
289872
289344
288796
287722
286650
286104
285558
285012
283945
282880
281817
280756
280756
279697
278640
277585
277070
276532
275481
274968
273920
272874
272363
272363
272363
271320
270788
270256
269748
268710
268180
267650
267145
266640
266112
265608
265104
264075
263572
262546
262023
261500
260977
260478
259458
258440
257424
256410
255398
254388
253895
253380
253380
253380
252865
252350
251860
251860
251370
251370
250368
249368
248880
248370
247883
247883
246888
246380
245895
245895
244904
243915
243432
242928
242928
242928
242424
241440
240960
240960
240480
240000
239520
238542
238063
237566
237566
236592
236096
235600
235125
234650
233682
233208
232716
232716
232716
232243
231770
231770
231770
231297
230336
230336
229848
229377
229377
228906
228420
227934
227934
227448
226980
226980
226495
225544
224595
224112
223648
222703
222240
222240
221298
220819
220358
219897
219897
218960
218960
218500
218040
218040
218040
217580
217580
217107
216648
216648
216648
216176
215704
215232
214776
214776
214776
214776
214305
213380
213380
213380
213380
212457
212457
211536
211068
210150
209234
209234
208320
207872
206961
206514
206514
206514
206067
206067
206067
206067
206067
206067
206067
206067
205160
204255
203796
203337
202878
202878
202878
202419
201960
201062
201062
201062
200166
199272
198816
198380
197944
197508
197072
196636
196636
196200
196200
195764
195315
195315
195315
194880
194445
194445
194445
194010
194010
193575
192696
192262
191819
191819
191819
191386
190953
190520
190520
189648
189648
189216
188778
188347
187910
187473
187036
186599
185736
185300
184440
184440
183582
183148
182293
181872
181872
181451
181020
180600
179751
179751
179332
178913
178486
178486
178486
178068
178068
177650
176808
175968
175968
175545
175122
174699
174286
173864
173864
173864
173442
173020
172610
172610
172610
172200
171790
171380
170970
170560
170150
169735
169320
168905
168084
167670
167670
167265
167265
166852
166852
166852
166439
166036
165633
165222
165222
164410
164410
164410
164009
163608
162800
162800
161994
161994
161994
161994
161595
161595
161595
161190
160792
159991
159192
159192
158790
158388
157986
157584
156791
156390
156000
155610
155610
155610
155220
154822
154424
154036
153252
153252
152856
152470
152470
152470
152470
152470
151690
151296
150912
150912
150528
150144
150144
149753
149753
149370
148980
148209
147828
147828
147440
147440
147440
147052
147052
146286
145908
145530
144768
144768
144768
144384
144384
144008
144008
143632
143250
143250
142494
141740
141740
140988
140616
140616
140244
139496
139496
139496
139125
138754
138754
138754
138380
138006
138006
137264
136896
136157
135786
135415
135415
135050
135050
135050
135050
134316
134316
133947
133584
133584
133216
132848
132848
132480
132120
131753
131028
130670
129948
129228
128872
128510
128510
128510
128155
128155
128155
128155
128155
127440
127086
127086
127086
127086
126732
126732
126732
126374
126021
125668
125312
124605
124605
124254
124254
124254
123903
123550
122848
122848
122848
122848
122496
122496
122496
122496
122148
121450
121100
121100
120405
120060
119712
119712
119712
119368
119368
119368
119368
119368
118678
117990
117990
117304
117304
117304
117304
117304
117304
117304
117304
116963
116963
116963
116622
116281
116281
115600
114921
114582
113906
113568
113232
113232
113232
113232
113232
113232
112895
112895
112558
112221
111552
111552
111216
111216
110885
110885
110554
110554
110220
109890
109557
109557
109557
109228
108899
108899
108568
108568
107910
107910
107910
107910
107910
107583
107256
106602
106602
106276
106276
105950
105625
105300
104976
104652
104652
104328
104328
104328
104006
104006
103683
103362
103040
102720
102720
102720
102399
102399
102399
102078
101760
101760
101760
101760
101440
101123
100804
100804
100488
100488
100172
100172
100172
99855
99540
99540
98910
98910
98596
97969
97969
97969
97969
97656
97343
97343
97343
97032
97032
97032
96720
96720
96720
96410
96410
96100
95790
95480
95480
95480
95170
95170
94860
94550
94550
94245
94245
93632
93632
93632
93324
93324
93021
93021
93021
93021
92718
92718
92415
92415
92112
92112
92112
91809
91506
90902
90601
90601
90300
90300
90000
89700
89400
89400
89400
89400
89100
89100
89100
89100
88803
88504
88208
88208
88208
88208
87910
87910
87910
87615
87615
87615
87320
87320
87024
86728
86432
86136
86136
86136
85845
85554
85260
84966
84966
84966
84966
84966
84966
84672
84384
84384
84384
84091
83512
83226
82650
82365
82080
82080
81792
81504
81504
81504
81221
81221
81221
81221
81221
81221
81221
81221
80934
80934
80934
80934
80934
80934
80652
80652
80652
80652
80370
80370
80088
79806
79806
79523
79523
78960
78960
78960
78678
78678
78678
78678
78678
78396
77837
77837
77556
77280
77004
76450
75898
75898
75898
75621
75344
75344
75344
75072
75072
74796
74525
74254
74254
74254
74254
73980
73980
73980
73710
73710
73440
73440
73170
72899
72360
72360
72090
71554
71288
71288
71288
71022
70755
70755
70488
70488
70224
69960
69960
69696
69432
68906
68906
68644
68382
68382
68120
67860
67860
67600
67600
67600
67600
67340
67081
66564
66564
66564
66564
66564
66564
66564
66049
65792
65536
65280
65025
65025
64770
64770
64770
64262
64008
64008
64008
63754
63754
63500
63500
63250
63000
63000
62748
62496
62496
62244
62244
62244
62244
61997
61746
61746
61746
61500
61254
61254
61254
61008
60760
60515
60515
60024
60024
60024
59780
59780
59780
59536
59292
59292
59292
59048
59048
58804
58804
58563
58563
58320
58077
58077
58077
57838
57599
57360
57360
57360
57121
57121
56882
56882
56643
56406
56168
55932
55932
55696
55696
55696
55696
55460
55460
55460
55460
55224
55224
55224
55224
55224
54988
54988
54988
54988
54988
54988
54988
54755
54755
54522
54522
54522
54522
54522
54522
54288
54056
54056
53824
53592
53592
53592
53592
53592
53592
53361
53361
53130
52900
52670
52670
52670
52670
52440
52440
52440
52440
52440
52212
52212
52212
52212
51756
51756
51756
51529
51529
51529
51302
51302
51302
51075
51075
51075
50850
50624
50400
50176
49952
49952
49952
49728
49728
49506
49506
49506
49506
49062
49062
49062
49062
49062
49062
49062
48840
48840
48840
48840
48399
48399
48399
48178
48178
47960
47740
47520
47520
47520
47304
47304
47304
47088
47088
46872
46872
46656
46656
46656
46440
46440
46440
46440
46440
46440
46440
46224
46008
46008
45795
45795
45582
45582
45582
45156
44944
44944
44732
44521
44310
44100
43890
43680
43680
43680
43470
43470
43470
43260
43260
43260
43054
43054
43054
43054
42845
42845
42845
42640
42640
42228
42228
42228
42228
42228
42228
41818
41818
41612
41406
41406
41406
41406
41406
41406
41406
41406
41406
41406
41200
41200
41200
41000
41000
41000
41000
40795
40795
40795
40795
40795
40590
40188
39984
39788
39788
39592
39390
39390
39390
39390
39390
39188
39188
39188
38986
38986
38986
38986
38986
38986
38793
38793
38600
38600
38407
38407
38407
38208
38016
37627
37430
37430
37430
37430
37430
37430
37240
37240
37240
37044
37044
36855
36666
36472
36472
36091
36091
36091
36091
36091
35898
35705
35705
35705
35512
35512
35319
35126
34933
34752
34752
34752
34752
34752
34752
34752
34571
34571
34571
34571
34571
34571
34571
34380
34380
34010
34010
34010
33831
33652
33652
33652
33652
33652
33473
33473
33108
32922
32745
32568
32568
32568
32391
32208
32208
32208
32208
31850
31850
31850
31668
31494
31320
31320
31146
31146
31146
31146
31146
31146
31146
31146
31146
31146
31146
31146
31146
31146
31146
31146
31146
31146
31146
30967
30967
30967
30967
30967
30794
30794
30794
30621
30621
30621
30448
30275
30275
30100
30100
29925
29750
29580
29580
29580
29580
29580
29580
29580
29580
29580
29406
29406
29406
29406
29406
29406
29406
29406
29406
29406
29406
29237
29237
29068
29068
28899
28899
28899
28730
28560
28392
28224
28224
28056
28056
28056
28056
28056
28056
28056
28056
28056
28056
28056
28056
28056
28056
27889
27889
27889
27889
27889
27556
27556
27556
27556
27556
27556
27390
27390
27390
27060
27060
27060
27060
27060
27060
27060
27060
27060
27060
27060
27060
27060
26896
26896
26732
26732
26732
26732
26569
26569
26569
26569
26406
26406
26406
26244
26082
26082
25920
25920
25599
25599
25599
25599
25440
25440
25440
25281
25122
24806
24649
24492
24492
24336
24180
24024
24024
24024
24024
23870
23716
23716
23716
23716
23562
23562
23562
23562
23562
23562
23562
23256
23256
23256
23256
23256
23104
22952
22952
22952
22801
22801
22500
22350
22200
22200
22200
22052
22052
22052
21903
21903
21903
21754
21754
21754
21754
21754
21754
21754
21754
21754
21754
21754
21754
21754
21605
21605
21605
21605
21605
21456
21456
21456
21307
21307
21307
21307
21307
21307
21307
21307
21307
21307
21307
21158
21158
21009
21009
21009
21009
21009
21009
21009
21009
21009
21009
20720
20720
20720
20580
20580
20433
20433
20294
20155
20155
20155
20010
20010
20010
20010
20010
20010
19872
19872
19872
19872
19872
19872
19872
19872
19872
19872
19872
19591
19591
19591
19591
19454
19454
19312
19170
19028
18886
18886
18612
18612
18612
18612
18612
18612
18612
18612
18612
18471
18471
18471
18471
18340
18200
18200
18200
18200
18200
18200
18200
18200
18200
18200
18200
18200
18070
17802
17802
17673
17673
17673
17673
17536
17536
17536
17536
17536
17536
17536
17536
17408
17408
17408
17408
17408
17408
17408
17408
17408
17272
17272
17272
17272
17136
17000
16864
16864
16605
16605
16605
16482
16482
16482
16482
16482
16348
16348
16348
16226
16226
16226
16226
16226
16226
16226
16226
16226
16226
16226
16226
16226
16226
16226
16226
16226
16226
16226
16226
16226
16226
16104
16104
16104
16104
16104
16104
16104
15982
15982
15982
15982
15860
15860
15730
15730
15609
15609
15609
15609
15609
15480
15480
15480
15360
15360
15360
15240
15240
15240
15240
15240
15240
15240
15240
15240
15240
14994
14994
14994
14875
14875
14875
14875
14875
14750
14750
14625
14625
14625
14625
14625
14625
14625
14625
14625
14625
14625
14625
14625
14625
14625
14625
14625
14625
14625
14625
14625
14508
14508
14508
14391
14391
14391
14391
14391
14391
14391
14391
14391
14274
14274
14274
14274
14152
14036
14036
14036
14036
14036
14036
14036
14036
14036
14036
14036
14036
14036
14036
14036
14036
14036
14036
14036
14036
14036
13915
13915
13915
13915
13915
13915
13915
13915
13915
13915
13915
13915
13800
13800
13800
13800
13800
13800
13800
13800
13685
13570
13570
13570
13455
13338
13224
13224
13224
13224
13224
13224
13224
13108
12992
12992
12992
12992
12992
12880
12880
12880
12880
12880
12880
12880
12880
12880
12765
12765
12654
12654
12654
12540
12540
12540
12426
12426
12426
12426
12426
12317
12317
12317
12317
12317
12317
12317
12317
12317
12317
12317
12204
12204
12204
11984
11984
11984
11984
11984
11877
11877
11877
11877
11877
11877
11770
11770
11770
11770
11770
11770
11770
11770
11660
11660
11554
11554
11554
11554
11554
11554
11554
11554
11554
11554
11554
11445
11445
11445
11336
11336
11232
11232
11232
11021
10918
10815
10815
10712
10609
10609
10404
10404
10404
10302
10200
10200
10200
10098
10098
10098
10098
9996
9996
9996
9996
9996
9996
9996
9996
9996
9996
9894
9894
9894
9894
9894
9894
9894
9894
9894
9797
9797
9700
9700
9700
9700
9700
9700
9700
9603
9603
9603
9603
9603
9603
9603
9603
9603
9603
9603
9603
9506
9506
9506
9506
9506
9506
9506
9506
9506
9409
9312
9312
9312
9312
9312
9312
9215
9215
9215
9118
9118
9118
9118
9118
9118
9021
9021
9021
9021
9021
9021
9021
9021
9021
9021
8924
8924
8924
8924
8832
8832
8832
8832
8832
8832
8832
8832
8832
8832
8832
8832
8832
8736
8736
8736
8736
8640
8640
8544
8544
8544
8544
8544
8544
8544
8544
8544
8544
8544
8544
8544
8544
8544
8544
8544
8544
8455
8366
8366
8272
8178
8178
8178
8178
8178
8178
8178
8178
8178
8178
8178
8178
8178
8178
8178
8091
8091
8091
8091
8091
7998
7905
7905
7905
7905
7905
7905
7905
7820
7820
7820
7820
7820
7735
7735
7735
7735
7735
7735
7735
7735
7735
7644
7644
7644
7644
7644
7644
7644
7644
7644
7560
7476
7387
7387
7387
7387
7298
7298
7298
7298
7216
7216
7216
7216
7216
7128
7128
7128
7128
7128
7128
7040
7040
7040
7040
7040
7040
7040
7040
7040
7040
7040
7040
7040
7040
7040
7040
6960
6960
6960
6960
6960
6960
6960
6960
6960
6873
6873
6873
6873
6873
6873
6873
6786
6786
6786
6708
6708
6708
6708
6708
6708
6708
6708
6708
6708
6708
6622
6536
6536
6536
6536
6536
6536
6536
6536
6536
6536
6460
6460
6460
6375
6375
6375
6375
6300
6300
6300
6216
6216
6216
6216
6216
6216
6216
6216
6216
6216
6216
6132
6132
6132
6132
6132
6132
6132
6132
6048
6048
6048
6048
6048
6048
6048
6048
5976
5976
5893
5893
5893
5893
5822
5822
5822
5822
5822
5822
5822
5822
5822
5751
5751
5751
5751
5751
5751
5751
5751
5751
5751
5751
5680
5680
5600
5600
5600
5600
5600
5600
5600
5600
5600
5600
5600
5600
5600
5600
5600
5530
5530
5530
5530
5530
5530
5530
5530
5530
5530
5530
5451
5451
5451
5451
5451
5451
5451
5451
5451
5451
5372
5372
5372
5372
5372
5372
5372
5372
5372
5372
5293
5293
5293
5293
5293
5293
5293
5293
5226
5159
5159
5159
5159
5159
5159
5159
5159
5159
5159
5159
5082
5082
5082
5082
5082
5082
5082
5016
5016
5016
5016
5016
5016
5016
5016
5016
5016
5016
5016
5016
5016
5016
5016
5016
5016
5016
5016
5016
5016
5016
5016
5016
5016
5016
5016
4950
4950
4950
4950
4950
4950
4950
4884
4818
4818
4818
4818
4818
4818
4818
4818
4818
4818
4745
4745
4745
4745
4745
4745
4745
4745
4672
4672
4672
4672
4608
4608
4608
4608
4608
4608
4536
4536
4536
4536
4473
4473
4473
4473
4473
4402
4402
4402
4402
4402
4402
4402
4402
4402
4402
4402
4331
4331
4331
4331
4331
4331
4331
4331
4331
4331
4331
4331
4331
4331
4331
4331
4331
4331
4331
4331
4331
4331
4331
4331
4331
4331
4331
4270
4270
4270
4270
4270
4270
4270
4270
4270
4270
4270
4270
4270
4140
4071
4071
4071
4012
4012
4012
4012
4012
4012
4012
4012
4012
4012
4012
4012
4012
4012
4012
4012
4012
4012
4012
4012
3953
3953
3953
3953
3953
3953
3953
3953
3953
3953
3953
3953
3886
3819
3819
3819
3819
3819
3752
3752
3752
3752
3752
3685
3685
3685
3685
3685
3685
3685
3685
3685
3685
3685
3685
3685
3685
3618
3498
3498
3498
3498
3498
3498
3498
3498
3498
3498
3498
3498
3498
3498
3498
3498
3498
3498
3498
3498
3498
3498
3498
3498
3498
3498
3498
3498
3498
3498
3498
3498
3498
3498
3498
3498
3498
3498
3432
3380
3380
3380
3380
3380
3380
3380
3380
3380
3328
3276
3276
3276
3276
3276
3276
3276
3276
3276
3276
3276
3276
3276
3276
3162
3162
3162
3162
3162
3162
3162
3162
3162
3162
3162
3162
3162
3162
3162
3162
3111
3111
3111
3111
3111
3111
3050
3050
3050
3050
3050
3050
3050
3050
3050
3050
3050
3050
3050
3050
3050
3000
3000
3000
3000
3000
3000
3000
3000
3000
3000
3000
2950
2950
2950
2950
2950
2950
2900
2900
2900
2900
2900
2900
2900
2900
2900
2900
2900
2900
2900
2900
2900
2900
2900
2900
2900
2900
2900
2900
2900
2900
2900
2900
2900
2842
2842
2842
2842
2842
2842
2842
2842
2793
2793
2793
2793
2793
2793
2793
2744
2695
2695
2695
2695
2695
2695
2695
2695
2695
2695
2695
2695
2695
2695
2640
2640
2592
2592
2592
2592
2592
2592
2592
2592
2592
2592
2592
2592
2592
2592
2592
2592
2592
2592
2592
2592
2592
2592
2592
2592
2592
2592
2538
2538
2538
2538
2538
2538
2538
2538
2538
2538
2484
2484
2484
2484
2484
2484
2484
2484
2484
2484
2484
2484
2484
2484
2484
2484
2484
2484
2484
2484
2484
2484
2484
2484
2484
2484
2484
2484
2484
2484
2484
2484
2484
2484
2484
2484
2484
2484
2484
2484
2484
2484
2484
2438
2438
2385
2385
2385
2385
2385
2385
2385
2385
2385
2385
2385
2385
2340
2340
2340
2340
2340
2340
2340
2340
2340
2340
2340
2340
2340
2340
2340
2340
2340
2340
2340
2340
2340
2340
2340
2340
2340
2340
2340
2340
2340
2340
2340
2295
2295
2295
2295
2295
2295
2295
2295
2295
2295
2295
2295
2295
2295
2295
2295
2295
2295
2295
2295
2295
2295
2295
2295
2295
2295
2295
2295
2295
2295
2295
2295
2295
2244
2244
2244
2244
2244
2244
2244
2244
2244
2244
2244
2244
2244
2244
2244
2244
2244
2193
2142
2142
2142
2142
2142
2142
2142
2142
2142
2142
2142
2142
2142
2142
2091
2091
2091
2091
2091
2091
2091
2091
2091
2091
2091
2091
2091
2050
2050
2050
2050
2050
2050
2050
2000
2000
2000
2000
2000
2000
2000
2000
2000
2000
2000
2000
2000
2000
2000
1960
1960
1960
1960
1960
1960
1960
1960
1960
1960
1960
1911
1911
1911
1911
1911
1911
1911
1911
1872
1872
1872
1833
1833
1833
1833
1833
1833
1833
1833
1833
1833
1833
1833
1833
1833
1833
1833
1833
1794
1794
1794
1755
1755
1755
1755
1755
1755
1755
1755
1755
1755
1755
1755
1755
1755
1755
1755
1755
1755
1755
1716
1716
1716
1716
1716
1716
1716
1716
1716
1716
1716
1716
1716
1716
1716
1716
1716
1716
1716
1716
1716
1716
1716
1716
1716
1716
1716
1716
1716
1716
1716
1677
1677
1677
1638
1596
1596
1596
1596
1554
1554
1554
1554
1554
1554
1554
1554
1512
1512
1512
1512
1512
1512
1512
1512
1512
1512
1512
1512
1512
1512
1512
1512
1512
1512
1435
1435
1435
1435
1435
1435
1435
1435
1435
1435
1435
1435
1435
1435
1435
1435
1435
1435
1435
1435
1435
1435
1435
1435
1435
1435
1435
1435
1435
1435
1435
1435
1435
1435
1435
1435
1435
1435
1435
1435
1435
1435
1435
1435
1435
1394
1394
1394
1394
1394
1394
1394
1394
1394
1394
1394
1394
1394
1394
1394
1394
1394
1394
1394
1394
1394
1394
1394
1394
1394
1394
1394
1394
1394
1394
1394
1394
1394
1394
1394
1394
1360
1360
1360
1360
1360
1360
1360
1360
1360
1360
1360
1360
1360
1360
1360
1360
1360
1360
1360
1360
1360
1360
1360
1360
1360
1360
1360
1326
1326
1326
1292
1292
1292
1292
1292
1292
1292
1258
1258
1224
1224
1224
1224
1224
1224
1224
1224
1224
1224
1224
1224
1224
1224
1224
1224
1224
1224
1224
1224
1224
1224
1224
1224
1224
1224
1224
1224
1224
1224
1224
1224
1224
1224
1224
1224
1224
1224
1224
1224
1224
1224
1224
1224
1224
1224
1224
1224
1224
1224
1224
1224
1224
1224
1224
1224
1224
1224
1224
1224
1224
1224
1224
1190
1190
1190
1190
1190
1155
1155
1155
1155
1155
1155
1155
1155
1155
1155
1155
1155
1155
1155
1155
1155
1155
1155
1155
1155
1155
1155
1155
1155
1155
1155
1155
1122
1122
1122
1088
1088
1088
1088
1088
1088
1088
1088
1088
1088
1088
1088
1088
1088
1088
1088
1088
1088
1088
1088
1088
1088
1056
1056
1056
1056
1024
1024
1024
1024
1024
1024
1024
1024
1024
1024
1024
1024
992
992
992
992
961
961
961
930
930
900
900
900
900
900
900
900
900
900
870
870
870
870
870
870
870
870
870
870
870
870
870
870
870
870
870
870
870
870
870
870
870
870
870
870
870
870
870
841
841
841
841
841
841
841
841
841
841
841
841
841
841
841
812
812
812
812
812
812
812
812
812
812
812
812
812
812
812
812
812
812
812
812
812
812
812
812
812
812
812
812
812
812
812
812
812
812
812
812
812
812
812
812
812
784
784
784
784
784
784
784
784
784
784
784
756
756
756
756
756
756
756
756
756
756
756
756
756
756
756
756
756
756
756
756
729
729
729
729
702
702
702
702
702
702
676
676
676
676
676
676
676
676
676
676
676
676
676
676
676
676
676
650
650
650
650
650
650
650
650
650
650
650
650
650
650
650
650
650
650
650
650
650
650
650
650
650
650
650
650
650
650
650
650
650
650
650
650
625
625
625
625
600
600
600
600
600
600
600
600
600
600
600
600
600
600
576
576
576
576
576
576
576
552
552
552
552
552
552
552
552
552
552
552
552
552
552
552
552
552
552
552
552
552
552
552
552
552
552
552
552
552
552
552
552
552
552
552
552
529
529
529
529
529
529
529
529
529
529
529
529
529
529
529
529
529
529
529
529
529
529
529
529
529
529
529
529
529
529
529
529
529
529
529
529
529
529
529
529
529
529
529
529
529
529
529
529
529
529
529
529
529
529
529
529
529
529
529
529
529
506
506
506
506
506
506
506
506
506
506
506
506
506
506
506
506
506
506
506
506
506
506
506
506
506
506
506
506
506
506
506
506
506
506
506
506
506
506
506
506
506
506
506
483
483
483
483
483
483
483
483
483
483
483
483
483
483
483
483
483
483
483
483
483
483
483
483
462
462
462
462
462
462
440
440
440
440
440
440
418
418
418
418
418
418
418
418
396
396
396
396
396
396
396
396
396
396
396
396
396
396
396
396
396
396
396
396
396
396
396
396
396
396
396
396
396
396
396
396
396
396
396
396
396
396
396
396
396
396
396
396
396
396
396
396
396
396
396
396
396
396
396
396
396
374
374
374
374
374
374
374
374
374
374
374
374
374
374
374
374
374
374
374
374
374
374
374
374
374
374
374
374
374
374
374
374
374
374
374
374
374
374
374
374
374
374
374
374
374
374
374
374
357
357
357
357
357
357
357
357
357
357
357
357
357
357
357
357
357
357
357
357
357
357
357
357
357
357
357
357
357
357
357
340
320
320
320
320
320
320
320
320
320
320
320
320
320
320
320
320
320
320
320
320
320
320
320
320
320
320
320
320
304
304
304
304
304
304
304
304
304
304
304
304
304
304
304
304
304
304
304
304
304
288
288
288
288
288
270
270
270
270
270
270
270
270
270
270
270
270
270
270
270
270
270
270
270
270
270
270
270
270
270
270
270
270
270
270
270
270
270
270
270
270
270
270
270
270
270
270
270
270
270
270
270
270
270
270
255
255
255
255
255
255
255
255
255
255
255
255
255
255
255
255
255
255
255
255
255
255
255
255
255
255
255
255
255
255
255
255
255
255
255
255
255
255
255
255
255
255
255
255
255
255
255
255
255
255
255
255
255
255
255
255
255
255
255
255
255
255
255
255
255
255
255
255
255
255
255
255
255
255
255
255
255
255
255
255
255
255
255
255
255
255
255
255
255
255
255
255
255
255
255
255
255
255
255
255
255
255
255
255
255
255
255
255
255
255
255
255
255
255
255
255
255
255
255
255
255
255
255
255
255
255
255
255
255
255
255
240
240
240
240
240
240
240
240
240
240
240
240
240
240
240
240
240
240
240
240
240
240
240
240
240
240
240
240
240
240
240
240
240
240
240
240
240
240
240
240
240
240
240
240
240
240
240
240
240
240
240
240
240
240
240
240
240
240
240
240
240
240
240
240
240
240
240
240
240
240
240
240
240
240
240
240
240
240
240
240
240
240
240
240
240
240
240
240
240
240
240
240
240
240
240
240
240
240
240
240
240
240
240
225
225
225
225
225
225
225
225
225
225
225
225
225
225
225
225
225
225
225
225
225
225
225
225
225
225
225
225
225
225
225
225
225
225
225
225
225
225
210
210
210
210
210
210
210
210
210
210
210
210
210
210
210
210
196
196
196
196
196
196
196
196
196
196
196
196
196
196
196
196
196
196
196
196
196
196
196
196
196
196
196
196
196
196
196
196
196
196
196
196
196
196
196
196
196
196
196
196
196
196
196
196
196
196
196
196
196
196
196
196
196
196
196
196
196
196
196
196
196
196
196
196
196
196
196
196
196
196
196
196
196
196
196
196
196
196
196
196
196
196
196
196
196
196
196
196
196
196
196
196
196
196
196
196
196
196
196
196
196
196
196
196
182
182
182
182
182
182
182
182
182
182
168
168
168
168
168
168
168
168
168
168
168
168
168
168
168
168
168
168
168
168
168
168
168
168
168
168
168
168
168
168
168
168
168
156
156
156
156
156
156
156
156
156
156
156
156
156
156
156
156
156
156
156
156
156
156
156
156
156
156
156
156
156
156
156
156
156
156
156
144
144
144
144
144
144
144
144
144
144
144
144
144
144
144
144
144
144
144
144
144
144
144
144
144
144
144
144
144
144
144
144
144
144
144
144
144
144
144
144
144
144
144
144
144
144
144
144
144
144
144
144
144
144
144
144
144
144
144
144
144
144
144
144
144
144
144
144
144
144
144
144
144
144
144
144
144
144
144
144
144
144
132
132
132
132
132
132
132
132
132
132
132
132
132
132
132
132
132
132
132
132
132
132
132
132
132
132
132
132
132
132
132
132
132
132
132
132
132
132
120
120
120
120
120
120
120
120
120
120
120
120
120
120
120
120
120
120
120
120
120
120
120
120
120
120
120
120
120
120
120
120
120
120
120
120
120
120
120
108
108
108
108
108
108
108
108
108
108
108
108
108
108
108
108
108
108
108
108
108
108
108
108
108
108
108
108
108
108
108
108
108
108
108
108
108
108
108
108
108
108
108
108
108
108
108
108
108
108
108
108
108
108
108
108
108
108
108
108
108
108
108
108
108
99
99
99
99
99
99
99
99
99
99
99
99
99
99
99
99
99
99
99
99
99
99
99
99
99
99
99
99
99
99
99
99
99
99
99
99
99
99
99
99
99
99
99
99
99
99
99
99
99
99
99
99
99
99
99
99
99
99
99
99
99
99
99
99
99
99
99
99
99
99
99
99
99
99
99
99
99
99
99
99
99
99
99
99
99
99
99
99
99
99
99
99
99
99
99
99
99
99
99
99
99
99
99
99
99
99
90
90
90
90
90
90
90
90
90
90
90
90
90
90
90
90
90
90
90
90
90
90
90
90
90
90
90
90
90
90
90
90
90
90
90
90
90
90
90
90
90
90
90
90
90
90
90
90
90
90
90
90
90
90
90
90
81
81
81
81
81
81
81
81
81
81
81
81
81
81
81
81
81
81
81
81
81
81
81
81
81
81
81
81
81
81
81
81
81
81
81
81
81
81
81
81
81
81
81
81
81
81
81
81
81
81
81
81
81
81
81
81
81
81
81
81
81
81
81
81
81
81
81
81
81
81
81
81
81
81
81
81
81
81
81
81
81
81
81
81
72
72
72
72
72
72
72
72
72
72
72
72
72
72
72
72
72
72
72
72
72
72
72
72
72
72
72
72
72
72
72
72
72
72
72
72
72
72
72
72
72
72
63
63
63
63
63
63
63
63
63
63
63
63
63
63
63
63
63
63
63
63
63
63
63
63
63
63
63
63
63
56
56
56
56
56
56
56
56
56
56
56
56
56
56
56
56
56
56
56
56
56
56
56
56
56
56
56
56
56
56
56
56
56
56
56
56
56
56
56
56
56
56
56
56
56
56
56
56
56
56
56
56
56
56
56
56
56
56
56
56
56
56
56
56
56
56
56
56
56
56
56
56
56
56
56
56
56
56
56
56
56
56
56
56
56
56
56
56
56
56
56
56
56
56
56
56
56
56
56
56
56
56
56
56
56
56
56
56
56
56
56
56
56
56
56
56
56
56
56
56
56
56
56
56
56
56
56
56
56
56
56
56
56
56
56
56
56
56
56
56
56
56
56
56
56
56
56
56
56
56
56
56
56
56
56
56
56
56
56
56
56
49
49
49
49
49
49
49
42
42
42
42
42
42
42
42
42
42
42
42
42
42
42
42
42
42
42
42
42
42
42
42
42
42
42
42
42
42
42
42
42
42
42
42
42
42
42
42
42
42
42
42
42
42
42
42
42
42
42
42
42
42
42
42
42
42
42
42
42
42
42
42
42
36
36
36
36
36
36
36
36
36
36
36
36
36
36
36
36
36
36
36
36
36
36
36
36
36
36
36
36
36
36
36
36
36
36
36
36
36
36
36
36
36
36
36
30
30
30
30
30
30
30
30
30
30
30
30
30
30
30
30
30
30
30
30
30
30
30
30
30
30
30
30
30
30
30
30
30
30
30
30
30
30
30
30
30
30
30
30
30
30
30
30
30
30
30
30
30
30
30
30
30
30
30
30
30
30
30
30
30
30
30
30
30
30
30
30
30
30
30
30
30
30
30
30
30
30
30
30
30
30
30
30
30
30
30
30
30
30
30
30
30
30
30
30
30
30
30
30
30
30
30
30
30
30
30
30
30
30
30
30
30
30
30
30
30
30
30
30
30
30
30
30
30
30
30
30
30
30
30
30
30
30
30
30
30
30
30
30
30
30
30
30
30
30
30
30
30
30
30
30
30
30
30
30
30
30
30
30
30
30
30
30
30
30
30
30
30
30
30
30
30
30
30
30
24
24
24
24
24
24
24
24
24
24
24
24
24
24
24
24
24
24
24
24
24
24
24
24
24
24
24
24
24
24
24
24
24
24
24
24
24
24
24
24
24
24
24
24
24
24
24
24
24
24
24
24
24
24
24
24
24
24
24
24
24
24
24
24
24
24
24
24
24
24
24
24
24
24
24
24
24
24
24
24
24
24
24
24
24
20
20
20
20
20
20
20
20
20
20
20
20
20
20
20
20
20
20
20
20
20
20
20
20
20
20
20
20
20
20
20
20
20
20
20
20
20
20
20
20
20
20
20
20
20
20
20
20
20
20
20
20
20
20
20
20
20
20
20
20
20
20
20
20
20
20
20
20
20
20
20
20
20
20
20
20
20
20
20
20
20
20
20
20
20
20
20
20
20
20
20
20
20
20
20
20
20
20
20
20
20
20
20
20
20
20
20
20
20
20
20
20
20
20
20
20
20
20
20
20
20
20
20
20
20
20
20
20
20
20
20
20
20
20
20
20
20
20
20
20
20
20
20
20
20
20
20
20
20
20
20
20
20
20
20
20
20
20
20
20
20
20
20
20
20
20
20
20
20
20
20
20
20
20
20
20
20
20
20
20
20
20
20
20
20
20
20
20
20
20
20
20
20
20
20
20
20
20
20
20
20
20
20
20
20
20
20
20
20
20
20
20
20
20
20
20
20
20
20
20
20
20
20
20
20
20
20
20
20
20
20
20
20
20
15
15
15
15
15
15
15
15
15
15
15
15
15
15
15
15
15
15
15
15
15
15
15
15
15
15
15
15
15
15
15
15
15
15
15
15
15
15
15
15
15
15
15
15
15
15
15
15
15
15
15
15
15
15
15
15
15
15
15
15
15
12
12
12
12
12
12
12
12
8
8
8
8
8
8
8
8
8
8
8
8
8
8
8
8
8
8
8
8
8
8
8
8
8
8
8
8
8
8
8
8
8
8
8
8
8
8
8
8
8
8
8
8
8
8
8
8
8
8
8
8
8
8
8
8
8
8
8
8
8
8
8
8
8
8
8
8
8
8
8
8
8
8
8
8
8
8
8
8
8
8
8
8
8
8
8
8
8
8
8
8
8
8
8
8
8
8
8
8
8
8
8
8
8
8
8
8
8
8
8
8
8
8
8
8
8
8
8
8
8
8
8
8
8
8
8
8
8
8
8
8
8
8
8
8
8
8
8
8
8
8
8
8
8
8
8
8
8
8
8
8
8
8
8
8
8
8
8
8
8
8
8
8
8
8
8
8
8
8
6
6
6
6
6
6
6
6
6
6
6
6
6
6
6
6
6
6
6
6
6
6
6
6
6
6
6
6
6
6
6
6
6
6
6
6
6
6
6
6
6
6
6
6
6
6
6
6
6
6
6
6
6
6
6
6
6
6
6
6
6
6
6
6
6
6
6
6
6
6
6
6
6
6
6
6
6
6
6
6
6
6
3
2
2
2
2
2
2
2
2
2
2
2
2
2
2
2
2
2
2
2
2
2
2
2
2
2
2
2
2
2
2
2
2
2
2
2
2
2
2
2
2
2
2
2
2
2
2
2
2
2
2
2
2
2
2
2
2
2
2
2
2
2
2
2
2
1
1
1
1
1
1
1
1
1
1
1
1
1
1
1
1
1
1
1
1
1
1
1
1
1
1
1
1
1
1
1
1
1
1
1
1
1
1
1
1
1
1
1
1
1
1
1
1
1
1
1
1
1
1
1
1
1
1
1
0
0
0
0
0
0
0
0
0
0
0
0
0
0
0
0
0
0
0
0
0
0
0
0
0
0
0
0
0
0
0
0
0
0
0
0
0
0
0
0
0
0
0
0
0
0
0
0
0
0
0
0
0
0
0
0
0
0
0
0
0
0
0
0
0
0
0
0
0
0
0
0
0
0
0
0
0
0
0
0
0
0
0
0
0
0
0
0
0
0
0
0
0
0
0
0
0
0
0
0
0
0
0
0
0
0
0
0
0
0
0
0
0
0
0
0
0
0
0
0
0
0
0
0
0
0
0
0
0
0
0
0
0
0
0
0
0
0
0
0
0
0
0
0
0
0
0
0
0
0
0
0
0
0
0
0
0
0
0
0
0
0
0
0
0
0
0
0
0
0
0
0
0
0
0
0
0
0
0
0
0
0
0
0
0
0
0
0
0
0
0
0
0
0
0
0
0
0
0
0
0
0
0
0
0
0
0
0
0
0
0
0
0
0
0
0
0
0
0
0
0
0
0
0
0
0
0
0
0
0
0
0
0
0
0
0
0
0
0
0
0
0
0
0
0
0
0
0
0
0
0
0
0
0
0
0
0
0
0
0
0
0
0
0
0
0
0
0
0
0
0
0
0
0
0
0
0
0
0
0
0
0
0
0
0
0
0
0
0
0
0
0
0
0
0
0
0
0
0
0
0
0
0
0
0
0
0
0
0
0
0
0
0
0
0
0
0
0
0
0
0
0
0
0
0
0
0
0
0
0
0
0
0
0
0
0
0
0
0
0
0
0
0
0
0
0
0
0
0
0
0
0
0
0
0
0
0
0
0
0
0
0
0
0
0
0
0
0
0
0
0
0
0
0
0
0
0
0
0
0
0
0
0
0
0
0
0
0
0
0
0
0
0
0
0
0
0
0
0
0
0
0
0
0
0
0
0
0
0
0
0
0
0
0
0
0
0
0
0
0
0
0
0
0
0
0
0
0
0
0
0
0
0
0
0
0
0
0
0
0
0
0
0
0
0
0
0
0
0
0
0
0
0
0
0
0
0
0
0
0
0
0
0
0
0
0
0
0
0
0
0
0
0
0
0
0
0
0
0
0
0
0
0
0
0
0
0
0
0
0
0
0
0
0
0
0
0
0
0
0
0
0
0
0
0
0
0
0
0
0
0
0
0
0
0
0
0
0
0
0
0
0
0
0
0
0
0
0
0
0
0
0
0
0
0
0
0
0
0
0
0
0
0
0
0
0
0
0
0
0
0
0
0
0
0
0
0
0
0
0
0
0
0
0
0
0
0
0
0
0
0
0
0
0
0
0
0
0
0
0
0
0
0
0
0
0
0
0
0
0
0
0
0
0
0
0
0
0
0
0
0
0
0
0
0
0
0
0
0
0
0
0
0
0
0
0
0
0
0
0
0
0
0
0
0
0
0
0
0
0
0
0
0
0
0
0
0
0
0
0
0
0
0
0
0
0
0
0
0
0
0
0
0
0
0
0
0
0
0
0
0
0
0
0
0
0
0
0
0
0
0
0
0
0
0
0
0
0
0
0
0
0
0
0
0
0
0
0
0
0
0
0
0
0
0
0
0
0
0
0
0
0
0
0
0
0
0
0
0
0
0
0
0
0
0
0
0
0
0
0
0
0
0
0
0
0
0
0
0
0
0
0
0
0
0
0
0
0
0
0
0
0
0
0
0
0
0
0
0
0
0
0
0
0
0
0
0
0
0
0
0
0
0
0
0
0
0
0
0
0
0
0
0
0
0
0
0
0
0
0
0
0
0
0
0
0
0
0
0
0
0
0
0
0
0
0
0
0
0
0
0
0
0
0
0
0
0
0
0
0
0
0
0
0
0
0
0
0
0
0
0
0
0
0
0
0
0
0
0
0
0
0
0
0
0
0
0
0
0
0
0
0
0
0
0
0
0
0
0
0
0
0
0
0
0
0
0
0
0
0
0
0
0
0
0
0
0
0
0
0
0
0
0
0
0
0
0
0
0
0
0
0
0
0
0
0
0
0
0
0
0
0
0
0
0
0
0
0
0
0
0
0
0
0
0
0
0
0
0
0
0
0
0
0
0
0
0
0
0
0
0
0
0
0
0
0
0
0
0
0
0
0
0
0
0
0
0
0
0
0
0
0
0
0
0
0
0
0
0
0
0
0
0
0
0
0
0
0
0
0
0
0
0
0
0
0
0
0
0
0
0
0
0
0
0
0
0
0
0
0
0
0
0
0
0
0
0
0
0
0
0
0
0
0
0
0
0
0
0
0
0
0
0
0
0
0
0
0
0
0
0
0
0
0
0
0
0
0
0
0
0
0
0
0
0
0
0
0
0
0
0
0
0
0
0
0
0
0
0
0
0
0
0
0
0
0
0
0
0
0
0
0
0
0
0
0
0
0
0
0
0
0
0
0
0
0
0
0
0
0
0
0
0
0
0
0
0
0
0
0
0
0
0
0
0
0
0
0
0
0
0
0
0
0
0
0
0
0
0
0
0
0
0
0
0
0
0
0
0
0
0
0
0
0
0
0
0
0
0
0
0
0
0
0
0
0
0
0
0
0
0
0
0
0
0
0
0
0
0
0
0
0
0
0
0
0
0
0
0
0
0
0
0
0
0
0
0
0
0
0
0
0
0
0
0
0
0
0
0
0
0
0
0
0
0
0
0
0
0
0
0
0
0
0
0
0
0
0
0
0
0
0
0
0
0
0
0
0
0
0
0
0
0
0
0
0
0
0
0
0
0
0
0
0
0
0
0
0
0
0
0
0
0
0
0
0
0
0
0
0
0
0
0
0
0
0
0
0
0
0
0
0
0
0
0
0
0
0
0
0
0
0
0
0
0
0
0
0
0
0
0
0
0
0
0
0
0
0
0
0
0
0
0
0
0
0
0
0
0
0
0
0
0
0
0
0
0
0
0
0
0
0
0
0
0
0
0
0
0
0
0
0
0
0
0
0
0
0
0
0
0
0
0
0
0
0
0
0
0
0
0
0
0
0
0
0
0
0
0
0
0
0
0
0
0
0
0
0
0
0
0
0
0
0
0
0
0
0
0
0
0
0
0
0
0
0
0
0
0
0
0
0
0
0
0
0
0
0
0
0
0
0
0
0
0
0
0
0
0
0
0
0
0
0
0
0
0
0
0
0
0
0
0
0
0
0
0
0
0
0
0
0
0
0
0
0
0
0
0
0
0
0
0
0
0
0
0
0
0
0
0
0
0
0
0
0
0
0
0
0
0
0
0
0
0
0
0
0
0
0
0
0
0
0
0
0
0
0
0
0
0
0
0
0
0
0
0
0
0
0
0
0
0
0
0
0
0
0
0
0
0
0
0
0
0
0
0
0
0
0
0
0
0
0
0
0
0
0
0
0
0
0
0
0
0
0
0
0
0
0
0
0
0
0
0
0
0
0
0
0
0
0
0
0
0
0
0
0
0
0
0
0
0
0
0
0
0
0
0
0
0
0
0
0
0
0
0
0
0
0
0
0
0
0
0
0
0
0
0
0
0
0
0
0
0
0
0
0
0
0
0
0
0
0
0
0
0
0
0
0
0
0
0
0
0
0
0
0
0
0
0
0
0
0
0
0
0
0
0
0
0
0
0
0
0
0
0
0
0
0
0
0
0
0
0
0
0
0
0
0
0
0
0
0
0
0
0
0
0
0
0
0
0
0
0
0
0
0
0
0
0
0
0
0
0
0
0
0
0
0
0
0
0
0
0
0
0
0
0
0
0
0
0
0
0
0
0
0
0
0
0
0
0
0
0
0
0
0
0
0
0
0
0
0
0
0
0
0
0
0
0
0
0
0
0
0
0
0
0
0
0
0
0
0
0
0
0
0
0
0
0
0
0
0
0
0
0
0
0
0
0
0
0
0
0
0
0
0
0
0
0
0
0
0
0
0
0
0
0
0
0
0
0
0
0
0
0
0
0
0
0
0
0
0
0
0
0
0
0
0
0
0
0
0
0
0
0
0
0
0
0
0
0
0
0
0
0
0
0
0
0
0
0
0
0
0
0
0
0
0
0
0
0
0
0
0
0
0
0
0
0
0
0
0
0
0
0
0
0
0
0
0
0
0
0
0
0
0
0
0
0
0
0
0
0
0
0
0
0
0
0
0
0
0
0
0
0
0
0
0
0
0
0
0
0
0
0
0
0
0
0
0
0
0
0
0
0
0
0
0
0
0
0
0
0
0
0
0
0
0
0
0
0
0
0
0
0
0
0
0
0
0
0
0
0
0
0
0
0
0
0
0
0
0
0
0
0
0
0
0
0
0
0
0
0
0
0
0
0
0
0
0
0
0
0
0
0
0
0
0
0
0
0
0
0
0
0
0
0
0
0
0
0
0
0
0
0
0
0
0
0
0
0
0
0
0
0
0
0
0
0
0
0
0
0
0
0
0
0
0
0
0
0
0
0
0
0
0
0
0
0
0
0
0
0
0
0
0
0
0
0
0
0
0
0
0
0
0
0
0
0
0
0
0
0
0
0
0
0
0
0
0
0
0
0
0
0
0
0
0
0
0
0
0
0
0
0
0
0
0
0
0
0
0
0
0
0
0
0
0
0
0
0
0
0
0
0
0
0
0
0
0
0
0
0
0
0
0
0
0
0
0
0
0
0
0
0
0
0
0
0
0
0
0
0
0
0
0
0
0
0
0
0
0
0
0
0
0
0
0
0
0
0
0
0
0
0
0
0
0
0
0
0
0
0
0
0
0
0
0
0
0
0
0
0
0
0
0
0
0
0
0
0
0
0
0
0
0
0
0
0
0
0
0
0
0
0
0
0
0
0
0
0
0
0
0
0
0
0
0
0
0
0
0
0
0
0
0
0
0
0
0
0
0
0
0
0
0
0
0
0
0
0
0
0
0
0
0
0
0
0
0
0
0
0
0
0
0
0
0
0
0
0
0
0
0
0
0
0
0
0
0
0
0
0
0
0
0
0
0
0
0
0
0
0
0
0
0
0
0
0
0
0
0
0
0
0
0
0
0
0
0
0
0
0
0
0
0
0
0
0
0
0
0
0
0
0
0
0
0
0
0
0
0
0
0
0
0
0
0
0
0
0
0
0
0
0
0
0
0
0
0
0
0
0
0
0
0
0
0
0
0
0
0
0
0
0
0
0
0
0
0
0
0
0
0
0
0
0
0
0
0
0
0
0
0
0
0
0
0
0
0
0
0
0
0
0
0
0
0
0
0
0
0
0
0
0
0
0
0
0
0
0
0
0
0
0
0
0
0
0
0
0
0
0
0
0
0
0
0
0
0
0
0
0
0
0
0
0
0
0
0
0
0
0
0
0
0
0
0
0
0
0
0
0
0
0
0
0
0
0
0
0
0
0
0
0
0
0
0
0
0
0
0
0
0
0
0
0
0
0
0
0
0
0
0
0
0
0
0
0
0
0
0
0
0
0
0
0
0
0
0
0
0
0
0
0
0
0
0
0
0
0
0
0
0
0
0
0
0
0
0
0
0
0
0
0
0
0
0
0
0
0
0
0
0
0
0
0
0
0
0
0
0
0
0
0
0
0
0
0
0
0
0
0
0
0
0
0
0
0
0
0
0
0
0
0
0
0
0
0
0
0
0
0
0
0
0
0
0
0
0
0
0
0
0
0
0
0
0
0
0
0
0
0
0
0
0
0
0
0
0
0
0
0
0
0
0
0
0
0
0
0
0
0
0
0
0
0
0
0
0
0
0
0
0
0
0
0
0
0
0
0
0
0
0
0
0
0
0
0
0
0
0
0
0
0
0
0
0
0
0
0
0
0
0
0
0
0
0
0
0
0
0
0
0
0
0
0
0
0
0
0
0
0
0
0
0
0
0
0
0
0
0
0
0
0
0
0
0
0
0
0
0
0
0
0
0
0
0
0
0
0
0
0
0
0
0
0
0
0
0
0
0
0
0
0
0
0
0
0
0
0
0
0
0
0
0
0
0
0
0
0
0
0
0
0
0
0
0
0
0
0
0
0
0
0
0
0
0
0
0
0
0
0
0
0
0
0
0
0
0
0
0
0
0
0
0
0
0
0
0
0
0
0
0
0
0
0
0
0
0
0
0
0
0
0
0
0
0
0
0
0
0
0
0
0
0
0
0
0
0
0
0
0
0
0
0
0
0
0
0
0
0
0
0
0
0
0
0
0
0
0
0
0
0
0
0
0
0
0
0
0
0
0
0
0
0
0
0
0
0
0
0
0
0
0
0
0
0
0
0
0
0
0
0
0
0
0
0
0
0
0
0
0
0
0
0
0
0
0
0
0
0
0
0
0
0
0
0
0
0
0
0
0
0
0
0
0
0
0
0
0
0
0
0
0
0
0
0
0
0
0
0
0
0
0
0
0
0
0
0
0
0
0
0
0
0
0
0
0
0
0
0
0
0
0
0
0
0
0
0
0
0
0
0
0
0
0
0
0
0
0
0
0
0
0
0
0
0
0
0
0
0
0
0
0
0
0
0
0
0
0
0
0
0
0
0
0
0
0
0
0
0
0
0
0
0
0
0
0
0
0
0
0
0
0
0
0
0
0
0
0
0
0
0
0
0
0
0
0
0
0
0
0
0
0
0
0
0
0
0
0
0
0
0
0
0
0
0
0
0
0
0
0
0
0
0
0
0
0
0
0
0
0
0
0
0
0
0
0
0
0
0
0
0
0
0
0
0
0
0
0
0
0
0
0
0
0
0
0
0
0
0
0
0
0
0
0
0
0
0
0
0
0
0
0
0
0
0
0
0
0
0
0
0
0
0
0
0
0
0
0
0
0
0
0
0
0
0
0
0
0
0
0
0
0
0
0
0
0
0
0
0
0
0
0
0
0
0
0
0
0
0
0
0
0
0
0
0
0
0
0
0
0
0
0
0
0
0
0
0
0
0
0
0
0
0
0
0
0
0
0
0
0
0
0
0
0
0
0
0
0
0
0
0
0
0
0
0
0
0
0
0
0
0
0
0
0
0
0
0
0
0
0
0
0
0
0
0
0
0
0
0
0
0
0
0
0
0
0
0
0
0
0
0
0
0
0
0
0
0
0
0
0
0
0
0
0
0
0
0
0
0
0
0
0
0
0
0
0
0
0
0
0
0
0
0
0
0
0
0
0
0
0
0
0
0
0
0
0
0
0
0
0
0
0
0
0
0
0
0
0
0
0
0
0
0
0
0
0
0
0
0
0
0
0
0
0
0
0
0
0
0
0
0
0
0
0
0
0
0
0
0
0
0
0
0
0
0
0
0
0
0
0
0
0
0
0
0
0
0
0
0
0
0
0
0
0
0
0
0
0
0
0
0
0
0
0
0
0
0
0
0
0
0
0
0
0
0
0
0
0
0
0
0
0
0
0
0
0
0
0
0
0
0
0
0
0
0
0
0
0
0
0
0
0
0
0
0
0
0
0
0
0
0
0
0
0
0
0
0
0
0
0
0
0
0
0
0
0
0
0
0
0
0
0
0
0
0
0
0
0
0
0
0
0
0
0
0
0
0
0
0
0
0
0
0
0
0
0
0
0
0
0
0
0
0
0
0
0
0
0
0
0
0
0
0
0
0
0
0
0
0
0
0
0
0
0
0
0
0
0
0
0
0
0
0
0
0
0
0
0
0
0
0
0
0
0
0
0
0
0
0
0
0
0
0
0
0
0
0
0
0
0
0
0
0
0
0
0
0
0
0
0
0
0
0
0
0
0
0
0
0
0
0
0
0
0
0
0
0
0
0
0
0
0
0
0
0
0
0
0
0
0
0
0
0
0
0
0
0
0
0
