XBSCFWQ KQQMCAB
KQQMCAB HMQCPRT
HMQCPRT FRGSCCY
FRGSCCY VQGWJPY
VQGWJPY JEBTZXS
JEBTZXS KZSTQRA
KZSTQRA LTDINSK
LTDINSK BHZMAMQ
BHZMAMQ HDYOIHS
HDYOIHS RGOWGWI
RGOWGWI SZMGSRK
SZMGSRK BXTOAAV
BXTOAAV YZIIBZT
YZIIBZT YFLSJED
YFLSJED LMHXSMG
LMHXSMG EHJHNSQ
EHJHNSQ LGAIXJX
LGAIXJX ONERBIY
ONERBIY XJGBJRW
XJGBJRW DDLGCMV
DDLGCMV UPVSCFJ
UPVSCFJ YHTLXKJ
YHTLXKJ QEPCWLH
QEPCWLH OZCCNQV
OZCCNQV SLTVICY
SLTVICY NBEXBSO
NBEXBSO QJYRMES
QJYRMES ULPEOIL
ULPEOIL YJOLFTA
YJOLFTA OUSJALY
OUSJALY JBNPJAO
JBNPJAO IBUJUGX
IBUJUGX ATCOSUU
ATCOSUU ZROKTSR
ZROKTSR OVPNIFQ
OVPNIFQ GBROLBF
GBROLBF UWZWPZW
UWZWPZW CMJYDAD
CMJYDAD LQMHFHP
LQMHFHP NGCOTYF
NGCOTYF TMKVJPD
TMKVJPD UWTHQSK
UWTHQSK NTPCKTA
NTPCKTA BAKGDAC
BAKGDAC SELOGTT
SELOGTT OJVTWWP
OJVTWWP YJVBKUY
YJVBKUY ACKXDAU
ACKXDAU IJAOBFZ
IJAOBFZ EUFSCTY
EUFSCTY AVTXFBR
AVTXFBR KVIPYPR
KVIPYPR XRXWEWK
XRXWEWK OTGATGZ
OTGATGZ JASOMXH
JASOMXH AKBTZEQ
AKBTZEQ FDJXTSA
FDJXTSA UZFWFVM
UZFWFVM XZAZDIH
XZAZDIH YLPOUQT
YLPOUQT OPVMFKY
OPVMFKY GVEHKHV
GVEHKHV ITYTXMU
ITYTXMU DLNYQSG
DLNYQSG VULQVCL
VULQVCL ANIIDWY
ANIIDWY HOMSUMH
HOMSUMH IPHHERR
IPHHERR JRIOGVH
JRIOGVH LRKODKT
LRKODKT KZJBNHW
KZJBNHW JUGZPIO
JUGZPIO GPGJUXA
GPGJUXA HAHVDQU
HAHVDQU QCTFCFB
QCTFCFB WPVJHCE
WPVJHCE AHEYQYP
AHEYQYP KULPIKD
KULPIKD UGOAPRV
UGOAPRV WHLJXPO
WHLJXPO SVQVFOK
SVQVFOK CKYYQUT
CKYYQUT HGETCZD
HGETCZD LBFSBHG
LBFSBHG BNSPIZT
BNSPIZT GZFASTZ
GZFASTZ EMGVNKY
EMGVNKY NZLIBLH
NZLIBLH CAVMHJM
CAVMHJM DVIEOFG
DVIEOFG MKUDUNM
MKUDUNM YOJZNJE
YOJZNJE RPQVNQE
RPQVNQE VKESWDU
VKESWDU WDNFKJX
WDNFKJX SWDWUBS
SWDWUBS CPSGBPY
CPSGBPY CKUXCOF
CKUXCOF CYTLCFL
CYTLCFL RHPWIQS
RHPWIQS BVMDPXX
BVMDPXX MBGAPWT
MBGAPWT TZTHISW
TZTHISW JHTFFAV
JHTFFAV OWOECXJ
OWOECXJ WNFKBGC
WNFKBGC YBJNNWW
YBJNNWW JTDIIBS
JTDIIBS QHBLWSU
QHBLWSU EZGBDVD
EZGBDVD SODJQOF
SODJQOF FBKWQQU
FBKWQQU WMSXDZR
WMSXDZR IWUVXQE
IWUVXQE NGZIGBK
NGZIGBK ETDCLRP
ETDCLRP JUBUULF
JUBUULF SBEJPAZ
SBEJPAZ KSYSGJZ
KSYSGJZ IZDCGVK
IZDCGVK JVRIURY
JVRIURY YPARZQT
YPARZQT LXSYSXK
LXSYSXK LNKFMKF
LNKFMKF WITSKDI
WITSKDI BRLPFTA
BRLPFTA XIPGNCI
XIPGNCI SHVJOOT
SHVJOOT MMVIZAH
MMVIZAH EDKQWOA
EDKQWOA XOPIHNQ
XOPIHNQ AVDGZMF
AVDGZMF QGFPQGS
QGFPQGS DJDCNIT
DJDCNIT OMLMYKL
OMLMYKL EZZWBPG
EZZWBPG XWDJVIQ
XWDJVIQ DNWZZVX
DNWZZVX BOAJLKZ
BOAJLKZ HGEIDHA
HGEIDHA SQRKDIS
SQRKDIS PJRPLKG
PJRPLKG NZQXUJC
NZQXUJC YATOKPQ
YATOKPQ QROZEVX
QROZEVX UBFJBCR
UBFJBCR XOQYUES
XOQYUES GGCSRXT
GGCSRXT YIWMRID
YIWMRID GDTWKYQ
GDTWKYQ MKBCGMP
MKBCGMP QVTJFMH
QVTJFMH PUTQTHW
PUTQTHW WNIZYPS
WNIZYPS FTHXTEF
FTHXTEF QASCOTQ
QASCOTQ PRMAJNA
PRMAJNA UZHCOUJ
UZHCOUJ DCYRWMV
DCYRWMV OALAYWX
OALAYWX JQZLZKJ
JQZLZKJ FDWKOWT
FDWKOWT HDNMMJE
HDNMMJE EVYAIKV
EVYAIKV PIDBMAG
PIDBMAG OITCRUF
OITCRUF CGMUTPV
CGMUTPV FQNWEJU
FQNWEJU TJSCOXU
TJSCOXU SAWGVYQ
SAWGVYQ CCUUYBB
CCUUYBB QPANFXW
QPANFXW KECYAEP
KECYAEP MNBCNQH
MNBCNQH KKDJHYZ
KKDJHYZ TQYKHWI
TQYKHWI IOEKJYA
IOEKJYA ILLVBDM
ILLVBDM ODUFQWK
ODUFQWK COHGNYH
COHGNYH BSQWPIP
BSQWPIP LPBOFLV
LPBOFLV GPDGJPH
GPDGJPH YRQLHSG
YRQLHSG HEVJPWD
HEVJPWD ZZDFDOP
ZZDFDOP QMJBBVF
QMJBBVF TQAAKNF
TQAAKNF NWZMQAL
NWZMQAL TIVMSKR
TIVMSKR LQIPVQN
LQIPVQN ODMIIAW
ODMIIAW YEIOLYJ
YEIOLYJ GQVDUKY
GQVDUKY TEMBREX
TEMBREX JZPUQXQ
JZPUQXQ IZDLPPI
IZDLPPI DPPNUBX
DPPNUBX BBZPNXJ
BBZPNXJ IIAXLSQ
IIAXLSQ HNRPDYX
HNRPDYX QEODBUT
QEODBUT QULICKO
QULICKO LXESZET
LXESZET QUMQCXX
QUMQCXX HVURBFM
HVURBFM GWLIRXM
GWLIRXM TOZBTTL
TOZBTTL QHPMCID
QHPMCID AGZMQAW
AGZMQAW BZOPRIE
BZOPRIE VYCHDCX
VYCHDCX ZZYANVF
ZZYANVF OSUJGUA
OSUJGUA QXKWVCA
QXKWVCA FXXEIYV
FXXEIYV DFJNPGU
DFJNPGU NLANEFP
NLANEFP QRGWQXC
QRGWQXC OORWNLQ
OORWNLQ XFKWDAA
XFKWDAA HATLQYR
HATLQYR HEFXDQI
HEFXDQI GFZALQX
GFZALQX BKXIAXC
BKXIAXC DECPENE
DECPENE SLQDOHH
SLQDOHH YKSZDIQ
YKSZDIQ CEPTVMI
CEPTVMI GJPZIBJ
GJPZIBJ KELAQOW
KELAQOW JNPTFDH
JNPTFDH ZCAGIKL
ZCAGIKL XYZGQBI
XYZGQBI MLUQJDD
MLUQJDD CMSWVWA
CMSWVWA WLSJSBZ
WLSJSBZ ZTKKUJX
ZTKKUJX QGBYGRR
QGBYGRR LBEKCDR
LBEKCDR SKGOUYW
SKGOUYW JGKAAHH
JGKAAHH LBTPZER
LBTPZER PBQQCYR
PBQQCYR WOOJRFE
WOOJRFE CZIZBQB
CZIZBQB XRXJIGP
XRXJIGP FOMSSWO
FOMSSWO UTJNRYO
UTJNRYO AGFELZB
AGFELZB AAVYORW
AAVYORW CPLOCTZ
CPLOCTZ KXXRUDB
KXXRUDB ERQFRQY
ERQFRQY BRDEKWE
BRDEKWE TLCFBJA
TLCFBJA WVKXXOT
WVKXXOT ORAPGSX
ORAPGSX XOIZOUA
XOIZOUA DUFYWOU
DUFYWOU ACCGMHD
ACCGMHD ZQLVADV
ZQLVADV QZZTEUE
QZZTEUE YNMRGYV
YNMRGYV PINJLLD
PINJLLD GZEKZDR
GZEKZDR KAPGBTS
KAPGBTS MKLDBEV
MKLDBEV HOPVGED
HOPVGED HGAYHAL
HGAYHAL FWITKLS
FWITKLS GIGHDCH
GIGHDCH IQBLUPE
IQBLUPE RVWVKFF
RVWVKFF ZTLIVUY
ZTLIVUY VIYDLFN
VIYDLFN FFHVZME
FFHVZME OTTRBMO
OTTRBMO RGICWSD
RGICWSD JLRKMOF
JLRKMOF IKJJNDL
IKJJNDL YCNQKMZ
YCNQKMZ FHJXKLO
FHJXKLO PQOWXEF
PQOWXEF RBXGEBO
RBXGEBO YHHUSAC
YHHUSAC ESZRQBK
ESZRQBK PVUOHEV
PVUOHEV DQBSJRU
DQBSJRU JCUZQKH
JCUZQKH NNUKWJJ
NNUKWJJ DPVXUVK
DPVXUVK CHTLKTA
CHTLKTA JFKFZOU
JFKFZOU KYZBIOL
KYZBIOL AYJHFVV
AYJHFVV NPKHFDO
NPKHFDO TTHXXTG
TTHXXTG FKZPSHP
FKZPSHP YABZIBJ
YABZIBJ YIWKHDX
YIWKHDX ZUUWAHG
ZUUWAHG YTWUCQC
YTWUCQC CHTPZJJ
CHTPZJJ ACUNWNV
ACUNWNV WLHCORE
WLHCORE FKLSQUQ
FKLSQUQ IRYWVLR
IRYWVLR CCJKKPO
CCJKKPO YPDVEEQ
YPDVEEQ UAKATOI
UAKATOI DUMWVFW
DUMWVFW RMAHWNU
RMAHWNU GNZLYBO
GNZLYBO WNYFGHX
WNYFGHX QUCJLVL
QUCJLVL PNOTDCZ
PNOTDCZ CZWCMEX
CZWCMEX YLZAILL
YLZAILL PPFUCQC
PPFUCQC FEBYMGQ
FEBYMGQ LXYPEXR
LXYPEXR FDRYVHV
FDRYVHV OJZXJJA
OJZXJJA MRNJHFK
MRNJHFK GHXSDXB
GHXSDXB SULYRLN
SULYRLN BWAJSVV
BWAJSVV CQSMBHA
CQSMBHA PQPJKWM
PQPJKWM AJWFRGO
AJWFRGO EMACLVO
EMACLVO FXEAKRE
FXEAKRE KTBCCIT
KTBCCIT NHRAQVZ
NHRAQVZ HSSOXOI
HSSOXOI GGGJBOH
GGGJBOH JYKAKYB
JYKAKYB QEMTFRW
QEMTFRW UTXEBBI
UTXEBBI CXCBITI
CXCBITI MANKUEU
MANKUEU QGPYHOC
QGPYHOC BXWLGFM
BXWLGFM GZGIHDT
GZGIHDT ICKEJMR
ICKEJMR GMFXJSJ
GMFXJSJ KMNYHHT
KMNYHHT YUTOHZZ
YUTOHZZ PLKVASZ
PLKVASZ VCRUGPD
VCRUGPD NROSIQD
NROSIQD BDIVXBY
BDIVXBY IBJPQSS
IBJPQSS MEQNQPD
MEQNQPD TRXSAKS
TRXSAKS CRPRMVE
CRPRMVE SIJHIUJ
SIJHIUJ AYUBWEG
AYUBWEG QVRSWQP
QVRSWQP ONWFSNN
ONWFSNN SRLLHLE
SRLLHLE JTNLAZW
JTNLAZW KTIWFIF
KTIWFIF VWRJOVP
VWRJOVP WSNWPYC
WSNWPYC TLAMSXE
TLAMSXE YKOHWCO
YKOHWCO TWBCTRW
TWBCTRW WFRZAZP
WFRZAZP ATCDLYX
ATCDLYX BTKCZAH
BTKCZAH WUCRZDJ
WUCRZDJ QMTSXJK
QMTSXJK OPBSMDJ
OPBSMDJ PZHPUJU
PZHPUJU BPKIHEL
BPKIHEL HQBIJKQ
HQBIJKQ QZWIBUV
QZWIBUV ZUYSSNO
ZUYSSNO CMIKJZH
CMIKJZH RDICGPF
RDICGPF ITKICMR
ITKICMR ARFFTWZ
ARFFTWZ KGKBZEG
KGKBZEG ZSEJJBR
ZSEJJBR EYGKPZV
EYGKPZV ABPHDUO
ABPHDUO IBYWDWK
IBYWDWK YARBRPJ
YARBRPJ PVYXZZB
PVYXZZB IWNKSHC
IWNKSHC QHEHCIA
QHEHCIA WPDPCZF
WPDPCZF FMVTCWY
FMVTCWY KXJZGCH
KXJZGCH IBIZSTJ
IBIZSTJ SJKVBNA
SJKVBNA GDKVCUC
GDKVCUC PSTIHXZ
PSTIHXZ CFWQJDA
CFWQJDA ILANADO
ILANADO JQGGPMA
JQGGPMA QLBGISM
QLBGISM DVMUBVW
DVMUBVW PVVYPMV
PVVYPMV GNZOXDR
GNZOXDR FJQGHTY
FJQGHTY OEMMBXT
OEMMBXT OFQLSMF
OFQLSMF SALIWMS
SALIWMS SFPGGBC
SFPGGBC YSIHEGU
YSIHEGU KSWDENH
KSWDENH DZDGBFR
DZDGBFR CWMRROY
CWMRROY UAGPWDX
UAGPWDX MGWMUYM
MGWMUYM QIKJQML
QIKJQML XWMABRK
XWMABRK DAFPQXQ
DAFPQXQ JYGHUJE
JYGHUJE IJYOIDY
IJYOIDY NPMVFPT
NPMVFPT ZLNUJKS
ZLNUJKS PZJAYFG
PZJAYFG ISEGFUK
ISEGFUK DDBDKTM
DDBDKTM GBXLKJB
GBXLKJB QSCYPRQ
QSCYPRQ VPURGER
VPURGER ZMFAPCB
ZMFAPCB TPPABXW
TPPABXW XWHGAPC
XWHGAPC UDITVVJ
UDITVVJ ISVOUWH
ISVOUWH CUIAEEN
CUIAEEN KMZPOEB
KMZPOEB TDWKKPO
TDWKKPO UANBJBR
UANBJBR DEIHKDQ
DEIHKDQ MQFQUDQ
MQFQUDQ IOXCFZG
IOXCFZG SVDPUEI
SVDPUEI QPOSCOH
QPOSCOH IHCJSND
IHCJSND RRDQVWQ
RRDQVWQ HKTDIYZ
HKTDIYZ CKMRXKY
CKMRXKY WWWGOGN
WWWGOGN MPYWXWO
MPYWXWO CGYEZYW
CGYEZYW SLEDTAB
SLEDTAB FZEPVRU
FZEPVRU UTHVRVW
UTHVRVW XIOBIOT
XIOBIOT LBBUJXJ
LBBUJXJ GBHJVJR
GBHJVJR KMUKOCG
KMUKOCG NKZWPMC
NKZWPMC VBWXVHS
VBWXVHS XYTMTNT
XYTMTNT DRJNMOB
DRJNMOB PTKAFYJ
PTKAFYJ RZFDJUG
RZFDJUG BDHGSYA
BDHGSYA KGQDAXC
KGQDAXC ENAPQKP
ENAPQKP JPYTMQO
JPYTMQO GEJZCBS
GEJZCBS HDLIDLF
HDLIDLF JCWMKZO
JCWMKZO IENWFTA
IENWFTA UJQXHIH
UJQXHIH UDZOUIO
UDZOUIO VVSFQSV
VVSFQSV VYVOGPV
VYVOGPV OVIEPYS
OVIEPYS KZPLDFM
KZPLDFM DCNMYSW
DCNMYSW BFORQHG
BFORQHG WIGWZMA
WIGWZMA EDHJPVW
EDHJPVW WLXJILH
WLXJILH RZTEZEO
RZTEZEO WJLQMMI
WJLQMMI UGQQGNB
UGQQGNB XZUDSRF
XZUDSRF PPVPFBA
PPVPFBA ECCXGOW
ECCXGOW PEPSBWR
PEPSBWR HKDAEMV
HKDAEMV MWZAVDS
MWZAVDS OAHUIBM
OAHUIBM GQYJJWL
GQYJJWL EANUJVM
EANUJVM FHJGWEI
FHJGWEI YBFDJNB
YBFDJNB EDEURPR
EDEURPR RMKJTCS
