FNPHSW DJESYA
DJESYA MPLXOU
MPLXOU UPDSPT
UPDSPT DBURFI
DBURFI HCMOGS
HCMOGS FYFTFQ
FYFTFQ MCMCFZ
MCMCFZ XDTTQO
XDTTQO LBWSIN
LBWSIN WNRVBB
WNRVBB GXKEVW
GXKEVW UWWAAU
UWWAAU YUJPMF
YUJPMF ZIRUKO
ZIRUKO OXHZCQ
OXHZCQ SBMCEL
SBMCEL QYXSAP
QYXSAP RMCFKH
RMCFKH AGEAJB
AGEAJB NPSABC
NPSABC DXPQLP
DXPQLP MPWHUU
MPWHUU TYWCFQ
TYWCFQ CNCPYJ
CNCPYJ HMRXHQ
HMRXHQ ZWBSOF
ZWBSOF GSJXJD
GSJXJD KZIWFJ
KZIWFJ DPOPUZ
DPOPUZ WIXYYA
WIXYYA WRWDWC
WRWDWC KVDNXE
KVDNXE JYQVRR
JYQVRR EOYQEK
EOYQEK JPYWOK
JPYWOK CUVFJU
CUVFJU SDLBDQ
SDLBDQ ACMKIN
ACMKIN XLYCBA
XLYCBA QGDMIA
QGDMIA TGSWEP
TGSWEP TUMVAD
TUMVAD JFQABP
JFQABP IYZKRC
IYZKRC XXTUPU
XXTUPU OXFFUI
OXFFUI ZWXKGX
ZWXKGX XIYHUT
XIYHUT SFIPAU
SFIPAU GSMMTF
GSMMTF VKGRHP
VKGRHP DRLITM
DRLITM WLQLNC
WLQLNC UAUYBU
UAUYBU NVDWWJ
NVDWWJ BIAGCQ
BIAGCQ HLLIRA
HLLIRA FGUKFF
FGUKFF FTZYFT
FTZYFT VUSKWD
VUSKWD SVJAWZ
SVJAWZ SLNSDW
SLNSDW GFRMAC
GFRMAC IUBTFN
IUBTFN NZUAEL
NZUAEL HBTNHS
HBTNHS PMFLVA
PMFLVA MYJPGR
MYJPGR QFLVTC
QFLVTC TVKVWG
TVKVWG IIUJWN
IIUJWN VZSSXH
VZSSXH MXPLJA
MXPLJA YINAET
YINAET FNOFSM
FNOFSM EQEMZG
EQEMZG TCWDFL
TCWDFL PMEQVB
PMEQVB BGFIMJ
BGFIMJ YTBKDL
YTBKDL ZPKJPS
ZPKJPS JGEOXR
JGEOXR DUCYWY
DUCYWY WXQGPT
WXQGPT PSWNZW
PSWNZW PGHIAQ
PGHIAQ MRLYPA
MRLYPA EFRIBR
EFRIBR DIFOSI
DIFOSI RMCSKV
RMCSKV GAWACW
GAWACW DUEWHW
DUEWHW KUQWAJ
KUQWAJ KHUJVE
KHUJVE BWJZSU
BWJZSU RYWADW
RYWADW HMSXSA
HMSXSA SOVUXI
SOVUXI LZXXAQ
LZXXAQ DZFGMW
