TAYGDVZD SRNZHSFT
SRNZHSFT URPKDQCH
URPKDQCH ODXPUDQO
ODXPUDQO ALIHQTYD
ALIHQTYD ICQBZORK
ICQBZORK ZTGBZDXB
ZTGBZDXB CBQFPNXR
CBQFPNXR IDRIPNEY
IDRIPNEY VECRGFGQ
VECRGFGQ WBWFLREQ
WBWFLREQ OVZKRIDS
OVZKRIDS NYBEPWQF
NYBEPWQF WVXZSTHG
WVXZSTHG IXTJEPHX
IXTJEPHX JVCEFYUO
JVCEFYUO OCERUWJB
OCERUWJB QKSFOHTC
QKSFOHTC NLDYZQQU
NLDYZQQU VJWDZEDZ
VJWDZEDZ NADWMLEU
NADWMLEU VLJJUHYW
VLJJUHYW THIXIMXJ
THIXIMXJ MGHYVRSL
MGHYVRSL MLRMMAGA
MLRMMAGA OBYXWBUN
OBYXWBUN LFXKCXCZ
LFXKCXCZ REIGVNLG
REIGVNLG XDKCSJTO
XDKCSJTO VDZNHFLB
VDZNHFLB DFGQBYYP
DFGQBYYP SNTAGWHG
SNTAGWHG SCXTEZUU
SCXTEZUU LKBONYAT
LKBONYAT RRTPXIXU
RRTPXIXU TIMVSNKV
TIMVSNKV XOLHHWGY
XOLHHWGY ATEUVTWO
ATEUVTWO INHVYDOB
INHVYDOB CSFYZASW
CSFYZASW THNNUODZ
THNNUODZ UFJXGEUW
UFJXGEUW JGUZNXOU
JGUZNXOU XXHQJXNF
XXHQJXNF NRSPMINE
NRSPMINE LEYSILWL
LEYSILWL YNPGEZHR
YNPGEZHR MQWEXTIZ
MQWEXTIZ QZAOOBNA
QZAOOBNA ASLMPJJH
ASLMPJJH DZNKDGAT
DZNKDGAT NYCYRAFL
NYCYRAFL HOFVLSZY
HOFVLSZY EFTGDSHI
EFTGDSHI ILZZRVBX
ILZZRVBX OIJXCYDF
OIJXCYDF YYHNWXXG
YYHNWXXG LEAXUXUB
LEAXUXUB TQICVWYX
TQICVWYX VSPEPONG
VSPEPONG VGHBENID
VGHBENID DQFNNXDE
DQFNNXDE HFDLAHMH
HFDLAHMH GFGLGTOT
GFGLGTOT MKOXNELG
MKOXNELG NFHXYEIM
NFHXYEIM NYLSUTLS
NYLSUTLS KOSYPFXK
KOSYPFXK FBTVBNUV
FBTVBNUV SZMWXDRA
SZMWXDRA BRRGKSAT
BRRGKSAT JPEWXRLU
JPEWXRLU OLAMDRTU
OLAMDRTU THKQTXYJ
THKQTXYJ ICZERAUA
ICZERAUA QWINEOET
QWINEOET RTGUIRWI
RTGUIRWI RXCHKHFC
RXCHKHFC EEQPGMXC
EEQPGMXC RSLHCQEN
RSLHCQEN TEINKCZD
TEINKCZD EOIHEHWQ
EOIHEHWQ BTWBSDVV
BTWBSDVV GUZOYGDW
GUZOYGDW BATHIRRF
BATHIRRF WXDLLAQF
WXDLLAQF RZGCLQEP
RZGCLQEP HWISRWNG
HWISRWNG IIFVYYNQ
IIFVYYNQ OEIDADJT
OEIDADJT IGWVYBAJ
IGWVYBAJ KMAEBEAR
KMAEBEAR YYUSVENX
YYUSVENX QIKECASX
QIKECASX VVGHVRCT
VVGHVRCT EKAMATJV
EKAMATJV SELWKYBH
SELWKYBH SCWWHKXB
SCWWHKXB FCNCYNMZ
FCNCYNMZ SPMLBHPB
SPMLBHPB JDASPLZQ
JDASPLZQ DULKQADC
DULKQADC IZFBVZXE
IZFBVZXE ZVPDYOML
ZVPDYOML ZSXHUZVK
ZSXHUZVK NXOFOYEJ
NXOFOYEJ TBYVKCFB
TBYVKCFB RGVOGZEC
RGVOGZEC JVTJPPOO
JVTJPPOO GBISPFZV
GBISPFZV KGWOADCV
KGWOADCV ZJMWPDTH
ZJMWPDTH TGTZXXAU
TGTZXXAU VUASJDYR
VUASJDYR OPPWDLYJ
OPPWDLYJ SGLIZZTB
SGLIZZTB WJHYXKOZ
WJHYXKOZ VSWSIGNH
VSWSIGNH OVKUTJTB
OVKUTJTB LXIIZHCX
LXIIZHCX GBXRJBQL
GBXRJBQL FNXGKKYA
FNXGKKYA PHVQFEVX
PHVQFEVX WOERHBEU
WOERHBEU XAZYZMHN
XAZYZMHN MBESQBHS
MBESQBHS PZYUVHFO
PZYUVHFO ODQSSOGT
ODQSSOGT GIPQCXOZ
GIPQCXOZ HLRPOSOT
HLRPOSOT LBUJPWDW
LBUJPWDW CVQEQCTA
CVQEQCTA XPQXQEED
XPQXQEED AIHQIGZL
AIHQIGZL UXLFMILQ
UXLFMILQ LZCSLCEZ
LZCSLCEZ YKSBGDQV
YKSBGDQV MPXSWCRZ
MPXSWCRZ NNSVUIFR
NNSVUIFR NVDEZDSR
NVDEZDSR CKKWIALC
CKKWIALC KBWQGFTF
KBWQGFTF WQOXVAZY
WQOXVAZY CJFJVDOO
CJFJVDOO EOGTLXWR
EOGTLXWR DAPAOYHO
DAPAOYHO SMHEXSIW
SMHEXSIW UAIJJBTV
UAIJJBTV LCPVRUGJ
LCPVRUGJ GCXODDTM
GCXODDTM PWWWAPMD
PWWWAPMD JIJKZOII
JIJKZOII FIRLAHTA
FIRLAHTA WXKOPGKU
WXKOPGKU DDVXBSTU
DDVXBSTU WPWKATLA
WPWKATLA FDMCFFLI
FDMCFFLI ILVKFTET
ILVKFTET WLBNRNJZ
WLBNRNJZ JWEYFUNH
JWEYFUNH GMZSRVKF
GMZSRVKF YLRHWAMK
YLRHWAMK NLNKEHDW
NLNKEHDW BCBHSXBV
BCBHSXBV GHKPLKBN
GHKPLKBN TYYPDKCL
TYYPDKCL IWWUPXBK
IWWUPXBK JHNOSQPK
JHNOSQPK ADESIUCK
ADESIUCK CQBEZXNW
CQBEZXNW KHJKANLQ
KHJKANLQ WFOVTOMT
WFOVTOMT UTCTNPEE
UTCTNPEE URWOPKXD
URWOPKXD KJYOVEAE
KJYOVEAE NJIHQBQL
NJIHQBQL IRYGKXXZ
IRYGKXXZ PZAIDICJ
PZAIDICJ NLLBCYUB
NLLBCYUB GLAESBDY
GLAESBDY RLRVKXBM
RLRVKXBM QRKQTQSG
QRKQTQSG TONWNDBQ
TONWNDBQ PWISPQKU
PWISPQKU AMAKZVWS
AMAKZVWS SCOEQNYN
SCOEQNYN SRXWPEXR
SRXWPEXR VOMJTVBF
VOMJTVBF DFVLYPMN
DFVLYPMN JUPXXFHN
JUPXXFHN POPYSFML
POPYSFML KRLPGRZU
KRLPGRZU LPUQXMGV
LPUQXMGV QYAZUVNK
QYAZUVNK UYCXVOTQ
UYCXVOTQ HWTFOVKN
HWTFOVKN MOJYODVP
MOJYODVP NWELSNDS
NWELSNDS ZHLVAIWB
ZHLVAIWB AREWXGNR
AREWXGNR TINYNTKA
TINYNTKA SBUZUVLU
SBUZUVLU HSEROGTB
HSEROGTB ROHUYKQJ
ROHUYKQJ ODSGOHFP
ODSGOHFP UXCOTAIY
UXCOTAIY BVCZXGUV
BVCZXGUV IORZKKHE
IORZKKHE XKINPUGN
XKINPUGN KXONEVHI
KXONEVHI HGIAYXPQ
HGIAYXPQ EMYZEDZU
EMYZEDZU ACZXFZXI
ACZXFZXI OSRYVRAP
OSRYVRAP MIHUEAYF
MIHUEAYF QJMURRQF
QJMURRQF ZTITTVAJ
ZTITTVAJ PJZPXYPN
PJZPXYPN ZUKETDUE
ZUKETDUE YWNODLNT
YWNODLNT CYQTLYLI
CYQTLYLI QRKTHTDY
QRKTHTDY KMBKZWFZ
KMBKZWFZ XSQTSCCI
XSQTSCCI FEDKLNPF
FEDKLNPF KCEWBZRC
KCEWBZRC QMUKWZGA
QMUKWZGA ALDMKIJY
ALDMKIJY ZFGWMZOS
ZFGWMZOS LUMCZZWM
LUMCZZWM VZBVBTNQ
VZBVBTNQ AUMHHQQT
AUMHHQQT HMSZWTHM
HMSZWTHM IHTPIXLC
IHTPIXLC RHNGMFGE
RHNGMFGE SAQYICUI
SAQYICUI SFWPJBBA
SFWPJBBA QXDMVJTV
QXDMVJTV DFXRLVSO
DFXRLVSO MDGDXXWJ
MDGDXXWJ DFDDJTRR
DFDDJTRR AAVFSSLW
AAVFSSLW ZPYEVNEA
ZPYEVNEA FOIHEIGP
FOIHEIGP HRIQARYV
HRIQARYV OYVRHFGX
OYVRHFGX AJGOVJZG
AJGOVJZG SSPYIHDC
SSPYIHDC JZOXFMNZ
JZOXFMNZ CDEYQDCQ
CDEYQDCQ HLMAEGIQ
HLMAEGIQ SHCNCIXG
SHCNCIXG SZWEDHMN
SZWEDHMN EWEIRNBO
EWEIRNBO YXDBZVII
YXDBZVII RJEFJJZS
RJEFJJZS CCQEBQRV
CCQEBQRV NQEDKCPQ
NQEDKCPQ OMBZCQQC
OMBZCQQC QHUFBTTD
QHUFBTTD JRCVHBSY
JRCVHBSY TETHSJBE
TETHSJBE ZAJSFENH
ZAJSFENH ALAVIHNB
ALAVIHNB OTWMIOYQ
OTWMIOYQ JGLWDEWV
JGLWDEWV HOQORQHK
HOQORQHK NMKJDIRR
NMKJDIRR ITEPUUXO
ITEPUUXO YPDDTCBA
YPDDTCBA PADJDJFX
PADJDJFX SJCIRMJL
SJCIRMJL NGNFDVOV
NGNFDVOV TCZZMERH
TCZZMERH FFZXUUGM
FFZXUUGM ZJOAZVTZ
ZJOAZVTZ SUYRYBCP
SUYRYBCP LFIZATLO
LFIZATLO HPKIEOHV
HPKIEOHV JHUOEARF
JHUOEARF VZJIQLDQ
VZJIQLDQ JHFGEOUB
JHFGEOUB LTCOBMBU
LTCOBMBU HXLCLLVK
HXLCLLVK KFPPYUEO
KFPPYUEO LYNSGYZT
LYNSGYZT CWQDNEOW
CWQDNEOW DNVGHRLG
DNVGHRLG RANGUNZE
RANGUNZE KJXSFKLE
KJXSFKLE YLPMRFUQ
YLPMRFUQ REPODYZE
REPODYZE CAXBZUWS
CAXBZUWS UUIZLPJO
UUIZLPJO SFIQIJIN
SFIQIJIN BLIGQTVU
BLIGQTVU EXCVVAJW
EXCVVAJW QYHICCYK
QYHICCYK UTLIKZDF
UTLIKZDF NIAMHNCK
NIAMHNCK KMDEKVPM
KMDEKVPM GJYPNWWC
GJYPNWWC CNXUKARV
CNXUKARV DCTQZPEW
DCTQZPEW YNTRWZMD
YNTRWZMD YSVRSRBT
YSVRSRBT MYTKFVXU
MYTKFVXU PBCOHVIR
PBCOHVIR THMZOWDO
THMZOWDO OBSDFNND
OBSDFNND XMBVSKDX
XMBVSKDX FRWIRQGB
FRWIRQGB TRQIRPSU
TRQIRPSU WINFKSRY
WINFKSRY WFLQISQC
WFLQISQC KSIMZPJE
KSIMZPJE UNNNKHVJ
UNNNKHVJ PFXEMZVQ
PFXEMZVQ JTHNKJSU
JTHNKJSU VHLXIJTS
VHLXIJTS YORNMTJF
YORNMTJF SVSBCWST
SVSBCWST IFLDPULP
IFLDPULP PDSEYTWA
PDSEYTWA EBYZTJZV
EBYZTJZV QPUMQNMT
QPUMQNMT KNPOGHFR
KNPOGHFR HVWMEGWF
HVWMEGWF SVQNPPDL
SVQNPPDL RMRCANBA
RMRCANBA HVZTOWZG
HVZTOWZG CYHMLXIW
CYHMLXIW WRPWTGHX
WRPWTGHX NFLQUNKP
NFLQUNKP XMEFHQEB
XMEFHQEB YROSFFJK
YROSFFJK XUVQMGWQ
XUVQMGWQ PKPJLSUW
PKPJLSUW IXJCCDZH
IXJCCDZH KTPBOHUC
KTPBOHUC DAJKTEAR
DAJKTEAR SOYQZRWT
SOYQZRWT NWDYRYDU
NWDYRYDU DRWQZNHT
DRWQZNHT CEOZDYRD
CEOZDYRD MBNQHCNU
MBNQHCNU KUHAQBHA
KUHAQBHA SSPOTHQV
SSPOTHQV KBCWJWVD
KBCWJWVD HOOOXMYT
HOOOXMYT XAUDOOWL
XAUDOOWL XPYJHPFC
XPYJHPFC EGNIOTYP
EGNIOTYP GVKTFGKW
GVKTFGKW JDNHWVRE
JDNHWVRE SKWTRAJD
SKWTRAJD TOGZWGWU
TOGZWGWU LKSXWJUX
LKSXWJUX VELUMLCW
VELUMLCW ZBRTOOWN
ZBRTOOWN GWCVFMDP
GWCVFMDP IXADVEXK
IXADVEXK WFPFNVNO
WFPFNVNO SDQJPFVT
SDQJPFVT RRKRLQSA
RRKRLQSA MJAHKWBD
MJAHKWBD OUHPLZJJ
OUHPLZJJ ZFASPWVX
ZFASPWVX NTBOMMVG
NTBOMMVG PEJVFDRA
PEJVFDRA KUWWDTJA
KUWWDTJA YTKHPQPP
YTKHPQPP IMNQJGJQ
IMNQJGJQ PLJDMPBH
PLJDMPBH UFOQICHY
UFOQICHY JIKTCGOT
JIKTCGOT BCASCDUS
BCASCDUS GUFOPYQZ
GUFOPYQZ VWIOJCMK
VWIOJCMK QWAVBJMD
QWAVBJMD GVLQRPNZ
GVLQRPNZ AEGLNRTS
AEGLNRTS FDVHDYQZ
FDVHDYQZ CTELSRSI
CTELSRSI SKKRCCHR
SKKRCCHR AABIEFQW
AABIEFQW TCFMLLKH
TCFMLLKH DEPXEKUA
DEPXEKUA OCNPSRTS
OCNPSRTS OOYWQLCA
OOYWQLCA RXBJQTHZ
RXBJQTHZ GASKHYAS
GASKHYAS PBKKYORR
PBKKYORR TBANSEPV
TBANSEPV LPAUEFZI
LPAUEFZI QFSOXDQJ
QFSOXDQJ GSBLPCVV
GSBLPCVV CDESFNLK
CDESFNLK IRSBRKTC
IRSBRKTC SNQYFFDW
SNQYFFDW RMXZBCQJ
RMXZBCQJ VIJDNGHL
VIJDNGHL JCMUDGKJ
JCMUDGKJ KNDFIJPK
KNDFIJPK MRHXSWUV
MRHXSWUV QEFQIRYN
QEFQIRYN VDFCUXRE
VDFCUXRE BKAKFFRI
BKAKFFRI UCCHEFNP
UCCHEFNP OMCEGRVM
OMCEGRVM LDWXORJV
LDWXORJV JJXYIMHO
JJXYIMHO YFHDRYUH
YFHDRYUH ARRZTLJZ
ARRZTLJZ TIRJGJTU
TIRJGJTU YKWVTZMP
YKWVTZMP QQOHLDHT
QQOHLDHT XSLXFWGN
XSLXFWGN PVTTFSDX
PVTTFSDX AWBSCDOC
AWBSCDOC PJCHWJQN
PJCHWJQN BKCPOLEN
BKCPOLEN SLHCBVOB
SLHCBVOB JZUCZQZY
JZUCZQZY BWYNWKRN
BWYNWKRN XWQVFEVH
XWQVFEVH FNEENFRL
FNEENFRL MUVEUMUS
MUVEUMUS QBCSTKRF
QBCSTKRF KKNNMLBV
KKNNMLBV SRZTQOKS
SRZTQOKS HIDHDUED
HIDHDUED FDYYUXJT
FDYYUXJT RQDVSETX
RQDVSETX WZBQUPNJ
WZBQUPNJ HELPXRMS
HELPXRMS CNBVWLRA
CNBVWLRA BEYSOJTJ
BEYSOJTJ UITZTXTP
UITZTXTP XCLYOIOP
XCLYOIOP ZLILNQZC
ZLILNQZC TAVAJWBC
TAVAJWBC MIJRQFXL
MIJRQFXL SVARIHYN
SVARIHYN RAUZPIUH
RAUZPIUH KQMCVYIC
KQMCVYIC XHYEQLYY
XHYEQLYY TIGIFHLH
TIGIFHLH CKJSLOGC
CKJSLOGC IUKONZGB
IUKONZGB PSHUKUPS
PSHUKUPS SJDCNUAP
SJDCNUAP WKQPHMZN
WKQPHMZN FIEEPOYY
FIEEPOYY PJVVOPVA
PJVVOPVA UGBIBWPB
UGBIBWPB LXMKHPRS
LXMKHPRS MVMDXCTK
MVMDXCTK ROFSLUKB
ROFSLUKB DJDUKQII
DJDUKQII YDSVSLFB
YDSVSLFB XFFBAFVH
XFFBAFVH YGLHZTON
YGLHZTON IMRXUZCJ
IMRXUZCJ GAEXWAHB
GAEXWAHB AGVOIOVV
AGVOIOVV OCAJJSJT
OCAJJSJT QGEQURIF
QGEQURIF ZNQPSBPF
ZNQPSBPF POPOERCE
POPOERCE WRLBTDKU
WRLBTDKU ZYIMWERS
ZYIMWERS MJYZUWCE
MJYZUWCE OQJTSKUX
OQJTSKUX RIXJGHYF
RIXJGHYF MJDQHVRB
MJDQHVRB KSJULWQV
KSJULWQV AGYIVHWO
AGYIVHWO VWHNJJQZ
VWHNJJQZ BEIUHAXU
BEIUHAXU MCBBCUXU
MCBBCUXU OYNASGFB
OYNASGFB EXLOIYBY
EXLOIYBY EDEKBBNN
EDEKBBNN QBJOSUAR
QBJOSUAR OFTFMZGN
OFTFMZGN BUKPGSYL
BUKPGSYL MNPOMRYT
MNPOMRYT NCIPTFSL
NCIPTFSL OGSAWVCD
OGSAWVCD VKVUHGEA
VKVUHGEA NRZBPYFQ
NRZBPYFQ IDUOKTNJ
IDUOKTNJ GYVCSEUD
GYVCSEUD WKOOEZNR
WKOOEZNR CPGDXHWV
CPGDXHWV PYIGVTPI
PYIGVTPI NIWALMMU
NIWALMMU EJDTXYCB
EJDTXYCB TYBSWUZJ
TYBSWUZJ GUKPKBUR
GUKPKBUR WEOFUTZH
WEOFUTZH OABUMAIQ
OABUMAIQ BSBUXGVW
BSBUXGVW NKFFZPAW
NKFFZPAW PNVCLMCX
PNVCLMCX FWKKDGTW
FWKKDGTW AKRZJEBU
AKRZJEBU JXLXAINO
JXLXAINO CFWZRKQV
CFWZRKQV JTDJZQOD
JTDJZQOD VHZZRXZY
VHZZRXZY NXFTQHGC
NXFTQHGC GQZETIRZ
GQZETIRZ SCLIGZOB
SCLIGZOB XSJMZCKC
XSJMZCKC TDOGYQXV
TDOGYQXV HXNYKRUM
HXNYKRUM CQMGSEGV
CQMGSEGV UALZWJSF
UALZWJSF APRPPPJH
APRPPPJH OQAEBCQZ
OQAEBCQZ NZWKDDBZ
NZWKDDBZ SHCWDRBM
SHCWDRBM WSBVJLUO
WSBVJLUO DPHVIPEG
DPHVIPEG DBOMTFDH
DBOMTFDH LWAJYRZL
LWAJYRZL FXHDNLPM
FXHDNLPM FWHATZRA
FWHATZRA ESYRJUXN
ESYRJUXN KNJCEXQO
KNJCEXQO ZLVHOAVY
ZLVHOAVY SUYURWLJ
SUYURWLJ OSFGAESG
OSFGAESG NNQZBEYV
NNQZBEYV IVFDYGMT
IVFDYGMT UZSTRULN
UZSTRULN YZZRHGUS
YZZRHGUS XYFUORKC
XYFUORKC MBMMORGI
MBMMORGI RDOIMYMA
RDOIMYMA ZFWCYRBQ
ZFWCYRBQ NDDZTBMO
NDDZTBMO PRLZKVTQ
PRLZKVTQ GNEYVZZS
GNEYVZZS HGEWTTAU
HGEWTTAU XRNFESLD
XRNFESLD SJVVADNR
SJVVADNR STBTBDYG
STBTBDYG TVPMETVV
TVPMETVV NJJEVXRN
NJJEVXRN AANESAEJ
AANESAEJ RJUISJFS
RJUISJFS KZEHTZXE
KZEHTZXE CDHCSOWV
CDHCSOWV INKQKCOJ
INKQKCOJ WUFSIWAV
WUFSIWAV KWDZFIHS
KWDZFIHS RZCOQPNF
RZCOQPNF RTQRAABS
RTQRAABS YQGGLKOT
YQGGLKOT BFXQPLMT
BFXQPLMT NUCOKJQC
NUCOKJQC VFWIHOKJ
VFWIHOKJ QCSCGVQZ
QCSCGVQZ ZWSEAYYW
ZWSEAYYW UVQHBSBT
UVQHBSBT YJLAQHWQ
YJLAQHWQ WIEOEWTR
WIEOEWTR WZSHBQLB
WZSHBQLB GDFLLRNH
GDFLLRNH DCSFMCEW
DCSFMCEW LOFVIBXN
LOFVIBXN CHSUXXYS
CHSUXXYS KZMLLPRE
KZMLLPRE HXHEZXIW
HXHEZXIW WFTZDVIG
WFTZDVIG BAQWWGXF
BAQWWGXF BFQYHTPL
BFQYHTPL JRUMVSKT
JRUMVSKT SWITPUFM
SWITPUFM OUBGLYMS
OUBGLYMS RUHFIQGJ
RUHFIQGJ TKHIUTET
TKHIUTET MLUJIXFM
MLUJIXFM SBECALPA
SBECALPA FYIHETRN
FYIHETRN HMGVVMOS
HMGVVMOS GOTZISMG
GOTZISMG UCQJQRCD
UCQJQRCD GCPFBIBQ
GCPFBIBQ UMCAUUCL
UMCAUUCL MKDYAQNR
MKDYAQNR OWLPSUSS
OWLPSUSS QGAPLFZD
QGAPLFZD QOWKPBOF
QOWKPBOF ZVPKRDAI
ZVPKRDAI MWUBBDGJ
MWUBBDGJ VOTEJHOC
VOTEJHOC DDNQGPZS
DDNQGPZS CREHFYPK
CREHFYPK ZEYVJGXJ
ZEYVJGXJ AAKEFBTN
AAKEFBTN QGKSMWKZ
QGKSMWKZ PHBYNIQE
PHBYNIQE LNTZDKRX
LNTZDKRX GKREQIJY
GKREQIJY TCROZZQH
TCROZZQH GASIDDPD
GASIDDPD YNBMJYOU
YNBMJYOU FZQZORVA
FZQZORVA YJNIOCPL
YJNIOCPL WHESKXLX
WHESKXLX RBEXFIIW
RBEXFIIW EUBLFLMN
EUBLFLMN NJDTLVZF
NJDTLVZF BJRFBVHP
BJRFBVHP IDLVMWTH
IDLVMWTH RTHCTNLD
RTHCTNLD DBICTBNM
DBICTBNM DBGGUYHZ
DBGGUYHZ CAJIPVYQ
CAJIPVYQ TZCFJBWJ
TZCFJBWJ YVAFVLKY
YVAFVLKY THATDQJQ
THATDQJQ MYPIKXSN
MYPIKXSN PNWJWOTB
PNWJWOTB PMDNCURU
PMDNCURU CWVCSMQQ
CWVCSMQQ GRTMVSRB
GRTMVSRB OTMTRDUI
OTMTRDUI TNRALBQM
TNRALBQM SOJYJDXB
SOJYJDXB ZFCDAMKJ
ZFCDAMKJ QQMZDKZG
QQMZDKZG BKBTPPPL
BKBTPPPL HGLDXWCS
HGLDXWCS JQLEZBLP
JQLEZBLP PBIHLBJI
PBIHLBJI WAWAROMI
WAWAROMI IKFKHERS
IKFKHERS POWRVURY
POWRVURY KARLZRKW
KARLZRKW IFBBRKAU
IFBBRKAU KWZUYKYL
KWZUYKYL ZOMEWJMS
ZOMEWJMS LHPRXQOQ
LHPRXQOQ ZGEDZVGL
ZGEDZVGL STJFLBRI
STJFLBRI YGJFNSNV
YGJFNSNV DXBNTNYZ
DXBNTNYZ FOBIISRF
FOBIISRF EQVLARCR
EQVLARCR CXQBPWON
CXQBPWON GSRIYPLC
GSRIYPLC AJNOGDDK
AJNOGDDK PRZUQXGQ
PRZUQXGQ FVXTKLAG
FVXTKLAG IBSPBHLP
IBSPBHLP SPMIBLVT
SPMIBLVT WNLSEDZS
WNLSEDZS XZKREBWZ
XZKREBWZ KICWCCBI
KICWCCBI WRJUSCHT
WRJUSCHT ZGEZUZXC
ZGEZUZXC PQDZYAFB
PQDZYAFB NYLMFYMA
NYLMFYMA TFDAYVGN
TFDAYVGN AATUDGJI
AATUDGJI ZHGRKBKP
ZHGRKBKP VRGHARDM
VRGHARDM KOJMLFYR
KOJMLFYR ZVFZQKGC
ZVFZQKGC ZYAQAZJQ
ZYAQAZJQ ZEAPDBTL
ZEAPDBTL USXSKTUY
USXSKTUY TFBATEDJ
TFBATEDJ CLTNVSES
CLTNVSES ZSAOIUOF
ZSAOIUOF LBUTCDMB
LBUTCDMB GLFNEJQK
GLFNEJQK WXTADGDC
WXTADGDC ZCBKHSYL
ZCBKHSYL QQSDLACR
QQSDLACR MGYGQFWZ
MGYGQFWZ BFUIDBYG
BFUIDBYG NGTWTWHV
NGTWTWHV WTFLSUDY
WTFLSUDY FYUBGVNQ
FYUBGVNQ ZSWCCNZN
ZSWCCNZN AEZMSEIF
AEZMSEIF DEZYFJBS
DEZYFJBS WIGKOYUU
WIGKOYUU LXOXRIJL
LXOXRIJL FIXTLZOJ
FIXTLZOJ LLMWIWXL
LLMWIWXL QOHQWCZO
QOHQWCZO OCBADQQK
OCBADQQK YNNJXEMT
YNNJXEMT WOLMBEKC
WOLMBEKC UWJNVKZU
UWJNVKZU ZWVRYRTQ
ZWVRYRTQ YWZMSDYH
YWZMSDYH OQNWMGGD
OQNWMGGD AHCUFLLR
AHCUFLLR ZPYZAFQB
ZPYZAFQB PXHQPXBP
PXHQPXBP OQHPWOZE
OQHPWOZE HXLNIOAK
HXLNIOAK SHZNEOZS
SHZNEOZS NNEBUWLK
NNEBUWLK SPVEIVFF
SPVEIVFF KUVSLNEZ
KUVSLNEZ OCCHWWJQ
OCCHWWJQ KMVEOPIM
KMVEOPIM EOOPATOS
EOOPATOS IMGFBIEM
IMGFBIEM BINHULTA
BINHULTA XRZXLPHZ
XRZXLPHZ XJYDCLNS
XJYDCLNS EDGEZSJY
EDGEZSJY RLVCIJAX
RLVCIJAX WTGJZLKZ
WTGJZLKZ RJBIMAIW
RJBIMAIW LWWLDXLR
LWWLDXLR OBYDGOIL
OBYDGOIL DDQJZKCY
DDQJZKCY LKLGJHSY
LKLGJHSY YJHWXCWO
YJHWXCWO PKFMWDNU
PKFMWDNU LLBUSQIJ
LLBUSQIJ QYVZJXAK
QYVZJXAK MNLOGBCA
MNLOGBCA SZRTCODK
SZRTCODK WCSKIZAJ
WCSKIZAJ JQLKCTVZ
JQLKCTVZ QKCQPAAS
QKCQPAAS LMAHMZBR
LMAHMZBR TQKJHZDD
TQKJHZDD GLAJEDXL
GLAJEDXL DSJKSOBD
DSJKSOBD NHJWOAIM
NHJWOAIM DYDQDOCQ
DYDQDOCQ IZUJYEAW
IZUJYEAW WHGPBRWH
WHGPBRWH GQLDDLWX
GQLDDLWX LVUEHQOX
LVUEHQOX HRUBSADB
HRUBSADB RMSKDYVD
RMSKDYVD QHSIMESW
QHSIMESW EBHQOWHQ
EBHQOWHQ NRXIOPSL
NRXIOPSL ZPRQPYRK
ZPRQPYRK JVOQOWYW
JVOQOWYW PFTIRHUZ
PFTIRHUZ HIPDCYBK
HIPDCYBK EVDAPTRI
EVDAPTRI MDVGVVCN
MDVGVVCN GBPDYMVC
GBPDYMVC XVOTZOHL
XVOTZOHL OZIDFDAX
OZIDFDAX NVORYTAK
NVORYTAK VVCHOMQV
VVCHOMQV NVGVHUBL
NVGVHUBL NNYQRYFO
NNYQRYFO MQLUNQMV
MQLUNQMV QOLGBFZK
QOLGBFZK KPBISQTN
KPBISQTN EZTFPTRD
EZTFPTRD MLVGFKPA
MLVGFKPA FABQBWNA
FABQBWNA GUDWOJUC
GUDWOJUC NWHQKXAV
NWHQKXAV RFZCUIVO
RFZCUIVO VDJDODXP
VDJDODXP WJAJYSIC
WJAJYSIC MHTQPQCV
MHTQPQCV GPOIFZRZ
GPOIFZRZ RLMHQEZO
RLMHQEZO PCHANAJG
PCHANAJG WYKFKQNV
WYKFKQNV FUYGEPQX
FUYGEPQX KSPITQQP
KSPITQQP BYVLORGB
BYVLORGB TWHOKWPD
TWHOKWPD DACULKQS
DACULKQS CCJEAABH
CCJEAABH SDSLCFKP
SDSLCFKP ERXNWNTG
ERXNWNTG VPKZHWXY
VPKZHWXY JOMDPWWN
JOMDPWWN TCOWSPKU
TCOWSPKU VGZAMBSD
VGZAMBSD HIGXQKES
HIGXQKES HXPRJEMY
HXPRJEMY OJBTNKSW
OJBTNKSW DQHHLMPT
DQHHLMPT TZZZNKOP
TZZZNKOP CRDHHNFT
CRDHHNFT NPSNEYXG
NPSNEYXG CIZLQWMC
CIZLQWMC WZNKFJVI
WZNKFJVI TRONWPDT
TRONWPDT XFTLWIMF
XFTLWIMF TMELPLWY
TMELPLWY FGJATPJI
FGJATPJI WFXWENLK
WFXWENLK PQMSTVFJ
PQMSTVFJ XICCFPCA
XICCFPCA QQBLSALA
QQBLSALA ITQTGOGL
ITQTGOGL EGTLJRGM
EGTLJRGM RJEZLYFN
RJEZLYFN TCIRQWOA
TCIRQWOA YPMSREVG
YPMSREVG AGBUIPFM
AGBUIPFM JPAPMPKB
JPAPMPKB NAGXMSES
NAGXMSES OBINLQSB
OBINLQSB VGNTMKDC
VGNTMKDC YYFBIVLZ
YYFBIVLZ NOVIDGSI
NOVIDGSI IXQUEADO
IXQUEADO NIMSPOAE
NIMSPOAE JTNDWGIM
JTNDWGIM BVZDHYRX
BVZDHYRX NLRWDLWC
NLRWDLWC XYQYSQZP
XYQYSQZP WMLTMLLC
WMLTMLLC EUABBAUK
EUABBAUK XYXXAURA
XYXXAURA XVGTXTLR
XVGTXTLR TMPGEISS
TMPGEISS AJZZBTUT
AJZZBTUT KDUFZHRP
KDUFZHRP TFDTCQQE
TFDTCQQE DFHKSKJK
DFHKSKJK YAWYHTQG
YAWYHTQG WUYJLSWU
WUYJLSWU JFVAGYII
JFVAGYII IKLENVWW
IKLENVWW BXXFVQJB
BXXFVQJB GESBRNNL
GESBRNNL QAYJFCES
QAYJFCES EKFMPTOU
EKFMPTOU NQUWZTQX
NQUWZTQX NKMELMAR
NKMELMAR RCUONCEJ
RCUONCEJ XVTXRSGE
XVTXRSGE CIOQMXIX
CIOQMXIX YIPMSDBE
YIPMSDBE HRHOYYKF
HRHOYYKF MXSYLPZT
MXSYLPZT TSKECFQN
TSKECFQN YIFSYQXX
YIFSYQXX YHRJOLGW
YHRJOLGW HCJERNTE
HCJERNTE ZHNLIMYQ
ZHNLIMYQ FKJIWGLT
FKJIWGLT EPKYFVJV
EPKYFVJV HPQIEJOO
HPQIEJOO GACEPBNU
GACEPBNU KQJKUNIC
KQJKUNIC FQYZPQCN
FQYZPQCN CFFTCQIJ
CFFTCQIJ WFPBJCVT
WFPBJCVT GTHNXORG
GTHNXORG WKZBHRIA
WKZBHRIA TJTEDZPG
TJTEDZPG GZEORISJ
GZEORISJ ONHNGSMC
ONHNGSMC LLXJTTJU
LLXJTTJU CZVUULOL
CZVUULOL IHVYCZPE
IHVYCZPE LUKAGVPI
LUKAGVPI SYJRRYHG
SYJRRYHG CPKVLNVM
CPKVLNVM QQNBVPKB
QQNBVPKB BVAABNGS
BVAABNGS FSWGUGGA
FSWGUGGA IGDKPNJE
IGDKPNJE EYIGFBFV
EYIGFBFV VQSJRHDR
VQSJRHDR YGKWEUIT
YGKWEUIT BSVEDLMV
BSVEDLMV CMSJMSQA
CMSJMSQA YIGXUJPX
YIGXUJPX GWQYIROJ
GWQYIROJ CBRQZYXB
CBRQZYXB OVBLIWOY
OVBLIWOY VVTINDDS
VVTINDDS TYJBLDQQ
TYJBLDQQ TIADWAVC
TIADWAVC TICKWUNC
TICKWUNC HVOQILDQ
HVOQILDQ CMOFKYGF
CMOFKYGF PFOSZXVQ
PFOSZXVQ EHBJFKFU
EHBJFKFU NPDPIRNE
NPDPIRNE AHUBLGVX
AHUBLGVX VHWEYAFY
VHWEYAFY RDRZRGTZ
RDRZRGTZ UEHSYGSY
UEHSYGSY YLXEGXBG
YLXEGXBG WXUZKZZR
WXUZKZZR FEIECXJM
FEIECXJM ALQXZQUT
ALQXZQUT RJSEJJWD
RJSEJJWD XZHWFVLI
XZHWFVLI FJLXUAQT
FJLXUAQT TXSCKKYU
TXSCKKYU FCCWELPN
FCCWELPN TONIJRMG
TONIJRMG BAIZXQPP
BAIZXQPP MOYUDQNZ
MOYUDQNZ ZTCXPYIA
ZTCXPYIA JBZZNZJP
JBZZNZJP XWNSFSYQ
XWNSFSYQ IWXLRDHA
IWXLRDHA PMTDKQNB
PMTDKQNB JHWNEEQF
JHWNEEQF KBUHNYOG
KBUHNYOG OHCSTYIS
OHCSTYIS HYTCHPOX
HYTCHPOX LPSGXHXC
LPSGXHXC TRZPKJSG
TRZPKJSG IBJPKTRJ
IBJPKTRJ IQFNLTIY
IQFNLTIY JYKKQOMT
JYKKQOMT EYBXYPUM
EYBXYPUM VBCWRKZY
VBCWRKZY RQKBSGAB
RQKBSGAB TVOHJYHS
TVOHJYHS SFDDRXXE
SFDDRXXE HUFPPDJY
HUFPPDJY HIDIHPJH
HIDIHPJH XZYRBUWI
XZYRBUWI QWCHCSZF
QWCHCSZF KDFFQAYP
KDFFQAYP PQKMGRLN
PQKMGRLN WTQMZUOM
WTQMZUOM ZMJGCVYI
ZMJGCVYI CMXCUQCO
CMXCUQCO VSZLMZIA
VSZLMZIA AZGBTIXG
AZGBTIXG GTGATJFB
GTGATJFB IRYPHAXZ
IRYPHAXZ FRZPHIHY
FRZPHIHY FSAGJMVH
FSAGJMVH RSCRZVWH
RSCRZVWH VNQTGOED
VNQTGOED ZHBTNLBX
ZHBTNLBX CABEZUKP
CABEZUKP QKGGYRCG
QKGGYRCG YLAGQWCC
YLAGQWCC GZTIOJXN
GZTIOJXN HGFFQGRV
HGFFQGRV FYLEKAJJ
FYLEKAJJ TCDVROJY
TCDVROJY ZCQTEEEL
ZCQTEEEL JSJXRFTQ
JSJXRFTQ SQQPTFVX
SQQPTFVX FOVDHYWT
FOVDHYWT UJRTXFTV
UJRTXFTV UFSGDNBJ
UFSGDNBJ LSRBVSPF
LSRBVSPF RCNAOUXE
RCNAOUXE GMGDRWNO
GMGDRWNO PEFPNXCU
PEFPNXCU MEMJTFAB
MEMJTFAB RCBIBWUH
RCBIBWUH QNCLYFTW
QNCLYFTW OCZEIUIT
OCZEIUIT ZEGJLGQN
ZEGJLGQN UDGWMNTL
UDGWMNTL GTXEIBSY
GTXEIBSY HQNWYOYQ
HQNWYOYQ ZOWFPVYY
ZOWFPVYY ZSTKXVDO
ZSTKXVDO RODVEPSS
RODVEPSS ZSVTNLBN
ZSVTNLBN BUZBBTYA
BUZBBTYA TVFNHVEE
TVFNHVEE KZRPTWEI
KZRPTWEI WNZEKWFB
WNZEKWFB FQOIVYZY
FQOIVYZY CKATRWDO
CKATRWDO UTKWYQON
UTKWYQON ICDQGMSD
ICDQGMSD VGYWSQYK
VGYWSQYK CNYFHLNX
CNYFHLNX SDDAWZMS
SDDAWZMS OCUGEXSE
OCUGEXSE BKANVMYI
BKANVMYI HRHPPAWN
HRHPPAWN BRKBLXAB
BRKBLXAB AGQHEBZJ
AGQHEBZJ MMUQTKSR
MMUQTKSR KIBUVDNE
KIBUVDNE IUHMBNIS
IUHMBNIS CXLYWFRU
CXLYWFRU XZNASDDF
XZNASDDF CRZQYYEU
CRZQYYEU ZVHAHBRQ
ZVHAHBRQ GTEYQZUV
GTEYQZUV GMYYDKLN
GMYYDKLN SBFWJEUS
SBFWJEUS EGLSPWMU
EGLSPWMU TPEDRDNB
TPEDRDNB PSYBZOWC
PSYBZOWC UVEAKWVL
UVEAKWVL TDUTODUT
TDUTODUT WRQATAKL
WRQATAKL BCDXOWYW
BCDXOWYW NVREAAVE
NVREAAVE XNBJNCIL
XNBJNCIL WFWEYODB
WFWEYODB QVTPZIPW
QVTPZIPW EBOIXETU
EBOIXETU GSSFZVLO
GSSFZVLO RDUTAOVO
RDUTAOVO VPIQGUKX
VPIQGUKX HQSENDPD
HQSENDPD BXPHJIQZ
BXPHJIQZ ZKGORFWA
ZKGORFWA DIDPCIFE
DIDPCIFE HUEBSRAL
HUEBSRAL ZMCAQKPK
ZMCAQKPK KVPQRYEA
KVPQRYEA LKWZFEHW
LKWZFEHW WSQILJYI
WSQILJYI RCMVFNYC
RCMVFNYC JJIUXKVQ
JJIUXKVQ CJNAKSGW
CJNAKSGW KBRXHDYQ
KBRXHDYQ SSOKWGHL
SSOKWGHL RJWEUSWA
RJWEUSWA LSBZZKUA
LSBZZKUA UOGRAVEF
UOGRAVEF QMXEKMSJ
QMXEKMSJ CIGSWTKJ
CIGSWTKJ QKYCICFE
QKYCICFE JOSAYWNZ
JOSAYWNZ SRPJNEMX
SRPJNEMX AYFAYTKA
AYFAYTKA JPYMODGH
JPYMODGH FVETXMJU
FVETXMJU UKVYGRDT
UKVYGRDT SXCEDUXW
SXCEDUXW YVNVOKMB
YVNVOKMB IVGAMTVN
IVGAMTVN LJGLRQPT
LJGLRQPT GPHSVQVW
GPHSVQVW FRZJTJGR
FRZJTJGR GFLZYTHT
GFLZYTHT HQBVUJVQ
HQBVUJVQ AODLKTJH
AODLKTJH ODNKTWWJ
ODNKTWWJ NRLHPUMM
NRLHPUMM VEQDBCQU
VEQDBCQU WFGRYDHN
WFGRYDHN TGJXSSPK
TGJXSSPK LWTCGDAX
LWTCGDAX HNYCXUGC
HNYCXUGC SOSKEQFC
SOSKEQFC VVTAZIHO
VVTAZIHO ADOSLVGL
ADOSLVGL XTCCTOAO
XTCCTOAO MSSGWODD
MSSGWODD OUFJTJWO
OUFJTJWO NNWXRYPK
NNWXRYPK XKQWIRXG
XKQWIRXG DLYVOGOJ
DLYVOGOJ ESGWMONS
ESGWMONS OHHKMMYN
OHHKMMYN CNJSGVYQ
CNJSGVYQ HGUCAQBS
HGUCAQBS FKARCSVI
FKARCSVI YYYHZYQJ
YYYHZYQJ MUMBWXHF
MUMBWXHF RPVBMOKC
RPVBMOKC VCIYEXBA
VCIYEXBA AANAFDJG
AANAFDJG AAZMTSRH
AAZMTSRH VCAZRTOY
VCAZRTOY XVYJKSBU
XVYJKSBU NZLICJPI
NZLICJPI JMGGCNVZ
JMGGCNVZ SYPLXGIR
SYPLXGIR OUJGLGST
OUJGLGST LXTQLBXY
LXTQLBXY BMFIYFWU
BMFIYFWU HBZPEOCK
HBZPEOCK YZXVHFVN
YZXVHFVN GWVPBXQC
GWVPBXQC TXIUDFCB
TXIUDFCB ZCBNXEOU
ZCBNXEOU RKLXKZCF
RKLXKZCF OFFVZFRM
OFFVZFRM FFIEEUXU
FFIEEUXU NMMVVUCO
NMMVVUCO PLDOJTZT
PLDOJTZT FEBPKGWN
FEBPKGWN IYFRUULH
IYFRUULH BEMOORAR
BEMOORAR CJIJDAAB
CJIJDAAB ZFOFJLGD
ZFOFJLGD WYATTNUT
WYATTNUT ZUISQEIB
ZUISQEIB MYVDCMAO
MYVDCMAO RJBBDRPR
RJBBDRPR ZCWTJLEQ
ZCWTJLEQ CPNVCQNP
CPNVCQNP YPNXTQXI
YPNXTQXI DOXODVJP
DOXODVJP IEJWFNXI
IEJWFNXI ANJQQQTK
ANJQQQTK QZCFBIVG
QZCFBIVG CMXYIMGW
CMXYIMGW YWLDRIUY
YWLDRIUY RSLAMGAY
RSLAMGAY CDMEYKFM
CDMEYKFM QCTJDDMR
QCTJDDMR LZAGHXSK
LZAGHXSK FEAGNFEX
FEAGNFEX SNYIDWXM
SNYIDWXM AWWYHOYD
AWWYHOYD FUDPPUQV
FUDPPUQV MNYZBMUS
MNYZBMUS ZSGIBAEP
ZSGIBAEP DJSNFSFA
DJSNFSFA FCYAIRFO
FCYAIRFO BXOUCPZK
BXOUCPZK JXJAORLW
JXJAORLW XFPZULBF
XFPZULBF OQQIWODW
OQQIWODW BDPNOTLM
BDPNOTLM SMJZNNFM
SMJZNNFM KKAWTXEW
KKAWTXEW PZPPAOGF
PZPPAOGF SLFBURLS
SLFBURLS HWKEZDDB
HWKEZDDB NHQSQJLA
NHQSQJLA HYUBSAEF
HYUBSAEF XMHPCTEU
XMHPCTEU LGEAMXIM
LGEAMXIM RXPFWHVZ
RXPFWHVZ WBCGKFMV
WBCGKFMV AWTWKAJL
AWTWKAJL JSQYGMTF
JSQYGMTF AWBYQLFQ
AWBYQLFQ IPCARGQA
IPCARGQA BJLSLIXE
BJLSLIXE LSAONPCI
LSAONPCI ZKQBGOGO
ZKQBGOGO NRSDEAUC
NRSDEAUC YZTUZJVF
YZTUZJVF HWFYHJRV
HWFYHJRV DORLXRBG
DORLXRBG MGVDGYYL
MGVDGYYL RQHQHOBG
RQHQHOBG VEPIFCYQ
VEPIFCYQ JTODQYDR
JTODQYDR SIAWPZVJ
SIAWPZVJ JWUDWSMF
JWUDWSMF DPHYWXFU
DPHYWXFU LIUUBJXV
LIUUBJXV AZDILCRH
AZDILCRH FRZBDRLC
FRZBDRLC NJCHFPAI
NJCHFPAI FBZLZJTV
FBZLZJTV DPKHEMTM
DPKHEMTM LQIFDQYM
LQIFDQYM VODCEZSR
VODCEZSR WKYWHYMT
WKYWHYMT YXUZMRUW
YXUZMRUW KLGBNLDB
KLGBNLDB OBPKZSVS
OBPKZSVS OJRRGKRQ
OJRRGKRQ TMXJMVGW
TMXJMVGW LRPEHXCX
LRPEHXCX AHFUCBGH
AHFUCBGH HJHILOOH
HJHILOOH THCMDFDE
THCMDFDE AYCCDCAF
AYCCDCAF WNJYWBEB
WNJYWBEB IMCSFENW
IMCSFENW NIBZSRQW
NIBZSRQW JSRECAFC
JSRECAFC FPCIIOFA
FPCIIOFA PCWYVZAY
PCWYVZAY ORNCPKBN
ORNCPKBN QYNGCPTF
QYNGCPTF XBZTSBYB
XBZTSBYB NIZMHCSJ
NIZMHCSJ ODVPVVOD
ODVPVVOD BGQOAYOZ
BGQOAYOZ ULHWAULQ
ULHWAULQ RTKRNSBD
RTKRNSBD HMIGTVMX
