56
20
60
29
1
56
18
4
9
60
55
15
27
38
31
29
16
23
22
15
37
35
33
50
37
44
23
24
58
15
44
35
41
29
2
60
35
11
34
52
68
74
10
8
69
41
44
21
7
44
57
14
53
20
0
10
39
13
29
21
16
55
76
36
28
67
72
44
54
8
29
30
27
12
8
72
71
6
28
47
53
37
35
58
44
34
40
22
20
37
17
39
30
134
75
65
26
47
29
70
46
36
91
19
20
21
63
42
26
64
28
23
14
41
11
20
51
135
57
41
61
14
38
37
24
11
49
11
66
23
1
55
8
62
52
3
57
106
45
71
109
68
2
15
42
7
40
24
34
20
57
30
36
38
7
62
62
23
44
143
6
24
9
67
1
57
33
10
15
64
64
18
38
102
69
31
10
2
11
46
42
44
76
19
13
1
29
47
7
69
7
19
54
20
3
83
35
64
57
10
45
41
7
20
36
68
3
59
51
53
76
76
67
61
21
50
61
71
24
32
8
29
151
3
5
33
63
49
4
72
39
54
3
64
37
32
51
32
72
61
13
108
31
3
62
134
133
35
63
37
65
35
8
38
74
9
71
42
17
142
41
66
45
129
64
59
24
15
28
45
70
14
28
111
29
42
81
57
25
74
9
12
67
65
49
8
69
26
66
43
44
63
28
8
44
129
60
22
19
73
22
51
72
15
9
10
24
41
39
18
31
52
54
64
56
16
15
6
2
55
66
6
41
51
