52
77
18
37
119
17
44
50
10
34
3
20
5
40
22
38
45
4
165
50
60
22
73
33
35
13
78
66
39
80
31
68
80
29
123
22
20
53
70
46
94
18
13
41
54
129
24
10
36
14
52
2
59
78
75
1
66
24
8
73
40
52
100
79
16
50
129
49
101
9
60
144
75
13
49
7
73
64
55
2
24
0
64
36
68
10
12
58
91
18
31
5
7
39
13
21
32
112
53
26
144
14
125
50
85
41
21
81
22
75
66
60
2
48
86
46
65
54
9
102
16
27
59
67
20
98
2
161
149
13
32
33
45
55
26
177
95
30
67
119
31
85
37
63
99
75
18
0
10
41
74
96
62
24
63
52
89
43
85
72
90
15
10
35
66
88
5
76
87
21
92
1
88
76
1
11
81
71
39
60
96
21
72
22
47
52
73
76
35
45
27
53
10
86
26
8
85
36
32
27
38
65
33
79
127
5
91
78
77
29
5
3
73
25
87
39
110
80
94
24
73
49
88
82
1
13
168
102
50
65
15
77
41
52
38
79
2
22
29
75
82
82
36
69
75
60
14
124
0
80
10
61
27
39
89
14
72
148
11
4
25
52
36
10
15
74
21
26
68
102
72
37
63
48
150
11
17
29
86
174
26
6
141
58
152
24
42
63
109
161
28
130
65
92
84
165
44
177
130
83
27
105
56
87
6
25
73
48
75
27
9
1
36
74
61
46
22
61
43
41
36
83
23
102
