426
99
0
245
74
0
238
0
0
0
264
330
295
241
0
258
0
0
259
237
231
376
187
0
0
416
260
0
0
242
176
217
0
245
0
0
0
256
254
248
0
0
256
349
254
28
0
261
0
81
0
262
242
316
258
310
198
254
46
0
0
257
250
73
440
260
69
241
248
65
263
234
258
243
255
0
259
91
250
247
0
147
234
248
0
20
0
0
0
0
15
0
0
0
253
244
326
42
239
0
0
48
139
0
0
237
0
0
0
173
240
101
0
0
254
204
0
236
0
364
205
261
0
179
0
254
0
250
0
236
30
0
356
250
0
0
68
256
0
0
0
362
182
288
265
0
149
0
0
238
0
332
0
0
195
249
0
0
132
242
250
0
311
253
0
0
240
154
0
382
0
0
0
83
0
0
0
0
257
369
288
241
242
72
261
0
69
33
79
0
0
0
0
132
0
51
109
0
0
0
254
132
179
0
7
373
91
93
0
0
260
236
0
145
138
0
0
148
0
5
0
237
0
0
0
0
256
253
232
244
250
0
0
0
0
235
249
57
329
0
0
51
254
240
0
262
160
0
260
112
260
246
0
249
191
0
0
0
259
238
0
0
237
120
80
0
262
222
0
0
0
0
0
0
335
0
0
258
280
132
7
269
458
0
296
116
123
0
249
261
0
256
26
256
250
0
42
0
239
261
0
362
182
0
0
108
251
0
255
0
237
175
0
0
50
0
237
238
0
0
243
0
0
0
233
0
0
250
328
261
147
0
237
55
181
254
0
250
252
0
263
248
0
282
248
363
256
193
219
0
259
259
239
327
236
235
0
242
273
0
0
246
253
242
0
0
265
134
0
0
0
175
0
0
0
0
248
0
261
264
297
254
0
0
0
0
41
245
81
250
0
0
0
0
0
263
71
218
464
0
258
0
251
0
259
255
248
312
251
34
3
248
231
49
0
309
0
261
149
0
253
36
0
228
0
78
99
262
254
237
0
194
0
254
254
248
0
236
158
0
283
243
0
251
251
179
260
241
248
229
0
244
0
0
177
248
196
93
238
234
264
238
0
48
0
0
0
251
472
256
241
246
0
0
250
0
307
0
191
74
0
0
0
0
387
265
0
396
0
241
235
232
244
0
99
235
240
0
0
43
259
0
0
0
0
205
0
0
0
238
52
0
0
248
0
118
235
235
246
232
250
0
0
236
252
0
243
0
0
263
0
253
10
0
243
0
0
300
0
249
252
117
250
206
0
0
450
0
86
78
455
0
205
0
0
0
0
0
285
0
0
224
261
0
0
0
254
0
26
0
0
0
251
77
0
0
184
225
260
0
33
0
0
0
11
57
373
0
0
58
309
0
249
0
241
0
0
0
248
104
98
240
85
143
247
178
0
0
240
0
243
184
13
125
76
0
0
0
131
0
78
0
261
0
224
225
8
356
0
0
0
0
0
256
303
237
9
151
259
180
242
234
255
254
249
170
0
0
0
0
249
0
0
399
237
0
0
0
258
199
37
99
234
227
240
0
235
0
130
301
148
123
0
0
258
0
52
0
150
0
250
353
0
6
240
254
0
254
256
0
255
303
0
247
0
120
0
248
0
70
0
0
233
248
300
250
0
0
241
241
333
260
153
247
0
0
140
176
236
47
0
243
251
39
0
0
0
0
0
0
0
167
6
0
0
262
0
38
253
259
239
251
0
254
241
244
34
0
0
251
264
0
255
451
245
0
0
260
0
250
0
0
257
45
0
186
260
325
0
242
335
0
253
263
0
0
243
0
251
0
138
193
202
235
0
0
236
0
236
255
255
0
255
0
135
0
0
11
414
0
251
250
58
0
0
0
131
3
0
234
0
0
266
236
254
243
258
0
0
0
0
255
338
236
0
148
0
0
253
256
0
197
0
258
377
260
423
0
0
0
145
237
238
77
0
0
262
0
249
0
0
0
257
0
0
255
365
0
268
259
266
249
0
256
75
253
234
246
0
247
0
0
0
0
59
91
241
0
254
317
0
434
0
258
0
0
295
241
0
0
0
255
0
262
265
245
0
0
249
0
37
0
341
239
0
237
246
363
31
0
238
416
0
0
0
166
236
300
101
0
234
0
231
0
310
0
0
246
237
265
0
0
260
126
0
0
253
236
249
66
0
121
156
0
0
225
378
0
0
0
0
241
0
237
413
0
89
0
334
293
0
258
47
260
0
264
0
241
0
231
0
238
114
259
235
0
94
238
89
243
260
0
252
0
0
0
0
0
244
150
429
39
118
39
23
0
263
261
237
0
