17416752 502
17438906 502
17496385 502
17439433 502
17486944 1762
17433505 502
17462707 502
17515753 1762
17423955 502
17426901 502
17404906 502
17424959 502
17402974 502
17530054 1762
17490680 502
17440764 502
17474141 502
17411491 502
17455754 502
17392423 502
17431673 502
17425495 502
17468898 1545
17440242 502
17401604 502
17437911 502
17508240 502
17435353 502
17420644 502
17423737 502
17443643 502
17457119 502
17408477 502
17414040 502
17462436 502
17496487 502
17438680 502
17508252 1632
17429741 502
17504943 1762
17496953 1762
17452270 502
17394282 502
17456750 502
17422438 502
17439360 502
17484019 1762
17511414 502
17445298 502
17437943 502
17404006 502
17458504 502
17438235 502
17441198 502
17504411 502
17480112 502
17464882 502
17440592 502
17438021 502
17453105 502
17476576 502
17462646 502
17438003 502
17444883 502
17444372 502
17472157 502
17438211 502
17424291 502
17415830 502
17455393 502
17432272 502
17423383 502
17463354 502
17429628 502
17435482 502
17453193 502
17486750 1762
17500877 502
17513929 502
17519517 1762
17483015 1762
17453527 502
17469839 502
17414271 502
17433737 502
17442899 502
17377418 502
17507238 1762
17408642 502
17458191 502
17476305 502
17420295 502
17439890 502
17423795 502
17500900 1762
17388796 502
17452908 502
17448707 502
17425433 502
17506795 502
17451284 502
17524505 502
17446935 502
17427814 502
17470890 1545
17440691 502
17452096 502
17433257 502
17522092 502
17513525 1762
17401645 502
17462625 502
17453518 502
17496643 502
17406480 502
17451533 502
17426343 502
17426049 502
17510959 1632
17479347 502
17437659 502
17497696 502
17412164 502
17402719 502
17462041 502
17368610 502
17392705 502
17442250 502
17433871 502
17431204 502
17428177 502
17486750 1762
17459836 502
17432698 502
17424060 502
17458470 502
17442152 502
17448429 502
17407590 502
17419221 391
17360232 130
17407420 502
17499662 502
17441459 502
17423549 502
17423339 502
17499527 1762
17429066 502
17456100 502
17387148 502
17460137 502
17416655 502
17441568 502
17430510 502
17454417 502
17411448 502
17391178 502
17436903 502
17425342 502
17427700 502
17509334 1762
17394993 249
17535761 1762
17447821 502
17448412 502
17425982 502
17428799 502
17422318 502
17445463 502
17390036 502
17435960 502
17514064 1762
17466497 502
17470499 502
17425267 502
17402168 502
17463074 502
17504739 502
17358327 502
17443727 502
17429262 502
17405363 502
17467356 502
17445432 502
17430914 502
17434516 502
17421682 502
17437275 502
17444463 502
17379915 502
17464601 502
17381806 502
17448506 502
17531894 1762
17425478 502
17479366 502
17421012 502
17477262 502
17416910 502
17467717 175
17482390 269
17430539 502
17333101 502
17464842 502
20483058 12673
17417613 502
17448978 502
17464679 502
17450952 502
20494754 12673
17503142 502
17402725 502
17375889 502
17438870 502
17436499 502
17435389 502
17447502 502
17527988 1762
17518439 1762
17446992 502
17440927 502
17362900 502
17383203 502
17417200 502
17436844 502
17467304 502
17453408 502
17450311 502
17545100 1632
17449319 502
17482466 442
17446727 502
17448250 502
17380223 502
17421474 502
17459677 502
17462295 502
17420690 502
17431360 502
17404054 502
17474489 502
17437861 502
17474581 502
17418047 502
17442868 502
17424653 502
17428471 502
17448428 502
17436597 502
17516770 1762
17422614 502
17486750 1762
17385983 502
17386885 502
17418006 303
17374159 502
17413439 442
17448018 502
17449360 502
17420990 502
17440657 502
17424380 502
17471059 502
17353770 502
17434321 502
17421787 502
17449902 502
17431968 502
17464465 502
17422968 502
17442090 1545
17454418 502
17504589 502
17412317 502
17519072 1762
17488125 502
17422840 502
17482508 502
17526177 502
17470145 502
17391998 502
17476273 502
17419533 502
17530359 1762
17500673 502
17447283 502
17408527 502
17453943 502
17464882 440
17439061 502
17421461 502
17432189 502
17405684 502
17433387 502
17444734 502
17431808 502
17385719 502
17440853 502
17435476 502
17449651 502
17505710 502
17414680 502
17450560 502
17518634 502
17538518 1762
17411937 502
17451994 502
17467743 502
17425846 502
17429860 502
17422238 502
17462210 502
17415910 502
17476682 502
17442697 502
17403285 502
17420107 502
17438069 502
17430794 502
17441625 502
17414994 502
17465741 502
17478705 502
17457596 502
17466563 502
17475256 502
17446521 502
17408674 502
17411229 502
17456489 502
17417820 502
17374526 502
17469308 502
17444534 502
17473817 442
17487234 502
17373856 502
17461455 502
17466751 502
17358644 502
17388417 502
17475958 502
17417371 502
17453187 502
17427541 502
20475258 10743
17478517 502
17432034 502
17544812 1632
17456702 502
17435491 502
17433223 502
17434177 502
17439268 502
17364449 502
17512185 1762
17481162 502
17454740 502
17486273 502
17397107 502
17402009 502
17438272 502
17447265 502
17419791 502
17474551 502
17465340 502
17393749 502
17505324 502
17436187 502
17442486 502
17435817 502
17444501 502
17500097 1632
17472186 502
17445454 502
17405121 265
17369701 502
17442636 241
17450683 502
17420247 502
17462666 502
17430328 502
17535154 1762
17449706 502
17517697 502
17471332 502
17468514 502
17458329 502
17445914 502
17474814 502
17455017 502
17378833 502
17401800 502
17439132 502
17457847 502
17431680 502
17452431 502
17407354 502
17415082 502
17459418 502
17356174 502
17421762 502
17470852 502
17451493 502
17447267 502
17494031 502
17458311 502
17354905 502
17480973 502
17413054 502
17429284 502
17470473 502
17396825 502
17478236 502
17528851 1762
17415274 502
17388786 502
17472290 502
17455214 502
17463570 502
17410632 502
17470607 1545
17434920 502
17356868 502
17422993 502
17427866 502
17387120 502
17436482 502
17522323 1471
17461992 502
17409866 502
17419279 502
17507084 1762
17502744 1018
17427907 502
17368860 502
17421732 502
17426513 502
17409257 502
17380215 502
17436192 502
17442965 502
17443926 502
17450940 502
17457935 502
17393553 502
17416475 502
17434105 502
17429166 502
17475749 502
17377055 502
17436440 0
17448409 502
17445028 502
17458228 502
17345018 502
17386496 502
17472081 502
17434746 502
17473363 502
17430062 502
17545847 1762
17378403 502
17418472 502
17465173 502
17436404 502
17486750 1762
17384748 502
17421968 502
17364394 502
17411771 502
17445555 502
17534651 502
17401705 502
17453702 502
17422461 502
17448440 502
17423476 502
17434370 502
17502582 502
17449405 502
17506330 1762
17433029 502
17528170 1632
17419730 502
17418804 502
17519749 1762
17493744 1762
17419527 502
17439637 502
17422227 502
17491529 502
17428091 502
17441364 502
17450215 502
17456334 502
17437704 502
17404804 502
17417054 502
17500267 1632
17424120 502
17415507 502
17427607 502
17445558 502
17419971 502
17471591 502
17443398 502
17445324 502
17478857 502
17431832 502
17406240 502
17414322 502
17453665 502
17448838 502
17446862 502
17537746 1762
17420325 502
17453878 502
17517585 1762
17453050 502
17464848 502
17511390 1762
17431508 502
17467836 502
17420163 502
17443162 502
17470818 1545
17465237 502
17444531 502
17424270 502
17436026 502
17399206 502
17461066 502
17487442 502
17474062 502
17444717 502
17447399 502
17395298 502
17436584 502
17497726 502
17443845 502
17549259 1762
17458255 502
17440736 502
17404062 502
17378300 502
17415424 502
17467638 502
17420560 502
17417177 502
17448178 502
17453077 502
17456001 502
17431859 502
17472022 502
17429434 502
17426793 502
17462371 502
17442701 502
17493986 502
17451556 502
17423188 502
17510161 502
17463271 502
17426533 502
17452404 502
17421199 502
17520106 502
17463227 1762
17506064 502
17477384 502
17446883 502
17414429 502
17426751 502
17441458 502
17451183 502
17479992 502
17432470 502
17378984 502
17454701 502
17468297 442
17424122 502
17423811 502
17358486 502
17414070 502
17422652 502
17444726 502
17538563 1762
17449185 502
17408783 502
17406002 502
17367149 502
17488376 442
17430205 502
17413196 502
17477889 502
17419381 502
17534674 502
17428756 502
17478225 502
31708000 31708
17410925 502
17437949 502
17396693 502
17423865 502
17434164 502
17526187 1762
17425053 502
17427257 502
17436329 502
17422537 502
17456299 502
17387889 502
17411164 502
17418929 502
17383810 502
17479408 502
17572011 1762
17450003 502
17435533 502
17389042 502
17405006 502
17480101 502
17454224 502
17513380 1471
17431156 502
17527264 1762
17387323 502
17477770 502
17455090 502
17419190 502
17361665 502
17478318 502
17473445 502
17472317 502
17422061 502
17441551 502
17536076 1762
17462075 502
17455663 502
17447940 502
17521875 1762
17450820 502
17486750 1762
17398140 502
17531334 1632
17511076 1762
17393206 502
17424083 502
17428354 502
17403870 502
17443085 502
17433806 502
17394640 502
17409134 502
17409571 502
17440679 502
17449484 502
17486750 1762
17490955 502
17400264 502
17447678 502
17337611 502
17385417 502
17413189 502
17502679 502
17362177 502
17459637 502
17437868 502
17422659 502
17521319 502
17412729 502
17435033 502
17481270 502
17475146 502
17422475 502
17476782 502
17503921 1762
17511234 1762
17386250 502
17477296 442
17418493 502
17452877 502
17447897 502
17491405 502
17375077 502
17384703 502
17432835 502
17426999 502
17419959 502
17437617 502
17430449 502
17491515 502
17454747 502
17425271 502
17484754 502
17432259 502
17434823 502
17455231 502
17439645 502
17435658 502
17419736 502
17476654 502
17458825 502
17456235 502
17421722 502
17443744 502
17414045 502
17410714 502
17467968 502
17413177 502
17439701 502
17491813 502
17441435 502
17436787 502
17440839 502
17440591 502
17441148 502
17429434 502
17440711 502
17426623 502
17432278 502
17480321 502
17434206 502
17439576 502
17489401 502
17435909 502
17506546 502
17419235 502
17518153 502
17478784 502
17451869 502
17415239 502
17446757 502
17463489 502
17457484 502
17357638 502
17426079 502
17423941 502
17424955 502
17456637 502
17453747 502
17420368 502
17440133 502
17414651 502
17427047 502
17427152 502
17423288 502
17458199 502
17399041 391
17476990 502
17460091 502
17463125 502
17482488 502
17463564 502
17448715 502
17391877 502
17427639 502
17460113 502
17462577 502
17486750 1762
17459222 502
17433199 502
17468831 502
17461890 502
17483244 502
17445331 502
17448524 502
17417697 502
17449907 502
17477943 502
17449177 502
17432002 502
17471337 502
17502026 1762
17424500 502
17411274 410
17421682 502
17406531 502
17422383 502
17447215 502
17498866 502
17434102 502
17449178 502
17416604 502
17443310 502
17451160 502
17446589 502
17416858 502
17455575 502
17412008 502
17436994 502
17450170 502
17385030 502
17448720 502
17414023 502
17482931 1545
17472246 502
17455993 502
17436000 502
20477188 12673
17447877 502
17388035 502
17434531 502
17489332 502
17440639 502
17404837 502
17487914 502
17470990 502
17427248 502
17370905 502
17437721 502
17494901 1762
17409205 502
17484619 502
17461132 502
17467114 502
17410294 502
17424258 502
17468943 502
17437061 502
17427421 502
17439230 502
17470631 502
17431237 502
17432862 502
17453579 502
17404819 502
17505533 502
17436710 502
17432504 502
17428103 502
17422624 502
17422261 502
17384167 502
17436508 502
17509216 502
17440641 502
17431257 502
17419656 502
17415667 502
17458627 502
17425205 502
17506042 502
17430799 502
17453345 502
17436252 502
17448315 502
17451135 502
17423139 502
17419835 502
17431802 502
17451331 502
17434005 502
17470203 502
17522427 502
17447518 502
17412684 502
17457730 502
17455581 502
17453688 502
17411257 502
17480448 502
17460129 502
17481493 502
17469635 502
17482310 502
17461396 502
17464598 502
17462343 502
17435392 502
17438879 502
17432238 502
17497470 502
17506793 502
17436567 502
17510706 502
17490371 1762
17472813 502
17417401 502
17423471 502
17423570 502
17427346 502
17446872 502
17424619 502
17490569 502
17458264 502
17410188 502
17464052 502
17486391 502
17416215 396
17443365 502
17429426 502
17541795 1762
17486750 1762
17452813 502
17446763 502
17477015 502
17463253 502
17425050 502
17420592 502
17449316 502
17451650 502
17441452 502
17468984 502
17450216 502
17481394 1762
17464277 502
17441679 502
17479348 502
17421910 502
17456001 502
17459547 502
17409377 502
17412264 502
17462307 502
17432899 419
17464860 502
17447944 502
17431680 502
17442724 502
17463027 502
17426417 502
17395588 249
17413341 502
17436658 502
17502794 1632
17416028 502
17441740 502
17436961 502
17417998 502
17428785 502
17479447 502
17516150 1762
17425107 502
17351300 502
17405767 502
17457477 502
17429820 502
17372798 502
17458376 502
17434020 502
17455758 502
17454191 502
17438244 502
17406097 502
17425302 502
17439372 502
17461108 502
17430030 502
17422386 502
17468025 502
17458085 502
17423261 502
17480323 502
17421429 502
17513267 502
17409617 502
17437955 502
17462954 502
17414496 502
17429360 502
17430892 502
17416762 265
17427746 502
17456506 502
17447985 502
17430402 502
17474776 1545
17440667 502
17454095 502
17424436 502
17415511 502
17451584 502
17429625 502
17433148 502
17507897 502
17455404 502
17464893 502
17434265 502
17484788 502
17437965 502
17433119 502
17466681 502
17484032 502
17448049 0
17492816 502
17481125 502
17472615 502
17436663 502
17421632 502
17495996 502
17488258 502
17462135 502
17436670 502
17435833 502
17446212 502
17390155 502
17451630 502
17425420 502
