19030252 1646
18942844 598
18919332 1646
17160500 2435
19019357 1092
18978711 497
18988268 794
19014603 1646
19005628 497
18832082 477
18931563 1646
18988026 1092
17148025 2435
19012090 1646
19024024 1092
18954765 1646
16299053 514
18838471 477
18833580 477
19018022 1646
19044942 1646
19070807 1646
18918146 478
19068116 1646
18959155 478
19027903 809
19009696 914
19013806 1646
18980732 805
17160500 2435
19001022 1646
18997760 1646
19081478 1646
18969260 598
18942553 598
19037717 1646
10936400 4019
19078475 1646
19028876 1646
18999995 1646
19001012 1646
18982582 1646
19014985 1092
14325072 459
18874581 477
19021224 1646
19006433 1092
18982719 1092
19033676 809
18981886 1646
10924224 4019
18998723 1646
19053789 1646
19089441 1646
19017953 1092
19021483 1646
19084992 1646
18997690 1092
16325510 13215
18970049 497
19039837 1092
18942768 1226
19068505 1646
18915886 478
19019146 1646
14264519 459
18962148 598
18887530 32
18927266 1646
18850656 477
18916369 1646
19027732 1646
18910675 1646
19031068 1646
18998577 805
19030344 1646
19070906 1646
19007131 1092
19097552 1646
18976822 502
18984958 497
18945735 245
18937100 478
19044029 1646
19082925 1646
19033712 1646
19007627 1092
18949276 598
18919606 478
18993081 1646
19028989 1646
17124812 462
14320768 459
18968184 805
19000872 1092
19020707 809
19036318 269
19043392 809
19036171 1646
18840434 477
10910481 4999
18995877 1646
19006002 1646
18968021 1646
18934914 1646
19075567 1646
18978182 598
19088097 1646
19005709 805
19014814 1092
19003821 809
19041212 809
18805256 191
18974045 1646
14293222 459
19001516 497
14300098 459
18996019 1646
19045407 1646
18987973 1646
10938194 4999
19057364 809
18896857 1646
19030282 1646
19078913 1646
18969548 598
14273454 459
19042675 1646
14283463 459
19005461 1092
19046650 1646
18998294 1092
19015062 1646
19004595 1646
19041188 1646
19003667 497
18907747 478
19069370 1646
18964231 598
19038979 1646
18839937 477
18941487 598
19007258 323
18958285 598
19017273 1092
19060152 1646
19015681 1646
18947883 1646
18966545 1646
18977988 598
18975460 1092
14289084 459
14303361 459
18980151 805
19043296 809
18914593 478
18955815 598
18978305 1092
14288781 459
19069145 1441
18970451 598
10916000 6048
19061700 1646
18940447 478
17154268 2435
19064530 1646
14277395 459
19032004 1646
19013940 497
18970068 1646
18838990 477
18988255 497
19057145 1646
19070375 1646
18949995 478
18983004 598
10968177 4579
18996250 794
18979038 1646
19006773 1646
18918950 1646
19020614 497
18921822 478
19050488 497
18991095 1092
19034175 1646
19012747 1646
18971301 1646
23289009 16081
19055669 1646
19005974 497
18994531 1092
18974942 794
18937848 1646
18994910 1092
18917468 478
19071701 1646
18975005 598
10936077 6048
18903978 478
18885321 32
19051776 809
18851087 477
18923634 478
19063216 1646
14304533 459
18987798 1092
18903566 1646
19024608 1092
19013998 809
19062615 1646
18922355 478
16309470 514
19036368 1646
19022801 1646
18922136 1646
18890437 1646
18952803 1646
19046806 1646
18992819 1092
19018251 1646
19046115 1646
19078596 1646
18946423 598
19058136 1646
18955179 1646
19007384 1646
18992269 1092
18956819 805
18992123 805
18966789 1646
19048696 1646
18993900 1646
18996053 1646
19048801 1092
18958073 598
18987061 1092
19028623 1092
18987925 497
19033043 269
18920295 1226
18853385 477
19005750 497
19044264 1646
18990388 497
18964242 1099
19070874 1646
18911892 478
18977789 1646
19038067 1092
18996140 1646
18997126 1646
18988961 1646
19081198 1646
18980517 1092
19029889 805
19006230 1646
19012451 1646
18863878 477
18993499 1092
19049947 809
18946030 598
17140168 2435
19032984 805
19014121 1646
19003699 1646
19001542 1646
19015658 1646
14293509 459
19036870 497
18953053 598
18988684 1092
14293536 459
19013995 1646
18822190 191
18972228 497
18960257 245
18990718 1646
18988437 1646
19014991 1646
18971298 598
18996397 1092
18949690 1646
19017512 1646
18885126 477
19049695 1646
19047663 809
19040968 1646
18889779 478
18955061 1646
19019950 497
14298046 459
18960132 598
19022644 1646
18995929 323
10940640 6048
18955751 1646
19005461 805
19041428 1092
18982847 1646
10931184 6048
14319891 459
18975540 598
18806042 191
18887607 32
19069598 1646
10917497 4019
18939217 478
18939953 598
18976014 1092
19078063 1646
10959927 3361
19033511 1646
19076657 1646
19036096 1092
14305100 459
18968413 1099
14271217 459
18996690 1646
19042540 1646
18993743 497
19008591 809
18840866 477
19076494 1646
18986192 1092
18973227 1646
19029859 497
19033915 1646
19083515 1646
18921574 1646
18874006 477
18971440 1092
10911530 6048
18993950 598
18936196 1646
18915140 1646
18970535 1646
19010024 1646
18951672 1646
19008743 1646
19004342 1092
18925174 1226
19005511 323
18996656 805
18957388 598
18982570 598
18978759 598
18994892 1646
19008161 1646
10931490 4019
18804604 191
19055945 1646
18999232 1092
23284860 16081
18994868 809
18880759 32
19001554 1646
18973674 1092
18998620 497
19013192 1092
18943130 478
18940909 478
14282190 459
14296231 459
18976825 1092
19001296 1646
18996806 1646
18934644 1646
19034553 1646
18996737 1092
18918220 1646
18974113 805
19068474 1646
19023030 1646
19010114 1646
18998156 323
18917457 1646
19036278 1092
18984824 805
19075141 1646
19025210 1646
10934035 4999
18964188 598
17148031 2435
18979278 805
14303647 459
19027665 1646
19038851 1646
19055185 1646
18960641 598
19093566 1646
19024894 1646
19028089 497
18921829 478
18899438 32
19018267 497
18951505 598
18988529 598
18982482 497
18833367 477
18994547 1092
19010879 1092
19002394 497
18946108 1646
18988783 1646
18856045 477
19041424 1646
19040581 1646
17133229 462
19002099 323
19085236 1646
14300321 459
18937921 478
10950556 4999
18864131 477
19058758 1646
18983826 1092
14315041 459
18808132 191
19054190 805
19063740 1646
18954088 1092
18972293 794
19052266 1646
19042832 582
18930876 478
18966578 598
18882456 32
19012131 1092
17146689 2435
19006311 1646
19046125 1646
19005402 598
18947321 598
18943545 1646
18932572 478
18944102 478
18993671 598
19004155 497
19065475 1646
14277043 459
18961808 805
14304363 459
10926253 4999
18983801 1646
18968845 598
18873215 32
19056405 1646
18868733 477
18983876 497
18970251 598
18935534 1646
18999512 1646
19021463 497
19014603 1646
18959238 478
19053333 1646
10972350 4579
18854117 477
19049459 1646
19067144 1646
18976074 1092
19002668 1092
19005082 497
18987387 1092
19062062 809
18968103 598
18951632 1646
18863703 477
10968010 4999
18859645 477
18843397 477
19057817 1646
18991288 1092
14320197 459
19023424 1646
18978462 805
19012230 1646
19014901 269
19010021 1092
14307771 459
18936207 478
14295491 459
19092782 1646
19017037 783
19039036 809
18984941 1646
18871726 1426
19014388 1646
17140032 2435
19022588 809
19030052 809
14279963 459
18994261 1646
18894485 32
18943493 1646
18991470 1646
19023452 1646
18942849 478
18990722 1646
19013004 1092
19015858 1646
19021526 1646
19053153 1646
19002990 1646
18964527 1646
10941858 4999
14305503 459
19038435 1646
18976386 1092
19019076 1646
18868753 477
19012775 1646
18998755 805
18970013 1092
18991560 497
19040363 1646
19018655 1092
19022496 1646
18991740 1646
18906447 478
19068808 1646
19001170 598
19008235 1646
18978922 805
19003207 1646
19012385 1646
19029262 1646
19022142 1646
18934686 1646
18942895 1099
18928836 1646
18984420 1092
18819081 191
18923506 573
14301154 459
18945823 478
18917591 1646
19042540 809
17157158 2435
19036757 497
19003911 497
19079805 1646
10915967 4019
18968861 1646
19023831 598
18999654 1092
18991100 1092
19007342 1646
14287391 459
18953181 1646
18787969 191
14295526 459
18886392 312
19057953 1646
18968592 598
19023280 323
18993923 598
18844821 477
18943129 598
18986118 77
19033598 1646
19003901 1092
18973716 497
19041150 1646
18991334 805
19000392 598
19060342 1646
18998720 1646
18979322 497
19042929 1646
18887834 32
19026838 1092
18948145 478
18976017 1646
18989221 497
18959781 478
14324942 459
19012486 1092
19073866 1646
19043406 1646
18890769 478
18979322 497
18922547 478
18959719 598
18952917 497
18979417 598
18959378 598
19093623 1646
18921565 478
18978346 598
19021566 1646
18808077 191
18997370 1646
18938421 478
19026557 809
10939763 4999
19016913 1646
14318352 459
19017533 1646
19001644 323
16311299 514
18984336 1092
18969669 1092
18980734 1092
19006518 1092
19027357 1646
14300912 459
19009070 497
18997681 323
18977017 1092
18954419 1092
14293160 459
19027446 1646
18984088 598
19028483 1646
18973573 1646
17130862 462
18926826 598
19000462 497
18987190 1092
18829297 477
19036278 1646
18988310 1646
19033723 1646
18972306 805
18948139 1646
18842820 477
19004504 1092
18957924 1099
14288202 459
19019019 1646
18806239 191
18854690 477
18970950 1092
19013106 1646
19092409 1646
16324000 13215
18968072 598
18997481 1092
14306277 459
18822295 191
18987150 805
14288558 459
14316195 459
19022966 809
14328920 459
19001867 497
18977702 497
18941815 1646
18840941 477
18999164 1092
18968098 598
18945142 598
14290602 459
18969787 497
19076332 1646
19045035 1092
18959426 1646
19055154 809
18920080 1646
19004034 1646
18944890 598
14284928 459
19043224 809
18985316 1092
19030345 1646
14297726 459
18873108 32
18945666 573
19019977 1646
18951240 598
18998474 497
18855624 477
18974207 1646
18904345 32
18984922 940
18993940 1646
19044784 1646
18879036 477
18968357 1092
19069281 1646
19031901 1646
19041989 1092
18947571 478
18984230 1092
19057069 1646
19068807 1646
19058921 1646
10946673 2165
18976251 1092
18975368 598
18979423 1646
18993902 1646
17160500 2435
18925546 478
14276004 459
18989288 1092
19039651 1646
18894529 1646
19019886 809
18954625 478
18923528 1646
19000092 805
16319505 13215
19076061 1646
18961712 1092
18969548 1646
14329714 459
14310403 459
18863723 478
19027995 1646
19005039 809
18969714 1092
19081465 1646
14337546 459
14283488 459
18971997 805
19019627 1646
19064832 1646
18950940 805
19019071 1646
19081522 1646
19074568 1646
18993527 1646
18996258 1646
19036611 809
19019512 1092
18958632 1646
18995286 497
19026037 1092
18972872 497
19000451 1646
19009283 809
19067528 1646
18966048 598
19047787 1646
19020770 1092
18985130 1646
19028451 1092
19067045 1646
19016122 1646
19003420 323
17143970 1595
17149850 2435
14281161 459
19076567 1646
10935149 4999
19004268 1646
19022644 1646
18959212 598
18920985 1646
16337052 13215
19003766 598
18964339 598
18956088 1646
18975586 497
19083782 1646
14285130 459
19089062 1646
19028823 809
18952243 598
19062837 1646
18979494 1646
17144351 1595
18992780 1646
19008748 1092
19037371 1646
18870654 478
18985179 598
18955168 598
10916000 6048
19027735 1646
10963675 4579
19090072 1646
19010250 1092
10913414 4999
18987929 1646
18969466 1646
18988302 1099
19066637 1646
18949456 1226
18974089 1646
18971189 1092
18994592 598
19073073 1646
19081098 1646
19028471 805
18916498 1646
18990602 1092
19007576 1092
19014672 1646
19018324 1646
18987155 1646
10949414 4999
18951280 478
14335174 459
17153029 2435
19045504 1646
19028662 1646
19068624 1646
19028363 1646
19022136 1646
19045967 1092
19001517 1646
19045732 1092
18999452 1092
19045329 1646
18890866 1646
14282883 459
19022907 1646
18913028 1646
18971650 598
19049095 809
18982893 1092
19071633 1646
18976527 1646
18843083 477
18970203 1092
18836770 477
14303904 459
18812446 191
19014546 323
18990485 1646
18896524 1646
19018080 1092
18975660 598
18944290 598
18977510 598
10931036 147
18830309 477
18962028 478
18962428 478
18996679 497
19025572 1646
18974291 1092
19064138 809
19038618 1646
18977507 809
19026336 1092
18940086 1646
19015933 1092
19016532 501
18972271 598
19011123 1646
14331325 459
18997587 1092
19054452 1646
19012626 1092
14316296 459
18987700 1646
18971707 1092
19021715 1646
19024750 1646
18933129 1646
19040502 809
18949554 598
18982277 940
18965876 478
19000835 1646
19023730 1646
19029721 497
19060028 809
19016195 497
18943893 1226
18980690 1646
18975300 598
18983095 1092
18927491 1646
19000900 1646
10968494 4579
10957151 4579
19041562 501
19052222 1646
18960264 598
19051997 1266
19061333 1646
19019227 497
18996916 598
18929776 1226
18952725 1646
18965411 497
19009109 1092
18977124 805
18945923 478
19026438 1646
18812332 191
18838931 477
19087675 1646
18997273 497
18862798 477
19012160 269
19066278 1646
18824071 191
19014400 1646
18996875 1646
19023384 269
19011063 269
19070984 1646
18955725 598
18975697 1646
18997142 598
19053263 1646
19094360 1646
16324000 13215
19027563 497
19054669 1646
18946377 478
18880984 477
18991092 497
18968329 1092
10936326 4019
19011885 1646
18930657 1646
18818709 191
17153513 2435
19001586 805
18943089 1646
18989550 1646
19058593 809
18977837 598
19027178 809
19086606 1646
19021197 1646
18917670 1646
17152222 1595
18981384 1092
19042801 1092
18985891 805
18975526 598
18969577 1646
14277762 459
18935292 478
18981875 497
18981838 1092
19002597 497
19037609 1092
18998553 1092
18993024 1092
18951863 598
10938003 4579
19055847 1646
18999534 1646
18944945 598
10917648 4019
18944764 497
18997540 1646
19065263 1646
18982845 1092
17144450 1595
18985466 1092
19081929 1646
19060834 1646
14279251 459
19042435 1646
23276131 16081
18988521 1646
18991565 497
19032686 1646
18971293 1092
18975961 805
14302078 459
19073606 1646
18982829 497
19047371 1646
18975321 805
19000627 1092
18980160 497
18941041 478
17160500 2435
18951968 805
19095817 1646
18961658 598
18997910 805
19089437 1646
18982270 809
10949208 4999
14303890 459
18956924 598
18994888 1646
18971554 598
18855779 477
18977737 1646
18914237 32
18973679 598
18994381 1092
19019552 809
18995661 497
14284786 459
18926354 1646
19075480 1646
19012672 805
19018946 1646
19012840 1646
18934945 478
18967553 497
19001861 1646
14297254 459
18992375 1092
17124507 462
