16688646 2329
16570213 1477
16684176 2329
16647486 1832
16676980 2329
16611793 2329
16656013 2329
15344597 1
16620459 2248
16632941 1445
16686895 2329
16649066 2329
16653924 2329
15383631 2273
15333325 1065
15474124 2273
15371655 2273
16659461 2329
15431496 2273
15371950 2273
16640803 2329
16619781 1429
16632916 2329
15373399 1541
15353958 2273
16666707 2329
16632501 2329
16643394 2329
16618155 2329
16633343 2329
16637659 2199
15357702 1541
15448907 2273
16670037 2329
16592986 1616
15344809 761
16595275 1616
16663777 2329
15384261 456
15334747 1
16695610 2329
15369051 2273
15368301 2273
15376630 2273
16621446 2329
16662088 2329
15344729 1
16621821 1106
15449066 2273
16651125 2140
16673748 2329
15426836 2273
16672900 2329
16598717 1616
15365597 1
15532554 2273
15391489 2273
16617385 1616
16692987 2329
15488202 2273
16589018 1429
16633862 2329
15469824 2273
16679611 2329
16627979 2329
15473640 2273
15460949 2273
16605123 1616
15466443 2273
15414329 184
15390149 2273
16668178 2329
15357892 1
16675938 2329
15375824 2273
16648289 2329
16616259 2329
16617152 2329
15337176 2273
16644076 2329
16635518 1616
15483153 2273
15456144 2273
16692292 809
15317009 2273
15406103 2273
16605504 1616
15461883 2273
16650877 2329
15368705 2249
16616080 1616
15354136 1
15379186 1773
15391839 2273
16619246 2329
16647735 2329
15357075 2273
16710258 2329
15328854 2273
16632063 2329
15480597 2273
16661645 2329
16654294 2329
15356232 2273
16655089 2257
16632873 1616
15355674 2273
15394107 2273
16670562 1722
16626551 1616
16706396 2329
16626298 2329
15364674 456
16666521 2329
15471737 2273
16574518 1477
15359744 2273
16648673 2329
16600221 1616
16636497 2329
16680257 1746
16648943 2329
16653152 2329
15375220 2273
16680833 2329
15430024 184
15375825 2249
16631093 2329
16695590 2329
15386670 2249
16641656 2199
16662984 2329
15313403 2273
15432449 184
16721077 1499
16660522 2329
16639387 2329
16624519 2199
16655290 2329
15324604 2273
16653795 2329
16585032 1616
16669368 2329
16672856 2329
15348297 2273
15324148 761
16673259 1499
15418054 340
15354103 1773
16677143 2329
16590338 1477
16620213 2329
15318577 2273
16620849 1616
16651305 2329
16594544 1429
15435802 2273
16689082 2329
16600464 583
15394653 2249
16632422 1616
16634804 2329
15357631 1
15378291 456
15451224 2273
16652874 2329
16594985 1090
16603497 1616
16691747 2329
16598324 1616
16596559 1477
16643746 2329
15496758 2273
16640883 2329
16661998 2329
15345131 2273
15331826 1
16681198 2329
16590244 1429
16632062 2329
15315408 2273
16649671 1445
15389191 2273
16649310 2329
16655697 1832
15359647 1541
16703019 2329
16650956 2329
15369170 2273
16648903 615
15332537 2273
15377818 456
16693471 2329
16671912 2329
16696224 2329
15398583 2273
16618534 2329
16622567 1616
15374321 1541
16677566 2329
16639016 2329
16651860 2329
15376730 2273
16645258 2329
15325749 761
16624235 2329
16720994 2329
16710787 2329
16644928 2329
16584985 1477
16669742 2329
15321802 1
15442239 2273
16591884 1616
16643421 2329
16596471 1616
16580835 1477
15339398 2273
16638911 2329
16641296 2329
15316243 2273
16664080 1381
15422951 174
16627639 2329
16646807 2329
15362871 2273
15383398 456
16670099 809
15346005 2273
16632275 2329
15349280 2273
16581412 1429
16594799 1429
16666666 2329
15421410 2273
16646406 2329
15478867 2273
16631292 2329
15420803 2273
16642992 2329
16641874 2329
16581460 1429
15479677 2273
15347692 1
16626067 2329
16627551 1429
15457618 2273
16638616 2329
15353043 2273
16673964 2329
15404965 2273
15387799 2273
16589744 2329
16636240 2329
16595816 1356
16608370 1616
16569115 1477
16584754 1477
15394824 2273
16611273 1616
16677278 2329
16610287 2329
16658905 799
15308096 2273
15327864 1541
16609201 2248
15319985 761
15382817 2273
15416394 2273
16670750 2329
16629854 2329
15470010 2273
15324329 2273
16700878 1499
15403221 2273
16624092 1616
15374946 2273
16646672 2329
16653661 2329
16612882 1356
16642259 1832
16671422 2329
16680395 2329
16632375 2329
16620392 2329
16668710 2329
16657283 2329
15486651 2273
15340746 2273
16699583 2329
16645057 2329
16627302 2329
15407385 2273
15474197 2273
16610903 2248
15396616 2273
16677559 1789
16662431 1443
16691896 2329
16628432 2329
15498285 2273
16618916 2329
15398680 2273
15379919 456
16629040 2329
15481381 2273
16688171 2329
15455945 2273
16667549 2329
16652347 1445
15374856 2273
15433438 184
15360984 2273
15340952 1
16612144 1616
16670588 2329
16708666 1499
16658750 2329
16658750 2329
16581130 1429
16663271 2329
16699701 2329
15357542 2273
16680532 2329
16636015 2329
15427284 184
16604605 1106
15417123 2273
15288675 1491
15408337 2273
15334646 1541
16658038 2329
15383435 2273
16621790 2329
16629428 1029
16718083 1499
16682434 2329
15414215 2273
16719651 2329
15333193 2273
16648975 2329
16694956 2329
15464790 2273
16639805 2329
16603100 1429
16646539 2329
16642458 2199
16594464 1429
16632033 2329
16633877 1429
16640289 1616
15451052 2273
16588782 1429
16670128 1108
15323570 2273
16624769 2329
16619199 2329
16622617 2329
15344518 793
16618543 2329
16682192 2329
16624853 978
16671813 1108
16648844 2329
16700453 2329
16627389 2329
16662612 2329
16668788 2329
16670409 2329
16644747 2329
16567807 1477
15374295 2273
15432761 2273
15345931 2273
15453079 2273
15381037 2273
16668313 2329
16592040 1616
16668655 2257
16675422 2329
15392213 2273
16652502 2329
16641253 2329
15337492 2273
16673886 2329
15361092 2273
16702454 2329
16662223 2329
15413493 2273
16615832 1356
16676114 2329
15390054 2273
16649505 2329
16621296 2329
15364647 456
16627617 2329
15370425 2273
16636983 1029
15352274 2273
16620258 2329
15443289 2273
15332755 1
15302466 1491
16618495 1616
15355647 2273
16635795 2329
16634777 2329
16634543 2283
16639584 2199
16651305 2329
16615028 2329
16709197 2329
16580510 304
16637418 2329
16604865 1356
15473356 2273
16681919 2329
15353635 2273
16647387 2329
15362982 2273
16605846 1616
16683716 2329
15308183 2273
16674826 2329
15349412 2273
15323929 1
15371218 456
16623430 1106
15368396 2273
16622554 2329
16657716 2329
16621903 2329
15444550 2273
16594510 2329
16721040 2329
16618299 1616
16629336 2329
15349068 2273
16636348 2329
16604448 1429
16595319 1429
15435988 2273
16658684 578
15450169 184
16699024 2329
16653884 2329
16682453 2329
16637499 2329
16662024 1832
16694982 2329
16668819 2329
16630757 1616
16588868 304
16601890 773
15338932 2273
16631144 140
16604994 1616
16651251 2329
15455796 2273
15434890 2273
15380465 2273
16617080 2329
15325788 1
15437166 2273
15538011 2273
16673097 2329
16676753 2329
16614566 1616
16698915 2329
16571045 1477
15449371 2273
15318294 2273
15393165 2273
15456135 2273
15431225 2273
15337388 1773
15426891 184
16668423 2329
16658981 2329
15386434 2273
16697042 2329
15360168 2273
16648243 2329
15392790 2273
15440523 184
16616992 2248
16627181 2329
16646878 2329
15374698 456
16629057 2329
15416469 2273
16635904 2329
15466639 2273
16664579 2329
15362172 456
15484001 2273
15412762 2273
16689006 2329
15344064 2273
16658921 2329
16646670 2329
16622536 2329
15380878 2273
15336415 2273
15476188 2273
16601465 1616
15381000 2273
16598852 1616
16690426 809
16686797 2329
16689138 2329
16624249 2329
16624798 2329
15431434 2273
16591516 1616
16643812 2329
16719864 1325
15355368 2273
16623330 1616
16665011 2329
15486833 2273
15371010 2273
15391039 2273
16639687 2329
16600865 1429
15403980 184
16649068 2329
16681598 1789
16671781 2329
15494038 2273
16603653 1616
16661584 2329
16644228 1106
15353425 1
16601438 2329
15292986 2273
16646481 2329
16660078 2329
15375605 2273
16605757 1106
15340990 2273
16615666 2329
15297357 1491
15339263 2273
16694787 2329
16651892 2329
15486110 2273
16656769 2329
16673823 2329
16618463 2329
15427193 2273
16623271 2329
16605296 2329
15380502 2249
16627939 1616
16648227 2329
15415055 2273
16641276 2329
15385746 2273
15446734 2273
15389476 2273
15374192 2273
16673623 2329
15374735 2273
15355866 2273
16649677 2329
16637009 2329
15313329 1491
15386919 2273
16631704 2329
16667403 2329
16660608 2329
16646775 2329
16675809 2329
16686563 2329
16615376 2094
15378069 2249
16612074 2329
16645391 2329
16669724 2329
15429243 2273
16610321 2329
16644117 2329
16590656 1429
16645643 2329
16650055 2329
16641521 2329
16644612 2329
16664308 2329
16599541 1477
16633432 1356
16648812 2329
15334915 1541
16657231 2257
16656018 2329
16676049 2329
15333578 2273
16670001 2329
15361907 2273
15384068 2273
16678661 2329
16632752 2329
16672959 2329
16691292 2329
15364317 1
16652719 2329
16665107 2329
16598916 2329
15429175 2273
16667784 2329
16670925 2329
16634178 1616
16607931 1106
16738428 1325
16639034 2329
15389391 2273
16641500 2329
16657228 1445
16605089 1753
16630210 1429
16692853 2329
16645683 2329
15331595 468
16609073 1844
16655320 2329
16579261 1477
16676937 2329
15471932 184
16661194 2329
15369043 2273
16667931 2329
15398251 2273
16654696 2329
16662892 2329
16681551 2329
16668446 2329
15410108 2273
16589856 1429
16669387 2329
16672312 2329
16667416 2329
15347755 2273
16729003 1325
16659032 2329
16600256 2248
16637984 2329
16647225 2329
16621633 2329
16679073 2329
16577167 1477
16711499 2329
15381461 2273
16621355 2329
16671852 2329
16687061 1499
15346969 793
16614004 1616
15287092 2273
16663120 2140
16682767 2329
16632434 2329
15370368 2273
15473885 2273
15361649 1541
16633187 2329
16641594 1832
16597051 1616
16686505 2329
15385001 456
16589917 2248
16683317 2329
15338102 1
16624434 2329
15349391 2273
16675935 2329
16651280 2329
16633610 2329
15476026 184
16697299 2329
15404347 2273
16668519 2329
16635220 2329
15351534 2273
16697379 2329
15412983 2273
15344332 1773
16664228 2329
15406693 2273
16659082 2329
16618962 1356
16700176 2329
16612041 1429
15390541 456
16617312 297
15534626 2273
16596364 1616
15507776 1966
15376722 2273
15433258 2273
16614317 1616
15334682 1
16666983 2329
16598689 1429
15328247 2273
16654248 2329
15344088 1
16614164 1616
16631064 824
16624688 140
16642291 2329
15346931 1
15435560 2273
16659983 2329
15369457 2273
15335127 1142
16617358 1616
15366640 2249
16677501 2329
15315411 1491
15347268 2273
15371587 456
16662221 2199
16599885 1429
15444908 2273
16582268 2329
16643439 2329
16601777 1616
15427797 2273
16657815 2329
16622170 2329
15440506 2273
16692602 2329
15426883 2273
15406293 1141
16665655 809
15331898 2273
16667996 2329
16643329 2329
16685592 2329
16663521 2329
16618700 2329
15321340 1491
16610193 1477
16650096 2329
16666134 2257
16681883 809
15465349 2273
16669823 2329
16649638 2329
15515792 2273
16627213 2329
16660567 2329
15409378 174
16593111 1429
15349111 1
15334648 2273
16637934 1523
15554805 2273
15307816 761
15401634 2273
16672005 2329
16644627 140
15362922 1
16627547 2329
15415553 2273
16598228 1477
16600168 1356
15378098 2273
16692855 2329
16601977 1616
15337236 2273
16598760 1429
15426959 2273
16661044 2257
16650020 2329
16613523 1429
16663023 2329
16680127 2329
16600549 1616
16609516 1477
15352798 761
15442770 2273
15312272 1142
16674895 2257
15456023 2273
15471835 184
15438094 2273
16673528 2329
16649019 2329
16684738 2329
15513420 2273
15362848 2273
15348671 468
16666953 2329
15343099 1
15343981 2273
16617332 2329
16614794 1616
16602769 297
16580042 1241
16629687 2329
16697470 1499
15432280 2273
15392274 2273
16657157 1445
16640495 2329
15500481 2273
15335378 2273
16620570 1616
16594590 707
16678253 2329
16625273 1523
15331773 761
15348734 2273
16697133 2329
15473216 2273
16630962 2329
16624247 1356
16626917 2249
16656001 2329
16694487 2329
16696365 2329
16587463 1429
15354868 829
16694803 2329
16676111 2329
16646273 2329
16615294 1616
16609453 2329
15411981 2273
15367740 1541
16617279 1616
16609271 1106
15362165 1541
16665434 2329
16659674 2329
16630652 1844
16602324 1477
16634394 2329
15447624 2273
15379793 2249
16620559 1356
16689437 2329
15377851 2249
16603687 1616
15359308 2273
16652472 2329
15337925 2273
15350232 2273
16594479 1429
16733546 1325
16637641 2329
15410415 2273
16658750 2329
16661561 2329
16667094 2329
16648531 2329
16644857 1029
16714665 2329
16578202 1477
15403962 2273
15343925 1
16642469 2329
15383651 2249
15442050 2273
15430916 2273
16655284 2329
16669225 2329
15376835 2273
16658690 2329
15356142 2273
15345131 2273
15350597 1
16614264 1616
16618991 1616
16664632 2329
16638862 1029
16627568 2329
16636037 1356
16647763 2329
15359435 1
16706543 2329
16680738 809
15342910 2273
16568987 1477
15452697 2273
16680153 2329
16681539 2329
15460366 2273
16645113 2329
16668244 2329
16658750 2329
16617061 1523
16640579 2329
15419537 2273
15473156 2273
16644219 2329
16617853 1616
16636236 2329
15379630 1541
16656981 2329
15358526 1
15379172 2273
16582097 1429
16625159 2329
16675461 2329
16629986 2329
16662006 2329
16613416 2329
15366723 2273
15437397 2273
16624691 2329
16640117 2329
16591312 1477
16662894 2329
15384030 2249
16711814 2329
15325654 2273
16700212 1325
15473266 2273
15437442 2273
16651078 2329
16684906 2329
16630840 1106
16579846 1429
16601511 2248
16668406 2329
16599510 1616
16639805 2329
16612770 1616
16616538 2199
16603242 1616
16649729 2329
15380909 2273
15467135 2273
16644998 2329
16663780 2329
15398833 2273
15346318 1
16717325 1499
16594736 1429
16610537 1429
16677063 2329
16593970 1477
16669134 2329
15341414 2273
16646987 2329
16575706 1477
15381091 2273
16658750 2329
15430785 2273
16625717 2329
16658750 2329
16594712 1429
16671411 809
16623771 2329
16573326 1477
16658750 2329
16641408 2329
16669202 1789
15331573 1773
16644096 2329
16638980 2329
16626465 2329
16622993 1616
16675307 2329
16621549 1616
16667962 2329
16674551 2329
15454676 2273
16629978 2329
16644874 2199
15426399 2273
15428421 2273
15341361 2273
15472194 2273
16662731 2329
15327354 1
16582464 1616
16614531 1429
16665032 2329
16616591 2329
16629216 2329
16596884 1106
15347846 468
15392433 2273
16597680 1429
15343496 2273
15368999 456
16658750 2329
16566616 1477
16690203 2329
16693632 2329
16639580 2199
15336099 1
15360414 2273
15380809 2273
15425082 2273
16627133 2248
16689163 1499
