12219
-931
988
996
-999
-994
7135
-999
-999
996
-996
-994
-23925
998
996
-994
999
31070
-1022
998
999
999
-1022
998
-996
-1022
-17665
988
-9350
18902
999
982
5443
1291
-5514
1291
994
-45936
6438
-1050
10176
1291
-993
-995
1291
-987
-996
9138
-1050
-10704
-1050
-1338
-975
-999
22405
-42532
-997
-999
-993
1291
-5808
1022
1338
1338
-999
5981
992
-999
951
22482
1291
16492
-1338
-9948
1338
1918
1338
-1108
997
-1050
-1108
-1050
-1050
1918
990
-999
1918
1918
-1108
-998
-999
-1108
1918
-1338
997
1525
-1809
1525
-1525
1291
1108
-3099
1108
1108
-7928
-6514
-9855
-4647
-1291
993
998
991
-996
-1918
-2869
-1525
998
-1918
197
5293
3331
-1411
1525
-1050
1022
-1918
-5556
-648
-1525
-1944
-979
-1525
-8554
-883
3161
9796
17650
9838
15852
27369
1050
1918
7743
-1338
982
-3945
-996
-1918
998
996
-1411
-1411
-1918
-1875
-12515
13497
1525
-1022
1411
-14759
1338
-1427
-964
-18281
-7670
1452
-964
-6452
-1710
996
1022
-10913
1022
-1918
-998
11512
-13114
-1411
1452
998
-1918
1525
-1710
998
-1710
22698
1443
-990
-962
-1022
1525
1338
-1710
1004
2079
1525
20670
2628
-998
15715
-998
1338
4458
-1710
561
4551
566
4823
-996
1525
-6535
-19526
-8360
1918
-6257
-2567
-1525
800
1050
1411
9369
1132
-996
29375
21925
17678
-10011
-1291
-17341
-1918
-1918
1750
-1048
-1338
-1918
1022
1291
987
7839
13213
1710
-1737
1050
-1411
-1737
-1737
1338
-1411
-1737
-1048
1048
-996
-15521
-1750
1710
-998
-1918
11367
355
-1737
958
-1338
7123
-848
821
990
-1411
1546
-1710
-3496
1737
1737
-18005
-1918
998
1870
-1525
1411
-2454
1411
1710
-994
21499
65
30757
-990
1411
1411
-22512
998
1411
1525
28173
998
-2919
-12426
-20021
-1750
-23638
-32294
1543
-27813
-1710
1918
-1737
-6306
-998
4018
-1116
-1710
-1737
-754
937
-998
-25293
-23305
-1918
1710
-1918
-24248
-15834
-2984
1525
-28184
-1338
-1114
1710
1022
1543
15074
24407
-1750
-1737
-12151
-20578
-990
-990
-1334
-1737
1870
-982
1411
1411
1338
-1101
16366
-1918
12605
-6172
8539
-1525
990
993
-4361
-1525
11821
1870
-1525
1870
1737
1525
1918
1870
1338
4835
1918
1411
-1593
-1870
1338
1918
1737
1737
-1593
-8259
1918
-1710
-467
1918
1750
-1870
1918
1918
-1870
-2285
1750
-13121
-11309
-1870
-1870
5188
-979
-980
4162
-1338
1870
1593
1593
-1918
1593
5322
-1918
-1737
-994
4553
-1749
1411
1918
1918
-70
-997
433
1411
4558
-1918
-6141
-1710
996
994
-1543
993
6597
-1710
-1918
1593
6998
1737
-1918
1593
1870
-19348
-1737
1870
-1338
-20634
-999
1400
-1870
1004
1918
-1004
1737
-1050
1749
1338
1770
1338
45821
1918
52961
1411
1737
-1710
-3335
-11547
-17049
-998
-1593
-17863
-32863
5844
1593
-1870
1749
1411
-999
1710
969
51245
17904
41879
32415
1918
1411
1411
1918
1593
999
-1870
1593
21469
1918
-1411
1749
1918
-1411
-1870
-16537
993
987
-1870
7958
15521
-2649
-1870
7441
1870
-29385
-996
-1749
-1918
-30800
-21375
-1931
-1593
1116
-1870
-1870
1870
-1749
1022
28212
-10384
24305
-8538
-1870
-1870
-13635
-1593
-1593
-7365
7292
-1918
1749
1364
-1870
1423
1749
1710
1749
-1411
1364
-1116
-6879
-1737
-13665
-1918
6874
990
1265
-1593
6841
14195
-1918
1132
1870
-1737
-1737
19932
1870
-9004
993
-19560
-7672
-32192
-9357
-1593
1870
1870
-1593
1870
-1918
1116
-1236
1870
21601
1265
1737
1737
-990
-1497
-1918
-1497
-10866
-1091
1737
-797
-1214
-1737
1593
-1116
-5212
-1898
-931
-1918
-1265
-1116
1593
1461
-1749
1737
1116
3862
-2229
-2229
1749
1737
-2229
5359
16142
-2229
18414
3512
-1236
-1116
23257
-1870
-6042
-9017
1668
987
-17924
12074
-1918
-1918
-20590
-1593
1051
1051
-1918
10151
-1749
-1750
41257
7461
-2229
-2229
57988
1918
1411
-2229
-2229
-10473
26304
-54953
-2229
12784
-1750
2229
11973
-2229
-12885
1593
-2229
-2229
1918
1737
1870
-2229
1870
1737
-1022
-1414
-10414
-32281
-3039
-22859
-1918
-27371
-1116
1870
-5786
1749
1411
-6000
2229
17494
12234
-1870
2229
-2229
5662
-2229
-43264
-1411
-1116
2229
1749
-23353
2116
-1265
-1870
2229
1918
979
1737
2229
-997
-1249
1749
-1710
-1593
-13285
-975
-795
1918
-988
18507
-26471
996
-13630
-1132
-995
1431
1218
1593
14723
-6887
1749
-2229
-1870
1918
-1870
317
17920
-1668
-1593
1918
992
-2229
895
1593
2229
16221
-1918
-1543
1265
1737
-60024
-64814
-975
-53039
-1750
49858
-1918
1870
1593
7366
-4037
2199
-1710
30184
9039
-2229
2229
-1749
-1395
1737
16095
1737
919
9489
-1737
2229
-1249
-1022
1750
-1559
-2229
-1870
2229
5877
15788
1452
-16821
-1168
1737
-990
-14595
-964
-1918
-1737
10902
2881
2229
-1800
-1543
2229
2229
2229
-2229
20478
-21
1918
-1870
-2229
1918
13910
-24238
1918
1593
10068
1918
-1800
-2229
-1877
-2229
2229
4631
-1364
2229
1236
-2229
-1918
1559
16738
-993
-2229
-2229
-1800
2229
-1559
-1918
-1593
2229
-1870
1918
-2229
15320
32392
1800
33616
7652
2229
2229
39052
1737
-988
1309
-1668
15190
2229
40415
6230
11775
1800
-2229
-44342
625
2229
2229
-1091
1737
-1749
2229
2229
-1800
-1446
5733
1265
-1546
-2229
2576
1750
-25191
-1559
-73662
9696
-2293
13816
1800
10122
-1800
1749
8396
11540
-2229
1237
1800
-12421
-4608
1543
972
-2229
1244
1749
-2229
973
27693
10704
1593
2229
-1265
1593
1593
2229
1577
-1265
-1543
1737
-1214
1265
12141
1737
20312
-1593
1559
-2229
35926
11010
1265
1749
-2229
1737
-2229
4742
-1800
-25185
-25216
-24587
1918
6339
-7624
-1918
-1737
6381
1749
894
29863
-1904
23851
2229
2229
2229
-16189
-2037
2229
8736
-1918
2229
9089
1750
1022
2229
-1800
1749
31686
38021
2229
-1918
-972
2694
2229
-9367
-1800
2229
-1009
2229
-11559
1559
1737
57088
2485
31555
41196
2229
1265
-1737
-1800
-3016
-1737
8250
2229
6698
10087
-968
1411
2229
1546
2229
2229
-1737
2229
2229
17291
1710
37421
1593
-6222
-1942
8648
-1737
-20385
4897
1022
-8112
-7331
-1559
2229
-1525
-1395
2229
12690
1286
-2229
-1800
-5815
1918
13732
-2229
1022
-2229
-2229
-958
-1461
-5300
23402
1800
-1091
-1593
-1668
-992
1904
43092
-2229
34167
5634
1800
1800
1059
-2229
-2229
-20790
1477
1904
1373
1749
-1800
2229
1904
-9410
1004
-1918
7177
-2229
12241
-2905
-1050
1441
-1800
5705
-3466
1559
-4249
-1800
-2229
-7932
1593
720
1904
-2229
1737
-9398
-46132
4176
-25465
-31006
-24992
-993
-20662
-5240
1411
-17806
1411
20591
1800
1904
12093
974
-1411
1904
-1918
2229
-1918
1451
12779
1800
15074
34504
1477
-3332
-2229
1800
-2229
-18390
1918
-1411
1918
-2229
1559
20138
-2229
-1792
-1668
-1559
1749
1749
-1668
10741
-1593
-1668
-1750
-4095
-1800
-1800
2229
-1737
-35967
-1233
-7369
518
2229
-19386
-1737
-1737
5196
2229
1559
1497
9942
1865
-36811
1461
-1800
-1800
-39566
-1800
2229
-29833
2229
-2229
-1737
1865
-46415
2229
2229
2229
-1904
1237
-31527
15162
-1233
-1918
1865
-1918
996
18042
1844
1849
1593
-1904
1737
5180
-2229
1664
-1265
-8771
-2229
58277
-2229
1664
-19569
-2229
1865
-2319
30925
1865
-2229
1737
12958
1865
58307
-71916
2229
-1737
1116
-22640
-16479
2229
-79
-984
-1918
-31802
-990
1451
1710
1918
1918
-2229
1461
4185
1451
-1865
1737
-1865
-1477
1214
12618
-5777
21709
1122
19568
-1900
1865
-577
-1664
-212
-2229
1865
-2229
1904
11125
-1918
1593
1737
-18595
1904
-1749
1865
1737
-2229
-2229
1737
-1749
-24195
-5991
-6330
2229
-1390
2506
18445
-36100
-1918
-2229
40436
-1865
-22018
-2229
-2229
1918
-2229
-1237
11417
1664
1664
23723
-733
1918
-1373
41779
-2229
-5511
5828
1737
1737
1477
1865
997
-1373
-2229
-4388
-1664
11874
-801
-962
20401
39570
-1233
25008
-2229
1904
25185
1904
2229
48106
-1865
1249
1737
7919
1593
1800
-2229
-1865
-2005
-1865
-20240
-1865
1800
-5976
-1373
-1800
15263
1918
1865
-995
1918
1865
-1737
-21094
1148
-8490
2229
2229
-1546
1865
1350
-1737
5734
2229
1849
-29966
1233
1918
-2229
-2229
11661
2229
-10174
-7506
2229
1918
1865
3972
18415
-8972
-1710
20175
3676
12524
-983
-1264
1849
1918
1800
-1332
-2229
24502
-1865
-10405
6789
1593
-1800
-8737
1918
1737
6944
-1865
1865
1865
1373
-11479
8556
-2229
1865
7957
2229
1800
-1737
-1593
-1737
-1865
-1132
1216
2229
1122
29114
-1865
22363
1800
8370
-1664
-1800
1918
1800
8557
-1865
-1750
1350
5272
-2229
6428
1918
3218
9428
-3795
-1918
-970
-1865
-2335
-1918
-1904
-3187
-1593
-2229
3742
-20538
1668
1918
1918
7548
1918
14891
1737
-2229
5194
-1737
-1918
-1800
-1546
-1559
2229
-1664
-1593
22615
-1918
-999
5626
1918
-1800
-1904
5821
1441
-1800
-1414
-4727
-1451
8844
-1800
9466
-19645
2229
-45136
-5246
-1918
-1800
2229
-18951
-1543
-1546
1593
33029
35796
-2229
1664
1710
27804
-28795
-43810
1750
2229
770
-17080
-3975
1698
-2229
-1865
-1710
-1918
1750
2229
1833
-2229
-4073
1319
-1749
-2229
-2229
-3224
-4470
-1749
846
-13875
-2229
-10751
1865
-800
1833
-6146
